[0.252s] DEBUG:colcon:Command line arguments: ['/usr/bin/colcon', 'build']
[0.253s] DEBUG:colcon:Parsed command line arguments: Namespace(log_base=None, log_level=None, verb_name='build', build_base='build', install_base='install', merge_install=False, symlink_install=False, test_result_base=None, continue_on_error=False, executor='parallel', parallel_workers=2, event_handlers=None, ignore_user_meta=False, metas=['./colcon.meta'], base_paths=['.'], packages_ignore=None, packages_ignore_regex=None, paths=None, packages_up_to=None, packages_up_to_regex=None, packages_above=None, packages_above_and_dependencies=None, packages_above_depth=None, packages_select_by_dep=None, packages_skip_by_dep=None, packages_skip_up_to=None, packages_select_build_failed=False, packages_skip_build_finished=False, packages_select_test_failures=False, packages_skip_test_passed=False, packages_select=None, packages_skip=None, packages_select_regex=None, packages_skip_regex=None, packages_start=None, packages_end=None, allow_overriding=[], cmake_args=None, cmake_target=None, cmake_target_skip_unavailable=False, cmake_clean_cache=False, cmake_clean_first=False, cmake_force_configure=False, ament_cmake_args=None, catkin_cmake_args=None, catkin_skip_building_tests=False, verb_parser=<colcon_defaults.argument_parser.defaults.DefaultArgumentsDecorator object at 0x7282b0240df0>, verb_extension=<colcon_core.verb.build.BuildVerb object at 0x7282b0240820>, main=<bound method BuildVerb.main of <colcon_core.verb.build.BuildVerb object at 0x7282b0240820>>)
[0.683s] Level 1:colcon.colcon_core.package_discovery:discover_packages(colcon_meta) check parameters
[0.684s] Level 1:colcon.colcon_core.package_discovery:discover_packages(recursive) check parameters
[0.684s] Level 1:colcon.colcon_core.package_discovery:discover_packages(ignore) check parameters
[0.684s] Level 1:colcon.colcon_core.package_discovery:discover_packages(path) check parameters
[0.684s] Level 1:colcon.colcon_core.package_discovery:discover_packages(colcon_meta) discover
[0.685s] Level 1:colcon.colcon_core.package_discovery:discover_packages(recursive) discover
[0.685s] INFO:colcon.colcon_core.package_discovery:Crawling recursively for packages in '/home/rcpsl/Zhao_Liyuan_ws'
[0.685s] Level 1:colcon.colcon_core.package_identification:_identify(.) by extensions ['ignore', 'ignore_ament_install']
[0.686s] Level 1:colcon.colcon_core.package_identification:_identify(.) by extension 'ignore'
[0.686s] Level 1:colcon.colcon_core.package_identification:_identify(.) by extension 'ignore_ament_install'
[0.686s] Level 1:colcon.colcon_core.package_identification:_identify(.) by extensions ['colcon_pkg']
[0.686s] Level 1:colcon.colcon_core.package_identification:_identify(.) by extension 'colcon_pkg'
[0.687s] Level 1:colcon.colcon_core.package_identification:_identify(.) by extensions ['colcon_meta']
[0.687s] Level 1:colcon.colcon_core.package_identification:_identify(.) by extension 'colcon_meta'
[0.687s] Level 1:colcon.colcon_core.package_identification:_identify(.) by extensions ['ros']
[0.687s] Level 1:colcon.colcon_core.package_identification:_identify(.) by extension 'ros'
[0.707s] Level 1:colcon.colcon_core.package_identification:_identify(.) by extensions ['cmake', 'python']
[0.707s] Level 1:colcon.colcon_core.package_identification:_identify(.) by extension 'cmake'
[0.708s] Level 1:colcon.colcon_core.package_identification:_identify(.) by extension 'python'
[0.708s] Level 1:colcon.colcon_core.package_identification:_identify(.) by extensions ['python_setup_py']
[0.708s] Level 1:colcon.colcon_core.package_identification:_identify(.) by extension 'python_setup_py'
[0.708s] Level 1:colcon.colcon_core.package_identification:_identify(build) by extensions ['ignore', 'ignore_ament_install']
[0.708s] Level 1:colcon.colcon_core.package_identification:_identify(build) by extension 'ignore'
[0.708s] Level 1:colcon.colcon_core.package_identification:_identify(build) ignored
[0.708s] Level 1:colcon.colcon_core.package_identification:_identify(install) by extensions ['ignore', 'ignore_ament_install']
[0.708s] Level 1:colcon.colcon_core.package_identification:_identify(install) by extension 'ignore'
[0.708s] Level 1:colcon.colcon_core.package_identification:_identify(install) ignored
[0.709s] Level 1:colcon.colcon_core.package_identification:_identify(log) by extensions ['ignore', 'ignore_ament_install']
[0.709s] Level 1:colcon.colcon_core.package_identification:_identify(log) by extension 'ignore'
[0.709s] Level 1:colcon.colcon_core.package_identification:_identify(log) ignored
[0.709s] Level 1:colcon.colcon_core.package_identification:_identify(src) by extensions ['ignore', 'ignore_ament_install']
[0.709s] Level 1:colcon.colcon_core.package_identification:_identify(src) by extension 'ignore'
[0.709s] Level 1:colcon.colcon_core.package_identification:_identify(src) by extension 'ignore_ament_install'
[0.709s] Level 1:colcon.colcon_core.package_identification:_identify(src) by extensions ['colcon_pkg']
[0.709s] Level 1:colcon.colcon_core.package_identification:_identify(src) by extension 'colcon_pkg'
[0.709s] Level 1:colcon.colcon_core.package_identification:_identify(src) by extensions ['colcon_meta']
[0.709s] Level 1:colcon.colcon_core.package_identification:_identify(src) by extension 'colcon_meta'
[0.710s] Level 1:colcon.colcon_core.package_identification:_identify(src) by extensions ['ros']
[0.710s] Level 1:colcon.colcon_core.package_identification:_identify(src) by extension 'ros'
[0.710s] Level 1:colcon.colcon_core.package_identification:_identify(src) by extensions ['cmake', 'python']
[0.710s] Level 1:colcon.colcon_core.package_identification:_identify(src) by extension 'cmake'
[0.710s] Level 1:colcon.colcon_core.package_identification:_identify(src) by extension 'python'
[0.710s] Level 1:colcon.colcon_core.package_identification:_identify(src) by extensions ['python_setup_py']
[0.710s] Level 1:colcon.colcon_core.package_identification:_identify(src) by extension 'python_setup_py'
[0.710s] Level 1:colcon.colcon_core.package_identification:_identify(src/TurtleBot) by extensions ['ignore', 'ignore_ament_install']
[0.710s] Level 1:colcon.colcon_core.package_identification:_identify(src/TurtleBot) by extension 'ignore'
[0.710s] Level 1:colcon.colcon_core.package_identification:_identify(src/TurtleBot) by extension 'ignore_ament_install'
[0.710s] Level 1:colcon.colcon_core.package_identification:_identify(src/TurtleBot) by extensions ['colcon_pkg']
[0.710s] Level 1:colcon.colcon_core.package_identification:_identify(src/TurtleBot) by extension 'colcon_pkg'
[0.710s] Level 1:colcon.colcon_core.package_identification:_identify(src/TurtleBot) by extensions ['colcon_meta']
[0.710s] Level 1:colcon.colcon_core.package_identification:_identify(src/TurtleBot) by extension 'colcon_meta'
[0.711s] Level 1:colcon.colcon_core.package_identification:_identify(src/TurtleBot) by extensions ['ros']
[0.711s] Level 1:colcon.colcon_core.package_identification:_identify(src/TurtleBot) by extension 'ros'
[0.713s] DEBUG:colcon.colcon_core.package_identification:Package 'src/TurtleBot' with type 'ros.ament_python' and name 'TurtleBot'
[0.714s] Level 1:colcon.colcon_core.package_identification:_identify(src/autoturtle) by extensions ['ignore', 'ignore_ament_install']
[0.714s] Level 1:colcon.colcon_core.package_identification:_identify(src/autoturtle) by extension 'ignore'
[0.714s] Level 1:colcon.colcon_core.package_identification:_identify(src/autoturtle) by extension 'ignore_ament_install'
[0.714s] Level 1:colcon.colcon_core.package_identification:_identify(src/autoturtle) by extensions ['colcon_pkg']
[0.714s] Level 1:colcon.colcon_core.package_identification:_identify(src/autoturtle) by extension 'colcon_pkg'
[0.714s] Level 1:colcon.colcon_core.package_identification:_identify(src/autoturtle) by extensions ['colcon_meta']
[0.714s] Level 1:colcon.colcon_core.package_identification:_identify(src/autoturtle) by extension 'colcon_meta'
[0.714s] Level 1:colcon.colcon_core.package_identification:_identify(src/autoturtle) by extensions ['ros']
[0.714s] Level 1:colcon.colcon_core.package_identification:_identify(src/autoturtle) by extension 'ros'
[0.715s] DEBUG:colcon.colcon_core.package_identification:Package 'src/autoturtle' with type 'ros.ament_python' and name 'autoturtle'
[0.715s] Level 1:colcon.colcon_core.package_identification:_identify(src/turtlebot3_simulations) by extensions ['ignore', 'ignore_ament_install']
[0.716s] Level 1:colcon.colcon_core.package_identification:_identify(src/turtlebot3_simulations) by extension 'ignore'
[0.716s] Level 1:colcon.colcon_core.package_identification:_identify(src/turtlebot3_simulations) by extension 'ignore_ament_install'
[0.716s] Level 1:colcon.colcon_core.package_identification:_identify(src/turtlebot3_simulations) by extensions ['colcon_pkg']
[0.716s] Level 1:colcon.colcon_core.package_identification:_identify(src/turtlebot3_simulations) by extension 'colcon_pkg'
[0.716s] Level 1:colcon.colcon_core.package_identification:_identify(src/turtlebot3_simulations) by extensions ['colcon_meta']
[0.716s] Level 1:colcon.colcon_core.package_identification:_identify(src/turtlebot3_simulations) by extension 'colcon_meta'
[0.716s] Level 1:colcon.colcon_core.package_identification:_identify(src/turtlebot3_simulations) by extensions ['ros']
[0.716s] Level 1:colcon.colcon_core.package_identification:_identify(src/turtlebot3_simulations) by extension 'ros'
[0.716s] Level 1:colcon.colcon_core.package_identification:_identify(src/turtlebot3_simulations) by extensions ['cmake', 'python']
[0.716s] Level 1:colcon.colcon_core.package_identification:_identify(src/turtlebot3_simulations) by extension 'cmake'
[0.716s] Level 1:colcon.colcon_core.package_identification:_identify(src/turtlebot3_simulations) by extension 'python'
[0.716s] Level 1:colcon.colcon_core.package_identification:_identify(src/turtlebot3_simulations) by extensions ['python_setup_py']
[0.716s] Level 1:colcon.colcon_core.package_identification:_identify(src/turtlebot3_simulations) by extension 'python_setup_py'
[0.717s] Level 1:colcon.colcon_core.package_identification:_identify(src/turtlebot3_simulations/turtlebot3_fake_node) by extensions ['ignore', 'ignore_ament_install']
[0.717s] Level 1:colcon.colcon_core.package_identification:_identify(src/turtlebot3_simulations/turtlebot3_fake_node) by extension 'ignore'
[0.717s] Level 1:colcon.colcon_core.package_identification:_identify(src/turtlebot3_simulations/turtlebot3_fake_node) by extension 'ignore_ament_install'
[0.717s] Level 1:colcon.colcon_core.package_identification:_identify(src/turtlebot3_simulations/turtlebot3_fake_node) by extensions ['colcon_pkg']
[0.717s] Level 1:colcon.colcon_core.package_identification:_identify(src/turtlebot3_simulations/turtlebot3_fake_node) by extension 'colcon_pkg'
[0.717s] Level 1:colcon.colcon_core.package_identification:_identify(src/turtlebot3_simulations/turtlebot3_fake_node) by extensions ['colcon_meta']
[0.717s] Level 1:colcon.colcon_core.package_identification:_identify(src/turtlebot3_simulations/turtlebot3_fake_node) by extension 'colcon_meta'
[0.717s] Level 1:colcon.colcon_core.package_identification:_identify(src/turtlebot3_simulations/turtlebot3_fake_node) by extensions ['ros']
[0.717s] Level 1:colcon.colcon_core.package_identification:_identify(src/turtlebot3_simulations/turtlebot3_fake_node) by extension 'ros'
[0.719s] DEBUG:colcon.colcon_core.package_identification:Package 'src/turtlebot3_simulations/turtlebot3_fake_node' with type 'ros.ament_cmake' and name 'turtlebot3_fake_node'
[0.719s] Level 1:colcon.colcon_core.package_identification:_identify(src/turtlebot3_simulations/turtlebot3_gazebo) by extensions ['ignore', 'ignore_ament_install']
[0.719s] Level 1:colcon.colcon_core.package_identification:_identify(src/turtlebot3_simulations/turtlebot3_gazebo) by extension 'ignore'
[0.720s] Level 1:colcon.colcon_core.package_identification:_identify(src/turtlebot3_simulations/turtlebot3_gazebo) by extension 'ignore_ament_install'
[0.720s] Level 1:colcon.colcon_core.package_identification:_identify(src/turtlebot3_simulations/turtlebot3_gazebo) by extensions ['colcon_pkg']
[0.720s] Level 1:colcon.colcon_core.package_identification:_identify(src/turtlebot3_simulations/turtlebot3_gazebo) by extension 'colcon_pkg'
[0.720s] Level 1:colcon.colcon_core.package_identification:_identify(src/turtlebot3_simulations/turtlebot3_gazebo) by extensions ['colcon_meta']
[0.720s] Level 1:colcon.colcon_core.package_identification:_identify(src/turtlebot3_simulations/turtlebot3_gazebo) by extension 'colcon_meta'
[0.720s] Level 1:colcon.colcon_core.package_identification:_identify(src/turtlebot3_simulations/turtlebot3_gazebo) by extensions ['ros']
[0.720s] Level 1:colcon.colcon_core.package_identification:_identify(src/turtlebot3_simulations/turtlebot3_gazebo) by extension 'ros'
[0.727s] DEBUG:colcon.colcon_core.package_identification:Package 'src/turtlebot3_simulations/turtlebot3_gazebo' with type 'ros.ament_cmake' and name 'turtlebot3_gazebo'
[0.727s] Level 1:colcon.colcon_core.package_identification:_identify(src/turtlebot3_simulations/turtlebot3_simulations) by extensions ['ignore', 'ignore_ament_install']
[0.727s] Level 1:colcon.colcon_core.package_identification:_identify(src/turtlebot3_simulations/turtlebot3_simulations) by extension 'ignore'
[0.728s] Level 1:colcon.colcon_core.package_identification:_identify(src/turtlebot3_simulations/turtlebot3_simulations) by extension 'ignore_ament_install'
[0.728s] Level 1:colcon.colcon_core.package_identification:_identify(src/turtlebot3_simulations/turtlebot3_simulations) by extensions ['colcon_pkg']
[0.728s] Level 1:colcon.colcon_core.package_identification:_identify(src/turtlebot3_simulations/turtlebot3_simulations) by extension 'colcon_pkg'
[0.728s] Level 1:colcon.colcon_core.package_identification:_identify(src/turtlebot3_simulations/turtlebot3_simulations) by extensions ['colcon_meta']
[0.728s] Level 1:colcon.colcon_core.package_identification:_identify(src/turtlebot3_simulations/turtlebot3_simulations) by extension 'colcon_meta'
[0.728s] Level 1:colcon.colcon_core.package_identification:_identify(src/turtlebot3_simulations/turtlebot3_simulations) by extensions ['ros']
[0.728s] Level 1:colcon.colcon_core.package_identification:_identify(src/turtlebot3_simulations/turtlebot3_simulations) by extension 'ros'
[0.730s] DEBUG:colcon.colcon_core.package_identification:Package 'src/turtlebot3_simulations/turtlebot3_simulations' with type 'ros.ament_cmake' and name 'turtlebot3_simulations'
[0.730s] Level 1:colcon.colcon_core.package_discovery:discover_packages(recursive) using defaults
[0.730s] Level 1:colcon.colcon_core.package_discovery:discover_packages(ignore) discover
[0.730s] Level 1:colcon.colcon_core.package_discovery:discover_packages(ignore) using defaults
[0.730s] Level 1:colcon.colcon_core.package_discovery:discover_packages(path) discover
[0.730s] Level 1:colcon.colcon_core.package_discovery:discover_packages(path) using defaults
[0.808s] Level 1:colcon.colcon_core.package_discovery:discover_packages(prefix_path) check parameters
[0.808s] Level 1:colcon.colcon_core.package_discovery:discover_packages(prefix_path) discover
[0.813s] DEBUG:colcon.colcon_installed_package_information.package_discovery:Found 5 installed packages in /home/rcpsl/Zhao_Liyuan_ws/install
[0.820s] DEBUG:colcon.colcon_installed_package_information.package_discovery:Found 370 installed packages in /opt/ros/humble
[0.836s] Level 1:colcon.colcon_core.package_discovery:discover_packages(prefix_path) using defaults
[1.046s] Level 5:colcon.colcon_core.verb:set package 'TurtleBot' build argument 'cmake_args' from command line to 'None'
[1.046s] Level 5:colcon.colcon_core.verb:set package 'TurtleBot' build argument 'cmake_target' from command line to 'None'
[1.046s] Level 5:colcon.colcon_core.verb:set package 'TurtleBot' build argument 'cmake_target_skip_unavailable' from command line to 'False'
[1.046s] Level 5:colcon.colcon_core.verb:set package 'TurtleBot' build argument 'cmake_clean_cache' from command line to 'False'
[1.046s] Level 5:colcon.colcon_core.verb:set package 'TurtleBot' build argument 'cmake_clean_first' from command line to 'False'
[1.046s] Level 5:colcon.colcon_core.verb:set package 'TurtleBot' build argument 'cmake_force_configure' from command line to 'False'
[1.046s] Level 5:colcon.colcon_core.verb:set package 'TurtleBot' build argument 'ament_cmake_args' from command line to 'None'
[1.047s] Level 5:colcon.colcon_core.verb:set package 'TurtleBot' build argument 'catkin_cmake_args' from command line to 'None'
[1.047s] Level 5:colcon.colcon_core.verb:set package 'TurtleBot' build argument 'catkin_skip_building_tests' from command line to 'False'
[1.047s] DEBUG:colcon.colcon_core.verb:Building package 'TurtleBot' with the following arguments: {'ament_cmake_args': None, 'build_base': '/home/rcpsl/Zhao_Liyuan_ws/build/TurtleBot', 'catkin_cmake_args': None, 'catkin_skip_building_tests': False, 'cmake_args': None, 'cmake_clean_cache': False, 'cmake_clean_first': False, 'cmake_force_configure': False, 'cmake_target': None, 'cmake_target_skip_unavailable': False, 'install_base': '/home/rcpsl/Zhao_Liyuan_ws/install/TurtleBot', 'merge_install': False, 'path': '/home/rcpsl/Zhao_Liyuan_ws/src/TurtleBot', 'symlink_install': False, 'test_result_base': None}
[1.048s] Level 5:colcon.colcon_core.verb:set package 'autoturtle' build argument 'cmake_args' from command line to 'None'
[1.048s] Level 5:colcon.colcon_core.verb:set package 'autoturtle' build argument 'cmake_target' from command line to 'None'
[1.048s] Level 5:colcon.colcon_core.verb:set package 'autoturtle' build argument 'cmake_target_skip_unavailable' from command line to 'False'
[1.048s] Level 5:colcon.colcon_core.verb:set package 'autoturtle' build argument 'cmake_clean_cache' from command line to 'False'
[1.048s] Level 5:colcon.colcon_core.verb:set package 'autoturtle' build argument 'cmake_clean_first' from command line to 'False'
[1.048s] Level 5:colcon.colcon_core.verb:set package 'autoturtle' build argument 'cmake_force_configure' from command line to 'False'
[1.048s] Level 5:colcon.colcon_core.verb:set package 'autoturtle' build argument 'ament_cmake_args' from command line to 'None'
[1.048s] Level 5:colcon.colcon_core.verb:set package 'autoturtle' build argument 'catkin_cmake_args' from command line to 'None'
[1.048s] Level 5:colcon.colcon_core.verb:set package 'autoturtle' build argument 'catkin_skip_building_tests' from command line to 'False'
[1.048s] DEBUG:colcon.colcon_core.verb:Building package 'autoturtle' with the following arguments: {'ament_cmake_args': None, 'build_base': '/home/rcpsl/Zhao_Liyuan_ws/build/autoturtle', 'catkin_cmake_args': None, 'catkin_skip_building_tests': False, 'cmake_args': None, 'cmake_clean_cache': False, 'cmake_clean_first': False, 'cmake_force_configure': False, 'cmake_target': None, 'cmake_target_skip_unavailable': False, 'install_base': '/home/rcpsl/Zhao_Liyuan_ws/install/autoturtle', 'merge_install': False, 'path': '/home/rcpsl/Zhao_Liyuan_ws/src/autoturtle', 'symlink_install': False, 'test_result_base': None}
[1.049s] Level 5:colcon.colcon_core.verb:set package 'turtlebot3_fake_node' build argument 'cmake_args' from command line to 'None'
[1.049s] Level 5:colcon.colcon_core.verb:set package 'turtlebot3_fake_node' build argument 'cmake_target' from command line to 'None'
[1.049s] Level 5:colcon.colcon_core.verb:set package 'turtlebot3_fake_node' build argument 'cmake_target_skip_unavailable' from command line to 'False'
[1.049s] Level 5:colcon.colcon_core.verb:set package 'turtlebot3_fake_node' build argument 'cmake_clean_cache' from command line to 'False'
[1.050s] Level 5:colcon.colcon_core.verb:set package 'turtlebot3_fake_node' build argument 'cmake_clean_first' from command line to 'False'
[1.050s] Level 5:colcon.colcon_core.verb:set package 'turtlebot3_fake_node' build argument 'cmake_force_configure' from command line to 'False'
[1.050s] Level 5:colcon.colcon_core.verb:set package 'turtlebot3_fake_node' build argument 'ament_cmake_args' from command line to 'None'
[1.050s] Level 5:colcon.colcon_core.verb:set package 'turtlebot3_fake_node' build argument 'catkin_cmake_args' from command line to 'None'
[1.050s] Level 5:colcon.colcon_core.verb:set package 'turtlebot3_fake_node' build argument 'catkin_skip_building_tests' from command line to 'False'
[1.050s] DEBUG:colcon.colcon_core.verb:Building package 'turtlebot3_fake_node' with the following arguments: {'ament_cmake_args': None, 'build_base': '/home/rcpsl/Zhao_Liyuan_ws/build/turtlebot3_fake_node', 'catkin_cmake_args': None, 'catkin_skip_building_tests': False, 'cmake_args': None, 'cmake_clean_cache': False, 'cmake_clean_first': False, 'cmake_force_configure': False, 'cmake_target': None, 'cmake_target_skip_unavailable': False, 'install_base': '/home/rcpsl/Zhao_Liyuan_ws/install/turtlebot3_fake_node', 'merge_install': False, 'path': '/home/rcpsl/Zhao_Liyuan_ws/src/turtlebot3_simulations/turtlebot3_fake_node', 'symlink_install': False, 'test_result_base': None}
[1.051s] Level 5:colcon.colcon_core.verb:set package 'turtlebot3_gazebo' build argument 'cmake_args' from command line to 'None'
[1.051s] Level 5:colcon.colcon_core.verb:set package 'turtlebot3_gazebo' build argument 'cmake_target' from command line to 'None'
[1.051s] Level 5:colcon.colcon_core.verb:set package 'turtlebot3_gazebo' build argument 'cmake_target_skip_unavailable' from command line to 'False'
[1.051s] Level 5:colcon.colcon_core.verb:set package 'turtlebot3_gazebo' build argument 'cmake_clean_cache' from command line to 'False'
[1.051s] Level 5:colcon.colcon_core.verb:set package 'turtlebot3_gazebo' build argument 'cmake_clean_first' from command line to 'False'
[1.051s] Level 5:colcon.colcon_core.verb:set package 'turtlebot3_gazebo' build argument 'cmake_force_configure' from command line to 'False'
[1.051s] Level 5:colcon.colcon_core.verb:set package 'turtlebot3_gazebo' build argument 'ament_cmake_args' from command line to 'None'
[1.051s] Level 5:colcon.colcon_core.verb:set package 'turtlebot3_gazebo' build argument 'catkin_cmake_args' from command line to 'None'
[1.051s] Level 5:colcon.colcon_core.verb:set package 'turtlebot3_gazebo' build argument 'catkin_skip_building_tests' from command line to 'False'
[1.051s] DEBUG:colcon.colcon_core.verb:Building package 'turtlebot3_gazebo' with the following arguments: {'ament_cmake_args': None, 'build_base': '/home/rcpsl/Zhao_Liyuan_ws/build/turtlebot3_gazebo', 'catkin_cmake_args': None, 'catkin_skip_building_tests': False, 'cmake_args': None, 'cmake_clean_cache': False, 'cmake_clean_first': False, 'cmake_force_configure': False, 'cmake_target': None, 'cmake_target_skip_unavailable': False, 'install_base': '/home/rcpsl/Zhao_Liyuan_ws/install/turtlebot3_gazebo', 'merge_install': False, 'path': '/home/rcpsl/Zhao_Liyuan_ws/src/turtlebot3_simulations/turtlebot3_gazebo', 'symlink_install': False, 'test_result_base': None}
[1.052s] Level 5:colcon.colcon_core.verb:set package 'turtlebot3_simulations' build argument 'cmake_args' from command line to 'None'
[1.052s] Level 5:colcon.colcon_core.verb:set package 'turtlebot3_simulations' build argument 'cmake_target' from command line to 'None'
[1.052s] Level 5:colcon.colcon_core.verb:set package 'turtlebot3_simulations' build argument 'cmake_target_skip_unavailable' from command line to 'False'
[1.052s] Level 5:colcon.colcon_core.verb:set package 'turtlebot3_simulations' build argument 'cmake_clean_cache' from command line to 'False'
[1.052s] Level 5:colcon.colcon_core.verb:set package 'turtlebot3_simulations' build argument 'cmake_clean_first' from command line to 'False'
[1.052s] Level 5:colcon.colcon_core.verb:set package 'turtlebot3_simulations' build argument 'cmake_force_configure' from command line to 'False'
[1.052s] Level 5:colcon.colcon_core.verb:set package 'turtlebot3_simulations' build argument 'ament_cmake_args' from command line to 'None'
[1.052s] Level 5:colcon.colcon_core.verb:set package 'turtlebot3_simulations' build argument 'catkin_cmake_args' from command line to 'None'
[1.053s] Level 5:colcon.colcon_core.verb:set package 'turtlebot3_simulations' build argument 'catkin_skip_building_tests' from command line to 'False'
[1.053s] DEBUG:colcon.colcon_core.verb:Building package 'turtlebot3_simulations' with the following arguments: {'ament_cmake_args': None, 'build_base': '/home/rcpsl/Zhao_Liyuan_ws/build/turtlebot3_simulations', 'catkin_cmake_args': None, 'catkin_skip_building_tests': False, 'cmake_args': None, 'cmake_clean_cache': False, 'cmake_clean_first': False, 'cmake_force_configure': False, 'cmake_target': None, 'cmake_target_skip_unavailable': False, 'install_base': '/home/rcpsl/Zhao_Liyuan_ws/install/turtlebot3_simulations', 'merge_install': False, 'path': '/home/rcpsl/Zhao_Liyuan_ws/src/turtlebot3_simulations/turtlebot3_simulations', 'symlink_install': False, 'test_result_base': None}
[1.053s] INFO:colcon.colcon_core.executor:Executing jobs using 'parallel' executor
[1.058s] DEBUG:colcon.colcon_parallel_executor.executor.parallel:run_until_complete
[1.059s] INFO:colcon.colcon_ros.task.ament_cmake.build:Building ROS package in '/home/rcpsl/Zhao_Liyuan_ws/src/turtlebot3_simulations/turtlebot3_fake_node' with build type 'ament_cmake'
[1.059s] INFO:colcon.colcon_cmake.task.cmake.build:Building CMake package in '/home/rcpsl/Zhao_Liyuan_ws/src/turtlebot3_simulations/turtlebot3_fake_node'
[1.066s] INFO:colcon.colcon_core.plugin_system:Skipping extension 'colcon_core.shell.bat': Not used on non-Windows systems
[1.067s] INFO:colcon.colcon_core.shell:Skip shell extension 'powershell' for command environment: Not usable outside of PowerShell
[1.067s] DEBUG:colcon.colcon_core.shell:Skip shell extension 'dsv' for command environment
[1.095s] INFO:colcon.colcon_ros.task.ament_cmake.build:Building ROS package in '/home/rcpsl/Zhao_Liyuan_ws/src/turtlebot3_simulations/turtlebot3_gazebo' with build type 'ament_cmake'
[1.096s] INFO:colcon.colcon_cmake.task.cmake.build:Building CMake package in '/home/rcpsl/Zhao_Liyuan_ws/src/turtlebot3_simulations/turtlebot3_gazebo'
[1.096s] INFO:colcon.colcon_core.shell:Skip shell extension 'powershell' for command environment: Not usable outside of PowerShell
[1.096s] DEBUG:colcon.colcon_core.shell:Skip shell extension 'dsv' for command environment
[1.138s] DEBUG:colcon.colcon_core.event_handler.log_command:Invoking command in '/home/rcpsl/Zhao_Liyuan_ws/build/turtlebot3_fake_node': CMAKE_PREFIX_PATH=${CMAKE_PREFIX_PATH}:/home/rcpsl/Zhao_Liyuan_ws/install/autoturtle:/home/rcpsl/Zhao_Liyuan_ws/install/TurtleBot:/opt/ros/humble /usr/bin/cmake --build /home/rcpsl/Zhao_Liyuan_ws/build/turtlebot3_fake_node -- -j2 -l2
[1.183s] DEBUG:colcon.colcon_core.event_handler.log_command:Invoking command in '/home/rcpsl/Zhao_Liyuan_ws/build/turtlebot3_gazebo': CMAKE_PREFIX_PATH=${CMAKE_PREFIX_PATH}:/home/rcpsl/Zhao_Liyuan_ws/install/autoturtle:/home/rcpsl/Zhao_Liyuan_ws/install/TurtleBot:/opt/ros/humble /usr/bin/cmake --build /home/rcpsl/Zhao_Liyuan_ws/build/turtlebot3_gazebo -- -j2 -l2
[1.714s] DEBUG:colcon.colcon_core.event_handler.log_command:Invoked command in '/home/rcpsl/Zhao_Liyuan_ws/build/turtlebot3_fake_node' returned '0': CMAKE_PREFIX_PATH=${CMAKE_PREFIX_PATH}:/home/rcpsl/Zhao_Liyuan_ws/install/autoturtle:/home/rcpsl/Zhao_Liyuan_ws/install/TurtleBot:/opt/ros/humble /usr/bin/cmake --build /home/rcpsl/Zhao_Liyuan_ws/build/turtlebot3_fake_node -- -j2 -l2
[2.039s] DEBUG:colcon.colcon_core.event_handler.log_command:Invoking command in '/home/rcpsl/Zhao_Liyuan_ws/build/turtlebot3_fake_node': CMAKE_PREFIX_PATH=${CMAKE_PREFIX_PATH}:/home/rcpsl/Zhao_Liyuan_ws/install/autoturtle:/home/rcpsl/Zhao_Liyuan_ws/install/TurtleBot:/opt/ros/humble /usr/bin/cmake --install /home/rcpsl/Zhao_Liyuan_ws/build/turtlebot3_fake_node
[2.148s] Level 1:colcon.colcon_core.environment:create_environment_scripts_only(turtlebot3_fake_node)
[2.153s] DEBUG:colcon.colcon_core.event_handler.log_command:Invoked command in '/home/rcpsl/Zhao_Liyuan_ws/build/turtlebot3_fake_node' returned '0': CMAKE_PREFIX_PATH=${CMAKE_PREFIX_PATH}:/home/rcpsl/Zhao_Liyuan_ws/install/autoturtle:/home/rcpsl/Zhao_Liyuan_ws/install/TurtleBot:/opt/ros/humble /usr/bin/cmake --install /home/rcpsl/Zhao_Liyuan_ws/build/turtlebot3_fake_node
[2.159s] Level 1:colcon.colcon_core.environment:checking '/home/rcpsl/Zhao_Liyuan_ws/install/turtlebot3_fake_node' for CMake module files
[2.174s] Level 1:colcon.colcon_core.environment:checking '/home/rcpsl/Zhao_Liyuan_ws/install/turtlebot3_fake_node' for CMake config files
[2.176s] Level 1:colcon.colcon_core.shell:create_environment_hook('turtlebot3_fake_node', 'cmake_prefix_path')
[2.176s] INFO:colcon.colcon_core.shell:Creating environment hook '/home/rcpsl/Zhao_Liyuan_ws/install/turtlebot3_fake_node/share/turtlebot3_fake_node/hook/cmake_prefix_path.ps1'
[2.186s] INFO:colcon.colcon_core.shell:Creating environment descriptor '/home/rcpsl/Zhao_Liyuan_ws/install/turtlebot3_fake_node/share/turtlebot3_fake_node/hook/cmake_prefix_path.dsv'
[2.187s] INFO:colcon.colcon_core.shell:Creating environment hook '/home/rcpsl/Zhao_Liyuan_ws/install/turtlebot3_fake_node/share/turtlebot3_fake_node/hook/cmake_prefix_path.sh'
[2.202s] Level 1:colcon.colcon_core.environment:checking '/home/rcpsl/Zhao_Liyuan_ws/install/turtlebot3_fake_node/lib'
[2.202s] Level 1:colcon.colcon_core.environment:checking '/home/rcpsl/Zhao_Liyuan_ws/install/turtlebot3_fake_node/bin'
[2.203s] Level 1:colcon.colcon_core.environment:checking '/home/rcpsl/Zhao_Liyuan_ws/install/turtlebot3_fake_node/lib/pkgconfig/turtlebot3_fake_node.pc'
[2.203s] Level 1:colcon.colcon_core.environment:checking '/home/rcpsl/Zhao_Liyuan_ws/install/turtlebot3_fake_node/lib/python3.10/site-packages'
[2.203s] Level 1:colcon.colcon_core.environment:checking '/home/rcpsl/Zhao_Liyuan_ws/install/turtlebot3_fake_node/bin'
[2.205s] INFO:colcon.colcon_core.shell:Creating package script '/home/rcpsl/Zhao_Liyuan_ws/install/turtlebot3_fake_node/share/turtlebot3_fake_node/package.ps1'
[2.219s] INFO:colcon.colcon_core.shell:Creating package descriptor '/home/rcpsl/Zhao_Liyuan_ws/install/turtlebot3_fake_node/share/turtlebot3_fake_node/package.dsv'
[2.221s] INFO:colcon.colcon_core.shell:Creating package script '/home/rcpsl/Zhao_Liyuan_ws/install/turtlebot3_fake_node/share/turtlebot3_fake_node/package.sh'
[2.231s] INFO:colcon.colcon_core.shell:Creating package script '/home/rcpsl/Zhao_Liyuan_ws/install/turtlebot3_fake_node/share/turtlebot3_fake_node/package.bash'
[2.232s] INFO:colcon.colcon_core.shell:Creating package script '/home/rcpsl/Zhao_Liyuan_ws/install/turtlebot3_fake_node/share/turtlebot3_fake_node/package.zsh'
[2.243s] Level 1:colcon.colcon_core.environment:create_file_with_runtime_dependencies(/home/rcpsl/Zhao_Liyuan_ws/install/turtlebot3_fake_node/share/colcon-core/packages/turtlebot3_fake_node)
[2.488s] Level 1:colcon.colcon_core.environment:create_environment_scripts_only(turtlebot3_fake_node)
[2.489s] Level 1:colcon.colcon_core.environment:checking '/home/rcpsl/Zhao_Liyuan_ws/install/turtlebot3_fake_node' for CMake module files
[2.490s] Level 1:colcon.colcon_core.environment:checking '/home/rcpsl/Zhao_Liyuan_ws/install/turtlebot3_fake_node' for CMake config files
[2.491s] Level 1:colcon.colcon_core.shell:create_environment_hook('turtlebot3_fake_node', 'cmake_prefix_path')
[2.492s] INFO:colcon.colcon_core.shell:Creating environment hook '/home/rcpsl/Zhao_Liyuan_ws/install/turtlebot3_fake_node/share/turtlebot3_fake_node/hook/cmake_prefix_path.ps1'
[2.511s] INFO:colcon.colcon_core.shell:Creating environment descriptor '/home/rcpsl/Zhao_Liyuan_ws/install/turtlebot3_fake_node/share/turtlebot3_fake_node/hook/cmake_prefix_path.dsv'
[2.513s] INFO:colcon.colcon_core.shell:Creating environment hook '/home/rcpsl/Zhao_Liyuan_ws/install/turtlebot3_fake_node/share/turtlebot3_fake_node/hook/cmake_prefix_path.sh'
[2.516s] Level 1:colcon.colcon_core.environment:checking '/home/rcpsl/Zhao_Liyuan_ws/install/turtlebot3_fake_node/lib'
[2.516s] Level 1:colcon.colcon_core.environment:checking '/home/rcpsl/Zhao_Liyuan_ws/install/turtlebot3_fake_node/bin'
[2.517s] Level 1:colcon.colcon_core.environment:checking '/home/rcpsl/Zhao_Liyuan_ws/install/turtlebot3_fake_node/lib/pkgconfig/turtlebot3_fake_node.pc'
[2.518s] Level 1:colcon.colcon_core.environment:checking '/home/rcpsl/Zhao_Liyuan_ws/install/turtlebot3_fake_node/lib/python3.10/site-packages'
[2.518s] Level 1:colcon.colcon_core.environment:checking '/home/rcpsl/Zhao_Liyuan_ws/install/turtlebot3_fake_node/bin'
[2.519s] INFO:colcon.colcon_core.shell:Creating package script '/home/rcpsl/Zhao_Liyuan_ws/install/turtlebot3_fake_node/share/turtlebot3_fake_node/package.ps1'
[2.524s] INFO:colcon.colcon_core.shell:Creating package descriptor '/home/rcpsl/Zhao_Liyuan_ws/install/turtlebot3_fake_node/share/turtlebot3_fake_node/package.dsv'
[2.526s] INFO:colcon.colcon_core.shell:Creating package script '/home/rcpsl/Zhao_Liyuan_ws/install/turtlebot3_fake_node/share/turtlebot3_fake_node/package.sh'
[2.530s] INFO:colcon.colcon_core.shell:Creating package script '/home/rcpsl/Zhao_Liyuan_ws/install/turtlebot3_fake_node/share/turtlebot3_fake_node/package.bash'
[2.537s] INFO:colcon.colcon_core.shell:Creating package script '/home/rcpsl/Zhao_Liyuan_ws/install/turtlebot3_fake_node/share/turtlebot3_fake_node/package.zsh'
[2.549s] Level 1:colcon.colcon_core.environment:create_file_with_runtime_dependencies(/home/rcpsl/Zhao_Liyuan_ws/install/turtlebot3_fake_node/share/colcon-core/packages/turtlebot3_fake_node)
[2.552s] INFO:colcon.colcon_ros.task.ament_python.build:Building ROS package in '/home/rcpsl/Zhao_Liyuan_ws/src/TurtleBot' with build type 'ament_python'
[2.553s] Level 1:colcon.colcon_core.shell:create_environment_hook('TurtleBot', 'ament_prefix_path')
[2.553s] INFO:colcon.colcon_core.shell:Creating environment hook '/home/rcpsl/Zhao_Liyuan_ws/install/TurtleBot/share/TurtleBot/hook/ament_prefix_path.ps1'
[2.558s] INFO:colcon.colcon_core.shell:Creating environment descriptor '/home/rcpsl/Zhao_Liyuan_ws/install/TurtleBot/share/TurtleBot/hook/ament_prefix_path.dsv'
[2.568s] INFO:colcon.colcon_core.shell:Creating environment hook '/home/rcpsl/Zhao_Liyuan_ws/install/TurtleBot/share/TurtleBot/hook/ament_prefix_path.sh'
[2.576s] INFO:colcon.colcon_core.shell:Skip shell extension 'powershell' for command environment: Not usable outside of PowerShell
[2.576s] DEBUG:colcon.colcon_core.shell:Skip shell extension 'dsv' for command environment
[2.609s] DEBUG:colcon.colcon_core.event_handler.log_command:Invoked command in '/home/rcpsl/Zhao_Liyuan_ws/build/turtlebot3_gazebo' returned '0': CMAKE_PREFIX_PATH=${CMAKE_PREFIX_PATH}:/home/rcpsl/Zhao_Liyuan_ws/install/autoturtle:/home/rcpsl/Zhao_Liyuan_ws/install/TurtleBot:/opt/ros/humble /usr/bin/cmake --build /home/rcpsl/Zhao_Liyuan_ws/build/turtlebot3_gazebo -- -j2 -l2
[5.256s] INFO:colcon.colcon_core.task.python.build:Building Python package in '/home/rcpsl/Zhao_Liyuan_ws/src/TurtleBot'
[5.257s] INFO:colcon.colcon_core.shell:Skip shell extension 'powershell' for command environment: Not usable outside of PowerShell
[5.258s] DEBUG:colcon.colcon_core.shell:Skip shell extension 'dsv' for command environment
[5.286s] DEBUG:colcon.colcon_core.event_handler.log_command:Invoking command in '/home/rcpsl/Zhao_Liyuan_ws/build/turtlebot3_gazebo': CMAKE_PREFIX_PATH=${CMAKE_PREFIX_PATH}:/home/rcpsl/Zhao_Liyuan_ws/install/autoturtle:/home/rcpsl/Zhao_Liyuan_ws/install/TurtleBot:/opt/ros/humble /usr/bin/cmake --install /home/rcpsl/Zhao_Liyuan_ws/build/turtlebot3_gazebo
[5.423s] Level 1:colcon.colcon_core.environment:create_environment_scripts_only(turtlebot3_gazebo)
[5.424s] Level 1:colcon.colcon_core.environment:checking '/home/rcpsl/Zhao_Liyuan_ws/install/turtlebot3_gazebo' for CMake module files
[5.433s] Level 1:colcon.colcon_core.environment:checking '/home/rcpsl/Zhao_Liyuan_ws/install/turtlebot3_gazebo' for CMake config files
[5.457s] Level 1:colcon.colcon_core.shell:create_environment_hook('turtlebot3_gazebo', 'cmake_prefix_path')
[5.458s] INFO:colcon.colcon_core.shell:Creating environment hook '/home/rcpsl/Zhao_Liyuan_ws/install/turtlebot3_gazebo/share/turtlebot3_gazebo/hook/cmake_prefix_path.ps1'
[5.459s] INFO:colcon.colcon_core.shell:Creating environment descriptor '/home/rcpsl/Zhao_Liyuan_ws/install/turtlebot3_gazebo/share/turtlebot3_gazebo/hook/cmake_prefix_path.dsv'
[5.460s] INFO:colcon.colcon_core.shell:Creating environment hook '/home/rcpsl/Zhao_Liyuan_ws/install/turtlebot3_gazebo/share/turtlebot3_gazebo/hook/cmake_prefix_path.sh'
[5.469s] DEBUG:colcon.colcon_core.event_handler.log_command:Invoked command in '/home/rcpsl/Zhao_Liyuan_ws/build/turtlebot3_gazebo' returned '0': CMAKE_PREFIX_PATH=${CMAKE_PREFIX_PATH}:/home/rcpsl/Zhao_Liyuan_ws/install/autoturtle:/home/rcpsl/Zhao_Liyuan_ws/install/TurtleBot:/opt/ros/humble /usr/bin/cmake --install /home/rcpsl/Zhao_Liyuan_ws/build/turtlebot3_gazebo
[5.473s] Level 1:colcon.colcon_core.environment:checking '/home/rcpsl/Zhao_Liyuan_ws/install/turtlebot3_gazebo/lib'
[5.474s] Level 1:colcon.colcon_core.environment:checking '/home/rcpsl/Zhao_Liyuan_ws/install/turtlebot3_gazebo/bin'
[5.476s] Level 1:colcon.colcon_core.environment:checking '/home/rcpsl/Zhao_Liyuan_ws/install/turtlebot3_gazebo/lib/pkgconfig/turtlebot3_gazebo.pc'
[5.476s] Level 1:colcon.colcon_core.environment:checking '/home/rcpsl/Zhao_Liyuan_ws/install/turtlebot3_gazebo/lib/python3.10/site-packages'
[5.480s] Level 1:colcon.colcon_core.environment:checking '/home/rcpsl/Zhao_Liyuan_ws/install/turtlebot3_gazebo/bin'
[5.484s] INFO:colcon.colcon_core.shell:Creating package script '/home/rcpsl/Zhao_Liyuan_ws/install/turtlebot3_gazebo/share/turtlebot3_gazebo/package.ps1'
[5.492s] INFO:colcon.colcon_core.shell:Creating package descriptor '/home/rcpsl/Zhao_Liyuan_ws/install/turtlebot3_gazebo/share/turtlebot3_gazebo/package.dsv'
[5.499s] INFO:colcon.colcon_core.shell:Creating package script '/home/rcpsl/Zhao_Liyuan_ws/install/turtlebot3_gazebo/share/turtlebot3_gazebo/package.sh'
[5.503s] INFO:colcon.colcon_core.shell:Creating package script '/home/rcpsl/Zhao_Liyuan_ws/install/turtlebot3_gazebo/share/turtlebot3_gazebo/package.bash'
[5.507s] INFO:colcon.colcon_core.shell:Creating package script '/home/rcpsl/Zhao_Liyuan_ws/install/turtlebot3_gazebo/share/turtlebot3_gazebo/package.zsh'
[5.514s] Level 1:colcon.colcon_core.environment:create_file_with_runtime_dependencies(/home/rcpsl/Zhao_Liyuan_ws/install/turtlebot3_gazebo/share/colcon-core/packages/turtlebot3_gazebo)
[6.007s] Level 1:colcon.colcon_core.environment:create_environment_scripts_only(turtlebot3_gazebo)
[6.007s] Level 1:colcon.colcon_core.environment:checking '/home/rcpsl/Zhao_Liyuan_ws/install/turtlebot3_gazebo' for CMake module files
[6.009s] Level 1:colcon.colcon_core.environment:checking '/home/rcpsl/Zhao_Liyuan_ws/install/turtlebot3_gazebo' for CMake config files
[6.011s] Level 1:colcon.colcon_core.shell:create_environment_hook('turtlebot3_gazebo', 'cmake_prefix_path')
[6.011s] INFO:colcon.colcon_core.shell:Creating environment hook '/home/rcpsl/Zhao_Liyuan_ws/install/turtlebot3_gazebo/share/turtlebot3_gazebo/hook/cmake_prefix_path.ps1'
[6.012s] INFO:colcon.colcon_core.shell:Creating environment descriptor '/home/rcpsl/Zhao_Liyuan_ws/install/turtlebot3_gazebo/share/turtlebot3_gazebo/hook/cmake_prefix_path.dsv'
[6.033s] INFO:colcon.colcon_core.shell:Creating environment hook '/home/rcpsl/Zhao_Liyuan_ws/install/turtlebot3_gazebo/share/turtlebot3_gazebo/hook/cmake_prefix_path.sh'
[6.035s] Level 1:colcon.colcon_core.environment:checking '/home/rcpsl/Zhao_Liyuan_ws/install/turtlebot3_gazebo/lib'
[6.035s] Level 1:colcon.colcon_core.environment:checking '/home/rcpsl/Zhao_Liyuan_ws/install/turtlebot3_gazebo/bin'
[6.035s] Level 1:colcon.colcon_core.environment:checking '/home/rcpsl/Zhao_Liyuan_ws/install/turtlebot3_gazebo/lib/pkgconfig/turtlebot3_gazebo.pc'
[6.042s] Level 1:colcon.colcon_core.environment:checking '/home/rcpsl/Zhao_Liyuan_ws/install/turtlebot3_gazebo/lib/python3.10/site-packages'
[6.043s] Level 1:colcon.colcon_core.environment:checking '/home/rcpsl/Zhao_Liyuan_ws/install/turtlebot3_gazebo/bin'
[6.043s] INFO:colcon.colcon_core.shell:Creating package script '/home/rcpsl/Zhao_Liyuan_ws/install/turtlebot3_gazebo/share/turtlebot3_gazebo/package.ps1'
[6.049s] INFO:colcon.colcon_core.shell:Creating package descriptor '/home/rcpsl/Zhao_Liyuan_ws/install/turtlebot3_gazebo/share/turtlebot3_gazebo/package.dsv'
[6.051s] INFO:colcon.colcon_core.shell:Creating package script '/home/rcpsl/Zhao_Liyuan_ws/install/turtlebot3_gazebo/share/turtlebot3_gazebo/package.sh'
[6.052s] INFO:colcon.colcon_core.shell:Creating package script '/home/rcpsl/Zhao_Liyuan_ws/install/turtlebot3_gazebo/share/turtlebot3_gazebo/package.bash'
[6.053s] INFO:colcon.colcon_core.shell:Creating package script '/home/rcpsl/Zhao_Liyuan_ws/install/turtlebot3_gazebo/share/turtlebot3_gazebo/package.zsh'
[6.071s] Level 1:colcon.colcon_core.environment:create_file_with_runtime_dependencies(/home/rcpsl/Zhao_Liyuan_ws/install/turtlebot3_gazebo/share/colcon-core/packages/turtlebot3_gazebo)
[6.072s] INFO:colcon.colcon_ros.task.ament_python.build:Building ROS package in '/home/rcpsl/Zhao_Liyuan_ws/src/autoturtle' with build type 'ament_python'
[6.073s] Level 1:colcon.colcon_core.shell:create_environment_hook('autoturtle', 'ament_prefix_path')
[6.073s] INFO:colcon.colcon_core.shell:Creating environment hook '/home/rcpsl/Zhao_Liyuan_ws/install/autoturtle/share/autoturtle/hook/ament_prefix_path.ps1'
[6.083s] INFO:colcon.colcon_core.shell:Creating environment descriptor '/home/rcpsl/Zhao_Liyuan_ws/install/autoturtle/share/autoturtle/hook/ament_prefix_path.dsv'
[6.084s] INFO:colcon.colcon_core.shell:Creating environment hook '/home/rcpsl/Zhao_Liyuan_ws/install/autoturtle/share/autoturtle/hook/ament_prefix_path.sh'
[6.085s] INFO:colcon.colcon_core.shell:Skip shell extension 'powershell' for command environment: Not usable outside of PowerShell
[6.086s] DEBUG:colcon.colcon_core.shell:Skip shell extension 'dsv' for command environment
[8.069s] INFO:colcon.colcon_core.task.python.build:Building Python package in '/home/rcpsl/Zhao_Liyuan_ws/src/autoturtle'
[8.070s] INFO:colcon.colcon_core.shell:Skip shell extension 'powershell' for command environment: Not usable outside of PowerShell
[8.070s] DEBUG:colcon.colcon_core.shell:Skip shell extension 'dsv' for command environment
[8.105s] DEBUG:colcon.colcon_core.event_handler.log_command:Invoking command in '/home/rcpsl/Zhao_Liyuan_ws/src/TurtleBot': PYTHONPATH=/home/rcpsl/Zhao_Liyuan_ws/build/TurtleBot/prefix_override:/home/rcpsl/Zhao_Liyuan_ws/install/TurtleBot/lib/python3.10/site-packages:${PYTHONPATH} /usr/bin/python3 -W ignore:setup.py install is deprecated setup.py egg_info --egg-base ../../build/TurtleBot build --build-base /home/rcpsl/Zhao_Liyuan_ws/build/TurtleBot/build install --record /home/rcpsl/Zhao_Liyuan_ws/build/TurtleBot/install.log --single-version-externally-managed install_data
[10.643s] DEBUG:colcon.colcon_core.event_handler.log_command:Invoking command in '/home/rcpsl/Zhao_Liyuan_ws/src/autoturtle': PYTHONPATH=/home/rcpsl/Zhao_Liyuan_ws/build/autoturtle/prefix_override:/home/rcpsl/Zhao_Liyuan_ws/install/autoturtle/lib/python3.10/site-packages:${PYTHONPATH} /usr/bin/python3 -W ignore:setup.py install is deprecated setup.py egg_info --egg-base ../../build/autoturtle build --build-base /home/rcpsl/Zhao_Liyuan_ws/build/autoturtle/build install --record /home/rcpsl/Zhao_Liyuan_ws/build/autoturtle/install.log --single-version-externally-managed install_data
[10.660s] Level 1:colcon.colcon_core.environment:checking '/home/rcpsl/Zhao_Liyuan_ws/install/TurtleBot' for CMake module files
[10.661s] Level 1:colcon.colcon_core.environment:checking '/home/rcpsl/Zhao_Liyuan_ws/install/TurtleBot' for CMake config files
[10.662s] DEBUG:colcon.colcon_core.event_handler.log_command:Invoked command in '/home/rcpsl/Zhao_Liyuan_ws/src/TurtleBot' returned '0': PYTHONPATH=/home/rcpsl/Zhao_Liyuan_ws/build/TurtleBot/prefix_override:/home/rcpsl/Zhao_Liyuan_ws/install/TurtleBot/lib/python3.10/site-packages:${PYTHONPATH} /usr/bin/python3 -W ignore:setup.py install is deprecated setup.py egg_info --egg-base ../../build/TurtleBot build --build-base /home/rcpsl/Zhao_Liyuan_ws/build/TurtleBot/build install --record /home/rcpsl/Zhao_Liyuan_ws/build/TurtleBot/install.log --single-version-externally-managed install_data
[10.667s] Level 1:colcon.colcon_core.environment:checking '/home/rcpsl/Zhao_Liyuan_ws/install/TurtleBot/lib'
[10.667s] Level 1:colcon.colcon_core.environment:checking '/home/rcpsl/Zhao_Liyuan_ws/install/TurtleBot/bin'
[10.667s] Level 1:colcon.colcon_core.environment:checking '/home/rcpsl/Zhao_Liyuan_ws/install/TurtleBot/lib/pkgconfig/TurtleBot.pc'
[10.667s] Level 1:colcon.colcon_core.environment:checking '/home/rcpsl/Zhao_Liyuan_ws/install/TurtleBot/lib/python3.10/site-packages'
[10.668s] Level 1:colcon.colcon_core.shell:create_environment_hook('TurtleBot', 'pythonpath')
[10.677s] INFO:colcon.colcon_core.shell:Creating environment hook '/home/rcpsl/Zhao_Liyuan_ws/install/TurtleBot/share/TurtleBot/hook/pythonpath.ps1'
[10.689s] INFO:colcon.colcon_core.shell:Creating environment descriptor '/home/rcpsl/Zhao_Liyuan_ws/install/TurtleBot/share/TurtleBot/hook/pythonpath.dsv'
[10.690s] INFO:colcon.colcon_core.shell:Creating environment hook '/home/rcpsl/Zhao_Liyuan_ws/install/TurtleBot/share/TurtleBot/hook/pythonpath.sh'
[10.702s] Level 1:colcon.colcon_core.environment:checking '/home/rcpsl/Zhao_Liyuan_ws/install/TurtleBot/bin'
[10.702s] Level 1:colcon.colcon_core.environment:create_environment_scripts_only(TurtleBot)
[10.703s] INFO:colcon.colcon_core.shell:Creating package script '/home/rcpsl/Zhao_Liyuan_ws/install/TurtleBot/share/TurtleBot/package.ps1'
[10.714s] INFO:colcon.colcon_core.shell:Creating package descriptor '/home/rcpsl/Zhao_Liyuan_ws/install/TurtleBot/share/TurtleBot/package.dsv'
[10.715s] INFO:colcon.colcon_core.shell:Creating package script '/home/rcpsl/Zhao_Liyuan_ws/install/TurtleBot/share/TurtleBot/package.sh'
[10.717s] INFO:colcon.colcon_core.shell:Creating package script '/home/rcpsl/Zhao_Liyuan_ws/install/TurtleBot/share/TurtleBot/package.bash'
[10.732s] INFO:colcon.colcon_core.shell:Creating package script '/home/rcpsl/Zhao_Liyuan_ws/install/TurtleBot/share/TurtleBot/package.zsh'
[10.733s] Level 1:colcon.colcon_core.environment:create_file_with_runtime_dependencies(/home/rcpsl/Zhao_Liyuan_ws/install/TurtleBot/share/colcon-core/packages/TurtleBot)
[10.735s] INFO:colcon.colcon_ros.task.ament_cmake.build:Building ROS package in '/home/rcpsl/Zhao_Liyuan_ws/src/turtlebot3_simulations/turtlebot3_simulations' with build type 'ament_cmake'
[10.736s] INFO:colcon.colcon_cmake.task.cmake.build:Building CMake package in '/home/rcpsl/Zhao_Liyuan_ws/src/turtlebot3_simulations/turtlebot3_simulations'
[10.736s] INFO:colcon.colcon_core.shell:Skip shell extension 'powershell' for command environment: Not usable outside of PowerShell
[10.736s] DEBUG:colcon.colcon_core.shell:Skip shell extension 'dsv' for command environment
[10.831s] DEBUG:colcon.colcon_core.event_handler.log_command:Invoking command in '/home/rcpsl/Zhao_Liyuan_ws/build/turtlebot3_simulations': CMAKE_PREFIX_PATH=/home/rcpsl/Zhao_Liyuan_ws/install/turtlebot3_gazebo:/home/rcpsl/Zhao_Liyuan_ws/install/turtlebot3_fake_node:/home/rcpsl/Zhao_Liyuan_ws/install/turtlebot3_simulations:/home/rcpsl/Zhao_Liyuan_ws/install/autoturtle:/home/rcpsl/Zhao_Liyuan_ws/install/TurtleBot:/opt/ros/humble /usr/bin/cmake --build /home/rcpsl/Zhao_Liyuan_ws/build/turtlebot3_simulations -- -j2 -l2
[11.185s] DEBUG:colcon.colcon_core.event_handler.log_command:Invoked command in '/home/rcpsl/Zhao_Liyuan_ws/build/turtlebot3_simulations' returned '0': CMAKE_PREFIX_PATH=/home/rcpsl/Zhao_Liyuan_ws/install/turtlebot3_gazebo:/home/rcpsl/Zhao_Liyuan_ws/install/turtlebot3_fake_node:/home/rcpsl/Zhao_Liyuan_ws/install/turtlebot3_simulations:/home/rcpsl/Zhao_Liyuan_ws/install/autoturtle:/home/rcpsl/Zhao_Liyuan_ws/install/TurtleBot:/opt/ros/humble /usr/bin/cmake --build /home/rcpsl/Zhao_Liyuan_ws/build/turtlebot3_simulations -- -j2 -l2
[11.503s] DEBUG:colcon.colcon_core.event_handler.log_command:Invoking command in '/home/rcpsl/Zhao_Liyuan_ws/build/turtlebot3_simulations': CMAKE_PREFIX_PATH=/home/rcpsl/Zhao_Liyuan_ws/install/turtlebot3_gazebo:/home/rcpsl/Zhao_Liyuan_ws/install/turtlebot3_fake_node:/home/rcpsl/Zhao_Liyuan_ws/install/turtlebot3_simulations:/home/rcpsl/Zhao_Liyuan_ws/install/autoturtle:/home/rcpsl/Zhao_Liyuan_ws/install/TurtleBot:/opt/ros/humble /usr/bin/cmake --install /home/rcpsl/Zhao_Liyuan_ws/build/turtlebot3_simulations
[11.614s] Level 1:colcon.colcon_core.environment:create_environment_scripts_only(turtlebot3_simulations)
[11.614s] Level 1:colcon.colcon_core.environment:checking '/home/rcpsl/Zhao_Liyuan_ws/install/turtlebot3_simulations' for CMake module files
[11.616s] DEBUG:colcon.colcon_core.event_handler.log_command:Invoked command in '/home/rcpsl/Zhao_Liyuan_ws/build/turtlebot3_simulations' returned '0': CMAKE_PREFIX_PATH=/home/rcpsl/Zhao_Liyuan_ws/install/turtlebot3_gazebo:/home/rcpsl/Zhao_Liyuan_ws/install/turtlebot3_fake_node:/home/rcpsl/Zhao_Liyuan_ws/install/turtlebot3_simulations:/home/rcpsl/Zhao_Liyuan_ws/install/autoturtle:/home/rcpsl/Zhao_Liyuan_ws/install/TurtleBot:/opt/ros/humble /usr/bin/cmake --install /home/rcpsl/Zhao_Liyuan_ws/build/turtlebot3_simulations
[11.617s] Level 1:colcon.colcon_core.environment:checking '/home/rcpsl/Zhao_Liyuan_ws/install/turtlebot3_simulations' for CMake config files
[11.622s] Level 1:colcon.colcon_core.shell:create_environment_hook('turtlebot3_simulations', 'cmake_prefix_path')
[11.623s] INFO:colcon.colcon_core.shell:Creating environment hook '/home/rcpsl/Zhao_Liyuan_ws/install/turtlebot3_simulations/share/turtlebot3_simulations/hook/cmake_prefix_path.ps1'
[11.624s] INFO:colcon.colcon_core.shell:Creating environment descriptor '/home/rcpsl/Zhao_Liyuan_ws/install/turtlebot3_simulations/share/turtlebot3_simulations/hook/cmake_prefix_path.dsv'
[11.637s] INFO:colcon.colcon_core.shell:Creating environment hook '/home/rcpsl/Zhao_Liyuan_ws/install/turtlebot3_simulations/share/turtlebot3_simulations/hook/cmake_prefix_path.sh'
[11.639s] Level 1:colcon.colcon_core.environment:checking '/home/rcpsl/Zhao_Liyuan_ws/install/turtlebot3_simulations/bin'
[11.639s] Level 1:colcon.colcon_core.environment:checking '/home/rcpsl/Zhao_Liyuan_ws/install/turtlebot3_simulations/lib/pkgconfig/turtlebot3_simulations.pc'
[11.640s] Level 1:colcon.colcon_core.environment:checking '/home/rcpsl/Zhao_Liyuan_ws/install/turtlebot3_simulations/lib/python3.10/site-packages'
[11.640s] Level 1:colcon.colcon_core.environment:checking '/home/rcpsl/Zhao_Liyuan_ws/install/turtlebot3_simulations/bin'
[11.641s] INFO:colcon.colcon_core.shell:Creating package script '/home/rcpsl/Zhao_Liyuan_ws/install/turtlebot3_simulations/share/turtlebot3_simulations/package.ps1'
[11.653s] INFO:colcon.colcon_core.shell:Creating package descriptor '/home/rcpsl/Zhao_Liyuan_ws/install/turtlebot3_simulations/share/turtlebot3_simulations/package.dsv'
[11.655s] INFO:colcon.colcon_core.shell:Creating package script '/home/rcpsl/Zhao_Liyuan_ws/install/turtlebot3_simulations/share/turtlebot3_simulations/package.sh'
[11.656s] INFO:colcon.colcon_core.shell:Creating package script '/home/rcpsl/Zhao_Liyuan_ws/install/turtlebot3_simulations/share/turtlebot3_simulations/package.bash'
[11.657s] INFO:colcon.colcon_core.shell:Creating package script '/home/rcpsl/Zhao_Liyuan_ws/install/turtlebot3_simulations/share/turtlebot3_simulations/package.zsh'
[11.670s] Level 1:colcon.colcon_core.environment:create_file_with_runtime_dependencies(/home/rcpsl/Zhao_Liyuan_ws/install/turtlebot3_simulations/share/colcon-core/packages/turtlebot3_simulations)
[12.017s] Level 1:colcon.colcon_core.environment:create_environment_scripts_only(turtlebot3_simulations)
[12.018s] Level 1:colcon.colcon_core.environment:checking '/home/rcpsl/Zhao_Liyuan_ws/install/turtlebot3_simulations' for CMake module files
[12.019s] Level 1:colcon.colcon_core.environment:checking '/home/rcpsl/Zhao_Liyuan_ws/install/turtlebot3_simulations' for CMake config files
[12.020s] Level 1:colcon.colcon_core.shell:create_environment_hook('turtlebot3_simulations', 'cmake_prefix_path')
[12.021s] INFO:colcon.colcon_core.shell:Creating environment hook '/home/rcpsl/Zhao_Liyuan_ws/install/turtlebot3_simulations/share/turtlebot3_simulations/hook/cmake_prefix_path.ps1'
[12.026s] INFO:colcon.colcon_core.shell:Creating environment descriptor '/home/rcpsl/Zhao_Liyuan_ws/install/turtlebot3_simulations/share/turtlebot3_simulations/hook/cmake_prefix_path.dsv'
[12.039s] INFO:colcon.colcon_core.shell:Creating environment hook '/home/rcpsl/Zhao_Liyuan_ws/install/turtlebot3_simulations/share/turtlebot3_simulations/hook/cmake_prefix_path.sh'
[12.041s] Level 1:colcon.colcon_core.environment:checking '/home/rcpsl/Zhao_Liyuan_ws/install/turtlebot3_simulations/bin'
[12.041s] Level 1:colcon.colcon_core.environment:checking '/home/rcpsl/Zhao_Liyuan_ws/install/turtlebot3_simulations/lib/pkgconfig/turtlebot3_simulations.pc'
[12.041s] Level 1:colcon.colcon_core.environment:checking '/home/rcpsl/Zhao_Liyuan_ws/install/turtlebot3_simulations/lib/python3.10/site-packages'
[12.042s] Level 1:colcon.colcon_core.environment:checking '/home/rcpsl/Zhao_Liyuan_ws/install/turtlebot3_simulations/bin'
[12.043s] INFO:colcon.colcon_core.shell:Creating package script '/home/rcpsl/Zhao_Liyuan_ws/install/turtlebot3_simulations/share/turtlebot3_simulations/package.ps1'
[12.053s] INFO:colcon.colcon_core.shell:Creating package descriptor '/home/rcpsl/Zhao_Liyuan_ws/install/turtlebot3_simulations/share/turtlebot3_simulations/package.dsv'
[12.055s] INFO:colcon.colcon_core.shell:Creating package script '/home/rcpsl/Zhao_Liyuan_ws/install/turtlebot3_simulations/share/turtlebot3_simulations/package.sh'
[12.067s] INFO:colcon.colcon_core.shell:Creating package script '/home/rcpsl/Zhao_Liyuan_ws/install/turtlebot3_simulations/share/turtlebot3_simulations/package.bash'
[12.069s] INFO:colcon.colcon_core.shell:Creating package script '/home/rcpsl/Zhao_Liyuan_ws/install/turtlebot3_simulations/share/turtlebot3_simulations/package.zsh'
[12.070s] Level 1:colcon.colcon_core.environment:create_file_with_runtime_dependencies(/home/rcpsl/Zhao_Liyuan_ws/install/turtlebot3_simulations/share/colcon-core/packages/turtlebot3_simulations)
[12.526s] Level 1:colcon.colcon_core.environment:checking '/home/rcpsl/Zhao_Liyuan_ws/install/autoturtle' for CMake module files
[12.528s] Level 1:colcon.colcon_core.environment:checking '/home/rcpsl/Zhao_Liyuan_ws/install/autoturtle' for CMake config files
[12.529s] Level 1:colcon.colcon_core.environment:checking '/home/rcpsl/Zhao_Liyuan_ws/install/autoturtle/lib'
[12.529s] Level 1:colcon.colcon_core.environment:checking '/home/rcpsl/Zhao_Liyuan_ws/install/autoturtle/bin'
[12.530s] DEBUG:colcon.colcon_core.event_handler.log_command:Invoked command in '/home/rcpsl/Zhao_Liyuan_ws/src/autoturtle' returned '0': PYTHONPATH=/home/rcpsl/Zhao_Liyuan_ws/build/autoturtle/prefix_override:/home/rcpsl/Zhao_Liyuan_ws/install/autoturtle/lib/python3.10/site-packages:${PYTHONPATH} /usr/bin/python3 -W ignore:setup.py install is deprecated setup.py egg_info --egg-base ../../build/autoturtle build --build-base /home/rcpsl/Zhao_Liyuan_ws/build/autoturtle/build install --record /home/rcpsl/Zhao_Liyuan_ws/build/autoturtle/install.log --single-version-externally-managed install_data
[12.530s] Level 1:colcon.colcon_core.environment:checking '/home/rcpsl/Zhao_Liyuan_ws/install/autoturtle/lib/pkgconfig/autoturtle.pc'
[12.530s] Level 1:colcon.colcon_core.environment:checking '/home/rcpsl/Zhao_Liyuan_ws/install/autoturtle/lib/python3.10/site-packages'
[12.531s] Level 1:colcon.colcon_core.shell:create_environment_hook('autoturtle', 'pythonpath')
[12.531s] INFO:colcon.colcon_core.shell:Creating environment hook '/home/rcpsl/Zhao_Liyuan_ws/install/autoturtle/share/autoturtle/hook/pythonpath.ps1'
[12.532s] INFO:colcon.colcon_core.shell:Creating environment descriptor '/home/rcpsl/Zhao_Liyuan_ws/install/autoturtle/share/autoturtle/hook/pythonpath.dsv'
[12.533s] INFO:colcon.colcon_core.shell:Creating environment hook '/home/rcpsl/Zhao_Liyuan_ws/install/autoturtle/share/autoturtle/hook/pythonpath.sh'
[12.538s] Level 1:colcon.colcon_core.environment:checking '/home/rcpsl/Zhao_Liyuan_ws/install/autoturtle/bin'
[12.538s] Level 1:colcon.colcon_core.environment:create_environment_scripts_only(autoturtle)
[12.540s] INFO:colcon.colcon_core.shell:Creating package script '/home/rcpsl/Zhao_Liyuan_ws/install/autoturtle/share/autoturtle/package.ps1'
[12.545s] INFO:colcon.colcon_core.shell:Creating package descriptor '/home/rcpsl/Zhao_Liyuan_ws/install/autoturtle/share/autoturtle/package.dsv'
[12.546s] INFO:colcon.colcon_core.shell:Creating package script '/home/rcpsl/Zhao_Liyuan_ws/install/autoturtle/share/autoturtle/package.sh'
[12.547s] INFO:colcon.colcon_core.shell:Creating package script '/home/rcpsl/Zhao_Liyuan_ws/install/autoturtle/share/autoturtle/package.bash'
[12.549s] INFO:colcon.colcon_core.shell:Creating package script '/home/rcpsl/Zhao_Liyuan_ws/install/autoturtle/share/autoturtle/package.zsh'
[12.552s] Level 1:colcon.colcon_core.environment:create_file_with_runtime_dependencies(/home/rcpsl/Zhao_Liyuan_ws/install/autoturtle/share/colcon-core/packages/autoturtle)
[12.559s] DEBUG:colcon.colcon_parallel_executor.executor.parallel:closing loop
[12.561s] DEBUG:colcon.colcon_parallel_executor.executor.parallel:loop closed
[12.561s] DEBUG:colcon.colcon_parallel_executor.executor.parallel:run_until_complete finished with '0'
[12.563s] DEBUG:colcon.colcon_core.event_reactor:joining thread
[12.585s] INFO:colcon.colcon_core.plugin_system:Skipping extension 'colcon_notification.desktop_notification.terminal_notifier': Not used on non-Darwin systems
[12.589s] INFO:colcon.colcon_core.plugin_system:Skipping extension 'colcon_notification.desktop_notification.win32': Not used on non-Windows systems
[12.589s] INFO:colcon.colcon_notification.desktop_notification:Sending desktop notification using 'notify2'
[12.733s] DEBUG:colcon.colcon_core.event_reactor:joined thread
[12.734s] INFO:colcon.colcon_core.shell:Creating prefix script '/home/rcpsl/Zhao_Liyuan_ws/install/local_setup.ps1'
[12.736s] INFO:colcon.colcon_core.shell:Creating prefix util module '/home/rcpsl/Zhao_Liyuan_ws/install/_local_setup_util_ps1.py'
[12.739s] INFO:colcon.colcon_core.shell:Creating prefix chain script '/home/rcpsl/Zhao_Liyuan_ws/install/setup.ps1'
[12.748s] INFO:colcon.colcon_core.shell:Creating prefix script '/home/rcpsl/Zhao_Liyuan_ws/install/local_setup.sh'
[12.750s] INFO:colcon.colcon_core.shell:Creating prefix util module '/home/rcpsl/Zhao_Liyuan_ws/install/_local_setup_util_sh.py'
[12.757s] INFO:colcon.colcon_core.shell:Creating prefix chain script '/home/rcpsl/Zhao_Liyuan_ws/install/setup.sh'
[12.760s] INFO:colcon.colcon_core.shell:Creating prefix script '/home/rcpsl/Zhao_Liyuan_ws/install/local_setup.bash'
[12.765s] INFO:colcon.colcon_core.shell:Creating prefix chain script '/home/rcpsl/Zhao_Liyuan_ws/install/setup.bash'
[12.772s] INFO:colcon.colcon_core.shell:Creating prefix script '/home/rcpsl/Zhao_Liyuan_ws/install/local_setup.zsh'
[12.774s] INFO:colcon.colcon_core.shell:Creating prefix chain script '/home/rcpsl/Zhao_Liyuan_ws/install/setup.zsh'
