[0.094s] Invoking command in '/home/rcpsl/Zhao_Liyuan_ws/build/turtlebot3_simulations': CMAKE_PREFIX_PATH=/home/rcpsl/Zhao_Liyuan_ws/install/turtlebot3_gazebo:/home/rcpsl/Zhao_Liyuan_ws/install/turtlebot3_fake_node:/home/rcpsl/Zhao_Liyuan_ws/install/turtlebot3_simulations:/home/rcpsl/Zhao_Liyuan_ws/install/autoturtle:/home/rcpsl/Zhao_Liyuan_ws/install/TurtleBot:/opt/ros/humble /usr/bin/cmake --build /home/rcpsl/Zhao_Liyuan_ws/build/turtlebot3_simulations -- -j2 -l2
[0.354s] Invoked command in '/home/rcpsl/Zhao_Liyuan_ws/build/turtlebot3_simulations' returned '0': CMAKE_PREFIX_PATH=/home/rcpsl/Zhao_Liyuan_ws/install/turtlebot3_gazebo:/home/rcpsl/Zhao_Liyuan_ws/install/turtlebot3_fake_node:/home/rcpsl/Zhao_Liyuan_ws/install/turtlebot3_simulations:/home/rcpsl/Zhao_Liyuan_ws/install/autoturtle:/home/rcpsl/Zhao_Liyuan_ws/install/TurtleBot:/opt/ros/humble /usr/bin/cmake --build /home/rcpsl/Zhao_Liyuan_ws/build/turtlebot3_simulations -- -j2 -l2
[0.691s] Invoking command in '/home/rcpsl/Zhao_Liyuan_ws/build/turtlebot3_simulations': CMAKE_PREFIX_PATH=/home/rcpsl/Zhao_Liyuan_ws/install/turtlebot3_gazebo:/home/rcpsl/Zhao_Liyuan_ws/install/turtlebot3_fake_node:/home/rcpsl/Zhao_Liyuan_ws/install/turtlebot3_simulations:/home/rcpsl/Zhao_Liyuan_ws/install/autoturtle:/home/rcpsl/Zhao_Liyuan_ws/install/TurtleBot:/opt/ros/humble /usr/bin/cmake --install /home/rcpsl/Zhao_Liyuan_ws/build/turtlebot3_simulations
[0.743s] -- Install configuration: ""
[0.744s] -- Up-to-date: /home/rcpsl/Zhao_Liyuan_ws/install/turtlebot3_simulations/share/ament_index/resource_index/package_run_dependencies/turtlebot3_simulations
[0.745s] -- Up-to-date: /home/rcpsl/Zhao_Liyuan_ws/install/turtlebot3_simulations/share/ament_index/resource_index/parent_prefix_path/turtlebot3_simulations
[0.745s] -- Up-to-date: /home/rcpsl/Zhao_Liyuan_ws/install/turtlebot3_simulations/share/turtlebot3_simulations/environment/ament_prefix_path.sh
[0.746s] -- Up-to-date: /home/rcpsl/Zhao_Liyuan_ws/install/turtlebot3_simulations/share/turtlebot3_simulations/environment/ament_prefix_path.dsv
[0.746s] -- Up-to-date: /home/rcpsl/Zhao_Liyuan_ws/install/turtlebot3_simulations/share/turtlebot3_simulations/environment/path.sh
[0.747s] -- Up-to-date: /home/rcpsl/Zhao_Liyuan_ws/install/turtlebot3_simulations/share/turtlebot3_simulations/environment/path.dsv
[0.748s] -- Up-to-date: /home/rcpsl/Zhao_Liyuan_ws/install/turtlebot3_simulations/share/turtlebot3_simulations/local_setup.bash
[0.751s] -- Up-to-date: /home/rcpsl/Zhao_Liyuan_ws/install/turtlebot3_simulations/share/turtlebot3_simulations/local_setup.sh
[0.752s] -- Up-to-date: /home/rcpsl/Zhao_Liyuan_ws/install/turtlebot3_simulations/share/turtlebot3_simulations/local_setup.zsh
[0.753s] -- Up-to-date: /home/rcpsl/Zhao_Liyuan_ws/install/turtlebot3_simulations/share/turtlebot3_simulations/local_setup.dsv
[0.753s] -- Installing: /home/rcpsl/Zhao_Liyuan_ws/install/turtlebot3_simulations/share/turtlebot3_simulations/package.dsv
[0.754s] -- Up-to-date: /home/rcpsl/Zhao_Liyuan_ws/install/turtlebot3_simulations/share/ament_index/resource_index/packages/turtlebot3_simulations
[0.757s] -- Up-to-date: /home/rcpsl/Zhao_Liyuan_ws/install/turtlebot3_simulations/share/turtlebot3_simulations/cmake/turtlebot3_simulationsConfig.cmake
[0.757s] -- Up-to-date: /home/rcpsl/Zhao_Liyuan_ws/install/turtlebot3_simulations/share/turtlebot3_simulations/cmake/turtlebot3_simulationsConfig-version.cmake
[0.758s] -- Up-to-date: /home/rcpsl/Zhao_Liyuan_ws/install/turtlebot3_simulations/share/turtlebot3_simulations/package.xml
[0.779s] Invoked command in '/home/rcpsl/Zhao_Liyuan_ws/build/turtlebot3_simulations' returned '0': CMAKE_PREFIX_PATH=/home/rcpsl/Zhao_Liyuan_ws/install/turtlebot3_gazebo:/home/rcpsl/Zhao_Liyuan_ws/install/turtlebot3_fake_node:/home/rcpsl/Zhao_Liyuan_ws/install/turtlebot3_simulations:/home/rcpsl/Zhao_Liyuan_ws/install/autoturtle:/home/rcpsl/Zhao_Liyuan_ws/install/TurtleBot:/opt/ros/humble /usr/bin/cmake --install /home/rcpsl/Zhao_Liyuan_ws/build/turtlebot3_simulations
