[2.129s] Invoking command in '/home/rcpsl/Zhao_Liyuan_ws/src/TurtleBot': PYTHONPATH=/home/rcpsl/Zhao_Liyuan_ws/build/TurtleBot/prefix_override:/home/rcpsl/Zhao_Liyuan_ws/install/TurtleBot/lib/python3.10/site-packages:${PYTHONPATH} /usr/bin/python3 -W ignore:setup.py install is deprecated setup.py egg_info --egg-base ../../build/TurtleBot build --build-base /home/rcpsl/Zhao_Liyuan_ws/build/TurtleBot/build install --record /home/rcpsl/Zhao_Liyuan_ws/build/TurtleBot/install.log --single-version-externally-managed install_data
[2.819s] running egg_info
[2.821s] writing ../../build/TurtleBot/TurtleBot.egg-info/PKG-INFO
[2.822s] writing dependency_links to ../../build/TurtleBot/TurtleBot.egg-info/dependency_links.txt
[2.824s] writing entry points to ../../build/TurtleBot/TurtleBot.egg-info/entry_points.txt
[2.825s] writing requirements to ../../build/TurtleBot/TurtleBot.egg-info/requires.txt
[2.827s] writing top-level names to ../../build/TurtleBot/TurtleBot.egg-info/top_level.txt
[2.844s] reading manifest file '../../build/TurtleBot/TurtleBot.egg-info/SOURCES.txt'
[2.846s] writing manifest file '../../build/TurtleBot/TurtleBot.egg-info/SOURCES.txt'
[2.849s] running build
[2.849s] running build_py
[2.851s] running install
[2.852s] running install_lib
[2.856s] running install_data
[2.857s] running install_egg_info
[2.861s] removing '/home/rcpsl/Zhao_Liyuan_ws/install/TurtleBot/lib/python3.10/site-packages/TurtleBot-0.0.0-py3.10.egg-info' (and everything under it)
[2.867s] Copying ../../build/TurtleBot/TurtleBot.egg-info to /home/rcpsl/Zhao_Liyuan_ws/install/TurtleBot/lib/python3.10/site-packages/TurtleBot-0.0.0-py3.10.egg-info
[2.875s] running install_scripts
[2.941s] Installing PID_Controller script to /home/rcpsl/Zhao_Liyuan_ws/install/TurtleBot/lib/TurtleBot
[2.943s] Installing control script to /home/rcpsl/Zhao_Liyuan_ws/install/TurtleBot/lib/TurtleBot
[2.945s] writing list of installed files to '/home/rcpsl/Zhao_Liyuan_ws/build/TurtleBot/install.log'
[2.998s] Invoked command in '/home/rcpsl/Zhao_Liyuan_ws/src/TurtleBot' returned '0': PYTHONPATH=/home/rcpsl/Zhao_Liyuan_ws/build/TurtleBot/prefix_override:/home/rcpsl/Zhao_Liyuan_ws/install/TurtleBot/lib/python3.10/site-packages:${PYTHONPATH} /usr/bin/python3 -W ignore:setup.py install is deprecated setup.py egg_info --egg-base ../../build/TurtleBot build --build-base /home/rcpsl/Zhao_Liyuan_ws/build/TurtleBot/build install --record /home/rcpsl/Zhao_Liyuan_ws/build/TurtleBot/install.log --single-version-externally-managed install_data
