[1.962s] Invoking command in '/home/rcpsl/Zhao_Liyuan_ws/src/TurtleBot': PYTHONPATH=/home/rcpsl/Zhao_Liyuan_ws/build/TurtleBot/prefix_override:/home/rcpsl/Zhao_Liyuan_ws/install/TurtleBot/lib/python3.10/site-packages:${PYTHONPATH} /usr/bin/python3 -W ignore:setup.py install is deprecated setup.py egg_info --egg-base ../../build/TurtleBot build --build-base /home/rcpsl/Zhao_Liyuan_ws/build/TurtleBot/build install --record /home/rcpsl/Zhao_Liyuan_ws/build/TurtleBot/install.log --single-version-externally-managed install_data
[3.402s] running egg_info
[3.417s] writing ../../build/TurtleBot/TurtleBot.egg-info/PKG-INFO
[3.417s] writing dependency_links to ../../build/TurtleBot/TurtleBot.egg-info/dependency_links.txt
[3.417s] writing entry points to ../../build/TurtleBot/TurtleBot.egg-info/entry_points.txt
[3.417s] writing requirements to ../../build/TurtleBot/TurtleBot.egg-info/requires.txt
[3.418s] writing top-level names to ../../build/TurtleBot/TurtleBot.egg-info/top_level.txt
[3.432s] reading manifest file '../../build/TurtleBot/TurtleBot.egg-info/SOURCES.txt'
[3.433s] writing manifest file '../../build/TurtleBot/TurtleBot.egg-info/SOURCES.txt'
[3.433s] running build
[3.433s] running build_py
[3.436s] copying TurtleBot/PID_Controller.py -> /home/rcpsl/Zhao_Liyuan_ws/build/TurtleBot/build/lib/TurtleBot
[3.436s] running install
[3.447s] running install_lib
[3.447s] copying /home/rcpsl/Zhao_Liyuan_ws/build/TurtleBot/build/lib/TurtleBot/PID_Controller.py -> /home/rcpsl/Zhao_Liyuan_ws/install/TurtleBot/lib/python3.10/site-packages/TurtleBot
[3.455s] byte-compiling /home/rcpsl/Zhao_Liyuan_ws/install/TurtleBot/lib/python3.10/site-packages/TurtleBot/PID_Controller.py to PID_Controller.cpython-310.pyc
[3.470s] running install_data
[3.470s] running install_egg_info
[3.470s] removing '/home/rcpsl/Zhao_Liyuan_ws/install/TurtleBot/lib/python3.10/site-packages/TurtleBot-0.0.0-py3.10.egg-info' (and everything under it)
[3.494s] Copying ../../build/TurtleBot/TurtleBot.egg-info to /home/rcpsl/Zhao_Liyuan_ws/install/TurtleBot/lib/python3.10/site-packages/TurtleBot-0.0.0-py3.10.egg-info
[3.494s] running install_scripts
[3.627s] Installing Motion_Planner script to /home/rcpsl/Zhao_Liyuan_ws/install/TurtleBot/lib/TurtleBot
[3.632s] Installing PID_Controller script to /home/rcpsl/Zhao_Liyuan_ws/install/TurtleBot/lib/TurtleBot
[3.633s] writing list of installed files to '/home/rcpsl/Zhao_Liyuan_ws/build/TurtleBot/install.log'
[3.795s] Invoked command in '/home/rcpsl/Zhao_Liyuan_ws/src/TurtleBot' returned '0': PYTHONPATH=/home/rcpsl/Zhao_Liyuan_ws/build/TurtleBot/prefix_override:/home/rcpsl/Zhao_Liyuan_ws/install/TurtleBot/lib/python3.10/site-packages:${PYTHONPATH} /usr/bin/python3 -W ignore:setup.py install is deprecated setup.py egg_info --egg-base ../../build/TurtleBot build --build-base /home/rcpsl/Zhao_Liyuan_ws/build/TurtleBot/build install --record /home/rcpsl/Zhao_Liyuan_ws/build/TurtleBot/install.log --single-version-externally-managed install_data
