[2.933s] Invoking command in '/home/rcpsl/Zhao_Liyuan_ws/src/TurtleBot': PYTHONPATH=/home/rcpsl/Zhao_Liyuan_ws/build/TurtleBot/prefix_override:/home/rcpsl/Zhao_Liyuan_ws/install/TurtleBot/lib/python3.10/site-packages:${PYTHONPATH} /usr/bin/python3 -W ignore:setup.py install is deprecated setup.py egg_info --egg-base ../../build/TurtleBot build --build-base /home/rcpsl/Zhao_Liyuan_ws/build/TurtleBot/build install --record /home/rcpsl/Zhao_Liyuan_ws/build/TurtleBot/install.log --single-version-externally-managed install_data
[4.858s] running egg_info
[4.865s] writing ../../build/TurtleBot/TurtleBot.egg-info/PKG-INFO
[4.869s] writing dependency_links to ../../build/TurtleBot/TurtleBot.egg-info/dependency_links.txt
[4.876s] writing entry points to ../../build/TurtleBot/TurtleBot.egg-info/entry_points.txt
[4.883s] writing requirements to ../../build/TurtleBot/TurtleBot.egg-info/requires.txt
[4.885s] writing top-level names to ../../build/TurtleBot/TurtleBot.egg-info/top_level.txt
[4.900s] reading manifest file '../../build/TurtleBot/TurtleBot.egg-info/SOURCES.txt'
[4.904s] writing manifest file '../../build/TurtleBot/TurtleBot.egg-info/SOURCES.txt'
[4.909s] running build
[4.909s] running build_py
[4.911s] copying TurtleBot/test2.py -> /home/rcpsl/Zhao_Liyuan_ws/build/TurtleBot/build/lib/TurtleBot
[4.913s] running install
[4.917s] running install_lib
[4.925s] copying /home/rcpsl/Zhao_Liyuan_ws/build/TurtleBot/build/lib/TurtleBot/test2.py -> /home/rcpsl/Zhao_Liyuan_ws/install/TurtleBot/lib/python3.10/site-packages/TurtleBot
[4.933s] byte-compiling /home/rcpsl/Zhao_Liyuan_ws/install/TurtleBot/lib/python3.10/site-packages/TurtleBot/test2.py to test2.cpython-310.pyc
[4.937s] running install_data
[4.939s] running install_egg_info
[4.977s] removing '/home/rcpsl/Zhao_Liyuan_ws/install/TurtleBot/lib/python3.10/site-packages/TurtleBot-0.0.0-py3.10.egg-info' (and everything under it)
[4.993s] Copying ../../build/TurtleBot/TurtleBot.egg-info to /home/rcpsl/Zhao_Liyuan_ws/install/TurtleBot/lib/python3.10/site-packages/TurtleBot-0.0.0-py3.10.egg-info
[4.993s] running install_scripts
[5.130s] Installing Motion_Planner script to /home/rcpsl/Zhao_Liyuan_ws/install/TurtleBot/lib/TurtleBot
[5.136s] Installing Motion_Planner_LAB3 script to /home/rcpsl/Zhao_Liyuan_ws/install/TurtleBot/lib/TurtleBot
[5.137s] Installing Motion_Planner_LAB4 script to /home/rcpsl/Zhao_Liyuan_ws/install/TurtleBot/lib/TurtleBot
[5.138s] Installing PID_Controller script to /home/rcpsl/Zhao_Liyuan_ws/install/TurtleBot/lib/TurtleBot
[5.139s] Installing PID_Controller_LAB3 script to /home/rcpsl/Zhao_Liyuan_ws/install/TurtleBot/lib/TurtleBot
[5.140s] Installing RRT_node script to /home/rcpsl/Zhao_Liyuan_ws/install/TurtleBot/lib/TurtleBot
[5.140s] Installing RRT_node_LAB4 script to /home/rcpsl/Zhao_Liyuan_ws/install/TurtleBot/lib/TurtleBot
[5.141s] Installing test script to /home/rcpsl/Zhao_Liyuan_ws/install/TurtleBot/lib/TurtleBot
[5.141s] Installing test2 script to /home/rcpsl/Zhao_Liyuan_ws/install/TurtleBot/lib/TurtleBot
[5.144s] writing list of installed files to '/home/rcpsl/Zhao_Liyuan_ws/build/TurtleBot/install.log'
[5.333s] Invoked command in '/home/rcpsl/Zhao_Liyuan_ws/src/TurtleBot' returned '0': PYTHONPATH=/home/rcpsl/Zhao_Liyuan_ws/build/TurtleBot/prefix_override:/home/rcpsl/Zhao_Liyuan_ws/install/TurtleBot/lib/python3.10/site-packages:${PYTHONPATH} /usr/bin/python3 -W ignore:setup.py install is deprecated setup.py egg_info --egg-base ../../build/TurtleBot build --build-base /home/rcpsl/Zhao_Liyuan_ws/build/TurtleBot/build install --record /home/rcpsl/Zhao_Liyuan_ws/build/TurtleBot/install.log --single-version-externally-managed install_data
