[4.593s] Invoking command in '/home/rcpsl/Zhao_Liyuan_ws/src/TurtleBot': PYTHONPATH=/home/rcpsl/Zhao_Liyuan_ws/build/TurtleBot/prefix_override:/home/rcpsl/Zhao_Liyuan_ws/install/TurtleBot/lib/python3.10/site-packages:${PYTHONPATH} /usr/bin/python3 -W ignore:setup.py install is deprecated setup.py egg_info --egg-base ../../build/TurtleBot build --build-base /home/rcpsl/Zhao_Liyuan_ws/build/TurtleBot/build install --record /home/rcpsl/Zhao_Liyuan_ws/build/TurtleBot/install.log --single-version-externally-managed install_data
[6.659s] running egg_info
[6.666s] writing ../../build/TurtleBot/TurtleBot.egg-info/PKG-INFO
[6.771s] writing dependency_links to ../../build/TurtleBot/TurtleBot.egg-info/dependency_links.txt
[6.772s] writing entry points to ../../build/TurtleBot/TurtleBot.egg-info/entry_points.txt
[6.779s] writing requirements to ../../build/TurtleBot/TurtleBot.egg-info/requires.txt
[6.780s] writing top-level names to ../../build/TurtleBot/TurtleBot.egg-info/top_level.txt
[6.806s] reading manifest file '../../build/TurtleBot/TurtleBot.egg-info/SOURCES.txt'
[6.810s] writing manifest file '../../build/TurtleBot/TurtleBot.egg-info/SOURCES.txt'
[6.811s] running build
[6.812s] running build_py
[6.834s] running install
[6.835s] running install_lib
[6.855s] running install_data
[6.856s] running install_egg_info
[6.907s] removing '/home/rcpsl/Zhao_Liyuan_ws/install/TurtleBot/lib/python3.10/site-packages/TurtleBot-0.0.0-py3.10.egg-info' (and everything under it)
[6.907s] Copying ../../build/TurtleBot/TurtleBot.egg-info to /home/rcpsl/Zhao_Liyuan_ws/install/TurtleBot/lib/python3.10/site-packages/TurtleBot-0.0.0-py3.10.egg-info
[6.908s] running install_scripts
[7.065s] Installing Motion_Planner script to /home/rcpsl/Zhao_Liyuan_ws/install/TurtleBot/lib/TurtleBot
[7.074s] Installing Motion_Planner_LAB3 script to /home/rcpsl/Zhao_Liyuan_ws/install/TurtleBot/lib/TurtleBot
[7.075s] Installing Motion_Planner_LAB4 script to /home/rcpsl/Zhao_Liyuan_ws/install/TurtleBot/lib/TurtleBot
[7.075s] Installing PID_Controller script to /home/rcpsl/Zhao_Liyuan_ws/install/TurtleBot/lib/TurtleBot
[7.076s] Installing PID_Controller_LAB3 script to /home/rcpsl/Zhao_Liyuan_ws/install/TurtleBot/lib/TurtleBot
[7.076s] Installing RRT_node script to /home/rcpsl/Zhao_Liyuan_ws/install/TurtleBot/lib/TurtleBot
[7.077s] Installing RRT_node_LAB4 script to /home/rcpsl/Zhao_Liyuan_ws/install/TurtleBot/lib/TurtleBot
[7.077s] Installing new1 script to /home/rcpsl/Zhao_Liyuan_ws/install/TurtleBot/lib/TurtleBot
[7.078s] Installing new2 script to /home/rcpsl/Zhao_Liyuan_ws/install/TurtleBot/lib/TurtleBot
[7.079s] Installing test script to /home/rcpsl/Zhao_Liyuan_ws/install/TurtleBot/lib/TurtleBot
[7.083s] Installing test2 script to /home/rcpsl/Zhao_Liyuan_ws/install/TurtleBot/lib/TurtleBot
[7.092s] writing list of installed files to '/home/rcpsl/Zhao_Liyuan_ws/build/TurtleBot/install.log'
[7.238s] Invoked command in '/home/rcpsl/Zhao_Liyuan_ws/src/TurtleBot' returned '0': PYTHONPATH=/home/rcpsl/Zhao_Liyuan_ws/build/TurtleBot/prefix_override:/home/rcpsl/Zhao_Liyuan_ws/install/TurtleBot/lib/python3.10/site-packages:${PYTHONPATH} /usr/bin/python3 -W ignore:setup.py install is deprecated setup.py egg_info --egg-base ../../build/TurtleBot build --build-base /home/rcpsl/Zhao_Liyuan_ws/build/TurtleBot/build install --record /home/rcpsl/Zhao_Liyuan_ws/build/TurtleBot/install.log --single-version-externally-managed install_data
