[0.080s] Invoking command in '/home/rcpsl/Zhao_Liyuan_ws/build/turtlebot3_gazebo': CMAKE_PREFIX_PATH=/opt/ros/humble /usr/bin/cmake --build /home/rcpsl/Zhao_Liyuan_ws/build/turtlebot3_gazebo -- -j2 -l2
[0.486s] [ 25%] Built target turtlebot3_drive
[0.747s] [ 50%] Built target obstacle1
[0.922s] [ 75%] Built target obstacle2
[1.160s] [100%] Built target obstacles
[1.218s] Invoked command in '/home/rcpsl/Zhao_Liyuan_ws/build/turtlebot3_gazebo' returned '0': CMAKE_PREFIX_PATH=/opt/ros/humble /usr/bin/cmake --build /home/rcpsl/Zhao_Liyuan_ws/build/turtlebot3_gazebo -- -j2 -l2
[2.115s] Invoking command in '/home/rcpsl/Zhao_Liyuan_ws/build/turtlebot3_gazebo': CMAKE_PREFIX_PATH=/opt/ros/humble /usr/bin/cmake --install /home/rcpsl/Zhao_Liyuan_ws/build/turtlebot3_gazebo
[2.166s] -- Install configuration: ""
[2.166s] -- Up-to-date: /home/rcpsl/Zhao_Liyuan_ws/install/turtlebot3_gazebo/lib/turtlebot3_gazebo/turtlebot3_drive
[2.168s] -- Up-to-date: /home/rcpsl/Zhao_Liyuan_ws/install/turtlebot3_gazebo/share/turtlebot3_gazebo//launch
[2.168s] -- Up-to-date: /home/rcpsl/Zhao_Liyuan_ws/install/turtlebot3_gazebo/share/turtlebot3_gazebo//launch/empty_world.launch.py
[2.168s] -- Up-to-date: /home/rcpsl/Zhao_Liyuan_ws/install/turtlebot3_gazebo/share/turtlebot3_gazebo//launch/robot_state_publisher.launch.py
[2.169s] -- Up-to-date: /home/rcpsl/Zhao_Liyuan_ws/install/turtlebot3_gazebo/share/turtlebot3_gazebo//launch/turtlebot3_world.launch.py
[2.169s] -- Up-to-date: /home/rcpsl/Zhao_Liyuan_ws/install/turtlebot3_gazebo/share/turtlebot3_gazebo//launch/turtlebot3_dqn_stage2.launch.py
[2.170s] -- Up-to-date: /home/rcpsl/Zhao_Liyuan_ws/install/turtlebot3_gazebo/share/turtlebot3_gazebo//launch/turtlebot3_dqn_stage1.launch.py
[2.170s] -- Up-to-date: /home/rcpsl/Zhao_Liyuan_ws/install/turtlebot3_gazebo/share/turtlebot3_gazebo//launch/turtlebot3_dqn_stage4.launch.py
[2.170s] -- Up-to-date: /home/rcpsl/Zhao_Liyuan_ws/install/turtlebot3_gazebo/share/turtlebot3_gazebo//launch/spawn_turtlebot3.launch.py
[2.170s] -- Up-to-date: /home/rcpsl/Zhao_Liyuan_ws/install/turtlebot3_gazebo/share/turtlebot3_gazebo//launch/turtlebot3_dqn_stage3.launch.py
[2.170s] -- Up-to-date: /home/rcpsl/Zhao_Liyuan_ws/install/turtlebot3_gazebo/share/turtlebot3_gazebo//launch/turtlebot3_house.launch.py
[2.170s] -- Up-to-date: /home/rcpsl/Zhao_Liyuan_ws/install/turtlebot3_gazebo/share/turtlebot3_gazebo//models
[2.171s] -- Up-to-date: /home/rcpsl/Zhao_Liyuan_ws/install/turtlebot3_gazebo/share/turtlebot3_gazebo//models/turtlebot3_house
[2.178s] -- Up-to-date: /home/rcpsl/Zhao_Liyuan_ws/install/turtlebot3_gazebo/share/turtlebot3_gazebo//models/turtlebot3_house/model.sdf
[2.178s] -- Up-to-date: /home/rcpsl/Zhao_Liyuan_ws/install/turtlebot3_gazebo/share/turtlebot3_gazebo//models/turtlebot3_house/model.config
[2.179s] -- Up-to-date: /home/rcpsl/Zhao_Liyuan_ws/install/turtlebot3_gazebo/share/turtlebot3_gazebo//models/turtlebot3_waffle
[2.179s] -- Up-to-date: /home/rcpsl/Zhao_Liyuan_ws/install/turtlebot3_gazebo/share/turtlebot3_gazebo//models/turtlebot3_waffle/model.sdf
[2.179s] -- Up-to-date: /home/rcpsl/Zhao_Liyuan_ws/install/turtlebot3_gazebo/share/turtlebot3_gazebo//models/turtlebot3_waffle/model-1_4.sdf
[2.179s] -- Up-to-date: /home/rcpsl/Zhao_Liyuan_ws/install/turtlebot3_gazebo/share/turtlebot3_gazebo//models/turtlebot3_waffle/model.config
[2.179s] -- Up-to-date: /home/rcpsl/Zhao_Liyuan_ws/install/turtlebot3_gazebo/share/turtlebot3_gazebo//models/turtlebot3_dqn_world
[2.179s] -- Up-to-date: /home/rcpsl/Zhao_Liyuan_ws/install/turtlebot3_gazebo/share/turtlebot3_gazebo//models/turtlebot3_dqn_world/goal_box
[2.180s] -- Up-to-date: /home/rcpsl/Zhao_Liyuan_ws/install/turtlebot3_gazebo/share/turtlebot3_gazebo//models/turtlebot3_dqn_world/goal_box/model.sdf
[2.180s] -- Up-to-date: /home/rcpsl/Zhao_Liyuan_ws/install/turtlebot3_gazebo/share/turtlebot3_gazebo//models/turtlebot3_dqn_world/goal_box/model.config
[2.180s] -- Up-to-date: /home/rcpsl/Zhao_Liyuan_ws/install/turtlebot3_gazebo/share/turtlebot3_gazebo//models/turtlebot3_dqn_world/obstacle2
[2.180s] -- Up-to-date: /home/rcpsl/Zhao_Liyuan_ws/install/turtlebot3_gazebo/share/turtlebot3_gazebo//models/turtlebot3_dqn_world/obstacle2/model.sdf
[2.180s] -- Up-to-date: /home/rcpsl/Zhao_Liyuan_ws/install/turtlebot3_gazebo/share/turtlebot3_gazebo//models/turtlebot3_dqn_world/obstacle2/model.config
[2.181s] -- Up-to-date: /home/rcpsl/Zhao_Liyuan_ws/install/turtlebot3_gazebo/share/turtlebot3_gazebo//models/turtlebot3_dqn_world/obstacles
[2.181s] -- Up-to-date: /home/rcpsl/Zhao_Liyuan_ws/install/turtlebot3_gazebo/share/turtlebot3_gazebo//models/turtlebot3_dqn_world/obstacles/model.sdf
[2.181s] -- Up-to-date: /home/rcpsl/Zhao_Liyuan_ws/install/turtlebot3_gazebo/share/turtlebot3_gazebo//models/turtlebot3_dqn_world/obstacles/model.config
[2.181s] -- Up-to-date: /home/rcpsl/Zhao_Liyuan_ws/install/turtlebot3_gazebo/share/turtlebot3_gazebo//models/turtlebot3_dqn_world/model.sdf
[2.181s] -- Up-to-date: /home/rcpsl/Zhao_Liyuan_ws/install/turtlebot3_gazebo/share/turtlebot3_gazebo//models/turtlebot3_dqn_world/obstacle_plugin
[2.181s] -- Up-to-date: /home/rcpsl/Zhao_Liyuan_ws/install/turtlebot3_gazebo/share/turtlebot3_gazebo//models/turtlebot3_dqn_world/obstacle_plugin/CMakeLists.txt
[2.186s] -- Up-to-date: /home/rcpsl/Zhao_Liyuan_ws/install/turtlebot3_gazebo/share/turtlebot3_gazebo//models/turtlebot3_dqn_world/obstacle_plugin/obstacle1.cc
[2.186s] -- Up-to-date: /home/rcpsl/Zhao_Liyuan_ws/install/turtlebot3_gazebo/share/turtlebot3_gazebo//models/turtlebot3_dqn_world/obstacle_plugin/obstacles.cc
[2.187s] -- Up-to-date: /home/rcpsl/Zhao_Liyuan_ws/install/turtlebot3_gazebo/share/turtlebot3_gazebo//models/turtlebot3_dqn_world/obstacle_plugin/obstacle2.cc
[2.187s] -- Up-to-date: /home/rcpsl/Zhao_Liyuan_ws/install/turtlebot3_gazebo/share/turtlebot3_gazebo//models/turtlebot3_dqn_world/inner_walls
[2.187s] -- Up-to-date: /home/rcpsl/Zhao_Liyuan_ws/install/turtlebot3_gazebo/share/turtlebot3_gazebo//models/turtlebot3_dqn_world/inner_walls/model.sdf
[2.187s] -- Up-to-date: /home/rcpsl/Zhao_Liyuan_ws/install/turtlebot3_gazebo/share/turtlebot3_gazebo//models/turtlebot3_dqn_world/inner_walls/model.config
[2.187s] -- Up-to-date: /home/rcpsl/Zhao_Liyuan_ws/install/turtlebot3_gazebo/share/turtlebot3_gazebo//models/turtlebot3_dqn_world/obstacle1
[2.187s] -- Up-to-date: /home/rcpsl/Zhao_Liyuan_ws/install/turtlebot3_gazebo/share/turtlebot3_gazebo//models/turtlebot3_dqn_world/obstacle1/model.sdf
[2.188s] -- Up-to-date: /home/rcpsl/Zhao_Liyuan_ws/install/turtlebot3_gazebo/share/turtlebot3_gazebo//models/turtlebot3_dqn_world/obstacle1/model.config
[2.188s] -- Up-to-date: /home/rcpsl/Zhao_Liyuan_ws/install/turtlebot3_gazebo/share/turtlebot3_gazebo//models/turtlebot3_dqn_world/model.config
[2.188s] -- Up-to-date: /home/rcpsl/Zhao_Liyuan_ws/install/turtlebot3_gazebo/share/turtlebot3_gazebo//models/turtlebot3_burger
[2.188s] -- Up-to-date: /home/rcpsl/Zhao_Liyuan_ws/install/turtlebot3_gazebo/share/turtlebot3_gazebo//models/turtlebot3_burger/model.sdf
[2.189s] -- Up-to-date: /home/rcpsl/Zhao_Liyuan_ws/install/turtlebot3_gazebo/share/turtlebot3_gazebo//models/turtlebot3_burger/model-1_4.sdf
[2.189s] -- Up-to-date: /home/rcpsl/Zhao_Liyuan_ws/install/turtlebot3_gazebo/share/turtlebot3_gazebo//models/turtlebot3_burger/model.config
[2.189s] -- Up-to-date: /home/rcpsl/Zhao_Liyuan_ws/install/turtlebot3_gazebo/share/turtlebot3_gazebo//models/turtlebot3_world
[2.189s] -- Up-to-date: /home/rcpsl/Zhao_Liyuan_ws/install/turtlebot3_gazebo/share/turtlebot3_gazebo//models/turtlebot3_world/meshes
[2.202s] -- Up-to-date: /home/rcpsl/Zhao_Liyuan_ws/install/turtlebot3_gazebo/share/turtlebot3_gazebo//models/turtlebot3_world/meshes/wall.dae
[2.202s] -- Up-to-date: /home/rcpsl/Zhao_Liyuan_ws/install/turtlebot3_gazebo/share/turtlebot3_gazebo//models/turtlebot3_world/meshes/hexagon.dae
[2.202s] -- Up-to-date: /home/rcpsl/Zhao_Liyuan_ws/install/turtlebot3_gazebo/share/turtlebot3_gazebo//models/turtlebot3_world/model.sdf
[2.203s] -- Up-to-date: /home/rcpsl/Zhao_Liyuan_ws/install/turtlebot3_gazebo/share/turtlebot3_gazebo//models/turtlebot3_world/model-1_4.sdf
[2.203s] -- Up-to-date: /home/rcpsl/Zhao_Liyuan_ws/install/turtlebot3_gazebo/share/turtlebot3_gazebo//models/turtlebot3_world/model.config
[2.203s] -- Up-to-date: /home/rcpsl/Zhao_Liyuan_ws/install/turtlebot3_gazebo/share/turtlebot3_gazebo//models/turtlebot3_common
[2.203s] -- Up-to-date: /home/rcpsl/Zhao_Liyuan_ws/install/turtlebot3_gazebo/share/turtlebot3_gazebo//models/turtlebot3_common/meshes
[2.203s] -- Up-to-date: /home/rcpsl/Zhao_Liyuan_ws/install/turtlebot3_gazebo/share/turtlebot3_gazebo//models/turtlebot3_common/meshes/waffle_base.dae
[2.203s] -- Up-to-date: /home/rcpsl/Zhao_Liyuan_ws/install/turtlebot3_gazebo/share/turtlebot3_gazebo//models/turtlebot3_common/meshes/waffle_pi_base.dae
[2.204s] -- Up-to-date: /home/rcpsl/Zhao_Liyuan_ws/install/turtlebot3_gazebo/share/turtlebot3_gazebo//models/turtlebot3_common/meshes/lds.dae
[2.204s] -- Up-to-date: /home/rcpsl/Zhao_Liyuan_ws/install/turtlebot3_gazebo/share/turtlebot3_gazebo//models/turtlebot3_common/meshes/tire.dae
[2.204s] -- Up-to-date: /home/rcpsl/Zhao_Liyuan_ws/install/turtlebot3_gazebo/share/turtlebot3_gazebo//models/turtlebot3_common/meshes/burger_base.dae
[2.204s] -- Up-to-date: /home/rcpsl/Zhao_Liyuan_ws/install/turtlebot3_gazebo/share/turtlebot3_gazebo//models/turtlebot3_common/meshes/r200.dae
[2.204s] -- Up-to-date: /home/rcpsl/Zhao_Liyuan_ws/install/turtlebot3_gazebo/share/turtlebot3_gazebo//models/turtlebot3_common/model.config
[2.204s] -- Up-to-date: /home/rcpsl/Zhao_Liyuan_ws/install/turtlebot3_gazebo/share/turtlebot3_gazebo//models/turtlebot3_waffle_pi
[2.205s] -- Up-to-date: /home/rcpsl/Zhao_Liyuan_ws/install/turtlebot3_gazebo/share/turtlebot3_gazebo//models/turtlebot3_waffle_pi/model-1_4_.sdf
[2.205s] -- Up-to-date: /home/rcpsl/Zhao_Liyuan_ws/install/turtlebot3_gazebo/share/turtlebot3_gazebo//models/turtlebot3_waffle_pi/model.sdf
[2.205s] -- Up-to-date: /home/rcpsl/Zhao_Liyuan_ws/install/turtlebot3_gazebo/share/turtlebot3_gazebo//models/turtlebot3_waffle_pi/model.config
[2.205s] -- Up-to-date: /home/rcpsl/Zhao_Liyuan_ws/install/turtlebot3_gazebo/share/turtlebot3_gazebo//rviz
[2.205s] -- Up-to-date: /home/rcpsl/Zhao_Liyuan_ws/install/turtlebot3_gazebo/share/turtlebot3_gazebo//rviz/tb3_gazebo.rviz
[2.205s] -- Up-to-date: /home/rcpsl/Zhao_Liyuan_ws/install/turtlebot3_gazebo/share/turtlebot3_gazebo//urdf
[2.205s] -- Up-to-date: /home/rcpsl/Zhao_Liyuan_ws/install/turtlebot3_gazebo/share/turtlebot3_gazebo//urdf/turtlebot3_burger.urdf
[2.216s] -- Up-to-date: /home/rcpsl/Zhao_Liyuan_ws/install/turtlebot3_gazebo/share/turtlebot3_gazebo//urdf/turtlebot3_waffle.urdf
[2.216s] -- Up-to-date: /home/rcpsl/Zhao_Liyuan_ws/install/turtlebot3_gazebo/share/turtlebot3_gazebo//urdf/turtlebot3_waffle_pi.urdf
[2.216s] -- Up-to-date: /home/rcpsl/Zhao_Liyuan_ws/install/turtlebot3_gazebo/share/turtlebot3_gazebo//urdf/common_properties.urdf
[2.217s] -- Up-to-date: /home/rcpsl/Zhao_Liyuan_ws/install/turtlebot3_gazebo/share/turtlebot3_gazebo//worlds
[2.217s] -- Up-to-date: /home/rcpsl/Zhao_Liyuan_ws/install/turtlebot3_gazebo/share/turtlebot3_gazebo//worlds/empty_world.world
[2.217s] -- Up-to-date: /home/rcpsl/Zhao_Liyuan_ws/install/turtlebot3_gazebo/share/turtlebot3_gazebo//worlds/turtlebot3_world.world
[2.243s] -- Up-to-date: /home/rcpsl/Zhao_Liyuan_ws/install/turtlebot3_gazebo/share/turtlebot3_gazebo//worlds/turtlebot3_dqn_stage3.world
[2.243s] -- Up-to-date: /home/rcpsl/Zhao_Liyuan_ws/install/turtlebot3_gazebo/share/turtlebot3_gazebo//worlds/turtlebot3_dqn_stage4.world
[2.244s] -- Up-to-date: /home/rcpsl/Zhao_Liyuan_ws/install/turtlebot3_gazebo/share/turtlebot3_gazebo//worlds/turtlebot3_dqn_stage2.world
[2.244s] -- Up-to-date: /home/rcpsl/Zhao_Liyuan_ws/install/turtlebot3_gazebo/share/turtlebot3_gazebo//worlds/turtlebot3_dqn_stage1.world
[2.244s] -- Up-to-date: /home/rcpsl/Zhao_Liyuan_ws/install/turtlebot3_gazebo/share/turtlebot3_gazebo//worlds/turtlebot3_house.world
[2.244s] -- Up-to-date: /home/rcpsl/Zhao_Liyuan_ws/install/turtlebot3_gazebo/include/
[2.244s] -- Up-to-date: /home/rcpsl/Zhao_Liyuan_ws/install/turtlebot3_gazebo/include//turtlebot3_gazebo
[2.245s] -- Up-to-date: /home/rcpsl/Zhao_Liyuan_ws/install/turtlebot3_gazebo/include//turtlebot3_gazebo/turtlebot3_drive.hpp
[2.245s] -- Up-to-date: /home/rcpsl/Zhao_Liyuan_ws/install/turtlebot3_gazebo/share/ament_index/resource_index/package_run_dependencies/turtlebot3_gazebo
[2.245s] -- Up-to-date: /home/rcpsl/Zhao_Liyuan_ws/install/turtlebot3_gazebo/share/ament_index/resource_index/parent_prefix_path/turtlebot3_gazebo
[2.245s] -- Up-to-date: /home/rcpsl/Zhao_Liyuan_ws/install/turtlebot3_gazebo/share/turtlebot3_gazebo/environment/ament_prefix_path.sh
[2.246s] -- Up-to-date: /home/rcpsl/Zhao_Liyuan_ws/install/turtlebot3_gazebo/share/turtlebot3_gazebo/environment/ament_prefix_path.dsv
[2.246s] -- Up-to-date: /home/rcpsl/Zhao_Liyuan_ws/install/turtlebot3_gazebo/share/turtlebot3_gazebo/environment/path.sh
[2.246s] -- Up-to-date: /home/rcpsl/Zhao_Liyuan_ws/install/turtlebot3_gazebo/share/turtlebot3_gazebo/environment/path.dsv
[2.246s] -- Up-to-date: /home/rcpsl/Zhao_Liyuan_ws/install/turtlebot3_gazebo/share/turtlebot3_gazebo/local_setup.bash
[2.246s] -- Up-to-date: /home/rcpsl/Zhao_Liyuan_ws/install/turtlebot3_gazebo/share/turtlebot3_gazebo/local_setup.sh
[2.246s] -- Up-to-date: /home/rcpsl/Zhao_Liyuan_ws/install/turtlebot3_gazebo/share/turtlebot3_gazebo/local_setup.zsh
[2.247s] -- Up-to-date: /home/rcpsl/Zhao_Liyuan_ws/install/turtlebot3_gazebo/share/turtlebot3_gazebo/local_setup.dsv
[2.247s] -- Installing: /home/rcpsl/Zhao_Liyuan_ws/install/turtlebot3_gazebo/share/turtlebot3_gazebo/package.dsv
[2.247s] -- Up-to-date: /home/rcpsl/Zhao_Liyuan_ws/install/turtlebot3_gazebo/share/ament_index/resource_index/packages/turtlebot3_gazebo
[2.247s] -- Up-to-date: /home/rcpsl/Zhao_Liyuan_ws/install/turtlebot3_gazebo/share/turtlebot3_gazebo/cmake/ament_cmake_export_include_directories-extras.cmake
[2.247s] -- Up-to-date: /home/rcpsl/Zhao_Liyuan_ws/install/turtlebot3_gazebo/share/turtlebot3_gazebo/cmake/ament_cmake_export_dependencies-extras.cmake
[2.247s] -- Up-to-date: /home/rcpsl/Zhao_Liyuan_ws/install/turtlebot3_gazebo/share/turtlebot3_gazebo/cmake/turtlebot3_gazeboConfig.cmake
[2.248s] -- Up-to-date: /home/rcpsl/Zhao_Liyuan_ws/install/turtlebot3_gazebo/share/turtlebot3_gazebo/cmake/turtlebot3_gazeboConfig-version.cmake
[2.248s] -- Up-to-date: /home/rcpsl/Zhao_Liyuan_ws/install/turtlebot3_gazebo/share/turtlebot3_gazebo/package.xml
[2.248s] Invoked command in '/home/rcpsl/Zhao_Liyuan_ws/build/turtlebot3_gazebo' returned '0': CMAKE_PREFIX_PATH=/opt/ros/humble /usr/bin/cmake --install /home/rcpsl/Zhao_Liyuan_ws/build/turtlebot3_gazebo
