[3.184s] Invoking command in '/home/rcpsl/Zhao_Liyuan_ws/src/TurtleBot': PYTHONPATH=/home/rcpsl/Zhao_Liyuan_ws/build/TurtleBot/prefix_override:/home/rcpsl/Zhao_Liyuan_ws/install/TurtleBot/lib/python3.10/site-packages:${PYTHONPATH} /usr/bin/python3 -W ignore:setup.py install is deprecated setup.py egg_info --egg-base ../../build/TurtleBot build --build-base /home/rcpsl/Zhao_Liyuan_ws/build/TurtleBot/build install --record /home/rcpsl/Zhao_Liyuan_ws/build/TurtleBot/install.log --single-version-externally-managed install_data
[5.126s] running egg_info
[5.130s] writing ../../build/TurtleBot/TurtleBot.egg-info/PKG-INFO
[5.132s] writing dependency_links to ../../build/TurtleBot/TurtleBot.egg-info/dependency_links.txt
[5.133s] writing entry points to ../../build/TurtleBot/TurtleBot.egg-info/entry_points.txt
[5.134s] writing requirements to ../../build/TurtleBot/TurtleBot.egg-info/requires.txt
[5.143s] writing top-level names to ../../build/TurtleBot/TurtleBot.egg-info/top_level.txt
[5.149s] reading manifest file '../../build/TurtleBot/TurtleBot.egg-info/SOURCES.txt'
[5.161s] writing manifest file '../../build/TurtleBot/TurtleBot.egg-info/SOURCES.txt'
[5.161s] running build
[5.164s] running build_py
[5.169s] copying TurtleBot/test.py -> /home/rcpsl/Zhao_Liyuan_ws/build/TurtleBot/build/lib/TurtleBot
[5.175s] running install
[5.180s] running install_lib
[5.195s] copying /home/rcpsl/Zhao_Liyuan_ws/build/TurtleBot/build/lib/TurtleBot/test.py -> /home/rcpsl/Zhao_Liyuan_ws/install/TurtleBot/lib/python3.10/site-packages/TurtleBot
[5.195s] byte-compiling /home/rcpsl/Zhao_Liyuan_ws/install/TurtleBot/lib/python3.10/site-packages/TurtleBot/test.py to test.cpython-310.pyc
[5.221s] running install_data
[5.222s] running install_egg_info
[5.248s] removing '/home/rcpsl/Zhao_Liyuan_ws/install/TurtleBot/lib/python3.10/site-packages/TurtleBot-0.0.0-py3.10.egg-info' (and everything under it)
[5.249s] Copying ../../build/TurtleBot/TurtleBot.egg-info to /home/rcpsl/Zhao_Liyuan_ws/install/TurtleBot/lib/python3.10/site-packages/TurtleBot-0.0.0-py3.10.egg-info
[5.262s] running install_scripts
[5.385s] Installing Motion_Planner_LAB3 script to /home/rcpsl/Zhao_Liyuan_ws/install/TurtleBot/lib/TurtleBot
[5.393s] Installing Motion_Planner_LAB4 script to /home/rcpsl/Zhao_Liyuan_ws/install/TurtleBot/lib/TurtleBot
[5.393s] Installing PID_Controller script to /home/rcpsl/Zhao_Liyuan_ws/install/TurtleBot/lib/TurtleBot
[5.393s] Installing RRT_node_LAB4 script to /home/rcpsl/Zhao_Liyuan_ws/install/TurtleBot/lib/TurtleBot
[5.402s] Installing test script to /home/rcpsl/Zhao_Liyuan_ws/install/TurtleBot/lib/TurtleBot
[5.403s] writing list of installed files to '/home/rcpsl/Zhao_Liyuan_ws/build/TurtleBot/install.log'
[5.601s] Invoked command in '/home/rcpsl/Zhao_Liyuan_ws/src/TurtleBot' returned '0': PYTHONPATH=/home/rcpsl/Zhao_Liyuan_ws/build/TurtleBot/prefix_override:/home/rcpsl/Zhao_Liyuan_ws/install/TurtleBot/lib/python3.10/site-packages:${PYTHONPATH} /usr/bin/python3 -W ignore:setup.py install is deprecated setup.py egg_info --egg-base ../../build/TurtleBot build --build-base /home/rcpsl/Zhao_Liyuan_ws/build/TurtleBot/build install --record /home/rcpsl/Zhao_Liyuan_ws/build/TurtleBot/install.log --single-version-externally-managed install_data
