[2.497s] Invoking command in '/home/rcpsl/Zhao_Liyuan_ws/src/TurtleBot': PYTHONPATH=/home/rcpsl/Zhao_Liyuan_ws/build/TurtleBot/prefix_override:/home/rcpsl/Zhao_Liyuan_ws/install/TurtleBot/lib/python3.10/site-packages:${PYTHONPATH} /usr/bin/python3 -W ignore:setup.py install is deprecated setup.py egg_info --egg-base ../../build/TurtleBot build --build-base /home/rcpsl/Zhao_Liyuan_ws/build/TurtleBot/build install --record /home/rcpsl/Zhao_Liyuan_ws/build/TurtleBot/install.log --single-version-externally-managed install_data
[3.633s] running egg_info
[3.633s] writing ../../build/TurtleBot/TurtleBot.egg-info/PKG-INFO
[3.634s] writing dependency_links to ../../build/TurtleBot/TurtleBot.egg-info/dependency_links.txt
[3.640s] writing entry points to ../../build/TurtleBot/TurtleBot.egg-info/entry_points.txt
[3.650s] writing requirements to ../../build/TurtleBot/TurtleBot.egg-info/requires.txt
[3.650s] writing top-level names to ../../build/TurtleBot/TurtleBot.egg-info/top_level.txt
[3.651s] reading manifest file '../../build/TurtleBot/TurtleBot.egg-info/SOURCES.txt'
[3.664s] writing manifest file '../../build/TurtleBot/TurtleBot.egg-info/SOURCES.txt'
[3.664s] running build
[3.664s] running build_py
[3.676s] running install
[3.677s] running install_lib
[3.677s] running install_data
[3.678s] running install_egg_info
[3.696s] removing '/home/rcpsl/Zhao_Liyuan_ws/install/TurtleBot/lib/python3.10/site-packages/TurtleBot-0.0.0-py3.10.egg-info' (and everything under it)
[3.704s] Copying ../../build/TurtleBot/TurtleBot.egg-info to /home/rcpsl/Zhao_Liyuan_ws/install/TurtleBot/lib/python3.10/site-packages/TurtleBot-0.0.0-py3.10.egg-info
[3.704s] running install_scripts
[3.783s] Installing Motion_Planner script to /home/rcpsl/Zhao_Liyuan_ws/install/TurtleBot/lib/TurtleBot
[3.784s] Installing PID_Controller script to /home/rcpsl/Zhao_Liyuan_ws/install/TurtleBot/lib/TurtleBot
[3.784s] Installing control script to /home/rcpsl/Zhao_Liyuan_ws/install/TurtleBot/lib/TurtleBot
[3.785s] Installing new script to /home/rcpsl/Zhao_Liyuan_ws/install/TurtleBot/lib/TurtleBot
[3.791s] writing list of installed files to '/home/rcpsl/Zhao_Liyuan_ws/build/TurtleBot/install.log'
[3.881s] Invoked command in '/home/rcpsl/Zhao_Liyuan_ws/src/TurtleBot' returned '0': PYTHONPATH=/home/rcpsl/Zhao_Liyuan_ws/build/TurtleBot/prefix_override:/home/rcpsl/Zhao_Liyuan_ws/install/TurtleBot/lib/python3.10/site-packages:${PYTHONPATH} /usr/bin/python3 -W ignore:setup.py install is deprecated setup.py egg_info --egg-base ../../build/TurtleBot build --build-base /home/rcpsl/Zhao_Liyuan_ws/build/TurtleBot/build install --record /home/rcpsl/Zhao_Liyuan_ws/build/TurtleBot/install.log --single-version-externally-managed install_data
