[2.263s] Invoking command in '/home/rcpsl/Zhao_Liyuan_ws/src/TurtleBot': PYTHONPATH=/home/rcpsl/Zhao_Liyuan_ws/build/TurtleBot/prefix_override:/home/rcpsl/Zhao_Liyuan_ws/install/TurtleBot/lib/python3.10/site-packages:${PYTHONPATH} /usr/bin/python3 -W ignore:setup.py install is deprecated setup.py egg_info --egg-base ../../build/TurtleBot build --build-base /home/rcpsl/Zhao_Liyuan_ws/build/TurtleBot/build install --record /home/rcpsl/Zhao_Liyuan_ws/build/TurtleBot/install.log --single-version-externally-managed install_data
[3.837s] running egg_info
[3.839s] writing ../../build/TurtleBot/TurtleBot.egg-info/PKG-INFO
[3.846s] writing dependency_links to ../../build/TurtleBot/TurtleBot.egg-info/dependency_links.txt
[3.858s] writing entry points to ../../build/TurtleBot/TurtleBot.egg-info/entry_points.txt
[3.858s] writing requirements to ../../build/TurtleBot/TurtleBot.egg-info/requires.txt
[3.862s] writing top-level names to ../../build/TurtleBot/TurtleBot.egg-info/top_level.txt
[3.873s] reading manifest file '../../build/TurtleBot/TurtleBot.egg-info/SOURCES.txt'
[3.876s] writing manifest file '../../build/TurtleBot/TurtleBot.egg-info/SOURCES.txt'
[3.877s] running build
[3.878s] running build_py
[3.890s] copying TurtleBot/new.py -> /home/rcpsl/Zhao_Liyuan_ws/build/TurtleBot/build/lib/TurtleBot
[3.891s] running install
[3.892s] running install_lib
[3.896s] copying /home/rcpsl/Zhao_Liyuan_ws/build/TurtleBot/build/lib/TurtleBot/new.py -> /home/rcpsl/Zhao_Liyuan_ws/install/TurtleBot/lib/python3.10/site-packages/TurtleBot
[3.902s] byte-compiling /home/rcpsl/Zhao_Liyuan_ws/install/TurtleBot/lib/python3.10/site-packages/TurtleBot/new.py to new.cpython-310.pyc
[3.914s] running install_data
[3.920s] running install_egg_info
[3.938s] removing '/home/rcpsl/Zhao_Liyuan_ws/install/TurtleBot/lib/python3.10/site-packages/TurtleBot-0.0.0-py3.10.egg-info' (and everything under it)
[3.946s] Copying ../../build/TurtleBot/TurtleBot.egg-info to /home/rcpsl/Zhao_Liyuan_ws/install/TurtleBot/lib/python3.10/site-packages/TurtleBot-0.0.0-py3.10.egg-info
[3.953s] running install_scripts
[4.114s] Installing Motion_Planner script to /home/rcpsl/Zhao_Liyuan_ws/install/TurtleBot/lib/TurtleBot
[4.116s] Installing PID_Controller script to /home/rcpsl/Zhao_Liyuan_ws/install/TurtleBot/lib/TurtleBot
[4.117s] Installing control script to /home/rcpsl/Zhao_Liyuan_ws/install/TurtleBot/lib/TurtleBot
[4.118s] Installing new script to /home/rcpsl/Zhao_Liyuan_ws/install/TurtleBot/lib/TurtleBot
[4.124s] writing list of installed files to '/home/rcpsl/Zhao_Liyuan_ws/build/TurtleBot/install.log'
[4.278s] Invoked command in '/home/rcpsl/Zhao_Liyuan_ws/src/TurtleBot' returned '0': PYTHONPATH=/home/rcpsl/Zhao_Liyuan_ws/build/TurtleBot/prefix_override:/home/rcpsl/Zhao_Liyuan_ws/install/TurtleBot/lib/python3.10/site-packages:${PYTHONPATH} /usr/bin/python3 -W ignore:setup.py install is deprecated setup.py egg_info --egg-base ../../build/TurtleBot build --build-base /home/rcpsl/Zhao_Liyuan_ws/build/TurtleBot/build install --record /home/rcpsl/Zhao_Liyuan_ws/build/TurtleBot/install.log --single-version-externally-managed install_data
