[1.450s] Invoking command in '/home/rcpsl/Zhao_Liyuan_ws/autoturtle': PYTHONPATH=/home/rcpsl/Zhao_Liyuan_ws/build/autoturtle/prefix_override:/home/rcpsl/Zhao_Liyuan_ws/install/autoturtle/lib/python3.10/site-packages:${PYTHONPATH} /usr/bin/python3 -W ignore:setup.py install is deprecated setup.py egg_info --egg-base ../build/autoturtle build --build-base /home/rcpsl/Zhao_Liyuan_ws/build/autoturtle/build install --record /home/rcpsl/Zhao_Liyuan_ws/build/autoturtle/install.log --single-version-externally-managed install_data
[1.933s] running egg_info
[1.934s] writing ../build/autoturtle/autoturtle.egg-info/PKG-INFO
[1.935s] writing dependency_links to ../build/autoturtle/autoturtle.egg-info/dependency_links.txt
[1.936s] writing entry points to ../build/autoturtle/autoturtle.egg-info/entry_points.txt
[1.937s] writing requirements to ../build/autoturtle/autoturtle.egg-info/requires.txt
[1.937s] writing top-level names to ../build/autoturtle/autoturtle.egg-info/top_level.txt
[1.941s] reading manifest file '../build/autoturtle/autoturtle.egg-info/SOURCES.txt'
[1.942s] writing manifest file '../build/autoturtle/autoturtle.egg-info/SOURCES.txt'
[1.942s] running build
[1.942s] running build_py
[1.944s] running install
[1.944s] running install_lib
[1.946s] running install_data
[1.947s] running install_egg_info
[1.949s] removing '/home/rcpsl/Zhao_Liyuan_ws/install/autoturtle/lib/python3.10/site-packages/autoturtle-0.0.0-py3.10.egg-info' (and everything under it)
[1.956s] Copying ../build/autoturtle/autoturtle.egg-info to /home/rcpsl/Zhao_Liyuan_ws/install/autoturtle/lib/python3.10/site-packages/autoturtle-0.0.0-py3.10.egg-info
[1.958s] running install_scripts
[1.995s] Installing listener script to /home/rcpsl/Zhao_Liyuan_ws/install/autoturtle/lib/autoturtle
[1.997s] Installing my_teleop_node script to /home/rcpsl/Zhao_Liyuan_ws/install/autoturtle/lib/autoturtle
[1.997s] Installing swim_node script to /home/rcpsl/Zhao_Liyuan_ws/install/autoturtle/lib/autoturtle
[1.998s] Installing swim_to_goal script to /home/rcpsl/Zhao_Liyuan_ws/install/autoturtle/lib/autoturtle
[1.998s] Installing two_circle_8shape script to /home/rcpsl/Zhao_Liyuan_ws/install/autoturtle/lib/autoturtle
[1.999s] writing list of installed files to '/home/rcpsl/Zhao_Liyuan_ws/build/autoturtle/install.log'
[2.037s] Invoked command in '/home/rcpsl/Zhao_Liyuan_ws/autoturtle' returned '0': PYTHONPATH=/home/rcpsl/Zhao_Liyuan_ws/build/autoturtle/prefix_override:/home/rcpsl/Zhao_Liyuan_ws/install/autoturtle/lib/python3.10/site-packages:${PYTHONPATH} /usr/bin/python3 -W ignore:setup.py install is deprecated setup.py egg_info --egg-base ../build/autoturtle build --build-base /home/rcpsl/Zhao_Liyuan_ws/build/autoturtle/build install --record /home/rcpsl/Zhao_Liyuan_ws/build/autoturtle/install.log --single-version-externally-managed install_data
