[5.332s] Invoking command in '/home/rcpsl/Zhao_Liyuan_ws/src/TurtleBot': PYTHONPATH=/home/rcpsl/Zhao_Liyuan_ws/build/TurtleBot/prefix_override:/home/rcpsl/Zhao_Liyuan_ws/install/TurtleBot/lib/python3.10/site-packages:${PYTHONPATH} /usr/bin/python3 -W ignore:setup.py install is deprecated setup.py egg_info --egg-base ../../build/TurtleBot build --build-base /home/rcpsl/Zhao_Liyuan_ws/build/TurtleBot/build install --record /home/rcpsl/Zhao_Liyuan_ws/build/TurtleBot/install.log --single-version-externally-managed install_data
[7.319s] running egg_info
[7.335s] writing ../../build/TurtleBot/TurtleBot.egg-info/PKG-INFO
[7.338s] writing dependency_links to ../../build/TurtleBot/TurtleBot.egg-info/dependency_links.txt
[7.342s] writing entry points to ../../build/TurtleBot/TurtleBot.egg-info/entry_points.txt
[7.342s] writing requirements to ../../build/TurtleBot/TurtleBot.egg-info/requires.txt
[7.344s] writing top-level names to ../../build/TurtleBot/TurtleBot.egg-info/top_level.txt
[7.360s] reading manifest file '../../build/TurtleBot/TurtleBot.egg-info/SOURCES.txt'
[7.373s] writing manifest file '../../build/TurtleBot/TurtleBot.egg-info/SOURCES.txt'
[7.373s] running build
[7.374s] running build_py
[7.374s] copying TurtleBot/PID_Controller.py -> /home/rcpsl/Zhao_Liyuan_ws/build/TurtleBot/build/lib/TurtleBot
[7.375s] running install
[7.384s] running install_lib
[7.385s] copying /home/rcpsl/Zhao_Liyuan_ws/build/TurtleBot/build/lib/TurtleBot/PID_Controller.py -> /home/rcpsl/Zhao_Liyuan_ws/install/TurtleBot/lib/python3.10/site-packages/TurtleBot
[7.398s] byte-compiling /home/rcpsl/Zhao_Liyuan_ws/install/TurtleBot/lib/python3.10/site-packages/TurtleBot/PID_Controller.py to PID_Controller.cpython-310.pyc
[7.412s] running install_data
[7.413s] running install_egg_info
[7.426s] removing '/home/rcpsl/Zhao_Liyuan_ws/install/TurtleBot/lib/python3.10/site-packages/TurtleBot-0.0.0-py3.10.egg-info' (and everything under it)
[7.442s] Copying ../../build/TurtleBot/TurtleBot.egg-info to /home/rcpsl/Zhao_Liyuan_ws/install/TurtleBot/lib/python3.10/site-packages/TurtleBot-0.0.0-py3.10.egg-info
[7.458s] running install_scripts
[7.591s] Installing PID_Controller script to /home/rcpsl/Zhao_Liyuan_ws/install/TurtleBot/lib/TurtleBot
[7.603s] writing list of installed files to '/home/rcpsl/Zhao_Liyuan_ws/build/TurtleBot/install.log'
[7.774s] Invoked command in '/home/rcpsl/Zhao_Liyuan_ws/src/TurtleBot' returned '0': PYTHONPATH=/home/rcpsl/Zhao_Liyuan_ws/build/TurtleBot/prefix_override:/home/rcpsl/Zhao_Liyuan_ws/install/TurtleBot/lib/python3.10/site-packages:${PYTHONPATH} /usr/bin/python3 -W ignore:setup.py install is deprecated setup.py egg_info --egg-base ../../build/TurtleBot build --build-base /home/rcpsl/Zhao_Liyuan_ws/build/TurtleBot/build install --record /home/rcpsl/Zhao_Liyuan_ws/build/TurtleBot/install.log --single-version-externally-managed install_data
