[1.873s] Invoking command in '/home/rcpsl/Zhao_Liyuan_ws/src/TurtleBot': PYTHONPATH=/home/rcpsl/Zhao_Liyuan_ws/build/TurtleBot/prefix_override:/home/rcpsl/Zhao_Liyuan_ws/install/TurtleBot/lib/python3.10/site-packages:${PYTHONPATH} /usr/bin/python3 -W ignore:setup.py install is deprecated setup.py egg_info --egg-base ../../build/TurtleBot build --build-base /home/rcpsl/Zhao_Liyuan_ws/build/TurtleBot/build install --record /home/rcpsl/Zhao_Liyuan_ws/build/TurtleBot/install.log --single-version-externally-managed install_data
[2.569s] running egg_info
[2.571s] writing ../../build/TurtleBot/TurtleBot.egg-info/PKG-INFO
[2.573s] writing dependency_links to ../../build/TurtleBot/TurtleBot.egg-info/dependency_links.txt
[2.574s] writing entry points to ../../build/TurtleBot/TurtleBot.egg-info/entry_points.txt
[2.575s] writing requirements to ../../build/TurtleBot/TurtleBot.egg-info/requires.txt
[2.588s] writing top-level names to ../../build/TurtleBot/TurtleBot.egg-info/top_level.txt
[2.588s] reading manifest file '../../build/TurtleBot/TurtleBot.egg-info/SOURCES.txt'
[2.593s] writing manifest file '../../build/TurtleBot/TurtleBot.egg-info/SOURCES.txt'
[2.593s] running build
[2.593s] running build_py
[2.597s] running install
[2.598s] running install_lib
[2.600s] running install_data
[2.601s] running install_egg_info
[2.604s] removing '/home/rcpsl/Zhao_Liyuan_ws/install/TurtleBot/lib/python3.10/site-packages/TurtleBot-0.0.0-py3.10.egg-info' (and everything under it)
[2.609s] Copying ../../build/TurtleBot/TurtleBot.egg-info to /home/rcpsl/Zhao_Liyuan_ws/install/TurtleBot/lib/python3.10/site-packages/TurtleBot-0.0.0-py3.10.egg-info
[2.609s] running install_scripts
[2.655s] Installing PID_Controller script to /home/rcpsl/Zhao_Liyuan_ws/install/TurtleBot/lib/TurtleBot
[2.656s] Installing control script to /home/rcpsl/Zhao_Liyuan_ws/install/TurtleBot/lib/TurtleBot
[2.658s] writing list of installed files to '/home/rcpsl/Zhao_Liyuan_ws/build/TurtleBot/install.log'
[2.708s] Invoked command in '/home/rcpsl/Zhao_Liyuan_ws/src/TurtleBot' returned '0': PYTHONPATH=/home/rcpsl/Zhao_Liyuan_ws/build/TurtleBot/prefix_override:/home/rcpsl/Zhao_Liyuan_ws/install/TurtleBot/lib/python3.10/site-packages:${PYTHONPATH} /usr/bin/python3 -W ignore:setup.py install is deprecated setup.py egg_info --egg-base ../../build/TurtleBot build --build-base /home/rcpsl/Zhao_Liyuan_ws/build/TurtleBot/build install --record /home/rcpsl/Zhao_Liyuan_ws/build/TurtleBot/install.log --single-version-externally-managed install_data
