[0.272s] DEBUG:colcon:Command line arguments: ['/usr/bin/colcon', 'build']
[0.272s] DEBUG:colcon:Parsed command line arguments: Namespace(log_base=None, log_level=None, verb_name='build', build_base='build', install_base='install', merge_install=False, symlink_install=False, test_result_base=None, continue_on_error=False, executor='parallel', parallel_workers=2, event_handlers=None, ignore_user_meta=False, metas=['./colcon.meta'], base_paths=['.'], packages_ignore=None, packages_ignore_regex=None, paths=None, packages_up_to=None, packages_up_to_regex=None, packages_above=None, packages_above_and_dependencies=None, packages_above_depth=None, packages_select_by_dep=None, packages_skip_by_dep=None, packages_skip_up_to=None, packages_select_build_failed=False, packages_skip_build_finished=False, packages_select_test_failures=False, packages_skip_test_passed=False, packages_select=None, packages_skip=None, packages_select_regex=None, packages_skip_regex=None, packages_start=None, packages_end=None, allow_overriding=[], cmake_args=None, cmake_target=None, cmake_target_skip_unavailable=False, cmake_clean_cache=False, cmake_clean_first=False, cmake_force_configure=False, ament_cmake_args=None, catkin_cmake_args=None, catkin_skip_building_tests=False, verb_parser=<colcon_defaults.argument_parser.defaults.DefaultArgumentsDecorator object at 0x72b16a6fce20>, verb_extension=<colcon_core.verb.build.BuildVerb object at 0x72b16a6fc850>, main=<bound method BuildVerb.main of <colcon_core.verb.build.BuildVerb object at 0x72b16a6fc850>>)
[0.700s] Level 1:colcon.colcon_core.package_discovery:discover_packages(colcon_meta) check parameters
[0.700s] Level 1:colcon.colcon_core.package_discovery:discover_packages(recursive) check parameters
[0.700s] Level 1:colcon.colcon_core.package_discovery:discover_packages(ignore) check parameters
[0.700s] Level 1:colcon.colcon_core.package_discovery:discover_packages(path) check parameters
[0.700s] Level 1:colcon.colcon_core.package_discovery:discover_packages(colcon_meta) discover
[0.701s] Level 1:colcon.colcon_core.package_discovery:discover_packages(recursive) discover
[0.701s] INFO:colcon.colcon_core.package_discovery:Crawling recursively for packages in '/home/rcpsl/Zhao_Liyuan_ws'
[0.701s] Level 1:colcon.colcon_core.package_identification:_identify(.) by extensions ['ignore', 'ignore_ament_install']
[0.702s] Level 1:colcon.colcon_core.package_identification:_identify(.) by extension 'ignore'
[0.702s] Level 1:colcon.colcon_core.package_identification:_identify(.) by extension 'ignore_ament_install'
[0.702s] Level 1:colcon.colcon_core.package_identification:_identify(.) by extensions ['colcon_pkg']
[0.702s] Level 1:colcon.colcon_core.package_identification:_identify(.) by extension 'colcon_pkg'
[0.702s] Level 1:colcon.colcon_core.package_identification:_identify(.) by extensions ['colcon_meta']
[0.702s] Level 1:colcon.colcon_core.package_identification:_identify(.) by extension 'colcon_meta'
[0.702s] Level 1:colcon.colcon_core.package_identification:_identify(.) by extensions ['ros']
[0.702s] Level 1:colcon.colcon_core.package_identification:_identify(.) by extension 'ros'
[0.730s] Level 1:colcon.colcon_core.package_identification:_identify(.) by extensions ['cmake', 'python']
[0.730s] Level 1:colcon.colcon_core.package_identification:_identify(.) by extension 'cmake'
[0.730s] Level 1:colcon.colcon_core.package_identification:_identify(.) by extension 'python'
[0.730s] Level 1:colcon.colcon_core.package_identification:_identify(.) by extensions ['python_setup_py']
[0.730s] Level 1:colcon.colcon_core.package_identification:_identify(.) by extension 'python_setup_py'
[0.731s] Level 1:colcon.colcon_core.package_identification:_identify(build) by extensions ['ignore', 'ignore_ament_install']
[0.731s] Level 1:colcon.colcon_core.package_identification:_identify(build) by extension 'ignore'
[0.731s] Level 1:colcon.colcon_core.package_identification:_identify(build) ignored
[0.731s] Level 1:colcon.colcon_core.package_identification:_identify(install) by extensions ['ignore', 'ignore_ament_install']
[0.731s] Level 1:colcon.colcon_core.package_identification:_identify(install) by extension 'ignore'
[0.732s] Level 1:colcon.colcon_core.package_identification:_identify(install) ignored
[0.732s] Level 1:colcon.colcon_core.package_identification:_identify(log) by extensions ['ignore', 'ignore_ament_install']
[0.733s] Level 1:colcon.colcon_core.package_identification:_identify(log) by extension 'ignore'
[0.733s] Level 1:colcon.colcon_core.package_identification:_identify(log) ignored
[0.733s] Level 1:colcon.colcon_core.package_identification:_identify(src) by extensions ['ignore', 'ignore_ament_install']
[0.733s] Level 1:colcon.colcon_core.package_identification:_identify(src) by extension 'ignore'
[0.733s] Level 1:colcon.colcon_core.package_identification:_identify(src) by extension 'ignore_ament_install'
[0.733s] Level 1:colcon.colcon_core.package_identification:_identify(src) by extensions ['colcon_pkg']
[0.733s] Level 1:colcon.colcon_core.package_identification:_identify(src) by extension 'colcon_pkg'
[0.734s] Level 1:colcon.colcon_core.package_identification:_identify(src) by extensions ['colcon_meta']
[0.734s] Level 1:colcon.colcon_core.package_identification:_identify(src) by extension 'colcon_meta'
[0.734s] Level 1:colcon.colcon_core.package_identification:_identify(src) by extensions ['ros']
[0.734s] Level 1:colcon.colcon_core.package_identification:_identify(src) by extension 'ros'
[0.734s] Level 1:colcon.colcon_core.package_identification:_identify(src) by extensions ['cmake', 'python']
[0.734s] Level 1:colcon.colcon_core.package_identification:_identify(src) by extension 'cmake'
[0.734s] Level 1:colcon.colcon_core.package_identification:_identify(src) by extension 'python'
[0.734s] Level 1:colcon.colcon_core.package_identification:_identify(src) by extensions ['python_setup_py']
[0.734s] Level 1:colcon.colcon_core.package_identification:_identify(src) by extension 'python_setup_py'
[0.735s] Level 1:colcon.colcon_core.package_identification:_identify(src/TurtleBot) by extensions ['ignore', 'ignore_ament_install']
[0.735s] Level 1:colcon.colcon_core.package_identification:_identify(src/TurtleBot) by extension 'ignore'
[0.735s] Level 1:colcon.colcon_core.package_identification:_identify(src/TurtleBot) by extension 'ignore_ament_install'
[0.735s] Level 1:colcon.colcon_core.package_identification:_identify(src/TurtleBot) by extensions ['colcon_pkg']
[0.735s] Level 1:colcon.colcon_core.package_identification:_identify(src/TurtleBot) by extension 'colcon_pkg'
[0.735s] Level 1:colcon.colcon_core.package_identification:_identify(src/TurtleBot) by extensions ['colcon_meta']
[0.735s] Level 1:colcon.colcon_core.package_identification:_identify(src/TurtleBot) by extension 'colcon_meta'
[0.736s] Level 1:colcon.colcon_core.package_identification:_identify(src/TurtleBot) by extensions ['ros']
[0.736s] Level 1:colcon.colcon_core.package_identification:_identify(src/TurtleBot) by extension 'ros'
[0.741s] DEBUG:colcon.colcon_core.package_identification:Package 'src/TurtleBot' with type 'ros.ament_python' and name 'TurtleBot'
[0.741s] Level 1:colcon.colcon_core.package_identification:_identify(src/autoturtle) by extensions ['ignore', 'ignore_ament_install']
[0.741s] Level 1:colcon.colcon_core.package_identification:_identify(src/autoturtle) by extension 'ignore'
[0.741s] Level 1:colcon.colcon_core.package_identification:_identify(src/autoturtle) by extension 'ignore_ament_install'
[0.742s] Level 1:colcon.colcon_core.package_identification:_identify(src/autoturtle) by extensions ['colcon_pkg']
[0.742s] Level 1:colcon.colcon_core.package_identification:_identify(src/autoturtle) by extension 'colcon_pkg'
[0.742s] Level 1:colcon.colcon_core.package_identification:_identify(src/autoturtle) by extensions ['colcon_meta']
[0.742s] Level 1:colcon.colcon_core.package_identification:_identify(src/autoturtle) by extension 'colcon_meta'
[0.742s] Level 1:colcon.colcon_core.package_identification:_identify(src/autoturtle) by extensions ['ros']
[0.742s] Level 1:colcon.colcon_core.package_identification:_identify(src/autoturtle) by extension 'ros'
[0.743s] DEBUG:colcon.colcon_core.package_identification:Package 'src/autoturtle' with type 'ros.ament_python' and name 'autoturtle'
[0.744s] Level 1:colcon.colcon_core.package_identification:_identify(src/turtlebot3_simulations) by extensions ['ignore', 'ignore_ament_install']
[0.744s] Level 1:colcon.colcon_core.package_identification:_identify(src/turtlebot3_simulations) by extension 'ignore'
[0.744s] Level 1:colcon.colcon_core.package_identification:_identify(src/turtlebot3_simulations) by extension 'ignore_ament_install'
[0.745s] Level 1:colcon.colcon_core.package_identification:_identify(src/turtlebot3_simulations) by extensions ['colcon_pkg']
[0.745s] Level 1:colcon.colcon_core.package_identification:_identify(src/turtlebot3_simulations) by extension 'colcon_pkg'
[0.745s] Level 1:colcon.colcon_core.package_identification:_identify(src/turtlebot3_simulations) by extensions ['colcon_meta']
[0.745s] Level 1:colcon.colcon_core.package_identification:_identify(src/turtlebot3_simulations) by extension 'colcon_meta'
[0.745s] Level 1:colcon.colcon_core.package_identification:_identify(src/turtlebot3_simulations) by extensions ['ros']
[0.745s] Level 1:colcon.colcon_core.package_identification:_identify(src/turtlebot3_simulations) by extension 'ros'
[0.745s] Level 1:colcon.colcon_core.package_identification:_identify(src/turtlebot3_simulations) by extensions ['cmake', 'python']
[0.745s] Level 1:colcon.colcon_core.package_identification:_identify(src/turtlebot3_simulations) by extension 'cmake'
[0.746s] Level 1:colcon.colcon_core.package_identification:_identify(src/turtlebot3_simulations) by extension 'python'
[0.746s] Level 1:colcon.colcon_core.package_identification:_identify(src/turtlebot3_simulations) by extensions ['python_setup_py']
[0.746s] Level 1:colcon.colcon_core.package_identification:_identify(src/turtlebot3_simulations) by extension 'python_setup_py'
[0.746s] Level 1:colcon.colcon_core.package_identification:_identify(src/turtlebot3_simulations/turtlebot3_fake_node) by extensions ['ignore', 'ignore_ament_install']
[0.746s] Level 1:colcon.colcon_core.package_identification:_identify(src/turtlebot3_simulations/turtlebot3_fake_node) by extension 'ignore'
[0.746s] Level 1:colcon.colcon_core.package_identification:_identify(src/turtlebot3_simulations/turtlebot3_fake_node) by extension 'ignore_ament_install'
[0.747s] Level 1:colcon.colcon_core.package_identification:_identify(src/turtlebot3_simulations/turtlebot3_fake_node) by extensions ['colcon_pkg']
[0.747s] Level 1:colcon.colcon_core.package_identification:_identify(src/turtlebot3_simulations/turtlebot3_fake_node) by extension 'colcon_pkg'
[0.747s] Level 1:colcon.colcon_core.package_identification:_identify(src/turtlebot3_simulations/turtlebot3_fake_node) by extensions ['colcon_meta']
[0.747s] Level 1:colcon.colcon_core.package_identification:_identify(src/turtlebot3_simulations/turtlebot3_fake_node) by extension 'colcon_meta'
[0.747s] Level 1:colcon.colcon_core.package_identification:_identify(src/turtlebot3_simulations/turtlebot3_fake_node) by extensions ['ros']
[0.747s] Level 1:colcon.colcon_core.package_identification:_identify(src/turtlebot3_simulations/turtlebot3_fake_node) by extension 'ros'
[0.749s] DEBUG:colcon.colcon_core.package_identification:Package 'src/turtlebot3_simulations/turtlebot3_fake_node' with type 'ros.ament_cmake' and name 'turtlebot3_fake_node'
[0.749s] Level 1:colcon.colcon_core.package_identification:_identify(src/turtlebot3_simulations/turtlebot3_gazebo) by extensions ['ignore', 'ignore_ament_install']
[0.750s] Level 1:colcon.colcon_core.package_identification:_identify(src/turtlebot3_simulations/turtlebot3_gazebo) by extension 'ignore'
[0.750s] Level 1:colcon.colcon_core.package_identification:_identify(src/turtlebot3_simulations/turtlebot3_gazebo) by extension 'ignore_ament_install'
[0.750s] Level 1:colcon.colcon_core.package_identification:_identify(src/turtlebot3_simulations/turtlebot3_gazebo) by extensions ['colcon_pkg']
[0.750s] Level 1:colcon.colcon_core.package_identification:_identify(src/turtlebot3_simulations/turtlebot3_gazebo) by extension 'colcon_pkg'
[0.750s] Level 1:colcon.colcon_core.package_identification:_identify(src/turtlebot3_simulations/turtlebot3_gazebo) by extensions ['colcon_meta']
[0.750s] Level 1:colcon.colcon_core.package_identification:_identify(src/turtlebot3_simulations/turtlebot3_gazebo) by extension 'colcon_meta'
[0.750s] Level 1:colcon.colcon_core.package_identification:_identify(src/turtlebot3_simulations/turtlebot3_gazebo) by extensions ['ros']
[0.750s] Level 1:colcon.colcon_core.package_identification:_identify(src/turtlebot3_simulations/turtlebot3_gazebo) by extension 'ros'
[0.753s] DEBUG:colcon.colcon_core.package_identification:Package 'src/turtlebot3_simulations/turtlebot3_gazebo' with type 'ros.ament_cmake' and name 'turtlebot3_gazebo'
[0.753s] Level 1:colcon.colcon_core.package_identification:_identify(src/turtlebot3_simulations/turtlebot3_simulations) by extensions ['ignore', 'ignore_ament_install']
[0.753s] Level 1:colcon.colcon_core.package_identification:_identify(src/turtlebot3_simulations/turtlebot3_simulations) by extension 'ignore'
[0.753s] Level 1:colcon.colcon_core.package_identification:_identify(src/turtlebot3_simulations/turtlebot3_simulations) by extension 'ignore_ament_install'
[0.754s] Level 1:colcon.colcon_core.package_identification:_identify(src/turtlebot3_simulations/turtlebot3_simulations) by extensions ['colcon_pkg']
[0.754s] Level 1:colcon.colcon_core.package_identification:_identify(src/turtlebot3_simulations/turtlebot3_simulations) by extension 'colcon_pkg'
[0.754s] Level 1:colcon.colcon_core.package_identification:_identify(src/turtlebot3_simulations/turtlebot3_simulations) by extensions ['colcon_meta']
[0.754s] Level 1:colcon.colcon_core.package_identification:_identify(src/turtlebot3_simulations/turtlebot3_simulations) by extension 'colcon_meta'
[0.754s] Level 1:colcon.colcon_core.package_identification:_identify(src/turtlebot3_simulations/turtlebot3_simulations) by extensions ['ros']
[0.754s] Level 1:colcon.colcon_core.package_identification:_identify(src/turtlebot3_simulations/turtlebot3_simulations) by extension 'ros'
[0.755s] DEBUG:colcon.colcon_core.package_identification:Package 'src/turtlebot3_simulations/turtlebot3_simulations' with type 'ros.ament_cmake' and name 'turtlebot3_simulations'
[0.755s] Level 1:colcon.colcon_core.package_discovery:discover_packages(recursive) using defaults
[0.756s] Level 1:colcon.colcon_core.package_discovery:discover_packages(ignore) discover
[0.756s] Level 1:colcon.colcon_core.package_discovery:discover_packages(ignore) using defaults
[0.756s] Level 1:colcon.colcon_core.package_discovery:discover_packages(path) discover
[0.756s] Level 1:colcon.colcon_core.package_discovery:discover_packages(path) using defaults
[0.816s] Level 1:colcon.colcon_core.package_discovery:discover_packages(prefix_path) check parameters
[0.816s] Level 1:colcon.colcon_core.package_discovery:discover_packages(prefix_path) discover
[0.821s] DEBUG:colcon.colcon_installed_package_information.package_discovery:Found 5 installed packages in /home/rcpsl/Zhao_Liyuan_ws/install
[0.827s] DEBUG:colcon.colcon_installed_package_information.package_discovery:Found 370 installed packages in /opt/ros/humble
[0.831s] Level 1:colcon.colcon_core.package_discovery:discover_packages(prefix_path) using defaults
[0.955s] Level 5:colcon.colcon_core.verb:set package 'TurtleBot' build argument 'cmake_args' from command line to 'None'
[0.955s] Level 5:colcon.colcon_core.verb:set package 'TurtleBot' build argument 'cmake_target' from command line to 'None'
[0.956s] Level 5:colcon.colcon_core.verb:set package 'TurtleBot' build argument 'cmake_target_skip_unavailable' from command line to 'False'
[0.956s] Level 5:colcon.colcon_core.verb:set package 'TurtleBot' build argument 'cmake_clean_cache' from command line to 'False'
[0.956s] Level 5:colcon.colcon_core.verb:set package 'TurtleBot' build argument 'cmake_clean_first' from command line to 'False'
[0.956s] Level 5:colcon.colcon_core.verb:set package 'TurtleBot' build argument 'cmake_force_configure' from command line to 'False'
[0.956s] Level 5:colcon.colcon_core.verb:set package 'TurtleBot' build argument 'ament_cmake_args' from command line to 'None'
[0.956s] Level 5:colcon.colcon_core.verb:set package 'TurtleBot' build argument 'catkin_cmake_args' from command line to 'None'
[0.956s] Level 5:colcon.colcon_core.verb:set package 'TurtleBot' build argument 'catkin_skip_building_tests' from command line to 'False'
[0.956s] DEBUG:colcon.colcon_core.verb:Building package 'TurtleBot' with the following arguments: {'ament_cmake_args': None, 'build_base': '/home/rcpsl/Zhao_Liyuan_ws/build/TurtleBot', 'catkin_cmake_args': None, 'catkin_skip_building_tests': False, 'cmake_args': None, 'cmake_clean_cache': False, 'cmake_clean_first': False, 'cmake_force_configure': False, 'cmake_target': None, 'cmake_target_skip_unavailable': False, 'install_base': '/home/rcpsl/Zhao_Liyuan_ws/install/TurtleBot', 'merge_install': False, 'path': '/home/rcpsl/Zhao_Liyuan_ws/src/TurtleBot', 'symlink_install': False, 'test_result_base': None}
[0.957s] Level 5:colcon.colcon_core.verb:set package 'autoturtle' build argument 'cmake_args' from command line to 'None'
[0.957s] Level 5:colcon.colcon_core.verb:set package 'autoturtle' build argument 'cmake_target' from command line to 'None'
[0.957s] Level 5:colcon.colcon_core.verb:set package 'autoturtle' build argument 'cmake_target_skip_unavailable' from command line to 'False'
[0.957s] Level 5:colcon.colcon_core.verb:set package 'autoturtle' build argument 'cmake_clean_cache' from command line to 'False'
[0.957s] Level 5:colcon.colcon_core.verb:set package 'autoturtle' build argument 'cmake_clean_first' from command line to 'False'
[0.957s] Level 5:colcon.colcon_core.verb:set package 'autoturtle' build argument 'cmake_force_configure' from command line to 'False'
[0.957s] Level 5:colcon.colcon_core.verb:set package 'autoturtle' build argument 'ament_cmake_args' from command line to 'None'
[0.957s] Level 5:colcon.colcon_core.verb:set package 'autoturtle' build argument 'catkin_cmake_args' from command line to 'None'
[0.958s] Level 5:colcon.colcon_core.verb:set package 'autoturtle' build argument 'catkin_skip_building_tests' from command line to 'False'
[0.958s] DEBUG:colcon.colcon_core.verb:Building package 'autoturtle' with the following arguments: {'ament_cmake_args': None, 'build_base': '/home/rcpsl/Zhao_Liyuan_ws/build/autoturtle', 'catkin_cmake_args': None, 'catkin_skip_building_tests': False, 'cmake_args': None, 'cmake_clean_cache': False, 'cmake_clean_first': False, 'cmake_force_configure': False, 'cmake_target': None, 'cmake_target_skip_unavailable': False, 'install_base': '/home/rcpsl/Zhao_Liyuan_ws/install/autoturtle', 'merge_install': False, 'path': '/home/rcpsl/Zhao_Liyuan_ws/src/autoturtle', 'symlink_install': False, 'test_result_base': None}
[0.958s] Level 5:colcon.colcon_core.verb:set package 'turtlebot3_fake_node' build argument 'cmake_args' from command line to 'None'
[0.958s] Level 5:colcon.colcon_core.verb:set package 'turtlebot3_fake_node' build argument 'cmake_target' from command line to 'None'
[0.958s] Level 5:colcon.colcon_core.verb:set package 'turtlebot3_fake_node' build argument 'cmake_target_skip_unavailable' from command line to 'False'
[0.959s] Level 5:colcon.colcon_core.verb:set package 'turtlebot3_fake_node' build argument 'cmake_clean_cache' from command line to 'False'
[0.959s] Level 5:colcon.colcon_core.verb:set package 'turtlebot3_fake_node' build argument 'cmake_clean_first' from command line to 'False'
[0.959s] Level 5:colcon.colcon_core.verb:set package 'turtlebot3_fake_node' build argument 'cmake_force_configure' from command line to 'False'
[0.959s] Level 5:colcon.colcon_core.verb:set package 'turtlebot3_fake_node' build argument 'ament_cmake_args' from command line to 'None'
[0.959s] Level 5:colcon.colcon_core.verb:set package 'turtlebot3_fake_node' build argument 'catkin_cmake_args' from command line to 'None'
[0.959s] Level 5:colcon.colcon_core.verb:set package 'turtlebot3_fake_node' build argument 'catkin_skip_building_tests' from command line to 'False'
[0.959s] DEBUG:colcon.colcon_core.verb:Building package 'turtlebot3_fake_node' with the following arguments: {'ament_cmake_args': None, 'build_base': '/home/rcpsl/Zhao_Liyuan_ws/build/turtlebot3_fake_node', 'catkin_cmake_args': None, 'catkin_skip_building_tests': False, 'cmake_args': None, 'cmake_clean_cache': False, 'cmake_clean_first': False, 'cmake_force_configure': False, 'cmake_target': None, 'cmake_target_skip_unavailable': False, 'install_base': '/home/rcpsl/Zhao_Liyuan_ws/install/turtlebot3_fake_node', 'merge_install': False, 'path': '/home/rcpsl/Zhao_Liyuan_ws/src/turtlebot3_simulations/turtlebot3_fake_node', 'symlink_install': False, 'test_result_base': None}
[0.960s] Level 5:colcon.colcon_core.verb:set package 'turtlebot3_gazebo' build argument 'cmake_args' from command line to 'None'
[0.960s] Level 5:colcon.colcon_core.verb:set package 'turtlebot3_gazebo' build argument 'cmake_target' from command line to 'None'
[0.960s] Level 5:colcon.colcon_core.verb:set package 'turtlebot3_gazebo' build argument 'cmake_target_skip_unavailable' from command line to 'False'
[0.960s] Level 5:colcon.colcon_core.verb:set package 'turtlebot3_gazebo' build argument 'cmake_clean_cache' from command line to 'False'
[0.960s] Level 5:colcon.colcon_core.verb:set package 'turtlebot3_gazebo' build argument 'cmake_clean_first' from command line to 'False'
[0.960s] Level 5:colcon.colcon_core.verb:set package 'turtlebot3_gazebo' build argument 'cmake_force_configure' from command line to 'False'
[0.960s] Level 5:colcon.colcon_core.verb:set package 'turtlebot3_gazebo' build argument 'ament_cmake_args' from command line to 'None'
[0.960s] Level 5:colcon.colcon_core.verb:set package 'turtlebot3_gazebo' build argument 'catkin_cmake_args' from command line to 'None'
[0.960s] Level 5:colcon.colcon_core.verb:set package 'turtlebot3_gazebo' build argument 'catkin_skip_building_tests' from command line to 'False'
[0.960s] DEBUG:colcon.colcon_core.verb:Building package 'turtlebot3_gazebo' with the following arguments: {'ament_cmake_args': None, 'build_base': '/home/rcpsl/Zhao_Liyuan_ws/build/turtlebot3_gazebo', 'catkin_cmake_args': None, 'catkin_skip_building_tests': False, 'cmake_args': None, 'cmake_clean_cache': False, 'cmake_clean_first': False, 'cmake_force_configure': False, 'cmake_target': None, 'cmake_target_skip_unavailable': False, 'install_base': '/home/rcpsl/Zhao_Liyuan_ws/install/turtlebot3_gazebo', 'merge_install': False, 'path': '/home/rcpsl/Zhao_Liyuan_ws/src/turtlebot3_simulations/turtlebot3_gazebo', 'symlink_install': False, 'test_result_base': None}
[0.961s] Level 5:colcon.colcon_core.verb:set package 'turtlebot3_simulations' build argument 'cmake_args' from command line to 'None'
[0.961s] Level 5:colcon.colcon_core.verb:set package 'turtlebot3_simulations' build argument 'cmake_target' from command line to 'None'
[0.961s] Level 5:colcon.colcon_core.verb:set package 'turtlebot3_simulations' build argument 'cmake_target_skip_unavailable' from command line to 'False'
[0.961s] Level 5:colcon.colcon_core.verb:set package 'turtlebot3_simulations' build argument 'cmake_clean_cache' from command line to 'False'
[0.961s] Level 5:colcon.colcon_core.verb:set package 'turtlebot3_simulations' build argument 'cmake_clean_first' from command line to 'False'
[0.961s] Level 5:colcon.colcon_core.verb:set package 'turtlebot3_simulations' build argument 'cmake_force_configure' from command line to 'False'
[0.962s] Level 5:colcon.colcon_core.verb:set package 'turtlebot3_simulations' build argument 'ament_cmake_args' from command line to 'None'
[0.962s] Level 5:colcon.colcon_core.verb:set package 'turtlebot3_simulations' build argument 'catkin_cmake_args' from command line to 'None'
[0.962s] Level 5:colcon.colcon_core.verb:set package 'turtlebot3_simulations' build argument 'catkin_skip_building_tests' from command line to 'False'
[0.962s] DEBUG:colcon.colcon_core.verb:Building package 'turtlebot3_simulations' with the following arguments: {'ament_cmake_args': None, 'build_base': '/home/rcpsl/Zhao_Liyuan_ws/build/turtlebot3_simulations', 'catkin_cmake_args': None, 'catkin_skip_building_tests': False, 'cmake_args': None, 'cmake_clean_cache': False, 'cmake_clean_first': False, 'cmake_force_configure': False, 'cmake_target': None, 'cmake_target_skip_unavailable': False, 'install_base': '/home/rcpsl/Zhao_Liyuan_ws/install/turtlebot3_simulations', 'merge_install': False, 'path': '/home/rcpsl/Zhao_Liyuan_ws/src/turtlebot3_simulations/turtlebot3_simulations', 'symlink_install': False, 'test_result_base': None}
[0.962s] INFO:colcon.colcon_core.executor:Executing jobs using 'parallel' executor
[0.964s] DEBUG:colcon.colcon_parallel_executor.executor.parallel:run_until_complete
[0.964s] INFO:colcon.colcon_ros.task.ament_cmake.build:Building ROS package in '/home/rcpsl/Zhao_Liyuan_ws/src/turtlebot3_simulations/turtlebot3_fake_node' with build type 'ament_cmake'
[0.965s] INFO:colcon.colcon_cmake.task.cmake.build:Building CMake package in '/home/rcpsl/Zhao_Liyuan_ws/src/turtlebot3_simulations/turtlebot3_fake_node'
[0.969s] INFO:colcon.colcon_core.plugin_system:Skipping extension 'colcon_core.shell.bat': Not used on non-Windows systems
[0.969s] INFO:colcon.colcon_core.shell:Skip shell extension 'powershell' for command environment: Not usable outside of PowerShell
[0.969s] DEBUG:colcon.colcon_core.shell:Skip shell extension 'dsv' for command environment
[0.986s] INFO:colcon.colcon_ros.task.ament_cmake.build:Building ROS package in '/home/rcpsl/Zhao_Liyuan_ws/src/turtlebot3_simulations/turtlebot3_gazebo' with build type 'ament_cmake'
[0.986s] INFO:colcon.colcon_cmake.task.cmake.build:Building CMake package in '/home/rcpsl/Zhao_Liyuan_ws/src/turtlebot3_simulations/turtlebot3_gazebo'
[0.986s] INFO:colcon.colcon_core.shell:Skip shell extension 'powershell' for command environment: Not usable outside of PowerShell
[0.986s] DEBUG:colcon.colcon_core.shell:Skip shell extension 'dsv' for command environment
[1.012s] DEBUG:colcon.colcon_core.event_handler.log_command:Invoking command in '/home/rcpsl/Zhao_Liyuan_ws/build/turtlebot3_fake_node': CMAKE_PREFIX_PATH=${CMAKE_PREFIX_PATH}:/home/rcpsl/Zhao_Liyuan_ws/install/autoturtle:/home/rcpsl/Zhao_Liyuan_ws/install/TurtleBot:/opt/ros/humble /usr/bin/cmake --build /home/rcpsl/Zhao_Liyuan_ws/build/turtlebot3_fake_node -- -j2 -l2
[1.043s] DEBUG:colcon.colcon_core.event_handler.log_command:Invoking command in '/home/rcpsl/Zhao_Liyuan_ws/build/turtlebot3_gazebo': CMAKE_PREFIX_PATH=${CMAKE_PREFIX_PATH}:/home/rcpsl/Zhao_Liyuan_ws/install/autoturtle:/home/rcpsl/Zhao_Liyuan_ws/install/TurtleBot:/opt/ros/humble /usr/bin/cmake --build /home/rcpsl/Zhao_Liyuan_ws/build/turtlebot3_gazebo -- -j2 -l2
[1.476s] DEBUG:colcon.colcon_core.event_handler.log_command:Invoked command in '/home/rcpsl/Zhao_Liyuan_ws/build/turtlebot3_fake_node' returned '0': CMAKE_PREFIX_PATH=${CMAKE_PREFIX_PATH}:/home/rcpsl/Zhao_Liyuan_ws/install/autoturtle:/home/rcpsl/Zhao_Liyuan_ws/install/TurtleBot:/opt/ros/humble /usr/bin/cmake --build /home/rcpsl/Zhao_Liyuan_ws/build/turtlebot3_fake_node -- -j2 -l2
[1.760s] DEBUG:colcon.colcon_core.event_handler.log_command:Invoking command in '/home/rcpsl/Zhao_Liyuan_ws/build/turtlebot3_fake_node': CMAKE_PREFIX_PATH=${CMAKE_PREFIX_PATH}:/home/rcpsl/Zhao_Liyuan_ws/install/autoturtle:/home/rcpsl/Zhao_Liyuan_ws/install/TurtleBot:/opt/ros/humble /usr/bin/cmake --install /home/rcpsl/Zhao_Liyuan_ws/build/turtlebot3_fake_node
[1.826s] Level 1:colcon.colcon_core.environment:create_environment_scripts_only(turtlebot3_fake_node)
[1.832s] DEBUG:colcon.colcon_core.event_handler.log_command:Invoked command in '/home/rcpsl/Zhao_Liyuan_ws/build/turtlebot3_fake_node' returned '0': CMAKE_PREFIX_PATH=${CMAKE_PREFIX_PATH}:/home/rcpsl/Zhao_Liyuan_ws/install/autoturtle:/home/rcpsl/Zhao_Liyuan_ws/install/TurtleBot:/opt/ros/humble /usr/bin/cmake --install /home/rcpsl/Zhao_Liyuan_ws/build/turtlebot3_fake_node
[1.836s] Level 1:colcon.colcon_core.environment:checking '/home/rcpsl/Zhao_Liyuan_ws/install/turtlebot3_fake_node' for CMake module files
[1.837s] Level 1:colcon.colcon_core.environment:checking '/home/rcpsl/Zhao_Liyuan_ws/install/turtlebot3_fake_node' for CMake config files
[1.838s] Level 1:colcon.colcon_core.shell:create_environment_hook('turtlebot3_fake_node', 'cmake_prefix_path')
[1.839s] INFO:colcon.colcon_core.shell:Creating environment hook '/home/rcpsl/Zhao_Liyuan_ws/install/turtlebot3_fake_node/share/turtlebot3_fake_node/hook/cmake_prefix_path.ps1'
[1.848s] INFO:colcon.colcon_core.shell:Creating environment descriptor '/home/rcpsl/Zhao_Liyuan_ws/install/turtlebot3_fake_node/share/turtlebot3_fake_node/hook/cmake_prefix_path.dsv'
[1.851s] INFO:colcon.colcon_core.shell:Creating environment hook '/home/rcpsl/Zhao_Liyuan_ws/install/turtlebot3_fake_node/share/turtlebot3_fake_node/hook/cmake_prefix_path.sh'
[1.856s] Level 1:colcon.colcon_core.environment:checking '/home/rcpsl/Zhao_Liyuan_ws/install/turtlebot3_fake_node/lib'
[1.856s] Level 1:colcon.colcon_core.environment:checking '/home/rcpsl/Zhao_Liyuan_ws/install/turtlebot3_fake_node/bin'
[1.857s] Level 1:colcon.colcon_core.environment:checking '/home/rcpsl/Zhao_Liyuan_ws/install/turtlebot3_fake_node/lib/pkgconfig/turtlebot3_fake_node.pc'
[1.857s] Level 1:colcon.colcon_core.environment:checking '/home/rcpsl/Zhao_Liyuan_ws/install/turtlebot3_fake_node/lib/python3.10/site-packages'
[1.857s] Level 1:colcon.colcon_core.environment:checking '/home/rcpsl/Zhao_Liyuan_ws/install/turtlebot3_fake_node/bin'
[1.858s] INFO:colcon.colcon_core.shell:Creating package script '/home/rcpsl/Zhao_Liyuan_ws/install/turtlebot3_fake_node/share/turtlebot3_fake_node/package.ps1'
[1.860s] INFO:colcon.colcon_core.shell:Creating package descriptor '/home/rcpsl/Zhao_Liyuan_ws/install/turtlebot3_fake_node/share/turtlebot3_fake_node/package.dsv'
[1.865s] INFO:colcon.colcon_core.shell:Creating package script '/home/rcpsl/Zhao_Liyuan_ws/install/turtlebot3_fake_node/share/turtlebot3_fake_node/package.sh'
[1.867s] INFO:colcon.colcon_core.shell:Creating package script '/home/rcpsl/Zhao_Liyuan_ws/install/turtlebot3_fake_node/share/turtlebot3_fake_node/package.bash'
[1.875s] INFO:colcon.colcon_core.shell:Creating package script '/home/rcpsl/Zhao_Liyuan_ws/install/turtlebot3_fake_node/share/turtlebot3_fake_node/package.zsh'
[1.878s] Level 1:colcon.colcon_core.environment:create_file_with_runtime_dependencies(/home/rcpsl/Zhao_Liyuan_ws/install/turtlebot3_fake_node/share/colcon-core/packages/turtlebot3_fake_node)
[2.028s] DEBUG:colcon.colcon_core.event_handler.log_command:Invoked command in '/home/rcpsl/Zhao_Liyuan_ws/build/turtlebot3_gazebo' returned '0': CMAKE_PREFIX_PATH=${CMAKE_PREFIX_PATH}:/home/rcpsl/Zhao_Liyuan_ws/install/autoturtle:/home/rcpsl/Zhao_Liyuan_ws/install/TurtleBot:/opt/ros/humble /usr/bin/cmake --build /home/rcpsl/Zhao_Liyuan_ws/build/turtlebot3_gazebo -- -j2 -l2
[2.111s] Level 1:colcon.colcon_core.environment:create_environment_scripts_only(turtlebot3_fake_node)
[2.112s] Level 1:colcon.colcon_core.environment:checking '/home/rcpsl/Zhao_Liyuan_ws/install/turtlebot3_fake_node' for CMake module files
[2.113s] Level 1:colcon.colcon_core.environment:checking '/home/rcpsl/Zhao_Liyuan_ws/install/turtlebot3_fake_node' for CMake config files
[2.114s] Level 1:colcon.colcon_core.shell:create_environment_hook('turtlebot3_fake_node', 'cmake_prefix_path')
[2.115s] INFO:colcon.colcon_core.shell:Creating environment hook '/home/rcpsl/Zhao_Liyuan_ws/install/turtlebot3_fake_node/share/turtlebot3_fake_node/hook/cmake_prefix_path.ps1'
[2.120s] INFO:colcon.colcon_core.shell:Creating environment descriptor '/home/rcpsl/Zhao_Liyuan_ws/install/turtlebot3_fake_node/share/turtlebot3_fake_node/hook/cmake_prefix_path.dsv'
[2.121s] INFO:colcon.colcon_core.shell:Creating environment hook '/home/rcpsl/Zhao_Liyuan_ws/install/turtlebot3_fake_node/share/turtlebot3_fake_node/hook/cmake_prefix_path.sh'
[2.129s] Level 1:colcon.colcon_core.environment:checking '/home/rcpsl/Zhao_Liyuan_ws/install/turtlebot3_fake_node/lib'
[2.129s] Level 1:colcon.colcon_core.environment:checking '/home/rcpsl/Zhao_Liyuan_ws/install/turtlebot3_fake_node/bin'
[2.129s] Level 1:colcon.colcon_core.environment:checking '/home/rcpsl/Zhao_Liyuan_ws/install/turtlebot3_fake_node/lib/pkgconfig/turtlebot3_fake_node.pc'
[2.130s] Level 1:colcon.colcon_core.environment:checking '/home/rcpsl/Zhao_Liyuan_ws/install/turtlebot3_fake_node/lib/python3.10/site-packages'
[2.130s] Level 1:colcon.colcon_core.environment:checking '/home/rcpsl/Zhao_Liyuan_ws/install/turtlebot3_fake_node/bin'
[2.131s] INFO:colcon.colcon_core.shell:Creating package script '/home/rcpsl/Zhao_Liyuan_ws/install/turtlebot3_fake_node/share/turtlebot3_fake_node/package.ps1'
[2.132s] INFO:colcon.colcon_core.shell:Creating package descriptor '/home/rcpsl/Zhao_Liyuan_ws/install/turtlebot3_fake_node/share/turtlebot3_fake_node/package.dsv'
[2.140s] INFO:colcon.colcon_core.shell:Creating package script '/home/rcpsl/Zhao_Liyuan_ws/install/turtlebot3_fake_node/share/turtlebot3_fake_node/package.sh'
[2.141s] INFO:colcon.colcon_core.shell:Creating package script '/home/rcpsl/Zhao_Liyuan_ws/install/turtlebot3_fake_node/share/turtlebot3_fake_node/package.bash'
[2.143s] INFO:colcon.colcon_core.shell:Creating package script '/home/rcpsl/Zhao_Liyuan_ws/install/turtlebot3_fake_node/share/turtlebot3_fake_node/package.zsh'
[2.144s] Level 1:colcon.colcon_core.environment:create_file_with_runtime_dependencies(/home/rcpsl/Zhao_Liyuan_ws/install/turtlebot3_fake_node/share/colcon-core/packages/turtlebot3_fake_node)
[2.153s] INFO:colcon.colcon_ros.task.ament_python.build:Building ROS package in '/home/rcpsl/Zhao_Liyuan_ws/src/TurtleBot' with build type 'ament_python'
[2.154s] Level 1:colcon.colcon_core.shell:create_environment_hook('TurtleBot', 'ament_prefix_path')
[2.154s] INFO:colcon.colcon_core.shell:Creating environment hook '/home/rcpsl/Zhao_Liyuan_ws/install/TurtleBot/share/TurtleBot/hook/ament_prefix_path.ps1'
[2.155s] INFO:colcon.colcon_core.shell:Creating environment descriptor '/home/rcpsl/Zhao_Liyuan_ws/install/TurtleBot/share/TurtleBot/hook/ament_prefix_path.dsv'
[2.161s] INFO:colcon.colcon_core.shell:Creating environment hook '/home/rcpsl/Zhao_Liyuan_ws/install/TurtleBot/share/TurtleBot/hook/ament_prefix_path.sh'
[2.163s] INFO:colcon.colcon_core.shell:Skip shell extension 'powershell' for command environment: Not usable outside of PowerShell
[2.163s] DEBUG:colcon.colcon_core.shell:Skip shell extension 'dsv' for command environment
[2.928s] INFO:colcon.colcon_core.task.python.build:Building Python package in '/home/rcpsl/Zhao_Liyuan_ws/src/TurtleBot'
[2.929s] INFO:colcon.colcon_core.shell:Skip shell extension 'powershell' for command environment: Not usable outside of PowerShell
[2.929s] DEBUG:colcon.colcon_core.shell:Skip shell extension 'dsv' for command environment
[2.946s] DEBUG:colcon.colcon_core.event_handler.log_command:Invoking command in '/home/rcpsl/Zhao_Liyuan_ws/build/turtlebot3_gazebo': CMAKE_PREFIX_PATH=${CMAKE_PREFIX_PATH}:/home/rcpsl/Zhao_Liyuan_ws/install/autoturtle:/home/rcpsl/Zhao_Liyuan_ws/install/TurtleBot:/opt/ros/humble /usr/bin/cmake --install /home/rcpsl/Zhao_Liyuan_ws/build/turtlebot3_gazebo
[3.015s] Level 1:colcon.colcon_core.environment:create_environment_scripts_only(turtlebot3_gazebo)
[3.016s] Level 1:colcon.colcon_core.environment:checking '/home/rcpsl/Zhao_Liyuan_ws/install/turtlebot3_gazebo' for CMake module files
[3.018s] Level 1:colcon.colcon_core.environment:checking '/home/rcpsl/Zhao_Liyuan_ws/install/turtlebot3_gazebo' for CMake config files
[3.022s] Level 1:colcon.colcon_core.shell:create_environment_hook('turtlebot3_gazebo', 'cmake_prefix_path')
[3.022s] INFO:colcon.colcon_core.shell:Creating environment hook '/home/rcpsl/Zhao_Liyuan_ws/install/turtlebot3_gazebo/share/turtlebot3_gazebo/hook/cmake_prefix_path.ps1'
[3.027s] INFO:colcon.colcon_core.shell:Creating environment descriptor '/home/rcpsl/Zhao_Liyuan_ws/install/turtlebot3_gazebo/share/turtlebot3_gazebo/hook/cmake_prefix_path.dsv'
[3.028s] INFO:colcon.colcon_core.shell:Creating environment hook '/home/rcpsl/Zhao_Liyuan_ws/install/turtlebot3_gazebo/share/turtlebot3_gazebo/hook/cmake_prefix_path.sh'
[3.030s] Level 1:colcon.colcon_core.environment:checking '/home/rcpsl/Zhao_Liyuan_ws/install/turtlebot3_gazebo/lib'
[3.030s] Level 1:colcon.colcon_core.environment:checking '/home/rcpsl/Zhao_Liyuan_ws/install/turtlebot3_gazebo/bin'
[3.030s] Level 1:colcon.colcon_core.environment:checking '/home/rcpsl/Zhao_Liyuan_ws/install/turtlebot3_gazebo/lib/pkgconfig/turtlebot3_gazebo.pc'
[3.031s] Level 1:colcon.colcon_core.environment:checking '/home/rcpsl/Zhao_Liyuan_ws/install/turtlebot3_gazebo/lib/python3.10/site-packages'
[3.039s] DEBUG:colcon.colcon_core.event_handler.log_command:Invoked command in '/home/rcpsl/Zhao_Liyuan_ws/build/turtlebot3_gazebo' returned '0': CMAKE_PREFIX_PATH=${CMAKE_PREFIX_PATH}:/home/rcpsl/Zhao_Liyuan_ws/install/autoturtle:/home/rcpsl/Zhao_Liyuan_ws/install/TurtleBot:/opt/ros/humble /usr/bin/cmake --install /home/rcpsl/Zhao_Liyuan_ws/build/turtlebot3_gazebo
[3.039s] Level 1:colcon.colcon_core.environment:checking '/home/rcpsl/Zhao_Liyuan_ws/install/turtlebot3_gazebo/bin'
[3.040s] INFO:colcon.colcon_core.shell:Creating package script '/home/rcpsl/Zhao_Liyuan_ws/install/turtlebot3_gazebo/share/turtlebot3_gazebo/package.ps1'
[3.041s] INFO:colcon.colcon_core.shell:Creating package descriptor '/home/rcpsl/Zhao_Liyuan_ws/install/turtlebot3_gazebo/share/turtlebot3_gazebo/package.dsv'
[3.042s] INFO:colcon.colcon_core.shell:Creating package script '/home/rcpsl/Zhao_Liyuan_ws/install/turtlebot3_gazebo/share/turtlebot3_gazebo/package.sh'
[3.044s] INFO:colcon.colcon_core.shell:Creating package script '/home/rcpsl/Zhao_Liyuan_ws/install/turtlebot3_gazebo/share/turtlebot3_gazebo/package.bash'
[3.045s] INFO:colcon.colcon_core.shell:Creating package script '/home/rcpsl/Zhao_Liyuan_ws/install/turtlebot3_gazebo/share/turtlebot3_gazebo/package.zsh'
[3.046s] Level 1:colcon.colcon_core.environment:create_file_with_runtime_dependencies(/home/rcpsl/Zhao_Liyuan_ws/install/turtlebot3_gazebo/share/colcon-core/packages/turtlebot3_gazebo)
[3.252s] Level 1:colcon.colcon_core.environment:create_environment_scripts_only(turtlebot3_gazebo)
[3.253s] Level 1:colcon.colcon_core.environment:checking '/home/rcpsl/Zhao_Liyuan_ws/install/turtlebot3_gazebo' for CMake module files
[3.254s] Level 1:colcon.colcon_core.environment:checking '/home/rcpsl/Zhao_Liyuan_ws/install/turtlebot3_gazebo' for CMake config files
[3.257s] Level 1:colcon.colcon_core.shell:create_environment_hook('turtlebot3_gazebo', 'cmake_prefix_path')
[3.258s] INFO:colcon.colcon_core.shell:Creating environment hook '/home/rcpsl/Zhao_Liyuan_ws/install/turtlebot3_gazebo/share/turtlebot3_gazebo/hook/cmake_prefix_path.ps1'
[3.260s] INFO:colcon.colcon_core.shell:Creating environment descriptor '/home/rcpsl/Zhao_Liyuan_ws/install/turtlebot3_gazebo/share/turtlebot3_gazebo/hook/cmake_prefix_path.dsv'
[3.261s] INFO:colcon.colcon_core.shell:Creating environment hook '/home/rcpsl/Zhao_Liyuan_ws/install/turtlebot3_gazebo/share/turtlebot3_gazebo/hook/cmake_prefix_path.sh'
[3.263s] Level 1:colcon.colcon_core.environment:checking '/home/rcpsl/Zhao_Liyuan_ws/install/turtlebot3_gazebo/lib'
[3.264s] Level 1:colcon.colcon_core.environment:checking '/home/rcpsl/Zhao_Liyuan_ws/install/turtlebot3_gazebo/bin'
[3.264s] Level 1:colcon.colcon_core.environment:checking '/home/rcpsl/Zhao_Liyuan_ws/install/turtlebot3_gazebo/lib/pkgconfig/turtlebot3_gazebo.pc'
[3.265s] Level 1:colcon.colcon_core.environment:checking '/home/rcpsl/Zhao_Liyuan_ws/install/turtlebot3_gazebo/lib/python3.10/site-packages'
[3.265s] Level 1:colcon.colcon_core.environment:checking '/home/rcpsl/Zhao_Liyuan_ws/install/turtlebot3_gazebo/bin'
[3.266s] INFO:colcon.colcon_core.shell:Creating package script '/home/rcpsl/Zhao_Liyuan_ws/install/turtlebot3_gazebo/share/turtlebot3_gazebo/package.ps1'
[3.268s] INFO:colcon.colcon_core.shell:Creating package descriptor '/home/rcpsl/Zhao_Liyuan_ws/install/turtlebot3_gazebo/share/turtlebot3_gazebo/package.dsv'
[3.270s] INFO:colcon.colcon_core.shell:Creating package script '/home/rcpsl/Zhao_Liyuan_ws/install/turtlebot3_gazebo/share/turtlebot3_gazebo/package.sh'
[3.272s] INFO:colcon.colcon_core.shell:Creating package script '/home/rcpsl/Zhao_Liyuan_ws/install/turtlebot3_gazebo/share/turtlebot3_gazebo/package.bash'
[3.273s] INFO:colcon.colcon_core.shell:Creating package script '/home/rcpsl/Zhao_Liyuan_ws/install/turtlebot3_gazebo/share/turtlebot3_gazebo/package.zsh'
[3.274s] Level 1:colcon.colcon_core.environment:create_file_with_runtime_dependencies(/home/rcpsl/Zhao_Liyuan_ws/install/turtlebot3_gazebo/share/colcon-core/packages/turtlebot3_gazebo)
[3.275s] INFO:colcon.colcon_ros.task.ament_python.build:Building ROS package in '/home/rcpsl/Zhao_Liyuan_ws/src/autoturtle' with build type 'ament_python'
[3.275s] Level 1:colcon.colcon_core.shell:create_environment_hook('autoturtle', 'ament_prefix_path')
[3.276s] INFO:colcon.colcon_core.shell:Creating environment hook '/home/rcpsl/Zhao_Liyuan_ws/install/autoturtle/share/autoturtle/hook/ament_prefix_path.ps1'
[3.280s] INFO:colcon.colcon_core.shell:Creating environment descriptor '/home/rcpsl/Zhao_Liyuan_ws/install/autoturtle/share/autoturtle/hook/ament_prefix_path.dsv'
[3.288s] INFO:colcon.colcon_core.shell:Creating environment hook '/home/rcpsl/Zhao_Liyuan_ws/install/autoturtle/share/autoturtle/hook/ament_prefix_path.sh'
[3.293s] INFO:colcon.colcon_core.shell:Skip shell extension 'powershell' for command environment: Not usable outside of PowerShell
[3.293s] DEBUG:colcon.colcon_core.shell:Skip shell extension 'dsv' for command environment
[4.745s] INFO:colcon.colcon_core.task.python.build:Building Python package in '/home/rcpsl/Zhao_Liyuan_ws/src/autoturtle'
[4.746s] INFO:colcon.colcon_core.shell:Skip shell extension 'powershell' for command environment: Not usable outside of PowerShell
[4.746s] DEBUG:colcon.colcon_core.shell:Skip shell extension 'dsv' for command environment
[4.776s] DEBUG:colcon.colcon_core.event_handler.log_command:Invoking command in '/home/rcpsl/Zhao_Liyuan_ws/src/TurtleBot': PYTHONPATH=/home/rcpsl/Zhao_Liyuan_ws/build/TurtleBot/prefix_override:/home/rcpsl/Zhao_Liyuan_ws/install/TurtleBot/lib/python3.10/site-packages:${PYTHONPATH} /usr/bin/python3 -W ignore:setup.py install is deprecated setup.py egg_info --egg-base ../../build/TurtleBot build --build-base /home/rcpsl/Zhao_Liyuan_ws/build/TurtleBot/build install --record /home/rcpsl/Zhao_Liyuan_ws/build/TurtleBot/install.log --single-version-externally-managed install_data
[6.557s] Level 1:colcon.colcon_core.environment:checking '/home/rcpsl/Zhao_Liyuan_ws/install/TurtleBot' for CMake module files
[6.558s] Level 1:colcon.colcon_core.environment:checking '/home/rcpsl/Zhao_Liyuan_ws/install/TurtleBot' for CMake config files
[6.560s] DEBUG:colcon.colcon_core.event_handler.log_command:Invoked command in '/home/rcpsl/Zhao_Liyuan_ws/src/TurtleBot' returned '0': PYTHONPATH=/home/rcpsl/Zhao_Liyuan_ws/build/TurtleBot/prefix_override:/home/rcpsl/Zhao_Liyuan_ws/install/TurtleBot/lib/python3.10/site-packages:${PYTHONPATH} /usr/bin/python3 -W ignore:setup.py install is deprecated setup.py egg_info --egg-base ../../build/TurtleBot build --build-base /home/rcpsl/Zhao_Liyuan_ws/build/TurtleBot/build install --record /home/rcpsl/Zhao_Liyuan_ws/build/TurtleBot/install.log --single-version-externally-managed install_data
[6.560s] Level 1:colcon.colcon_core.environment:checking '/home/rcpsl/Zhao_Liyuan_ws/install/TurtleBot/lib'
[6.561s] Level 1:colcon.colcon_core.environment:checking '/home/rcpsl/Zhao_Liyuan_ws/install/TurtleBot/bin'
[6.561s] Level 1:colcon.colcon_core.environment:checking '/home/rcpsl/Zhao_Liyuan_ws/install/TurtleBot/lib/pkgconfig/TurtleBot.pc'
[6.561s] Level 1:colcon.colcon_core.environment:checking '/home/rcpsl/Zhao_Liyuan_ws/install/TurtleBot/lib/python3.10/site-packages'
[6.561s] Level 1:colcon.colcon_core.shell:create_environment_hook('TurtleBot', 'pythonpath')
[6.562s] INFO:colcon.colcon_core.shell:Creating environment hook '/home/rcpsl/Zhao_Liyuan_ws/install/TurtleBot/share/TurtleBot/hook/pythonpath.ps1'
[6.563s] INFO:colcon.colcon_core.shell:Creating environment descriptor '/home/rcpsl/Zhao_Liyuan_ws/install/TurtleBot/share/TurtleBot/hook/pythonpath.dsv'
[6.569s] INFO:colcon.colcon_core.shell:Creating environment hook '/home/rcpsl/Zhao_Liyuan_ws/install/TurtleBot/share/TurtleBot/hook/pythonpath.sh'
[6.571s] Level 1:colcon.colcon_core.environment:checking '/home/rcpsl/Zhao_Liyuan_ws/install/TurtleBot/bin'
[6.571s] Level 1:colcon.colcon_core.environment:create_environment_scripts_only(TurtleBot)
[6.572s] INFO:colcon.colcon_core.shell:Creating package script '/home/rcpsl/Zhao_Liyuan_ws/install/TurtleBot/share/TurtleBot/package.ps1'
[6.575s] INFO:colcon.colcon_core.shell:Creating package descriptor '/home/rcpsl/Zhao_Liyuan_ws/install/TurtleBot/share/TurtleBot/package.dsv'
[6.577s] INFO:colcon.colcon_core.shell:Creating package script '/home/rcpsl/Zhao_Liyuan_ws/install/TurtleBot/share/TurtleBot/package.sh'
[6.578s] INFO:colcon.colcon_core.shell:Creating package script '/home/rcpsl/Zhao_Liyuan_ws/install/TurtleBot/share/TurtleBot/package.bash'
[6.588s] INFO:colcon.colcon_core.shell:Creating package script '/home/rcpsl/Zhao_Liyuan_ws/install/TurtleBot/share/TurtleBot/package.zsh'
[6.589s] Level 1:colcon.colcon_core.environment:create_file_with_runtime_dependencies(/home/rcpsl/Zhao_Liyuan_ws/install/TurtleBot/share/colcon-core/packages/TurtleBot)
[6.592s] INFO:colcon.colcon_ros.task.ament_cmake.build:Building ROS package in '/home/rcpsl/Zhao_Liyuan_ws/src/turtlebot3_simulations/turtlebot3_simulations' with build type 'ament_cmake'
[6.593s] INFO:colcon.colcon_cmake.task.cmake.build:Building CMake package in '/home/rcpsl/Zhao_Liyuan_ws/src/turtlebot3_simulations/turtlebot3_simulations'
[6.593s] INFO:colcon.colcon_core.shell:Skip shell extension 'powershell' for command environment: Not usable outside of PowerShell
[6.593s] DEBUG:colcon.colcon_core.shell:Skip shell extension 'dsv' for command environment
[6.660s] DEBUG:colcon.colcon_core.event_handler.log_command:Invoking command in '/home/rcpsl/Zhao_Liyuan_ws/build/turtlebot3_simulations': CMAKE_PREFIX_PATH=/home/rcpsl/Zhao_Liyuan_ws/install/turtlebot3_gazebo:/home/rcpsl/Zhao_Liyuan_ws/install/turtlebot3_fake_node:/home/rcpsl/Zhao_Liyuan_ws/install/turtlebot3_simulations:/home/rcpsl/Zhao_Liyuan_ws/install/autoturtle:/home/rcpsl/Zhao_Liyuan_ws/install/TurtleBot:/opt/ros/humble /usr/bin/cmake --build /home/rcpsl/Zhao_Liyuan_ws/build/turtlebot3_simulations -- -j2 -l2
[6.730s] DEBUG:colcon.colcon_core.event_handler.log_command:Invoking command in '/home/rcpsl/Zhao_Liyuan_ws/src/autoturtle': PYTHONPATH=/home/rcpsl/Zhao_Liyuan_ws/build/autoturtle/prefix_override:/home/rcpsl/Zhao_Liyuan_ws/install/autoturtle/lib/python3.10/site-packages:${PYTHONPATH} /usr/bin/python3 -W ignore:setup.py install is deprecated setup.py egg_info --egg-base ../../build/autoturtle build --build-base /home/rcpsl/Zhao_Liyuan_ws/build/autoturtle/build install --record /home/rcpsl/Zhao_Liyuan_ws/build/autoturtle/install.log --single-version-externally-managed install_data
[6.884s] DEBUG:colcon.colcon_core.event_handler.log_command:Invoked command in '/home/rcpsl/Zhao_Liyuan_ws/build/turtlebot3_simulations' returned '0': CMAKE_PREFIX_PATH=/home/rcpsl/Zhao_Liyuan_ws/install/turtlebot3_gazebo:/home/rcpsl/Zhao_Liyuan_ws/install/turtlebot3_fake_node:/home/rcpsl/Zhao_Liyuan_ws/install/turtlebot3_simulations:/home/rcpsl/Zhao_Liyuan_ws/install/autoturtle:/home/rcpsl/Zhao_Liyuan_ws/install/TurtleBot:/opt/ros/humble /usr/bin/cmake --build /home/rcpsl/Zhao_Liyuan_ws/build/turtlebot3_simulations -- -j2 -l2
[7.099s] DEBUG:colcon.colcon_core.event_handler.log_command:Invoking command in '/home/rcpsl/Zhao_Liyuan_ws/build/turtlebot3_simulations': CMAKE_PREFIX_PATH=/home/rcpsl/Zhao_Liyuan_ws/install/turtlebot3_gazebo:/home/rcpsl/Zhao_Liyuan_ws/install/turtlebot3_fake_node:/home/rcpsl/Zhao_Liyuan_ws/install/turtlebot3_simulations:/home/rcpsl/Zhao_Liyuan_ws/install/autoturtle:/home/rcpsl/Zhao_Liyuan_ws/install/TurtleBot:/opt/ros/humble /usr/bin/cmake --install /home/rcpsl/Zhao_Liyuan_ws/build/turtlebot3_simulations
[7.168s] Level 1:colcon.colcon_core.environment:create_environment_scripts_only(turtlebot3_simulations)
[7.169s] Level 1:colcon.colcon_core.environment:checking '/home/rcpsl/Zhao_Liyuan_ws/install/turtlebot3_simulations' for CMake module files
[7.170s] DEBUG:colcon.colcon_core.event_handler.log_command:Invoked command in '/home/rcpsl/Zhao_Liyuan_ws/build/turtlebot3_simulations' returned '0': CMAKE_PREFIX_PATH=/home/rcpsl/Zhao_Liyuan_ws/install/turtlebot3_gazebo:/home/rcpsl/Zhao_Liyuan_ws/install/turtlebot3_fake_node:/home/rcpsl/Zhao_Liyuan_ws/install/turtlebot3_simulations:/home/rcpsl/Zhao_Liyuan_ws/install/autoturtle:/home/rcpsl/Zhao_Liyuan_ws/install/TurtleBot:/opt/ros/humble /usr/bin/cmake --install /home/rcpsl/Zhao_Liyuan_ws/build/turtlebot3_simulations
[7.171s] Level 1:colcon.colcon_core.environment:checking '/home/rcpsl/Zhao_Liyuan_ws/install/turtlebot3_simulations' for CMake config files
[7.171s] Level 1:colcon.colcon_core.shell:create_environment_hook('turtlebot3_simulations', 'cmake_prefix_path')
[7.172s] INFO:colcon.colcon_core.shell:Creating environment hook '/home/rcpsl/Zhao_Liyuan_ws/install/turtlebot3_simulations/share/turtlebot3_simulations/hook/cmake_prefix_path.ps1'
[7.173s] INFO:colcon.colcon_core.shell:Creating environment descriptor '/home/rcpsl/Zhao_Liyuan_ws/install/turtlebot3_simulations/share/turtlebot3_simulations/hook/cmake_prefix_path.dsv'
[7.174s] INFO:colcon.colcon_core.shell:Creating environment hook '/home/rcpsl/Zhao_Liyuan_ws/install/turtlebot3_simulations/share/turtlebot3_simulations/hook/cmake_prefix_path.sh'
[7.184s] Level 1:colcon.colcon_core.environment:checking '/home/rcpsl/Zhao_Liyuan_ws/install/turtlebot3_simulations/bin'
[7.184s] Level 1:colcon.colcon_core.environment:checking '/home/rcpsl/Zhao_Liyuan_ws/install/turtlebot3_simulations/lib/pkgconfig/turtlebot3_simulations.pc'
[7.184s] Level 1:colcon.colcon_core.environment:checking '/home/rcpsl/Zhao_Liyuan_ws/install/turtlebot3_simulations/lib/python3.10/site-packages'
[7.185s] Level 1:colcon.colcon_core.environment:checking '/home/rcpsl/Zhao_Liyuan_ws/install/turtlebot3_simulations/bin'
[7.185s] INFO:colcon.colcon_core.shell:Creating package script '/home/rcpsl/Zhao_Liyuan_ws/install/turtlebot3_simulations/share/turtlebot3_simulations/package.ps1'
[7.186s] INFO:colcon.colcon_core.shell:Creating package descriptor '/home/rcpsl/Zhao_Liyuan_ws/install/turtlebot3_simulations/share/turtlebot3_simulations/package.dsv'
[7.188s] INFO:colcon.colcon_core.shell:Creating package script '/home/rcpsl/Zhao_Liyuan_ws/install/turtlebot3_simulations/share/turtlebot3_simulations/package.sh'
[7.199s] INFO:colcon.colcon_core.shell:Creating package script '/home/rcpsl/Zhao_Liyuan_ws/install/turtlebot3_simulations/share/turtlebot3_simulations/package.bash'
[7.200s] INFO:colcon.colcon_core.shell:Creating package script '/home/rcpsl/Zhao_Liyuan_ws/install/turtlebot3_simulations/share/turtlebot3_simulations/package.zsh'
[7.201s] Level 1:colcon.colcon_core.environment:create_file_with_runtime_dependencies(/home/rcpsl/Zhao_Liyuan_ws/install/turtlebot3_simulations/share/colcon-core/packages/turtlebot3_simulations)
[7.447s] Level 1:colcon.colcon_core.environment:create_environment_scripts_only(turtlebot3_simulations)
[7.448s] Level 1:colcon.colcon_core.environment:checking '/home/rcpsl/Zhao_Liyuan_ws/install/turtlebot3_simulations' for CMake module files
[7.449s] Level 1:colcon.colcon_core.environment:checking '/home/rcpsl/Zhao_Liyuan_ws/install/turtlebot3_simulations' for CMake config files
[7.450s] Level 1:colcon.colcon_core.shell:create_environment_hook('turtlebot3_simulations', 'cmake_prefix_path')
[7.450s] INFO:colcon.colcon_core.shell:Creating environment hook '/home/rcpsl/Zhao_Liyuan_ws/install/turtlebot3_simulations/share/turtlebot3_simulations/hook/cmake_prefix_path.ps1'
[7.451s] INFO:colcon.colcon_core.shell:Creating environment descriptor '/home/rcpsl/Zhao_Liyuan_ws/install/turtlebot3_simulations/share/turtlebot3_simulations/hook/cmake_prefix_path.dsv'
[7.452s] INFO:colcon.colcon_core.shell:Creating environment hook '/home/rcpsl/Zhao_Liyuan_ws/install/turtlebot3_simulations/share/turtlebot3_simulations/hook/cmake_prefix_path.sh'
[7.454s] Level 1:colcon.colcon_core.environment:checking '/home/rcpsl/Zhao_Liyuan_ws/install/turtlebot3_simulations/bin'
[7.454s] Level 1:colcon.colcon_core.environment:checking '/home/rcpsl/Zhao_Liyuan_ws/install/turtlebot3_simulations/lib/pkgconfig/turtlebot3_simulations.pc'
[7.454s] Level 1:colcon.colcon_core.environment:checking '/home/rcpsl/Zhao_Liyuan_ws/install/turtlebot3_simulations/lib/python3.10/site-packages'
[7.455s] Level 1:colcon.colcon_core.environment:checking '/home/rcpsl/Zhao_Liyuan_ws/install/turtlebot3_simulations/bin'
[7.464s] INFO:colcon.colcon_core.shell:Creating package script '/home/rcpsl/Zhao_Liyuan_ws/install/turtlebot3_simulations/share/turtlebot3_simulations/package.ps1'
[7.466s] INFO:colcon.colcon_core.shell:Creating package descriptor '/home/rcpsl/Zhao_Liyuan_ws/install/turtlebot3_simulations/share/turtlebot3_simulations/package.dsv'
[7.468s] INFO:colcon.colcon_core.shell:Creating package script '/home/rcpsl/Zhao_Liyuan_ws/install/turtlebot3_simulations/share/turtlebot3_simulations/package.sh'
[7.469s] INFO:colcon.colcon_core.shell:Creating package script '/home/rcpsl/Zhao_Liyuan_ws/install/turtlebot3_simulations/share/turtlebot3_simulations/package.bash'
[7.477s] INFO:colcon.colcon_core.shell:Creating package script '/home/rcpsl/Zhao_Liyuan_ws/install/turtlebot3_simulations/share/turtlebot3_simulations/package.zsh'
[7.479s] Level 1:colcon.colcon_core.environment:create_file_with_runtime_dependencies(/home/rcpsl/Zhao_Liyuan_ws/install/turtlebot3_simulations/share/colcon-core/packages/turtlebot3_simulations)
[7.840s] Level 1:colcon.colcon_core.environment:checking '/home/rcpsl/Zhao_Liyuan_ws/install/autoturtle' for CMake module files
[7.842s] Level 1:colcon.colcon_core.environment:checking '/home/rcpsl/Zhao_Liyuan_ws/install/autoturtle' for CMake config files
[7.843s] Level 1:colcon.colcon_core.environment:checking '/home/rcpsl/Zhao_Liyuan_ws/install/autoturtle/lib'
[7.843s] Level 1:colcon.colcon_core.environment:checking '/home/rcpsl/Zhao_Liyuan_ws/install/autoturtle/bin'
[7.844s] Level 1:colcon.colcon_core.environment:checking '/home/rcpsl/Zhao_Liyuan_ws/install/autoturtle/lib/pkgconfig/autoturtle.pc'
[7.844s] Level 1:colcon.colcon_core.environment:checking '/home/rcpsl/Zhao_Liyuan_ws/install/autoturtle/lib/python3.10/site-packages'
[7.844s] Level 1:colcon.colcon_core.shell:create_environment_hook('autoturtle', 'pythonpath')
[7.845s] INFO:colcon.colcon_core.shell:Creating environment hook '/home/rcpsl/Zhao_Liyuan_ws/install/autoturtle/share/autoturtle/hook/pythonpath.ps1'
[7.846s] INFO:colcon.colcon_core.shell:Creating environment descriptor '/home/rcpsl/Zhao_Liyuan_ws/install/autoturtle/share/autoturtle/hook/pythonpath.dsv'
[7.847s] INFO:colcon.colcon_core.shell:Creating environment hook '/home/rcpsl/Zhao_Liyuan_ws/install/autoturtle/share/autoturtle/hook/pythonpath.sh'
[7.849s] Level 1:colcon.colcon_core.environment:checking '/home/rcpsl/Zhao_Liyuan_ws/install/autoturtle/bin'
[7.850s] DEBUG:colcon.colcon_core.event_handler.log_command:Invoked command in '/home/rcpsl/Zhao_Liyuan_ws/src/autoturtle' returned '0': PYTHONPATH=/home/rcpsl/Zhao_Liyuan_ws/build/autoturtle/prefix_override:/home/rcpsl/Zhao_Liyuan_ws/install/autoturtle/lib/python3.10/site-packages:${PYTHONPATH} /usr/bin/python3 -W ignore:setup.py install is deprecated setup.py egg_info --egg-base ../../build/autoturtle build --build-base /home/rcpsl/Zhao_Liyuan_ws/build/autoturtle/build install --record /home/rcpsl/Zhao_Liyuan_ws/build/autoturtle/install.log --single-version-externally-managed install_data
[7.855s] Level 1:colcon.colcon_core.environment:create_environment_scripts_only(autoturtle)
[7.856s] INFO:colcon.colcon_core.shell:Creating package script '/home/rcpsl/Zhao_Liyuan_ws/install/autoturtle/share/autoturtle/package.ps1'
[7.858s] INFO:colcon.colcon_core.shell:Creating package descriptor '/home/rcpsl/Zhao_Liyuan_ws/install/autoturtle/share/autoturtle/package.dsv'
[7.859s] INFO:colcon.colcon_core.shell:Creating package script '/home/rcpsl/Zhao_Liyuan_ws/install/autoturtle/share/autoturtle/package.sh'
[7.861s] INFO:colcon.colcon_core.shell:Creating package script '/home/rcpsl/Zhao_Liyuan_ws/install/autoturtle/share/autoturtle/package.bash'
[7.863s] INFO:colcon.colcon_core.shell:Creating package script '/home/rcpsl/Zhao_Liyuan_ws/install/autoturtle/share/autoturtle/package.zsh'
[7.864s] Level 1:colcon.colcon_core.environment:create_file_with_runtime_dependencies(/home/rcpsl/Zhao_Liyuan_ws/install/autoturtle/share/colcon-core/packages/autoturtle)
[7.865s] DEBUG:colcon.colcon_parallel_executor.executor.parallel:closing loop
[7.874s] DEBUG:colcon.colcon_parallel_executor.executor.parallel:loop closed
[7.874s] DEBUG:colcon.colcon_parallel_executor.executor.parallel:run_until_complete finished with '0'
[7.874s] DEBUG:colcon.colcon_core.event_reactor:joining thread
[7.896s] INFO:colcon.colcon_core.plugin_system:Skipping extension 'colcon_notification.desktop_notification.terminal_notifier': Not used on non-Darwin systems
[7.896s] INFO:colcon.colcon_core.plugin_system:Skipping extension 'colcon_notification.desktop_notification.win32': Not used on non-Windows systems
[7.897s] INFO:colcon.colcon_notification.desktop_notification:Sending desktop notification using 'notify2'
[7.943s] DEBUG:colcon.colcon_core.event_reactor:joined thread
[7.943s] INFO:colcon.colcon_core.shell:Creating prefix script '/home/rcpsl/Zhao_Liyuan_ws/install/local_setup.ps1'
[7.946s] INFO:colcon.colcon_core.shell:Creating prefix util module '/home/rcpsl/Zhao_Liyuan_ws/install/_local_setup_util_ps1.py'
[7.949s] INFO:colcon.colcon_core.shell:Creating prefix chain script '/home/rcpsl/Zhao_Liyuan_ws/install/setup.ps1'
[7.952s] INFO:colcon.colcon_core.shell:Creating prefix script '/home/rcpsl/Zhao_Liyuan_ws/install/local_setup.sh'
[7.953s] INFO:colcon.colcon_core.shell:Creating prefix util module '/home/rcpsl/Zhao_Liyuan_ws/install/_local_setup_util_sh.py'
[7.954s] INFO:colcon.colcon_core.shell:Creating prefix chain script '/home/rcpsl/Zhao_Liyuan_ws/install/setup.sh'
[7.964s] INFO:colcon.colcon_core.shell:Creating prefix script '/home/rcpsl/Zhao_Liyuan_ws/install/local_setup.bash'
[7.964s] INFO:colcon.colcon_core.shell:Creating prefix chain script '/home/rcpsl/Zhao_Liyuan_ws/install/setup.bash'
[7.966s] INFO:colcon.colcon_core.shell:Creating prefix script '/home/rcpsl/Zhao_Liyuan_ws/install/local_setup.zsh'
[7.967s] INFO:colcon.colcon_core.shell:Creating prefix chain script '/home/rcpsl/Zhao_Liyuan_ws/install/setup.zsh'
