[2.703s] Invoking command in '/home/rcpsl/Zhao_Liyuan_ws/src/autoturtle': PYTHONPATH=/home/rcpsl/Zhao_Liyuan_ws/build/autoturtle/prefix_override:/home/rcpsl/Zhao_Liyuan_ws/install/autoturtle/lib/python3.10/site-packages:${PYTHONPATH} /usr/bin/python3 -W ignore:setup.py install is deprecated setup.py egg_info --egg-base ../../build/autoturtle build --build-base /home/rcpsl/Zhao_Liyuan_ws/build/autoturtle/build install --record /home/rcpsl/Zhao_Liyuan_ws/build/autoturtle/install.log --single-version-externally-managed install_data
[3.703s] running egg_info
[3.704s] writing ../../build/autoturtle/autoturtle.egg-info/PKG-INFO
[3.706s] writing dependency_links to ../../build/autoturtle/autoturtle.egg-info/dependency_links.txt
[3.707s] writing entry points to ../../build/autoturtle/autoturtle.egg-info/entry_points.txt
[3.707s] writing requirements to ../../build/autoturtle/autoturtle.egg-info/requires.txt
[3.708s] writing top-level names to ../../build/autoturtle/autoturtle.egg-info/top_level.txt
[3.711s] reading manifest file '../../build/autoturtle/autoturtle.egg-info/SOURCES.txt'
[3.716s] writing manifest file '../../build/autoturtle/autoturtle.egg-info/SOURCES.txt'
[3.717s] running build
[3.717s] running build_py
[3.717s] running install
[3.718s] running install_lib
[3.725s] running install_data
[3.725s] running install_egg_info
[3.730s] removing '/home/rcpsl/Zhao_Liyuan_ws/install/autoturtle/lib/python3.10/site-packages/autoturtle-0.0.0-py3.10.egg-info' (and everything under it)
[3.731s] Copying ../../build/autoturtle/autoturtle.egg-info to /home/rcpsl/Zhao_Liyuan_ws/install/autoturtle/lib/python3.10/site-packages/autoturtle-0.0.0-py3.10.egg-info
[3.733s] running install_scripts
[3.804s] Installing listener script to /home/rcpsl/Zhao_Liyuan_ws/install/autoturtle/lib/autoturtle
[3.805s] Installing my_teleop_node script to /home/rcpsl/Zhao_Liyuan_ws/install/autoturtle/lib/autoturtle
[3.806s] Installing swim_node script to /home/rcpsl/Zhao_Liyuan_ws/install/autoturtle/lib/autoturtle
[3.807s] Installing swim_to_goal script to /home/rcpsl/Zhao_Liyuan_ws/install/autoturtle/lib/autoturtle
[3.807s] Installing test script to /home/rcpsl/Zhao_Liyuan_ws/install/autoturtle/lib/autoturtle
[3.808s] Installing test2 script to /home/rcpsl/Zhao_Liyuan_ws/install/autoturtle/lib/autoturtle
[3.808s] Installing two_circle_8shape script to /home/rcpsl/Zhao_Liyuan_ws/install/autoturtle/lib/autoturtle
[3.809s] writing list of installed files to '/home/rcpsl/Zhao_Liyuan_ws/build/autoturtle/install.log'
[3.860s] Invoked command in '/home/rcpsl/Zhao_Liyuan_ws/src/autoturtle' returned '0': PYTHONPATH=/home/rcpsl/Zhao_Liyuan_ws/build/autoturtle/prefix_override:/home/rcpsl/Zhao_Liyuan_ws/install/autoturtle/lib/python3.10/site-packages:${PYTHONPATH} /usr/bin/python3 -W ignore:setup.py install is deprecated setup.py egg_info --egg-base ../../build/autoturtle build --build-base /home/rcpsl/Zhao_Liyuan_ws/build/autoturtle/build install --record /home/rcpsl/Zhao_Liyuan_ws/build/autoturtle/install.log --single-version-externally-managed install_data
