[4.328s] Invoking command in '/home/rcpsl/Zhao_Liyuan_ws/src/TurtleBot': PYTHONPATH=/home/rcpsl/Zhao_Liyuan_ws/build/TurtleBot/prefix_override:/home/rcpsl/Zhao_Liyuan_ws/install/TurtleBot/lib/python3.10/site-packages:${PYTHONPATH} /usr/bin/python3 -W ignore:setup.py install is deprecated setup.py egg_info --egg-base ../../build/TurtleBot build --build-base /home/rcpsl/Zhao_Liyuan_ws/build/TurtleBot/build install --record /home/rcpsl/Zhao_Liyuan_ws/build/TurtleBot/install.log --single-version-externally-managed install_data
[6.445s] running egg_info
[6.447s] writing ../../build/TurtleBot/TurtleBot.egg-info/PKG-INFO
[6.453s] writing dependency_links to ../../build/TurtleBot/TurtleBot.egg-info/dependency_links.txt
[6.454s] writing entry points to ../../build/TurtleBot/TurtleBot.egg-info/entry_points.txt
[6.552s] writing requirements to ../../build/TurtleBot/TurtleBot.egg-info/requires.txt
[6.554s] writing top-level names to ../../build/TurtleBot/TurtleBot.egg-info/top_level.txt
[6.576s] reading manifest file '../../build/TurtleBot/TurtleBot.egg-info/SOURCES.txt'
[6.582s] writing manifest file '../../build/TurtleBot/TurtleBot.egg-info/SOURCES.txt'
[6.583s] running build
[6.583s] running build_py
[6.594s] running install
[6.595s] running install_lib
[6.608s] running install_data
[6.609s] running install_egg_info
[6.618s] removing '/home/rcpsl/Zhao_Liyuan_ws/install/TurtleBot/lib/python3.10/site-packages/TurtleBot-0.0.0-py3.10.egg-info' (and everything under it)
[6.624s] Copying ../../build/TurtleBot/TurtleBot.egg-info to /home/rcpsl/Zhao_Liyuan_ws/install/TurtleBot/lib/python3.10/site-packages/TurtleBot-0.0.0-py3.10.egg-info
[6.644s] running install_scripts
[6.792s] Installing PID_Controller script to /home/rcpsl/Zhao_Liyuan_ws/install/TurtleBot/lib/TurtleBot
[6.794s] Installing control script to /home/rcpsl/Zhao_Liyuan_ws/install/TurtleBot/lib/TurtleBot
[6.800s] writing list of installed files to '/home/rcpsl/Zhao_Liyuan_ws/build/TurtleBot/install.log'
[6.940s] Invoked command in '/home/rcpsl/Zhao_Liyuan_ws/src/TurtleBot' returned '0': PYTHONPATH=/home/rcpsl/Zhao_Liyuan_ws/build/TurtleBot/prefix_override:/home/rcpsl/Zhao_Liyuan_ws/install/TurtleBot/lib/python3.10/site-packages:${PYTHONPATH} /usr/bin/python3 -W ignore:setup.py install is deprecated setup.py egg_info --egg-base ../../build/TurtleBot build --build-base /home/rcpsl/Zhao_Liyuan_ws/build/TurtleBot/build install --record /home/rcpsl/Zhao_Liyuan_ws/build/TurtleBot/install.log --single-version-externally-managed install_data
