[5.550s] Invoking command in '/home/rcpsl/Zhao_Liyuan_ws/src/TurtleBot': PYTHONPATH=/home/rcpsl/Zhao_Liyuan_ws/build/TurtleBot/prefix_override:/home/rcpsl/Zhao_Liyuan_ws/install/TurtleBot/lib/python3.10/site-packages:${PYTHONPATH} /usr/bin/python3 -W ignore:setup.py install is deprecated setup.py egg_info --egg-base ../../build/TurtleBot build --build-base /home/rcpsl/Zhao_Liyuan_ws/build/TurtleBot/build install --record /home/rcpsl/Zhao_Liyuan_ws/build/TurtleBot/install.log --single-version-externally-managed install_data
[7.331s] running egg_info
[7.343s] writing ../../build/TurtleBot/TurtleBot.egg-info/PKG-INFO
[7.343s] writing dependency_links to ../../build/TurtleBot/TurtleBot.egg-info/dependency_links.txt
[7.344s] writing entry points to ../../build/TurtleBot/TurtleBot.egg-info/entry_points.txt
[7.351s] writing requirements to ../../build/TurtleBot/TurtleBot.egg-info/requires.txt
[7.351s] writing top-level names to ../../build/TurtleBot/TurtleBot.egg-info/top_level.txt
[7.363s] reading manifest file '../../build/TurtleBot/TurtleBot.egg-info/SOURCES.txt'
[7.375s] writing manifest file '../../build/TurtleBot/TurtleBot.egg-info/SOURCES.txt'
[7.375s] running build
[7.375s] running build_py
[7.387s] running install
[7.387s] running install_lib
[7.407s] running install_data
[7.407s] running install_egg_info
[7.408s] removing '/home/rcpsl/Zhao_Liyuan_ws/install/TurtleBot/lib/python3.10/site-packages/TurtleBot-0.0.0-py3.10.egg-info' (and everything under it)
[7.419s] Copying ../../build/TurtleBot/TurtleBot.egg-info to /home/rcpsl/Zhao_Liyuan_ws/install/TurtleBot/lib/python3.10/site-packages/TurtleBot-0.0.0-py3.10.egg-info
[7.431s] running install_scripts
[7.599s] Installing Motion_Planner script to /home/rcpsl/Zhao_Liyuan_ws/install/TurtleBot/lib/TurtleBot
[7.599s] Installing Motion_Planner_LAB3 script to /home/rcpsl/Zhao_Liyuan_ws/install/TurtleBot/lib/TurtleBot
[7.599s] Installing Motion_Planner_LAB4 script to /home/rcpsl/Zhao_Liyuan_ws/install/TurtleBot/lib/TurtleBot
[7.599s] Installing PID_Controller script to /home/rcpsl/Zhao_Liyuan_ws/install/TurtleBot/lib/TurtleBot
[7.600s] Installing PID_Controller_LAB3 script to /home/rcpsl/Zhao_Liyuan_ws/install/TurtleBot/lib/TurtleBot
[7.600s] Installing RRT_node script to /home/rcpsl/Zhao_Liyuan_ws/install/TurtleBot/lib/TurtleBot
[7.600s] Installing RRT_node_LAB4 script to /home/rcpsl/Zhao_Liyuan_ws/install/TurtleBot/lib/TurtleBot
[7.601s] Installing new1 script to /home/rcpsl/Zhao_Liyuan_ws/install/TurtleBot/lib/TurtleBot
[7.602s] Installing new2 script to /home/rcpsl/Zhao_Liyuan_ws/install/TurtleBot/lib/TurtleBot
[7.619s] Installing test script to /home/rcpsl/Zhao_Liyuan_ws/install/TurtleBot/lib/TurtleBot
[7.619s] Installing test2 script to /home/rcpsl/Zhao_Liyuan_ws/install/TurtleBot/lib/TurtleBot
[7.619s] writing list of installed files to '/home/rcpsl/Zhao_Liyuan_ws/build/TurtleBot/install.log'
[7.767s] Invoked command in '/home/rcpsl/Zhao_Liyuan_ws/src/TurtleBot' returned '0': PYTHONPATH=/home/rcpsl/Zhao_Liyuan_ws/build/TurtleBot/prefix_override:/home/rcpsl/Zhao_Liyuan_ws/install/TurtleBot/lib/python3.10/site-packages:${PYTHONPATH} /usr/bin/python3 -W ignore:setup.py install is deprecated setup.py egg_info --egg-base ../../build/TurtleBot build --build-base /home/rcpsl/Zhao_Liyuan_ws/build/TurtleBot/build install --record /home/rcpsl/Zhao_Liyuan_ws/build/TurtleBot/install.log --single-version-externally-managed install_data
