[1.852s] Invoking command in '/home/rcpsl/Zhao_Liyuan_ws/autoturtle': PYTHONPATH=/home/rcpsl/Zhao_Liyuan_ws/build/autoturtle/prefix_override:/home/rcpsl/Zhao_Liyuan_ws/install/autoturtle/lib/python3.10/site-packages:${PYTHONPATH} /usr/bin/python3 -W ignore:setup.py install is deprecated setup.py egg_info --egg-base ../build/autoturtle build --build-base /home/rcpsl/Zhao_Liyuan_ws/build/autoturtle/build install --record /home/rcpsl/Zhao_Liyuan_ws/build/autoturtle/install.log --single-version-externally-managed install_data
[2.593s] running egg_info
[2.594s] writing ../build/autoturtle/autoturtle.egg-info/PKG-INFO
[2.595s] writing dependency_links to ../build/autoturtle/autoturtle.egg-info/dependency_links.txt
[2.596s] writing entry points to ../build/autoturtle/autoturtle.egg-info/entry_points.txt
[2.597s] writing requirements to ../build/autoturtle/autoturtle.egg-info/requires.txt
[2.598s] writing top-level names to ../build/autoturtle/autoturtle.egg-info/top_level.txt
[2.603s] reading manifest file '../build/autoturtle/autoturtle.egg-info/SOURCES.txt'
[2.605s] writing manifest file '../build/autoturtle/autoturtle.egg-info/SOURCES.txt'
[2.606s] running build
[2.606s] running build_py
[2.607s] copying autoturtle/swim_node.py -> /home/rcpsl/Zhao_Liyuan_ws/build/autoturtle/build/lib/autoturtle
[2.607s] running install
[2.608s] running install_lib
[2.610s] copying /home/rcpsl/Zhao_Liyuan_ws/build/autoturtle/build/lib/autoturtle/swim_node.py -> /home/rcpsl/Zhao_Liyuan_ws/install/autoturtle/lib/python3.10/site-packages/autoturtle
[2.612s] byte-compiling /home/rcpsl/Zhao_Liyuan_ws/install/autoturtle/lib/python3.10/site-packages/autoturtle/swim_node.py to swim_node.cpython-310.pyc
[2.615s] running install_data
[2.615s] running install_egg_info
[2.624s] removing '/home/rcpsl/Zhao_Liyuan_ws/install/autoturtle/lib/python3.10/site-packages/autoturtle-0.0.0-py3.10.egg-info' (and everything under it)
[2.625s] Copying ../build/autoturtle/autoturtle.egg-info to /home/rcpsl/Zhao_Liyuan_ws/install/autoturtle/lib/python3.10/site-packages/autoturtle-0.0.0-py3.10.egg-info
[2.628s] running install_scripts
[2.682s] Installing listener script to /home/rcpsl/Zhao_Liyuan_ws/install/autoturtle/lib/autoturtle
[2.683s] Installing talker script to /home/rcpsl/Zhao_Liyuan_ws/install/autoturtle/lib/autoturtle
[2.685s] writing list of installed files to '/home/rcpsl/Zhao_Liyuan_ws/build/autoturtle/install.log'
[2.733s] Invoked command in '/home/rcpsl/Zhao_Liyuan_ws/autoturtle' returned '0': PYTHONPATH=/home/rcpsl/Zhao_Liyuan_ws/build/autoturtle/prefix_override:/home/rcpsl/Zhao_Liyuan_ws/install/autoturtle/lib/python3.10/site-packages:${PYTHONPATH} /usr/bin/python3 -W ignore:setup.py install is deprecated setup.py egg_info --egg-base ../build/autoturtle build --build-base /home/rcpsl/Zhao_Liyuan_ws/build/autoturtle/build install --record /home/rcpsl/Zhao_Liyuan_ws/build/autoturtle/install.log --single-version-externally-managed install_data
