/home/rcpsl/Zhao_Liyuan_ws/install/autoturtle/lib/python3.10/site-packages/autoturtle/swim_to_goal.py
/home/rcpsl/Zhao_Liyuan_ws/install/autoturtle/lib/python3.10/site-packages/autoturtle/my_teleop_node.py
/home/rcpsl/Zhao_Liyuan_ws/install/autoturtle/lib/python3.10/site-packages/autoturtle/__init__.py
/home/rcpsl/Zhao_Liyuan_ws/install/autoturtle/lib/python3.10/site-packages/autoturtle/two_circle_8shape.py
/home/rcpsl/Zhao_Liyuan_ws/install/autoturtle/lib/python3.10/site-packages/autoturtle/swim_node.py
/home/rcpsl/Zhao_Liyuan_ws/install/autoturtle/lib/python3.10/site-packages/autoturtle/__pycache__/swim_to_goal.cpython-310.pyc
/home/rcpsl/Zhao_Liyuan_ws/install/autoturtle/lib/python3.10/site-packages/autoturtle/__pycache__/my_teleop_node.cpython-310.pyc
/home/rcpsl/Zhao_Liyuan_ws/install/autoturtle/lib/python3.10/site-packages/autoturtle/__pycache__/__init__.cpython-310.pyc
/home/rcpsl/Zhao_Liyuan_ws/install/autoturtle/lib/python3.10/site-packages/autoturtle/__pycache__/two_circle_8shape.cpython-310.pyc
/home/rcpsl/Zhao_Liyuan_ws/install/autoturtle/lib/python3.10/site-packages/autoturtle/__pycache__/swim_node.cpython-310.pyc
/home/rcpsl/Zhao_Liyuan_ws/install/autoturtle/share/ament_index/resource_index/packages/autoturtle
/home/rcpsl/Zhao_Liyuan_ws/install/autoturtle/share/autoturtle/package.xml
/home/rcpsl/Zhao_Liyuan_ws/install/autoturtle/lib/python3.10/site-packages/autoturtle-0.0.0-py3.10.egg-info/SOURCES.txt
/home/rcpsl/Zhao_Liyuan_ws/install/autoturtle/lib/python3.10/site-packages/autoturtle-0.0.0-py3.10.egg-info/zip-safe
/home/rcpsl/Zhao_Liyuan_ws/install/autoturtle/lib/python3.10/site-packages/autoturtle-0.0.0-py3.10.egg-info/requires.txt
/home/rcpsl/Zhao_Liyuan_ws/install/autoturtle/lib/python3.10/site-packages/autoturtle-0.0.0-py3.10.egg-info/dependency_links.txt
/home/rcpsl/Zhao_Liyuan_ws/install/autoturtle/lib/python3.10/site-packages/autoturtle-0.0.0-py3.10.egg-info/top_level.txt
/home/rcpsl/Zhao_Liyuan_ws/install/autoturtle/lib/python3.10/site-packages/autoturtle-0.0.0-py3.10.egg-info/entry_points.txt
/home/rcpsl/Zhao_Liyuan_ws/install/autoturtle/lib/python3.10/site-packages/autoturtle-0.0.0-py3.10.egg-info/PKG-INFO
/home/rcpsl/Zhao_Liyuan_ws/install/autoturtle/lib/autoturtle/listener
/home/rcpsl/Zhao_Liyuan_ws/install/autoturtle/lib/autoturtle/my_teleop_node
/home/rcpsl/Zhao_Liyuan_ws/install/autoturtle/lib/autoturtle/swim_node
/home/rcpsl/Zhao_Liyuan_ws/install/autoturtle/lib/autoturtle/swim_to_goal
/home/rcpsl/Zhao_Liyuan_ws/install/autoturtle/lib/autoturtle/test
/home/rcpsl/Zhao_Liyuan_ws/install/autoturtle/lib/autoturtle/test2
/home/rcpsl/Zhao_Liyuan_ws/install/autoturtle/lib/autoturtle/two_circle_8shape
