[3.893s] Invoking command in '/home/rcpsl/Zhao_Liyuan_ws/src/autoturtle': PYTHONPATH=/home/rcpsl/Zhao_Liyuan_ws/build/autoturtle/prefix_override:/home/rcpsl/Zhao_Liyuan_ws/install/autoturtle/lib/python3.10/site-packages:${PYTHONPATH} /usr/bin/python3 -W ignore:setup.py install is deprecated setup.py egg_info --egg-base ../../build/autoturtle build --build-base /home/rcpsl/Zhao_Liyuan_ws/build/autoturtle/build install --record /home/rcpsl/Zhao_Liyuan_ws/build/autoturtle/install.log --single-version-externally-managed install_data
[5.234s] running egg_info
[5.237s] writing ../../build/autoturtle/autoturtle.egg-info/PKG-INFO
[5.239s] writing dependency_links to ../../build/autoturtle/autoturtle.egg-info/dependency_links.txt
[5.241s] writing entry points to ../../build/autoturtle/autoturtle.egg-info/entry_points.txt
[5.243s] writing requirements to ../../build/autoturtle/autoturtle.egg-info/requires.txt
[5.244s] writing top-level names to ../../build/autoturtle/autoturtle.egg-info/top_level.txt
[5.253s] reading manifest file '../../build/autoturtle/autoturtle.egg-info/SOURCES.txt'
[5.256s] writing manifest file '../../build/autoturtle/autoturtle.egg-info/SOURCES.txt'
[5.257s] running build
[5.257s] running build_py
[5.259s] running install
[5.260s] running install_lib
[5.271s] running install_data
[5.272s] running install_egg_info
[5.284s] removing '/home/rcpsl/Zhao_Liyuan_ws/install/autoturtle/lib/python3.10/site-packages/autoturtle-0.0.0-py3.10.egg-info' (and everything under it)
[5.285s] Copying ../../build/autoturtle/autoturtle.egg-info to /home/rcpsl/Zhao_Liyuan_ws/install/autoturtle/lib/python3.10/site-packages/autoturtle-0.0.0-py3.10.egg-info
[5.288s] running install_scripts
[5.362s] Installing listener script to /home/rcpsl/Zhao_Liyuan_ws/install/autoturtle/lib/autoturtle
[5.364s] Installing my_teleop_node script to /home/rcpsl/Zhao_Liyuan_ws/install/autoturtle/lib/autoturtle
[5.364s] Installing swim_node script to /home/rcpsl/Zhao_Liyuan_ws/install/autoturtle/lib/autoturtle
[5.365s] Installing swim_to_goal script to /home/rcpsl/Zhao_Liyuan_ws/install/autoturtle/lib/autoturtle
[5.366s] Installing test script to /home/rcpsl/Zhao_Liyuan_ws/install/autoturtle/lib/autoturtle
[5.371s] Installing test2 script to /home/rcpsl/Zhao_Liyuan_ws/install/autoturtle/lib/autoturtle
[5.372s] Installing two_circle_8shape script to /home/rcpsl/Zhao_Liyuan_ws/install/autoturtle/lib/autoturtle
[5.373s] writing list of installed files to '/home/rcpsl/Zhao_Liyuan_ws/build/autoturtle/install.log'
[5.442s] Invoked command in '/home/rcpsl/Zhao_Liyuan_ws/src/autoturtle' returned '0': PYTHONPATH=/home/rcpsl/Zhao_Liyuan_ws/build/autoturtle/prefix_override:/home/rcpsl/Zhao_Liyuan_ws/install/autoturtle/lib/python3.10/site-packages:${PYTHONPATH} /usr/bin/python3 -W ignore:setup.py install is deprecated setup.py egg_info --egg-base ../../build/autoturtle build --build-base /home/rcpsl/Zhao_Liyuan_ws/build/autoturtle/build install --record /home/rcpsl/Zhao_Liyuan_ws/build/autoturtle/install.log --single-version-externally-managed install_data
