[3.343s] Invoking command in '/home/rcpsl/Zhao_Liyuan_ws/src/autoturtle': PYTHONPATH=/home/rcpsl/Zhao_Liyuan_ws/build/autoturtle/prefix_override:/home/rcpsl/Zhao_Liyuan_ws/install/autoturtle/lib/python3.10/site-packages:${PYTHONPATH} /usr/bin/python3 -W ignore:setup.py install is deprecated setup.py egg_info --egg-base ../../build/autoturtle build --build-base /home/rcpsl/Zhao_Liyuan_ws/build/autoturtle/build install --record /home/rcpsl/Zhao_Liyuan_ws/build/autoturtle/install.log --single-version-externally-managed install_data
[4.459s] running egg_info
[4.460s] writing ../../build/autoturtle/autoturtle.egg-info/PKG-INFO
[4.462s] writing dependency_links to ../../build/autoturtle/autoturtle.egg-info/dependency_links.txt
[4.464s] writing entry points to ../../build/autoturtle/autoturtle.egg-info/entry_points.txt
[4.464s] writing requirements to ../../build/autoturtle/autoturtle.egg-info/requires.txt
[4.464s] writing top-level names to ../../build/autoturtle/autoturtle.egg-info/top_level.txt
[4.468s] reading manifest file '../../build/autoturtle/autoturtle.egg-info/SOURCES.txt'
[4.470s] writing manifest file '../../build/autoturtle/autoturtle.egg-info/SOURCES.txt'
[4.470s] running build
[4.471s] running build_py
[4.476s] running install
[4.477s] running install_lib
[4.481s] running install_data
[4.481s] running install_egg_info
[4.486s] removing '/home/rcpsl/Zhao_Liyuan_ws/install/autoturtle/lib/python3.10/site-packages/autoturtle-0.0.0-py3.10.egg-info' (and everything under it)
[4.487s] Copying ../../build/autoturtle/autoturtle.egg-info to /home/rcpsl/Zhao_Liyuan_ws/install/autoturtle/lib/python3.10/site-packages/autoturtle-0.0.0-py3.10.egg-info
[4.489s] running install_scripts
[4.548s] Installing listener script to /home/rcpsl/Zhao_Liyuan_ws/install/autoturtle/lib/autoturtle
[4.549s] Installing my_teleop_node script to /home/rcpsl/Zhao_Liyuan_ws/install/autoturtle/lib/autoturtle
[4.551s] Installing swim_node script to /home/rcpsl/Zhao_Liyuan_ws/install/autoturtle/lib/autoturtle
[4.552s] Installing swim_to_goal script to /home/rcpsl/Zhao_Liyuan_ws/install/autoturtle/lib/autoturtle
[4.553s] Installing test script to /home/rcpsl/Zhao_Liyuan_ws/install/autoturtle/lib/autoturtle
[4.554s] Installing test2 script to /home/rcpsl/Zhao_Liyuan_ws/install/autoturtle/lib/autoturtle
[4.554s] Installing two_circle_8shape script to /home/rcpsl/Zhao_Liyuan_ws/install/autoturtle/lib/autoturtle
[4.557s] writing list of installed files to '/home/rcpsl/Zhao_Liyuan_ws/build/autoturtle/install.log'
[4.606s] Invoked command in '/home/rcpsl/Zhao_Liyuan_ws/src/autoturtle' returned '0': PYTHONPATH=/home/rcpsl/Zhao_Liyuan_ws/build/autoturtle/prefix_override:/home/rcpsl/Zhao_Liyuan_ws/install/autoturtle/lib/python3.10/site-packages:${PYTHONPATH} /usr/bin/python3 -W ignore:setup.py install is deprecated setup.py egg_info --egg-base ../../build/autoturtle build --build-base /home/rcpsl/Zhao_Liyuan_ws/build/autoturtle/build install --record /home/rcpsl/Zhao_Liyuan_ws/build/autoturtle/install.log --single-version-externally-managed install_data
