[0.062s] Invoking command in '/home/rcpsl/Zhao_Liyuan_ws/build/turtlebot3_gazebo': CMAKE_PREFIX_PATH=${CMAKE_PREFIX_PATH}:/home/rcpsl/Zhao_Liyuan_ws/install/autoturtle:/home/rcpsl/Zhao_Liyuan_ws/install/TurtleBot:/opt/ros/humble /usr/bin/cmake --build /home/rcpsl/Zhao_Liyuan_ws/build/turtlebot3_gazebo -- -j2 -l2
[0.274s] [ 25%] Built target turtlebot3_drive
[0.419s] [ 50%] Built target obstacle1
[0.581s] [ 75%] Built target obstacle2
[0.726s] [100%] Built target obstacles
[1.453s] Invoked command in '/home/rcpsl/Zhao_Liyuan_ws/build/turtlebot3_gazebo' returned '0': CMAKE_PREFIX_PATH=${CMAKE_PREFIX_PATH}:/home/rcpsl/Zhao_Liyuan_ws/install/autoturtle:/home/rcpsl/Zhao_Liyuan_ws/install/TurtleBot:/opt/ros/humble /usr/bin/cmake --build /home/rcpsl/Zhao_Liyuan_ws/build/turtlebot3_gazebo -- -j2 -l2
[1.621s] Invoking command in '/home/rcpsl/Zhao_Liyuan_ws/build/turtlebot3_gazebo': CMAKE_PREFIX_PATH=${CMAKE_PREFIX_PATH}:/home/rcpsl/Zhao_Liyuan_ws/install/autoturtle:/home/rcpsl/Zhao_Liyuan_ws/install/TurtleBot:/opt/ros/humble /usr/bin/cmake --install /home/rcpsl/Zhao_Liyuan_ws/build/turtlebot3_gazebo
[1.650s] -- Install configuration: ""
[1.658s] -- Up-to-date: /home/rcpsl/Zhao_Liyuan_ws/install/turtlebot3_gazebo/lib/turtlebot3_gazebo/turtlebot3_drive
[1.659s] -- Up-to-date: /home/rcpsl/Zhao_Liyuan_ws/install/turtlebot3_gazebo/share/turtlebot3_gazebo//launch
[1.660s] -- Up-to-date: /home/rcpsl/Zhao_Liyuan_ws/install/turtlebot3_gazebo/share/turtlebot3_gazebo//launch/empty_world.launch.py
[1.661s] -- Up-to-date: /home/rcpsl/Zhao_Liyuan_ws/install/turtlebot3_gazebo/share/turtlebot3_gazebo//launch/robot_state_publisher.launch.py
[1.661s] -- Up-to-date: /home/rcpsl/Zhao_Liyuan_ws/install/turtlebot3_gazebo/share/turtlebot3_gazebo//launch/turtlebot3_world.launch.py
[1.663s] -- Up-to-date: /home/rcpsl/Zhao_Liyuan_ws/install/turtlebot3_gazebo/share/turtlebot3_gazebo//launch/turtlebot3_dqn_stage2.launch.py
[1.664s] -- Up-to-date: /home/rcpsl/Zhao_Liyuan_ws/install/turtlebot3_gazebo/share/turtlebot3_gazebo//launch/turtlebot3_dqn_stage1.launch.py
[1.664s] -- Up-to-date: /home/rcpsl/Zhao_Liyuan_ws/install/turtlebot3_gazebo/share/turtlebot3_gazebo//launch/turtlebot3_dqn_stage4.launch.py
[1.664s] -- Up-to-date: /home/rcpsl/Zhao_Liyuan_ws/install/turtlebot3_gazebo/share/turtlebot3_gazebo//launch/spawn_turtlebot3.launch.py
[1.664s] -- Up-to-date: /home/rcpsl/Zhao_Liyuan_ws/install/turtlebot3_gazebo/share/turtlebot3_gazebo//launch/turtlebot3_dqn_stage3.launch.py
[1.664s] -- Up-to-date: /home/rcpsl/Zhao_Liyuan_ws/install/turtlebot3_gazebo/share/turtlebot3_gazebo//launch/turtlebot3_house.launch.py
[1.664s] -- Up-to-date: /home/rcpsl/Zhao_Liyuan_ws/install/turtlebot3_gazebo/share/turtlebot3_gazebo//models
[1.665s] -- Up-to-date: /home/rcpsl/Zhao_Liyuan_ws/install/turtlebot3_gazebo/share/turtlebot3_gazebo//models/turtlebot3_house
[1.668s] -- Up-to-date: /home/rcpsl/Zhao_Liyuan_ws/install/turtlebot3_gazebo/share/turtlebot3_gazebo//models/turtlebot3_house/model.sdf
[1.668s] -- Up-to-date: /home/rcpsl/Zhao_Liyuan_ws/install/turtlebot3_gazebo/share/turtlebot3_gazebo//models/turtlebot3_house/model.config
[1.668s] -- Up-to-date: /home/rcpsl/Zhao_Liyuan_ws/install/turtlebot3_gazebo/share/turtlebot3_gazebo//models/turtlebot3_waffle
[1.669s] -- Up-to-date: /home/rcpsl/Zhao_Liyuan_ws/install/turtlebot3_gazebo/share/turtlebot3_gazebo//models/turtlebot3_waffle/model.sdf
[1.669s] -- Up-to-date: /home/rcpsl/Zhao_Liyuan_ws/install/turtlebot3_gazebo/share/turtlebot3_gazebo//models/turtlebot3_waffle/model-1_4.sdf
[1.669s] -- Up-to-date: /home/rcpsl/Zhao_Liyuan_ws/install/turtlebot3_gazebo/share/turtlebot3_gazebo//models/turtlebot3_waffle/model.config
[1.669s] -- Up-to-date: /home/rcpsl/Zhao_Liyuan_ws/install/turtlebot3_gazebo/share/turtlebot3_gazebo//models/turtlebot3_dqn_world
[1.669s] -- Up-to-date: /home/rcpsl/Zhao_Liyuan_ws/install/turtlebot3_gazebo/share/turtlebot3_gazebo//models/turtlebot3_dqn_world/goal_box
[1.676s] -- Up-to-date: /home/rcpsl/Zhao_Liyuan_ws/install/turtlebot3_gazebo/share/turtlebot3_gazebo//models/turtlebot3_dqn_world/goal_box/model.sdf
[1.676s] -- Up-to-date: /home/rcpsl/Zhao_Liyuan_ws/install/turtlebot3_gazebo/share/turtlebot3_gazebo//models/turtlebot3_dqn_world/goal_box/model.config
[1.676s] -- Up-to-date: /home/rcpsl/Zhao_Liyuan_ws/install/turtlebot3_gazebo/share/turtlebot3_gazebo//models/turtlebot3_dqn_world/obstacle2
[1.677s] -- Up-to-date: /home/rcpsl/Zhao_Liyuan_ws/install/turtlebot3_gazebo/share/turtlebot3_gazebo//models/turtlebot3_dqn_world/obstacle2/model.sdf
[1.677s] -- Up-to-date: /home/rcpsl/Zhao_Liyuan_ws/install/turtlebot3_gazebo/share/turtlebot3_gazebo//models/turtlebot3_dqn_world/obstacle2/model.config
[1.677s] -- Up-to-date: /home/rcpsl/Zhao_Liyuan_ws/install/turtlebot3_gazebo/share/turtlebot3_gazebo//models/turtlebot3_dqn_world/obstacles
[1.677s] -- Up-to-date: /home/rcpsl/Zhao_Liyuan_ws/install/turtlebot3_gazebo/share/turtlebot3_gazebo//models/turtlebot3_dqn_world/obstacles/model.sdf
[1.677s] -- Up-to-date: /home/rcpsl/Zhao_Liyuan_ws/install/turtlebot3_gazebo/share/turtlebot3_gazebo//models/turtlebot3_dqn_world/obstacles/model.config
[1.678s] -- Up-to-date: /home/rcpsl/Zhao_Liyuan_ws/install/turtlebot3_gazebo/share/turtlebot3_gazebo//models/turtlebot3_dqn_world/model.sdf
[1.678s] -- Up-to-date: /home/rcpsl/Zhao_Liyuan_ws/install/turtlebot3_gazebo/share/turtlebot3_gazebo//models/turtlebot3_dqn_world/obstacle_plugin
[1.678s] -- Up-to-date: /home/rcpsl/Zhao_Liyuan_ws/install/turtlebot3_gazebo/share/turtlebot3_gazebo//models/turtlebot3_dqn_world/obstacle_plugin/CMakeLists.txt
[1.678s] -- Up-to-date: /home/rcpsl/Zhao_Liyuan_ws/install/turtlebot3_gazebo/share/turtlebot3_gazebo//models/turtlebot3_dqn_world/obstacle_plugin/obstacle1.cc
[1.678s] -- Up-to-date: /home/rcpsl/Zhao_Liyuan_ws/install/turtlebot3_gazebo/share/turtlebot3_gazebo//models/turtlebot3_dqn_world/obstacle_plugin/obstacles.cc
[1.678s] -- Up-to-date: /home/rcpsl/Zhao_Liyuan_ws/install/turtlebot3_gazebo/share/turtlebot3_gazebo//models/turtlebot3_dqn_world/obstacle_plugin/obstacle2.cc
[1.679s] -- Up-to-date: /home/rcpsl/Zhao_Liyuan_ws/install/turtlebot3_gazebo/share/turtlebot3_gazebo//models/turtlebot3_dqn_world/inner_walls
[1.679s] -- Up-to-date: /home/rcpsl/Zhao_Liyuan_ws/install/turtlebot3_gazebo/share/turtlebot3_gazebo//models/turtlebot3_dqn_world/inner_walls/model.sdf
[1.679s] -- Up-to-date: /home/rcpsl/Zhao_Liyuan_ws/install/turtlebot3_gazebo/share/turtlebot3_gazebo//models/turtlebot3_dqn_world/inner_walls/model.config
[1.679s] -- Up-to-date: /home/rcpsl/Zhao_Liyuan_ws/install/turtlebot3_gazebo/share/turtlebot3_gazebo//models/turtlebot3_dqn_world/obstacle1
[1.679s] -- Up-to-date: /home/rcpsl/Zhao_Liyuan_ws/install/turtlebot3_gazebo/share/turtlebot3_gazebo//models/turtlebot3_dqn_world/obstacle1/model.sdf
[1.679s] -- Up-to-date: /home/rcpsl/Zhao_Liyuan_ws/install/turtlebot3_gazebo/share/turtlebot3_gazebo//models/turtlebot3_dqn_world/obstacle1/model.config
[1.680s] -- Up-to-date: /home/rcpsl/Zhao_Liyuan_ws/install/turtlebot3_gazebo/share/turtlebot3_gazebo//models/turtlebot3_dqn_world/model.config
[1.684s] -- Up-to-date: /home/rcpsl/Zhao_Liyuan_ws/install/turtlebot3_gazebo/share/turtlebot3_gazebo//models/turtlebot3_burger
[1.697s] -- Up-to-date: /home/rcpsl/Zhao_Liyuan_ws/install/turtlebot3_gazebo/share/turtlebot3_gazebo//models/turtlebot3_burger/model.sdf
[1.697s] -- Up-to-date: /home/rcpsl/Zhao_Liyuan_ws/install/turtlebot3_gazebo/share/turtlebot3_gazebo//models/turtlebot3_burger/model-1_4.sdf
[1.697s] -- Up-to-date: /home/rcpsl/Zhao_Liyuan_ws/install/turtlebot3_gazebo/share/turtlebot3_gazebo//models/turtlebot3_burger/model.config
[1.697s] -- Up-to-date: /home/rcpsl/Zhao_Liyuan_ws/install/turtlebot3_gazebo/share/turtlebot3_gazebo//models/turtlebot3_world
[1.698s] -- Up-to-date: /home/rcpsl/Zhao_Liyuan_ws/install/turtlebot3_gazebo/share/turtlebot3_gazebo//models/turtlebot3_world/meshes
[1.698s] -- Up-to-date: /home/rcpsl/Zhao_Liyuan_ws/install/turtlebot3_gazebo/share/turtlebot3_gazebo//models/turtlebot3_world/meshes/wall.dae
[1.698s] -- Up-to-date: /home/rcpsl/Zhao_Liyuan_ws/install/turtlebot3_gazebo/share/turtlebot3_gazebo//models/turtlebot3_world/meshes/hexagon.dae
[1.698s] -- Up-to-date: /home/rcpsl/Zhao_Liyuan_ws/install/turtlebot3_gazebo/share/turtlebot3_gazebo//models/turtlebot3_world/model.sdf
[1.698s] -- Up-to-date: /home/rcpsl/Zhao_Liyuan_ws/install/turtlebot3_gazebo/share/turtlebot3_gazebo//models/turtlebot3_world/model-1_4.sdf
[1.698s] -- Up-to-date: /home/rcpsl/Zhao_Liyuan_ws/install/turtlebot3_gazebo/share/turtlebot3_gazebo//models/turtlebot3_world/model.config
[1.699s] -- Up-to-date: /home/rcpsl/Zhao_Liyuan_ws/install/turtlebot3_gazebo/share/turtlebot3_gazebo//models/turtlebot3_common
[1.699s] -- Up-to-date: /home/rcpsl/Zhao_Liyuan_ws/install/turtlebot3_gazebo/share/turtlebot3_gazebo//models/turtlebot3_common/meshes
[1.699s] -- Up-to-date: /home/rcpsl/Zhao_Liyuan_ws/install/turtlebot3_gazebo/share/turtlebot3_gazebo//models/turtlebot3_common/meshes/waffle_base.dae
[1.699s] -- Up-to-date: /home/rcpsl/Zhao_Liyuan_ws/install/turtlebot3_gazebo/share/turtlebot3_gazebo//models/turtlebot3_common/meshes/waffle_pi_base.dae
[1.699s] -- Up-to-date: /home/rcpsl/Zhao_Liyuan_ws/install/turtlebot3_gazebo/share/turtlebot3_gazebo//models/turtlebot3_common/meshes/lds.dae
[1.699s] -- Up-to-date: /home/rcpsl/Zhao_Liyuan_ws/install/turtlebot3_gazebo/share/turtlebot3_gazebo//models/turtlebot3_common/meshes/tire.dae
[1.700s] -- Up-to-date: /home/rcpsl/Zhao_Liyuan_ws/install/turtlebot3_gazebo/share/turtlebot3_gazebo//models/turtlebot3_common/meshes/burger_base.dae
[1.700s] -- Up-to-date: /home/rcpsl/Zhao_Liyuan_ws/install/turtlebot3_gazebo/share/turtlebot3_gazebo//models/turtlebot3_common/meshes/r200.dae
[1.700s] -- Up-to-date: /home/rcpsl/Zhao_Liyuan_ws/install/turtlebot3_gazebo/share/turtlebot3_gazebo//models/turtlebot3_common/model.config
[1.701s] -- Up-to-date: /home/rcpsl/Zhao_Liyuan_ws/install/turtlebot3_gazebo/share/turtlebot3_gazebo//models/turtlebot3_waffle_pi
[1.701s] -- Up-to-date: /home/rcpsl/Zhao_Liyuan_ws/install/turtlebot3_gazebo/share/turtlebot3_gazebo//models/turtlebot3_waffle_pi/model-1_4_.sdf
[1.701s] -- Up-to-date: /home/rcpsl/Zhao_Liyuan_ws/install/turtlebot3_gazebo/share/turtlebot3_gazebo//models/turtlebot3_waffle_pi/model.sdf
[1.702s] -- Up-to-date: /home/rcpsl/Zhao_Liyuan_ws/install/turtlebot3_gazebo/share/turtlebot3_gazebo//models/turtlebot3_waffle_pi/model.config
[1.702s] -- Up-to-date: /home/rcpsl/Zhao_Liyuan_ws/install/turtlebot3_gazebo/share/turtlebot3_gazebo//rviz
[1.702s] -- Up-to-date: /home/rcpsl/Zhao_Liyuan_ws/install/turtlebot3_gazebo/share/turtlebot3_gazebo//rviz/tb3_gazebo.rviz
[1.702s] -- Up-to-date: /home/rcpsl/Zhao_Liyuan_ws/install/turtlebot3_gazebo/share/turtlebot3_gazebo//urdf
[1.702s] -- Up-to-date: /home/rcpsl/Zhao_Liyuan_ws/install/turtlebot3_gazebo/share/turtlebot3_gazebo//urdf/turtlebot3_burger.urdf
[1.702s] -- Up-to-date: /home/rcpsl/Zhao_Liyuan_ws/install/turtlebot3_gazebo/share/turtlebot3_gazebo//urdf/turtlebot3_waffle.urdf
[1.703s] -- Up-to-date: /home/rcpsl/Zhao_Liyuan_ws/install/turtlebot3_gazebo/share/turtlebot3_gazebo//urdf/turtlebot3_waffle_pi.urdf
[1.703s] -- Up-to-date: /home/rcpsl/Zhao_Liyuan_ws/install/turtlebot3_gazebo/share/turtlebot3_gazebo//urdf/common_properties.urdf
[1.706s] -- Up-to-date: /home/rcpsl/Zhao_Liyuan_ws/install/turtlebot3_gazebo/share/turtlebot3_gazebo//worlds
[1.706s] -- Up-to-date: /home/rcpsl/Zhao_Liyuan_ws/install/turtlebot3_gazebo/share/turtlebot3_gazebo//worlds/empty_world.world
[1.707s] -- Up-to-date: /home/rcpsl/Zhao_Liyuan_ws/install/turtlebot3_gazebo/share/turtlebot3_gazebo//worlds/turtlebot3_world.world
[1.707s] -- Up-to-date: /home/rcpsl/Zhao_Liyuan_ws/install/turtlebot3_gazebo/share/turtlebot3_gazebo//worlds/turtlebot3_dqn_stage3.world
[1.707s] -- Up-to-date: /home/rcpsl/Zhao_Liyuan_ws/install/turtlebot3_gazebo/share/turtlebot3_gazebo//worlds/turtlebot3_dqn_stage4.world
[1.707s] -- Up-to-date: /home/rcpsl/Zhao_Liyuan_ws/install/turtlebot3_gazebo/share/turtlebot3_gazebo//worlds/turtlebot3_dqn_stage2.world
[1.707s] -- Up-to-date: /home/rcpsl/Zhao_Liyuan_ws/install/turtlebot3_gazebo/share/turtlebot3_gazebo//worlds/turtlebot3_dqn_stage1.world
[1.708s] -- Up-to-date: /home/rcpsl/Zhao_Liyuan_ws/install/turtlebot3_gazebo/share/turtlebot3_gazebo//worlds/turtlebot3_house.world
[1.708s] -- Up-to-date: /home/rcpsl/Zhao_Liyuan_ws/install/turtlebot3_gazebo/include/
[1.708s] -- Up-to-date: /home/rcpsl/Zhao_Liyuan_ws/install/turtlebot3_gazebo/include//turtlebot3_gazebo
[1.708s] -- Up-to-date: /home/rcpsl/Zhao_Liyuan_ws/install/turtlebot3_gazebo/include//turtlebot3_gazebo/turtlebot3_drive.hpp
[1.708s] -- Up-to-date: /home/rcpsl/Zhao_Liyuan_ws/install/turtlebot3_gazebo/share/ament_index/resource_index/package_run_dependencies/turtlebot3_gazebo
[1.708s] -- Up-to-date: /home/rcpsl/Zhao_Liyuan_ws/install/turtlebot3_gazebo/share/ament_index/resource_index/parent_prefix_path/turtlebot3_gazebo
[1.709s] -- Up-to-date: /home/rcpsl/Zhao_Liyuan_ws/install/turtlebot3_gazebo/share/turtlebot3_gazebo/environment/ament_prefix_path.sh
[1.709s] -- Up-to-date: /home/rcpsl/Zhao_Liyuan_ws/install/turtlebot3_gazebo/share/turtlebot3_gazebo/environment/ament_prefix_path.dsv
[1.709s] -- Up-to-date: /home/rcpsl/Zhao_Liyuan_ws/install/turtlebot3_gazebo/share/turtlebot3_gazebo/environment/path.sh
[1.709s] -- Up-to-date: /home/rcpsl/Zhao_Liyuan_ws/install/turtlebot3_gazebo/share/turtlebot3_gazebo/environment/path.dsv
[1.709s] -- Up-to-date: /home/rcpsl/Zhao_Liyuan_ws/install/turtlebot3_gazebo/share/turtlebot3_gazebo/local_setup.bash
[1.710s] -- Up-to-date: /home/rcpsl/Zhao_Liyuan_ws/install/turtlebot3_gazebo/share/turtlebot3_gazebo/local_setup.sh
[1.710s] -- Up-to-date: /home/rcpsl/Zhao_Liyuan_ws/install/turtlebot3_gazebo/share/turtlebot3_gazebo/local_setup.zsh
[1.710s] -- Up-to-date: /home/rcpsl/Zhao_Liyuan_ws/install/turtlebot3_gazebo/share/turtlebot3_gazebo/local_setup.dsv
[1.710s] -- Installing: /home/rcpsl/Zhao_Liyuan_ws/install/turtlebot3_gazebo/share/turtlebot3_gazebo/package.dsv
[1.710s] -- Up-to-date: /home/rcpsl/Zhao_Liyuan_ws/install/turtlebot3_gazebo/share/ament_index/resource_index/packages/turtlebot3_gazebo
[1.710s] -- Up-to-date: /home/rcpsl/Zhao_Liyuan_ws/install/turtlebot3_gazebo/share/turtlebot3_gazebo/cmake/ament_cmake_export_include_directories-extras.cmake
[1.711s] -- Up-to-date: /home/rcpsl/Zhao_Liyuan_ws/install/turtlebot3_gazebo/share/turtlebot3_gazebo/cmake/ament_cmake_export_dependencies-extras.cmake
[1.711s] -- Up-to-date: /home/rcpsl/Zhao_Liyuan_ws/install/turtlebot3_gazebo/share/turtlebot3_gazebo/cmake/turtlebot3_gazeboConfig.cmake
[1.711s] -- Up-to-date: /home/rcpsl/Zhao_Liyuan_ws/install/turtlebot3_gazebo/share/turtlebot3_gazebo/cmake/turtlebot3_gazeboConfig-version.cmake
[1.711s] -- Up-to-date: /home/rcpsl/Zhao_Liyuan_ws/install/turtlebot3_gazebo/share/turtlebot3_gazebo/package.xml
[1.711s] Invoked command in '/home/rcpsl/Zhao_Liyuan_ws/build/turtlebot3_gazebo' returned '0': CMAKE_PREFIX_PATH=${CMAKE_PREFIX_PATH}:/home/rcpsl/Zhao_Liyuan_ws/install/autoturtle:/home/rcpsl/Zhao_Liyuan_ws/install/TurtleBot:/opt/ros/humble /usr/bin/cmake --install /home/rcpsl/Zhao_Liyuan_ws/build/turtlebot3_gazebo
