[7.188s] Invoking command in '/home/rcpsl/Zhao_Liyuan_ws/src/autoturtle': PYTHONPATH=/home/rcpsl/Zhao_Liyuan_ws/build/autoturtle/prefix_override:/home/rcpsl/Zhao_Liyuan_ws/install/autoturtle/lib/python3.10/site-packages:${PYTHONPATH} /usr/bin/python3 -W ignore:setup.py install is deprecated setup.py egg_info --egg-base ../../build/autoturtle build --build-base /home/rcpsl/Zhao_Liyuan_ws/build/autoturtle/build install --record /home/rcpsl/Zhao_Liyuan_ws/build/autoturtle/install.log --single-version-externally-managed install_data
[9.276s] running egg_info
[9.280s] writing ../../build/autoturtle/autoturtle.egg-info/PKG-INFO
[9.280s] writing dependency_links to ../../build/autoturtle/autoturtle.egg-info/dependency_links.txt
[9.292s] writing entry points to ../../build/autoturtle/autoturtle.egg-info/entry_points.txt
[9.292s] writing requirements to ../../build/autoturtle/autoturtle.egg-info/requires.txt
[9.293s] writing top-level names to ../../build/autoturtle/autoturtle.egg-info/top_level.txt
[9.307s] reading manifest file '../../build/autoturtle/autoturtle.egg-info/SOURCES.txt'
[9.309s] writing manifest file '../../build/autoturtle/autoturtle.egg-info/SOURCES.txt'
[9.310s] running build
[9.310s] running build_py
[9.315s] running install
[9.316s] running install_lib
[9.328s] running install_data
[9.328s] running install_egg_info
[9.335s] removing '/home/rcpsl/Zhao_Liyuan_ws/install/autoturtle/lib/python3.10/site-packages/autoturtle-0.0.0-py3.10.egg-info' (and everything under it)
[9.344s] Copying ../../build/autoturtle/autoturtle.egg-info to /home/rcpsl/Zhao_Liyuan_ws/install/autoturtle/lib/python3.10/site-packages/autoturtle-0.0.0-py3.10.egg-info
[9.347s] running install_scripts
[9.451s] Installing listener script to /home/rcpsl/Zhao_Liyuan_ws/install/autoturtle/lib/autoturtle
[9.452s] Installing my_teleop_node script to /home/rcpsl/Zhao_Liyuan_ws/install/autoturtle/lib/autoturtle
[9.454s] Installing swim_node script to /home/rcpsl/Zhao_Liyuan_ws/install/autoturtle/lib/autoturtle
[9.454s] Installing swim_to_goal script to /home/rcpsl/Zhao_Liyuan_ws/install/autoturtle/lib/autoturtle
[9.454s] Installing test script to /home/rcpsl/Zhao_Liyuan_ws/install/autoturtle/lib/autoturtle
[9.455s] Installing test2 script to /home/rcpsl/Zhao_Liyuan_ws/install/autoturtle/lib/autoturtle
[9.455s] Installing two_circle_8shape script to /home/rcpsl/Zhao_Liyuan_ws/install/autoturtle/lib/autoturtle
[9.459s] writing list of installed files to '/home/rcpsl/Zhao_Liyuan_ws/build/autoturtle/install.log'
[9.559s] Invoked command in '/home/rcpsl/Zhao_Liyuan_ws/src/autoturtle' returned '0': PYTHONPATH=/home/rcpsl/Zhao_Liyuan_ws/build/autoturtle/prefix_override:/home/rcpsl/Zhao_Liyuan_ws/install/autoturtle/lib/python3.10/site-packages:${PYTHONPATH} /usr/bin/python3 -W ignore:setup.py install is deprecated setup.py egg_info --egg-base ../../build/autoturtle build --build-base /home/rcpsl/Zhao_Liyuan_ws/build/autoturtle/build install --record /home/rcpsl/Zhao_Liyuan_ws/build/autoturtle/install.log --single-version-externally-managed install_data
