[0.254s] DEBUG:colcon:Command line arguments: ['/usr/bin/colcon', 'build']
[0.255s] DEBUG:colcon:Parsed command line arguments: Namespace(log_base=None, log_level=None, verb_name='build', build_base='build', install_base='install', merge_install=False, symlink_install=False, test_result_base=None, continue_on_error=False, executor='parallel', parallel_workers=2, event_handlers=None, ignore_user_meta=False, metas=['./colcon.meta'], base_paths=['.'], packages_ignore=None, packages_ignore_regex=None, paths=None, packages_up_to=None, packages_up_to_regex=None, packages_above=None, packages_above_and_dependencies=None, packages_above_depth=None, packages_select_by_dep=None, packages_skip_by_dep=None, packages_skip_up_to=None, packages_select_build_failed=False, packages_skip_build_finished=False, packages_select_test_failures=False, packages_skip_test_passed=False, packages_select=None, packages_skip=None, packages_select_regex=None, packages_skip_regex=None, packages_start=None, packages_end=None, allow_overriding=[], cmake_args=None, cmake_target=None, cmake_target_skip_unavailable=False, cmake_clean_cache=False, cmake_clean_first=False, cmake_force_configure=False, ament_cmake_args=None, catkin_cmake_args=None, catkin_skip_building_tests=False, verb_parser=<colcon_defaults.argument_parser.defaults.DefaultArgumentsDecorator object at 0x70277b5f4e20>, verb_extension=<colcon_core.verb.build.BuildVerb object at 0x70277b5f4850>, main=<bound method BuildVerb.main of <colcon_core.verb.build.BuildVerb object at 0x70277b5f4850>>)
[0.682s] Level 1:colcon.colcon_core.package_discovery:discover_packages(colcon_meta) check parameters
[0.683s] Level 1:colcon.colcon_core.package_discovery:discover_packages(recursive) check parameters
[0.683s] Level 1:colcon.colcon_core.package_discovery:discover_packages(ignore) check parameters
[0.683s] Level 1:colcon.colcon_core.package_discovery:discover_packages(path) check parameters
[0.683s] Level 1:colcon.colcon_core.package_discovery:discover_packages(colcon_meta) discover
[0.684s] Level 1:colcon.colcon_core.package_discovery:discover_packages(recursive) discover
[0.684s] INFO:colcon.colcon_core.package_discovery:Crawling recursively for packages in '/home/rcpsl/Zhao_Liyuan_ws'
[0.685s] Level 1:colcon.colcon_core.package_identification:_identify(.) by extensions ['ignore', 'ignore_ament_install']
[0.685s] Level 1:colcon.colcon_core.package_identification:_identify(.) by extension 'ignore'
[0.685s] Level 1:colcon.colcon_core.package_identification:_identify(.) by extension 'ignore_ament_install'
[0.686s] Level 1:colcon.colcon_core.package_identification:_identify(.) by extensions ['colcon_pkg']
[0.686s] Level 1:colcon.colcon_core.package_identification:_identify(.) by extension 'colcon_pkg'
[0.686s] Level 1:colcon.colcon_core.package_identification:_identify(.) by extensions ['colcon_meta']
[0.687s] Level 1:colcon.colcon_core.package_identification:_identify(.) by extension 'colcon_meta'
[0.687s] Level 1:colcon.colcon_core.package_identification:_identify(.) by extensions ['ros']
[0.687s] Level 1:colcon.colcon_core.package_identification:_identify(.) by extension 'ros'
[0.715s] Level 1:colcon.colcon_core.package_identification:_identify(.) by extensions ['cmake', 'python']
[0.715s] Level 1:colcon.colcon_core.package_identification:_identify(.) by extension 'cmake'
[0.715s] Level 1:colcon.colcon_core.package_identification:_identify(.) by extension 'python'
[0.716s] Level 1:colcon.colcon_core.package_identification:_identify(.) by extensions ['python_setup_py']
[0.716s] Level 1:colcon.colcon_core.package_identification:_identify(.) by extension 'python_setup_py'
[0.716s] Level 1:colcon.colcon_core.package_identification:_identify(build) by extensions ['ignore', 'ignore_ament_install']
[0.717s] Level 1:colcon.colcon_core.package_identification:_identify(build) by extension 'ignore'
[0.717s] Level 1:colcon.colcon_core.package_identification:_identify(build) ignored
[0.718s] Level 1:colcon.colcon_core.package_identification:_identify(install) by extensions ['ignore', 'ignore_ament_install']
[0.718s] Level 1:colcon.colcon_core.package_identification:_identify(install) by extension 'ignore'
[0.718s] Level 1:colcon.colcon_core.package_identification:_identify(install) ignored
[0.719s] Level 1:colcon.colcon_core.package_identification:_identify(log) by extensions ['ignore', 'ignore_ament_install']
[0.720s] Level 1:colcon.colcon_core.package_identification:_identify(log) by extension 'ignore'
[0.720s] Level 1:colcon.colcon_core.package_identification:_identify(log) ignored
[0.720s] Level 1:colcon.colcon_core.package_identification:_identify(src) by extensions ['ignore', 'ignore_ament_install']
[0.721s] Level 1:colcon.colcon_core.package_identification:_identify(src) by extension 'ignore'
[0.721s] Level 1:colcon.colcon_core.package_identification:_identify(src) by extension 'ignore_ament_install'
[0.721s] Level 1:colcon.colcon_core.package_identification:_identify(src) by extensions ['colcon_pkg']
[0.722s] Level 1:colcon.colcon_core.package_identification:_identify(src) by extension 'colcon_pkg'
[0.722s] Level 1:colcon.colcon_core.package_identification:_identify(src) by extensions ['colcon_meta']
[0.722s] Level 1:colcon.colcon_core.package_identification:_identify(src) by extension 'colcon_meta'
[0.722s] Level 1:colcon.colcon_core.package_identification:_identify(src) by extensions ['ros']
[0.722s] Level 1:colcon.colcon_core.package_identification:_identify(src) by extension 'ros'
[0.722s] Level 1:colcon.colcon_core.package_identification:_identify(src) by extensions ['cmake', 'python']
[0.723s] Level 1:colcon.colcon_core.package_identification:_identify(src) by extension 'cmake'
[0.723s] Level 1:colcon.colcon_core.package_identification:_identify(src) by extension 'python'
[0.723s] Level 1:colcon.colcon_core.package_identification:_identify(src) by extensions ['python_setup_py']
[0.724s] Level 1:colcon.colcon_core.package_identification:_identify(src) by extension 'python_setup_py'
[0.724s] Level 1:colcon.colcon_core.package_identification:_identify(src/TurtleBot) by extensions ['ignore', 'ignore_ament_install']
[0.725s] Level 1:colcon.colcon_core.package_identification:_identify(src/TurtleBot) by extension 'ignore'
[0.725s] Level 1:colcon.colcon_core.package_identification:_identify(src/TurtleBot) by extension 'ignore_ament_install'
[0.725s] Level 1:colcon.colcon_core.package_identification:_identify(src/TurtleBot) by extensions ['colcon_pkg']
[0.725s] Level 1:colcon.colcon_core.package_identification:_identify(src/TurtleBot) by extension 'colcon_pkg'
[0.726s] Level 1:colcon.colcon_core.package_identification:_identify(src/TurtleBot) by extensions ['colcon_meta']
[0.726s] Level 1:colcon.colcon_core.package_identification:_identify(src/TurtleBot) by extension 'colcon_meta'
[0.726s] Level 1:colcon.colcon_core.package_identification:_identify(src/TurtleBot) by extensions ['ros']
[0.727s] Level 1:colcon.colcon_core.package_identification:_identify(src/TurtleBot) by extension 'ros'
[0.733s] DEBUG:colcon.colcon_core.package_identification:Package 'src/TurtleBot' with type 'ros.ament_python' and name 'TurtleBot'
[0.733s] Level 1:colcon.colcon_core.package_identification:_identify(src/autoturtle) by extensions ['ignore', 'ignore_ament_install']
[0.734s] Level 1:colcon.colcon_core.package_identification:_identify(src/autoturtle) by extension 'ignore'
[0.734s] Level 1:colcon.colcon_core.package_identification:_identify(src/autoturtle) by extension 'ignore_ament_install'
[0.735s] Level 1:colcon.colcon_core.package_identification:_identify(src/autoturtle) by extensions ['colcon_pkg']
[0.735s] Level 1:colcon.colcon_core.package_identification:_identify(src/autoturtle) by extension 'colcon_pkg'
[0.735s] Level 1:colcon.colcon_core.package_identification:_identify(src/autoturtle) by extensions ['colcon_meta']
[0.736s] Level 1:colcon.colcon_core.package_identification:_identify(src/autoturtle) by extension 'colcon_meta'
[0.736s] Level 1:colcon.colcon_core.package_identification:_identify(src/autoturtle) by extensions ['ros']
[0.736s] Level 1:colcon.colcon_core.package_identification:_identify(src/autoturtle) by extension 'ros'
[0.738s] DEBUG:colcon.colcon_core.package_identification:Package 'src/autoturtle' with type 'ros.ament_python' and name 'autoturtle'
[0.738s] Level 1:colcon.colcon_core.package_identification:_identify(src/turtlebot3_simulations) by extensions ['ignore', 'ignore_ament_install']
[0.738s] Level 1:colcon.colcon_core.package_identification:_identify(src/turtlebot3_simulations) by extension 'ignore'
[0.739s] Level 1:colcon.colcon_core.package_identification:_identify(src/turtlebot3_simulations) by extension 'ignore_ament_install'
[0.739s] Level 1:colcon.colcon_core.package_identification:_identify(src/turtlebot3_simulations) by extensions ['colcon_pkg']
[0.739s] Level 1:colcon.colcon_core.package_identification:_identify(src/turtlebot3_simulations) by extension 'colcon_pkg'
[0.740s] Level 1:colcon.colcon_core.package_identification:_identify(src/turtlebot3_simulations) by extensions ['colcon_meta']
[0.740s] Level 1:colcon.colcon_core.package_identification:_identify(src/turtlebot3_simulations) by extension 'colcon_meta'
[0.740s] Level 1:colcon.colcon_core.package_identification:_identify(src/turtlebot3_simulations) by extensions ['ros']
[0.741s] Level 1:colcon.colcon_core.package_identification:_identify(src/turtlebot3_simulations) by extension 'ros'
[0.741s] Level 1:colcon.colcon_core.package_identification:_identify(src/turtlebot3_simulations) by extensions ['cmake', 'python']
[0.741s] Level 1:colcon.colcon_core.package_identification:_identify(src/turtlebot3_simulations) by extension 'cmake'
[0.742s] Level 1:colcon.colcon_core.package_identification:_identify(src/turtlebot3_simulations) by extension 'python'
[0.742s] Level 1:colcon.colcon_core.package_identification:_identify(src/turtlebot3_simulations) by extensions ['python_setup_py']
[0.742s] Level 1:colcon.colcon_core.package_identification:_identify(src/turtlebot3_simulations) by extension 'python_setup_py'
[0.743s] Level 1:colcon.colcon_core.package_identification:_identify(src/turtlebot3_simulations/turtlebot3_fake_node) by extensions ['ignore', 'ignore_ament_install']
[0.744s] Level 1:colcon.colcon_core.package_identification:_identify(src/turtlebot3_simulations/turtlebot3_fake_node) by extension 'ignore'
[0.744s] Level 1:colcon.colcon_core.package_identification:_identify(src/turtlebot3_simulations/turtlebot3_fake_node) by extension 'ignore_ament_install'
[0.745s] Level 1:colcon.colcon_core.package_identification:_identify(src/turtlebot3_simulations/turtlebot3_fake_node) by extensions ['colcon_pkg']
[0.745s] Level 1:colcon.colcon_core.package_identification:_identify(src/turtlebot3_simulations/turtlebot3_fake_node) by extension 'colcon_pkg'
[0.745s] Level 1:colcon.colcon_core.package_identification:_identify(src/turtlebot3_simulations/turtlebot3_fake_node) by extensions ['colcon_meta']
[0.745s] Level 1:colcon.colcon_core.package_identification:_identify(src/turtlebot3_simulations/turtlebot3_fake_node) by extension 'colcon_meta'
[0.746s] Level 1:colcon.colcon_core.package_identification:_identify(src/turtlebot3_simulations/turtlebot3_fake_node) by extensions ['ros']
[0.746s] Level 1:colcon.colcon_core.package_identification:_identify(src/turtlebot3_simulations/turtlebot3_fake_node) by extension 'ros'
[0.748s] DEBUG:colcon.colcon_core.package_identification:Package 'src/turtlebot3_simulations/turtlebot3_fake_node' with type 'ros.ament_cmake' and name 'turtlebot3_fake_node'
[0.749s] Level 1:colcon.colcon_core.package_identification:_identify(src/turtlebot3_simulations/turtlebot3_gazebo) by extensions ['ignore', 'ignore_ament_install']
[0.749s] Level 1:colcon.colcon_core.package_identification:_identify(src/turtlebot3_simulations/turtlebot3_gazebo) by extension 'ignore'
[0.750s] Level 1:colcon.colcon_core.package_identification:_identify(src/turtlebot3_simulations/turtlebot3_gazebo) by extension 'ignore_ament_install'
[0.750s] Level 1:colcon.colcon_core.package_identification:_identify(src/turtlebot3_simulations/turtlebot3_gazebo) by extensions ['colcon_pkg']
[0.751s] Level 1:colcon.colcon_core.package_identification:_identify(src/turtlebot3_simulations/turtlebot3_gazebo) by extension 'colcon_pkg'
[0.751s] Level 1:colcon.colcon_core.package_identification:_identify(src/turtlebot3_simulations/turtlebot3_gazebo) by extensions ['colcon_meta']
[0.751s] Level 1:colcon.colcon_core.package_identification:_identify(src/turtlebot3_simulations/turtlebot3_gazebo) by extension 'colcon_meta'
[0.752s] Level 1:colcon.colcon_core.package_identification:_identify(src/turtlebot3_simulations/turtlebot3_gazebo) by extensions ['ros']
[0.752s] Level 1:colcon.colcon_core.package_identification:_identify(src/turtlebot3_simulations/turtlebot3_gazebo) by extension 'ros'
[0.754s] DEBUG:colcon.colcon_core.package_identification:Package 'src/turtlebot3_simulations/turtlebot3_gazebo' with type 'ros.ament_cmake' and name 'turtlebot3_gazebo'
[0.754s] Level 1:colcon.colcon_core.package_identification:_identify(src/turtlebot3_simulations/turtlebot3_simulations) by extensions ['ignore', 'ignore_ament_install']
[0.755s] Level 1:colcon.colcon_core.package_identification:_identify(src/turtlebot3_simulations/turtlebot3_simulations) by extension 'ignore'
[0.755s] Level 1:colcon.colcon_core.package_identification:_identify(src/turtlebot3_simulations/turtlebot3_simulations) by extension 'ignore_ament_install'
[0.755s] Level 1:colcon.colcon_core.package_identification:_identify(src/turtlebot3_simulations/turtlebot3_simulations) by extensions ['colcon_pkg']
[0.756s] Level 1:colcon.colcon_core.package_identification:_identify(src/turtlebot3_simulations/turtlebot3_simulations) by extension 'colcon_pkg'
[0.756s] Level 1:colcon.colcon_core.package_identification:_identify(src/turtlebot3_simulations/turtlebot3_simulations) by extensions ['colcon_meta']
[0.756s] Level 1:colcon.colcon_core.package_identification:_identify(src/turtlebot3_simulations/turtlebot3_simulations) by extension 'colcon_meta'
[0.757s] Level 1:colcon.colcon_core.package_identification:_identify(src/turtlebot3_simulations/turtlebot3_simulations) by extensions ['ros']
[0.757s] Level 1:colcon.colcon_core.package_identification:_identify(src/turtlebot3_simulations/turtlebot3_simulations) by extension 'ros'
[0.758s] DEBUG:colcon.colcon_core.package_identification:Package 'src/turtlebot3_simulations/turtlebot3_simulations' with type 'ros.ament_cmake' and name 'turtlebot3_simulations'
[0.758s] Level 1:colcon.colcon_core.package_discovery:discover_packages(recursive) using defaults
[0.758s] Level 1:colcon.colcon_core.package_discovery:discover_packages(ignore) discover
[0.758s] Level 1:colcon.colcon_core.package_discovery:discover_packages(ignore) using defaults
[0.760s] Level 1:colcon.colcon_core.package_discovery:discover_packages(path) discover
[0.760s] Level 1:colcon.colcon_core.package_discovery:discover_packages(path) using defaults
[0.826s] Level 1:colcon.colcon_core.package_discovery:discover_packages(prefix_path) check parameters
[0.827s] Level 1:colcon.colcon_core.package_discovery:discover_packages(prefix_path) discover
[0.832s] DEBUG:colcon.colcon_installed_package_information.package_discovery:Found 5 installed packages in /home/rcpsl/Zhao_Liyuan_ws/install
[0.844s] DEBUG:colcon.colcon_installed_package_information.package_discovery:Found 370 installed packages in /opt/ros/humble
[0.849s] Level 1:colcon.colcon_core.package_discovery:discover_packages(prefix_path) using defaults
[0.967s] Level 5:colcon.colcon_core.verb:set package 'TurtleBot' build argument 'cmake_args' from command line to 'None'
[0.967s] Level 5:colcon.colcon_core.verb:set package 'TurtleBot' build argument 'cmake_target' from command line to 'None'
[0.967s] Level 5:colcon.colcon_core.verb:set package 'TurtleBot' build argument 'cmake_target_skip_unavailable' from command line to 'False'
[0.967s] Level 5:colcon.colcon_core.verb:set package 'TurtleBot' build argument 'cmake_clean_cache' from command line to 'False'
[0.967s] Level 5:colcon.colcon_core.verb:set package 'TurtleBot' build argument 'cmake_clean_first' from command line to 'False'
[0.967s] Level 5:colcon.colcon_core.verb:set package 'TurtleBot' build argument 'cmake_force_configure' from command line to 'False'
[0.967s] Level 5:colcon.colcon_core.verb:set package 'TurtleBot' build argument 'ament_cmake_args' from command line to 'None'
[0.967s] Level 5:colcon.colcon_core.verb:set package 'TurtleBot' build argument 'catkin_cmake_args' from command line to 'None'
[0.967s] Level 5:colcon.colcon_core.verb:set package 'TurtleBot' build argument 'catkin_skip_building_tests' from command line to 'False'
[0.967s] DEBUG:colcon.colcon_core.verb:Building package 'TurtleBot' with the following arguments: {'ament_cmake_args': None, 'build_base': '/home/rcpsl/Zhao_Liyuan_ws/build/TurtleBot', 'catkin_cmake_args': None, 'catkin_skip_building_tests': False, 'cmake_args': None, 'cmake_clean_cache': False, 'cmake_clean_first': False, 'cmake_force_configure': False, 'cmake_target': None, 'cmake_target_skip_unavailable': False, 'install_base': '/home/rcpsl/Zhao_Liyuan_ws/install/TurtleBot', 'merge_install': False, 'path': '/home/rcpsl/Zhao_Liyuan_ws/src/TurtleBot', 'symlink_install': False, 'test_result_base': None}
[0.968s] Level 5:colcon.colcon_core.verb:set package 'autoturtle' build argument 'cmake_args' from command line to 'None'
[0.968s] Level 5:colcon.colcon_core.verb:set package 'autoturtle' build argument 'cmake_target' from command line to 'None'
[0.968s] Level 5:colcon.colcon_core.verb:set package 'autoturtle' build argument 'cmake_target_skip_unavailable' from command line to 'False'
[0.968s] Level 5:colcon.colcon_core.verb:set package 'autoturtle' build argument 'cmake_clean_cache' from command line to 'False'
[0.968s] Level 5:colcon.colcon_core.verb:set package 'autoturtle' build argument 'cmake_clean_first' from command line to 'False'
[0.969s] Level 5:colcon.colcon_core.verb:set package 'autoturtle' build argument 'cmake_force_configure' from command line to 'False'
[0.969s] Level 5:colcon.colcon_core.verb:set package 'autoturtle' build argument 'ament_cmake_args' from command line to 'None'
[0.969s] Level 5:colcon.colcon_core.verb:set package 'autoturtle' build argument 'catkin_cmake_args' from command line to 'None'
[0.969s] Level 5:colcon.colcon_core.verb:set package 'autoturtle' build argument 'catkin_skip_building_tests' from command line to 'False'
[0.969s] DEBUG:colcon.colcon_core.verb:Building package 'autoturtle' with the following arguments: {'ament_cmake_args': None, 'build_base': '/home/rcpsl/Zhao_Liyuan_ws/build/autoturtle', 'catkin_cmake_args': None, 'catkin_skip_building_tests': False, 'cmake_args': None, 'cmake_clean_cache': False, 'cmake_clean_first': False, 'cmake_force_configure': False, 'cmake_target': None, 'cmake_target_skip_unavailable': False, 'install_base': '/home/rcpsl/Zhao_Liyuan_ws/install/autoturtle', 'merge_install': False, 'path': '/home/rcpsl/Zhao_Liyuan_ws/src/autoturtle', 'symlink_install': False, 'test_result_base': None}
[0.969s] Level 5:colcon.colcon_core.verb:set package 'turtlebot3_fake_node' build argument 'cmake_args' from command line to 'None'
[0.970s] Level 5:colcon.colcon_core.verb:set package 'turtlebot3_fake_node' build argument 'cmake_target' from command line to 'None'
[0.970s] Level 5:colcon.colcon_core.verb:set package 'turtlebot3_fake_node' build argument 'cmake_target_skip_unavailable' from command line to 'False'
[0.970s] Level 5:colcon.colcon_core.verb:set package 'turtlebot3_fake_node' build argument 'cmake_clean_cache' from command line to 'False'
[0.970s] Level 5:colcon.colcon_core.verb:set package 'turtlebot3_fake_node' build argument 'cmake_clean_first' from command line to 'False'
[0.970s] Level 5:colcon.colcon_core.verb:set package 'turtlebot3_fake_node' build argument 'cmake_force_configure' from command line to 'False'
[0.970s] Level 5:colcon.colcon_core.verb:set package 'turtlebot3_fake_node' build argument 'ament_cmake_args' from command line to 'None'
[0.970s] Level 5:colcon.colcon_core.verb:set package 'turtlebot3_fake_node' build argument 'catkin_cmake_args' from command line to 'None'
[0.970s] Level 5:colcon.colcon_core.verb:set package 'turtlebot3_fake_node' build argument 'catkin_skip_building_tests' from command line to 'False'
[0.970s] DEBUG:colcon.colcon_core.verb:Building package 'turtlebot3_fake_node' with the following arguments: {'ament_cmake_args': None, 'build_base': '/home/rcpsl/Zhao_Liyuan_ws/build/turtlebot3_fake_node', 'catkin_cmake_args': None, 'catkin_skip_building_tests': False, 'cmake_args': None, 'cmake_clean_cache': False, 'cmake_clean_first': False, 'cmake_force_configure': False, 'cmake_target': None, 'cmake_target_skip_unavailable': False, 'install_base': '/home/rcpsl/Zhao_Liyuan_ws/install/turtlebot3_fake_node', 'merge_install': False, 'path': '/home/rcpsl/Zhao_Liyuan_ws/src/turtlebot3_simulations/turtlebot3_fake_node', 'symlink_install': False, 'test_result_base': None}
[0.971s] Level 5:colcon.colcon_core.verb:set package 'turtlebot3_gazebo' build argument 'cmake_args' from command line to 'None'
[0.971s] Level 5:colcon.colcon_core.verb:set package 'turtlebot3_gazebo' build argument 'cmake_target' from command line to 'None'
[0.971s] Level 5:colcon.colcon_core.verb:set package 'turtlebot3_gazebo' build argument 'cmake_target_skip_unavailable' from command line to 'False'
[0.972s] Level 5:colcon.colcon_core.verb:set package 'turtlebot3_gazebo' build argument 'cmake_clean_cache' from command line to 'False'
[0.972s] Level 5:colcon.colcon_core.verb:set package 'turtlebot3_gazebo' build argument 'cmake_clean_first' from command line to 'False'
[0.972s] Level 5:colcon.colcon_core.verb:set package 'turtlebot3_gazebo' build argument 'cmake_force_configure' from command line to 'False'
[0.972s] Level 5:colcon.colcon_core.verb:set package 'turtlebot3_gazebo' build argument 'ament_cmake_args' from command line to 'None'
[0.972s] Level 5:colcon.colcon_core.verb:set package 'turtlebot3_gazebo' build argument 'catkin_cmake_args' from command line to 'None'
[0.972s] Level 5:colcon.colcon_core.verb:set package 'turtlebot3_gazebo' build argument 'catkin_skip_building_tests' from command line to 'False'
[0.972s] DEBUG:colcon.colcon_core.verb:Building package 'turtlebot3_gazebo' with the following arguments: {'ament_cmake_args': None, 'build_base': '/home/rcpsl/Zhao_Liyuan_ws/build/turtlebot3_gazebo', 'catkin_cmake_args': None, 'catkin_skip_building_tests': False, 'cmake_args': None, 'cmake_clean_cache': False, 'cmake_clean_first': False, 'cmake_force_configure': False, 'cmake_target': None, 'cmake_target_skip_unavailable': False, 'install_base': '/home/rcpsl/Zhao_Liyuan_ws/install/turtlebot3_gazebo', 'merge_install': False, 'path': '/home/rcpsl/Zhao_Liyuan_ws/src/turtlebot3_simulations/turtlebot3_gazebo', 'symlink_install': False, 'test_result_base': None}
[0.973s] Level 5:colcon.colcon_core.verb:set package 'turtlebot3_simulations' build argument 'cmake_args' from command line to 'None'
[0.973s] Level 5:colcon.colcon_core.verb:set package 'turtlebot3_simulations' build argument 'cmake_target' from command line to 'None'
[0.973s] Level 5:colcon.colcon_core.verb:set package 'turtlebot3_simulations' build argument 'cmake_target_skip_unavailable' from command line to 'False'
[0.973s] Level 5:colcon.colcon_core.verb:set package 'turtlebot3_simulations' build argument 'cmake_clean_cache' from command line to 'False'
[0.973s] Level 5:colcon.colcon_core.verb:set package 'turtlebot3_simulations' build argument 'cmake_clean_first' from command line to 'False'
[0.973s] Level 5:colcon.colcon_core.verb:set package 'turtlebot3_simulations' build argument 'cmake_force_configure' from command line to 'False'
[0.974s] Level 5:colcon.colcon_core.verb:set package 'turtlebot3_simulations' build argument 'ament_cmake_args' from command line to 'None'
[0.974s] Level 5:colcon.colcon_core.verb:set package 'turtlebot3_simulations' build argument 'catkin_cmake_args' from command line to 'None'
[0.974s] Level 5:colcon.colcon_core.verb:set package 'turtlebot3_simulations' build argument 'catkin_skip_building_tests' from command line to 'False'
[0.974s] DEBUG:colcon.colcon_core.verb:Building package 'turtlebot3_simulations' with the following arguments: {'ament_cmake_args': None, 'build_base': '/home/rcpsl/Zhao_Liyuan_ws/build/turtlebot3_simulations', 'catkin_cmake_args': None, 'catkin_skip_building_tests': False, 'cmake_args': None, 'cmake_clean_cache': False, 'cmake_clean_first': False, 'cmake_force_configure': False, 'cmake_target': None, 'cmake_target_skip_unavailable': False, 'install_base': '/home/rcpsl/Zhao_Liyuan_ws/install/turtlebot3_simulations', 'merge_install': False, 'path': '/home/rcpsl/Zhao_Liyuan_ws/src/turtlebot3_simulations/turtlebot3_simulations', 'symlink_install': False, 'test_result_base': None}
[0.974s] INFO:colcon.colcon_core.executor:Executing jobs using 'parallel' executor
[0.976s] DEBUG:colcon.colcon_parallel_executor.executor.parallel:run_until_complete
[0.977s] INFO:colcon.colcon_ros.task.ament_cmake.build:Building ROS package in '/home/rcpsl/Zhao_Liyuan_ws/src/turtlebot3_simulations/turtlebot3_fake_node' with build type 'ament_cmake'
[0.977s] INFO:colcon.colcon_cmake.task.cmake.build:Building CMake package in '/home/rcpsl/Zhao_Liyuan_ws/src/turtlebot3_simulations/turtlebot3_fake_node'
[0.980s] INFO:colcon.colcon_core.plugin_system:Skipping extension 'colcon_core.shell.bat': Not used on non-Windows systems
[0.980s] INFO:colcon.colcon_core.shell:Skip shell extension 'powershell' for command environment: Not usable outside of PowerShell
[0.981s] DEBUG:colcon.colcon_core.shell:Skip shell extension 'dsv' for command environment
[0.990s] INFO:colcon.colcon_ros.task.ament_cmake.build:Building ROS package in '/home/rcpsl/Zhao_Liyuan_ws/src/turtlebot3_simulations/turtlebot3_gazebo' with build type 'ament_cmake'
[0.990s] INFO:colcon.colcon_cmake.task.cmake.build:Building CMake package in '/home/rcpsl/Zhao_Liyuan_ws/src/turtlebot3_simulations/turtlebot3_gazebo'
[0.990s] INFO:colcon.colcon_core.shell:Skip shell extension 'powershell' for command environment: Not usable outside of PowerShell
[0.991s] DEBUG:colcon.colcon_core.shell:Skip shell extension 'dsv' for command environment
[1.015s] DEBUG:colcon.colcon_core.event_handler.log_command:Invoking command in '/home/rcpsl/Zhao_Liyuan_ws/build/turtlebot3_gazebo': CMAKE_PREFIX_PATH=${CMAKE_PREFIX_PATH}:/home/rcpsl/Zhao_Liyuan_ws/install/autoturtle:/home/rcpsl/Zhao_Liyuan_ws/install/TurtleBot:/opt/ros/humble /usr/bin/cmake --build /home/rcpsl/Zhao_Liyuan_ws/build/turtlebot3_gazebo -- -j2 -l2
[1.038s] DEBUG:colcon.colcon_core.event_handler.log_command:Invoking command in '/home/rcpsl/Zhao_Liyuan_ws/build/turtlebot3_fake_node': CMAKE_PREFIX_PATH=${CMAKE_PREFIX_PATH}:/home/rcpsl/Zhao_Liyuan_ws/install/autoturtle:/home/rcpsl/Zhao_Liyuan_ws/install/TurtleBot:/opt/ros/humble /usr/bin/cmake --build /home/rcpsl/Zhao_Liyuan_ws/build/turtlebot3_fake_node -- -j2 -l2
[1.377s] DEBUG:colcon.colcon_core.event_handler.log_command:Invoked command in '/home/rcpsl/Zhao_Liyuan_ws/build/turtlebot3_fake_node' returned '0': CMAKE_PREFIX_PATH=${CMAKE_PREFIX_PATH}:/home/rcpsl/Zhao_Liyuan_ws/install/autoturtle:/home/rcpsl/Zhao_Liyuan_ws/install/TurtleBot:/opt/ros/humble /usr/bin/cmake --build /home/rcpsl/Zhao_Liyuan_ws/build/turtlebot3_fake_node -- -j2 -l2
[1.515s] DEBUG:colcon.colcon_core.event_handler.log_command:Invoking command in '/home/rcpsl/Zhao_Liyuan_ws/build/turtlebot3_fake_node': CMAKE_PREFIX_PATH=${CMAKE_PREFIX_PATH}:/home/rcpsl/Zhao_Liyuan_ws/install/autoturtle:/home/rcpsl/Zhao_Liyuan_ws/install/TurtleBot:/opt/ros/humble /usr/bin/cmake --install /home/rcpsl/Zhao_Liyuan_ws/build/turtlebot3_fake_node
[1.565s] Level 1:colcon.colcon_core.environment:create_environment_scripts_only(turtlebot3_fake_node)
[1.571s] Level 1:colcon.colcon_core.environment:checking '/home/rcpsl/Zhao_Liyuan_ws/install/turtlebot3_fake_node' for CMake module files
[1.576s] DEBUG:colcon.colcon_core.event_handler.log_command:Invoked command in '/home/rcpsl/Zhao_Liyuan_ws/build/turtlebot3_fake_node' returned '0': CMAKE_PREFIX_PATH=${CMAKE_PREFIX_PATH}:/home/rcpsl/Zhao_Liyuan_ws/install/autoturtle:/home/rcpsl/Zhao_Liyuan_ws/install/TurtleBot:/opt/ros/humble /usr/bin/cmake --install /home/rcpsl/Zhao_Liyuan_ws/build/turtlebot3_fake_node
[1.576s] Level 1:colcon.colcon_core.environment:checking '/home/rcpsl/Zhao_Liyuan_ws/install/turtlebot3_fake_node' for CMake config files
[1.578s] Level 1:colcon.colcon_core.shell:create_environment_hook('turtlebot3_fake_node', 'cmake_prefix_path')
[1.578s] INFO:colcon.colcon_core.shell:Creating environment hook '/home/rcpsl/Zhao_Liyuan_ws/install/turtlebot3_fake_node/share/turtlebot3_fake_node/hook/cmake_prefix_path.ps1'
[1.580s] INFO:colcon.colcon_core.shell:Creating environment descriptor '/home/rcpsl/Zhao_Liyuan_ws/install/turtlebot3_fake_node/share/turtlebot3_fake_node/hook/cmake_prefix_path.dsv'
[1.584s] INFO:colcon.colcon_core.shell:Creating environment hook '/home/rcpsl/Zhao_Liyuan_ws/install/turtlebot3_fake_node/share/turtlebot3_fake_node/hook/cmake_prefix_path.sh'
[1.586s] Level 1:colcon.colcon_core.environment:checking '/home/rcpsl/Zhao_Liyuan_ws/install/turtlebot3_fake_node/lib'
[1.586s] Level 1:colcon.colcon_core.environment:checking '/home/rcpsl/Zhao_Liyuan_ws/install/turtlebot3_fake_node/bin'
[1.586s] Level 1:colcon.colcon_core.environment:checking '/home/rcpsl/Zhao_Liyuan_ws/install/turtlebot3_fake_node/lib/pkgconfig/turtlebot3_fake_node.pc'
[1.587s] Level 1:colcon.colcon_core.environment:checking '/home/rcpsl/Zhao_Liyuan_ws/install/turtlebot3_fake_node/lib/python3.10/site-packages'
[1.587s] Level 1:colcon.colcon_core.environment:checking '/home/rcpsl/Zhao_Liyuan_ws/install/turtlebot3_fake_node/bin'
[1.588s] INFO:colcon.colcon_core.shell:Creating package script '/home/rcpsl/Zhao_Liyuan_ws/install/turtlebot3_fake_node/share/turtlebot3_fake_node/package.ps1'
[1.597s] INFO:colcon.colcon_core.shell:Creating package descriptor '/home/rcpsl/Zhao_Liyuan_ws/install/turtlebot3_fake_node/share/turtlebot3_fake_node/package.dsv'
[1.599s] INFO:colcon.colcon_core.shell:Creating package script '/home/rcpsl/Zhao_Liyuan_ws/install/turtlebot3_fake_node/share/turtlebot3_fake_node/package.sh'
[1.603s] INFO:colcon.colcon_core.shell:Creating package script '/home/rcpsl/Zhao_Liyuan_ws/install/turtlebot3_fake_node/share/turtlebot3_fake_node/package.bash'
[1.605s] INFO:colcon.colcon_core.shell:Creating package script '/home/rcpsl/Zhao_Liyuan_ws/install/turtlebot3_fake_node/share/turtlebot3_fake_node/package.zsh'
[1.608s] Level 1:colcon.colcon_core.environment:create_file_with_runtime_dependencies(/home/rcpsl/Zhao_Liyuan_ws/install/turtlebot3_fake_node/share/colcon-core/packages/turtlebot3_fake_node)
[1.718s] DEBUG:colcon.colcon_core.event_handler.log_command:Invoked command in '/home/rcpsl/Zhao_Liyuan_ws/build/turtlebot3_gazebo' returned '0': CMAKE_PREFIX_PATH=${CMAKE_PREFIX_PATH}:/home/rcpsl/Zhao_Liyuan_ws/install/autoturtle:/home/rcpsl/Zhao_Liyuan_ws/install/TurtleBot:/opt/ros/humble /usr/bin/cmake --build /home/rcpsl/Zhao_Liyuan_ws/build/turtlebot3_gazebo -- -j2 -l2
[1.747s] Level 1:colcon.colcon_core.environment:create_environment_scripts_only(turtlebot3_fake_node)
[1.749s] Level 1:colcon.colcon_core.environment:checking '/home/rcpsl/Zhao_Liyuan_ws/install/turtlebot3_fake_node' for CMake module files
[1.750s] Level 1:colcon.colcon_core.environment:checking '/home/rcpsl/Zhao_Liyuan_ws/install/turtlebot3_fake_node' for CMake config files
[1.752s] Level 1:colcon.colcon_core.shell:create_environment_hook('turtlebot3_fake_node', 'cmake_prefix_path')
[1.752s] INFO:colcon.colcon_core.shell:Creating environment hook '/home/rcpsl/Zhao_Liyuan_ws/install/turtlebot3_fake_node/share/turtlebot3_fake_node/hook/cmake_prefix_path.ps1'
[1.755s] INFO:colcon.colcon_core.shell:Creating environment descriptor '/home/rcpsl/Zhao_Liyuan_ws/install/turtlebot3_fake_node/share/turtlebot3_fake_node/hook/cmake_prefix_path.dsv'
[1.757s] INFO:colcon.colcon_core.shell:Creating environment hook '/home/rcpsl/Zhao_Liyuan_ws/install/turtlebot3_fake_node/share/turtlebot3_fake_node/hook/cmake_prefix_path.sh'
[1.759s] Level 1:colcon.colcon_core.environment:checking '/home/rcpsl/Zhao_Liyuan_ws/install/turtlebot3_fake_node/lib'
[1.759s] Level 1:colcon.colcon_core.environment:checking '/home/rcpsl/Zhao_Liyuan_ws/install/turtlebot3_fake_node/bin'
[1.760s] Level 1:colcon.colcon_core.environment:checking '/home/rcpsl/Zhao_Liyuan_ws/install/turtlebot3_fake_node/lib/pkgconfig/turtlebot3_fake_node.pc'
[1.760s] Level 1:colcon.colcon_core.environment:checking '/home/rcpsl/Zhao_Liyuan_ws/install/turtlebot3_fake_node/lib/python3.10/site-packages'
[1.761s] Level 1:colcon.colcon_core.environment:checking '/home/rcpsl/Zhao_Liyuan_ws/install/turtlebot3_fake_node/bin'
[1.762s] INFO:colcon.colcon_core.shell:Creating package script '/home/rcpsl/Zhao_Liyuan_ws/install/turtlebot3_fake_node/share/turtlebot3_fake_node/package.ps1'
[1.764s] INFO:colcon.colcon_core.shell:Creating package descriptor '/home/rcpsl/Zhao_Liyuan_ws/install/turtlebot3_fake_node/share/turtlebot3_fake_node/package.dsv'
[1.766s] INFO:colcon.colcon_core.shell:Creating package script '/home/rcpsl/Zhao_Liyuan_ws/install/turtlebot3_fake_node/share/turtlebot3_fake_node/package.sh'
[1.768s] INFO:colcon.colcon_core.shell:Creating package script '/home/rcpsl/Zhao_Liyuan_ws/install/turtlebot3_fake_node/share/turtlebot3_fake_node/package.bash'
[1.770s] INFO:colcon.colcon_core.shell:Creating package script '/home/rcpsl/Zhao_Liyuan_ws/install/turtlebot3_fake_node/share/turtlebot3_fake_node/package.zsh'
[1.771s] Level 1:colcon.colcon_core.environment:create_file_with_runtime_dependencies(/home/rcpsl/Zhao_Liyuan_ws/install/turtlebot3_fake_node/share/colcon-core/packages/turtlebot3_fake_node)
[1.773s] INFO:colcon.colcon_ros.task.ament_python.build:Building ROS package in '/home/rcpsl/Zhao_Liyuan_ws/src/TurtleBot' with build type 'ament_python'
[1.774s] Level 1:colcon.colcon_core.shell:create_environment_hook('TurtleBot', 'ament_prefix_path')
[1.774s] INFO:colcon.colcon_core.shell:Creating environment hook '/home/rcpsl/Zhao_Liyuan_ws/install/TurtleBot/share/TurtleBot/hook/ament_prefix_path.ps1'
[1.777s] INFO:colcon.colcon_core.shell:Creating environment descriptor '/home/rcpsl/Zhao_Liyuan_ws/install/TurtleBot/share/TurtleBot/hook/ament_prefix_path.dsv'
[1.778s] INFO:colcon.colcon_core.shell:Creating environment hook '/home/rcpsl/Zhao_Liyuan_ws/install/TurtleBot/share/TurtleBot/hook/ament_prefix_path.sh'
[1.781s] INFO:colcon.colcon_core.shell:Skip shell extension 'powershell' for command environment: Not usable outside of PowerShell
[1.781s] DEBUG:colcon.colcon_core.shell:Skip shell extension 'dsv' for command environment
[2.450s] INFO:colcon.colcon_core.task.python.build:Building Python package in '/home/rcpsl/Zhao_Liyuan_ws/src/TurtleBot'
[2.451s] INFO:colcon.colcon_core.shell:Skip shell extension 'powershell' for command environment: Not usable outside of PowerShell
[2.451s] DEBUG:colcon.colcon_core.shell:Skip shell extension 'dsv' for command environment
[2.473s] DEBUG:colcon.colcon_core.event_handler.log_command:Invoking command in '/home/rcpsl/Zhao_Liyuan_ws/build/turtlebot3_gazebo': CMAKE_PREFIX_PATH=${CMAKE_PREFIX_PATH}:/home/rcpsl/Zhao_Liyuan_ws/install/autoturtle:/home/rcpsl/Zhao_Liyuan_ws/install/TurtleBot:/opt/ros/humble /usr/bin/cmake --install /home/rcpsl/Zhao_Liyuan_ws/build/turtlebot3_gazebo
[2.529s] Level 1:colcon.colcon_core.environment:create_environment_scripts_only(turtlebot3_gazebo)
[2.534s] Level 1:colcon.colcon_core.environment:checking '/home/rcpsl/Zhao_Liyuan_ws/install/turtlebot3_gazebo' for CMake module files
[2.535s] Level 1:colcon.colcon_core.environment:checking '/home/rcpsl/Zhao_Liyuan_ws/install/turtlebot3_gazebo' for CMake config files
[2.530s] DEBUG:colcon.colcon_core.event_handler.log_command:Invoked command in '/home/rcpsl/Zhao_Liyuan_ws/build/turtlebot3_gazebo' returned '0': CMAKE_PREFIX_PATH=${CMAKE_PREFIX_PATH}:/home/rcpsl/Zhao_Liyuan_ws/install/autoturtle:/home/rcpsl/Zhao_Liyuan_ws/install/TurtleBot:/opt/ros/humble /usr/bin/cmake --install /home/rcpsl/Zhao_Liyuan_ws/build/turtlebot3_gazebo
[2.545s] Level 1:colcon.colcon_core.shell:create_environment_hook('turtlebot3_gazebo', 'cmake_prefix_path')
[2.546s] INFO:colcon.colcon_core.shell:Creating environment hook '/home/rcpsl/Zhao_Liyuan_ws/install/turtlebot3_gazebo/share/turtlebot3_gazebo/hook/cmake_prefix_path.ps1'
[2.547s] INFO:colcon.colcon_core.shell:Creating environment descriptor '/home/rcpsl/Zhao_Liyuan_ws/install/turtlebot3_gazebo/share/turtlebot3_gazebo/hook/cmake_prefix_path.dsv'
[2.553s] INFO:colcon.colcon_core.shell:Creating environment hook '/home/rcpsl/Zhao_Liyuan_ws/install/turtlebot3_gazebo/share/turtlebot3_gazebo/hook/cmake_prefix_path.sh'
[2.555s] Level 1:colcon.colcon_core.environment:checking '/home/rcpsl/Zhao_Liyuan_ws/install/turtlebot3_gazebo/lib'
[2.555s] Level 1:colcon.colcon_core.environment:checking '/home/rcpsl/Zhao_Liyuan_ws/install/turtlebot3_gazebo/bin'
[2.561s] Level 1:colcon.colcon_core.environment:checking '/home/rcpsl/Zhao_Liyuan_ws/install/turtlebot3_gazebo/lib/pkgconfig/turtlebot3_gazebo.pc'
[2.562s] Level 1:colcon.colcon_core.environment:checking '/home/rcpsl/Zhao_Liyuan_ws/install/turtlebot3_gazebo/lib/python3.10/site-packages'
[2.562s] Level 1:colcon.colcon_core.environment:checking '/home/rcpsl/Zhao_Liyuan_ws/install/turtlebot3_gazebo/bin'
[2.564s] INFO:colcon.colcon_core.shell:Creating package script '/home/rcpsl/Zhao_Liyuan_ws/install/turtlebot3_gazebo/share/turtlebot3_gazebo/package.ps1'
[2.565s] INFO:colcon.colcon_core.shell:Creating package descriptor '/home/rcpsl/Zhao_Liyuan_ws/install/turtlebot3_gazebo/share/turtlebot3_gazebo/package.dsv'
[2.574s] INFO:colcon.colcon_core.shell:Creating package script '/home/rcpsl/Zhao_Liyuan_ws/install/turtlebot3_gazebo/share/turtlebot3_gazebo/package.sh'
[2.575s] INFO:colcon.colcon_core.shell:Creating package script '/home/rcpsl/Zhao_Liyuan_ws/install/turtlebot3_gazebo/share/turtlebot3_gazebo/package.bash'
[2.576s] INFO:colcon.colcon_core.shell:Creating package script '/home/rcpsl/Zhao_Liyuan_ws/install/turtlebot3_gazebo/share/turtlebot3_gazebo/package.zsh'
[2.580s] Level 1:colcon.colcon_core.environment:create_file_with_runtime_dependencies(/home/rcpsl/Zhao_Liyuan_ws/install/turtlebot3_gazebo/share/colcon-core/packages/turtlebot3_gazebo)
[2.758s] Level 1:colcon.colcon_core.environment:create_environment_scripts_only(turtlebot3_gazebo)
[2.760s] Level 1:colcon.colcon_core.environment:checking '/home/rcpsl/Zhao_Liyuan_ws/install/turtlebot3_gazebo' for CMake module files
[2.763s] Level 1:colcon.colcon_core.environment:checking '/home/rcpsl/Zhao_Liyuan_ws/install/turtlebot3_gazebo' for CMake config files
[2.766s] Level 1:colcon.colcon_core.shell:create_environment_hook('turtlebot3_gazebo', 'cmake_prefix_path')
[2.767s] INFO:colcon.colcon_core.shell:Creating environment hook '/home/rcpsl/Zhao_Liyuan_ws/install/turtlebot3_gazebo/share/turtlebot3_gazebo/hook/cmake_prefix_path.ps1'
[2.768s] INFO:colcon.colcon_core.shell:Creating environment descriptor '/home/rcpsl/Zhao_Liyuan_ws/install/turtlebot3_gazebo/share/turtlebot3_gazebo/hook/cmake_prefix_path.dsv'
[2.770s] INFO:colcon.colcon_core.shell:Creating environment hook '/home/rcpsl/Zhao_Liyuan_ws/install/turtlebot3_gazebo/share/turtlebot3_gazebo/hook/cmake_prefix_path.sh'
[2.772s] Level 1:colcon.colcon_core.environment:checking '/home/rcpsl/Zhao_Liyuan_ws/install/turtlebot3_gazebo/lib'
[2.773s] Level 1:colcon.colcon_core.environment:checking '/home/rcpsl/Zhao_Liyuan_ws/install/turtlebot3_gazebo/bin'
[2.773s] Level 1:colcon.colcon_core.environment:checking '/home/rcpsl/Zhao_Liyuan_ws/install/turtlebot3_gazebo/lib/pkgconfig/turtlebot3_gazebo.pc'
[2.774s] Level 1:colcon.colcon_core.environment:checking '/home/rcpsl/Zhao_Liyuan_ws/install/turtlebot3_gazebo/lib/python3.10/site-packages'
[2.775s] Level 1:colcon.colcon_core.environment:checking '/home/rcpsl/Zhao_Liyuan_ws/install/turtlebot3_gazebo/bin'
[2.775s] INFO:colcon.colcon_core.shell:Creating package script '/home/rcpsl/Zhao_Liyuan_ws/install/turtlebot3_gazebo/share/turtlebot3_gazebo/package.ps1'
[2.777s] INFO:colcon.colcon_core.shell:Creating package descriptor '/home/rcpsl/Zhao_Liyuan_ws/install/turtlebot3_gazebo/share/turtlebot3_gazebo/package.dsv'
[2.779s] INFO:colcon.colcon_core.shell:Creating package script '/home/rcpsl/Zhao_Liyuan_ws/install/turtlebot3_gazebo/share/turtlebot3_gazebo/package.sh'
[2.781s] INFO:colcon.colcon_core.shell:Creating package script '/home/rcpsl/Zhao_Liyuan_ws/install/turtlebot3_gazebo/share/turtlebot3_gazebo/package.bash'
[2.783s] INFO:colcon.colcon_core.shell:Creating package script '/home/rcpsl/Zhao_Liyuan_ws/install/turtlebot3_gazebo/share/turtlebot3_gazebo/package.zsh'
[2.784s] Level 1:colcon.colcon_core.environment:create_file_with_runtime_dependencies(/home/rcpsl/Zhao_Liyuan_ws/install/turtlebot3_gazebo/share/colcon-core/packages/turtlebot3_gazebo)
[2.786s] INFO:colcon.colcon_ros.task.ament_python.build:Building ROS package in '/home/rcpsl/Zhao_Liyuan_ws/src/autoturtle' with build type 'ament_python'
[2.788s] Level 1:colcon.colcon_core.shell:create_environment_hook('autoturtle', 'ament_prefix_path')
[2.788s] INFO:colcon.colcon_core.shell:Creating environment hook '/home/rcpsl/Zhao_Liyuan_ws/install/autoturtle/share/autoturtle/hook/ament_prefix_path.ps1'
[2.790s] INFO:colcon.colcon_core.shell:Creating environment descriptor '/home/rcpsl/Zhao_Liyuan_ws/install/autoturtle/share/autoturtle/hook/ament_prefix_path.dsv'
[2.791s] INFO:colcon.colcon_core.shell:Creating environment hook '/home/rcpsl/Zhao_Liyuan_ws/install/autoturtle/share/autoturtle/hook/ament_prefix_path.sh'
[2.793s] INFO:colcon.colcon_core.shell:Skip shell extension 'powershell' for command environment: Not usable outside of PowerShell
[2.794s] DEBUG:colcon.colcon_core.shell:Skip shell extension 'dsv' for command environment
[3.599s] INFO:colcon.colcon_core.task.python.build:Building Python package in '/home/rcpsl/Zhao_Liyuan_ws/src/autoturtle'
[3.599s] INFO:colcon.colcon_core.shell:Skip shell extension 'powershell' for command environment: Not usable outside of PowerShell
[3.600s] DEBUG:colcon.colcon_core.shell:Skip shell extension 'dsv' for command environment
[3.617s] DEBUG:colcon.colcon_core.event_handler.log_command:Invoking command in '/home/rcpsl/Zhao_Liyuan_ws/src/TurtleBot': PYTHONPATH=/home/rcpsl/Zhao_Liyuan_ws/build/TurtleBot/prefix_override:/home/rcpsl/Zhao_Liyuan_ws/install/TurtleBot/lib/python3.10/site-packages:${PYTHONPATH} /usr/bin/python3 -W ignore:setup.py install is deprecated setup.py egg_info --egg-base ../../build/TurtleBot build --build-base /home/rcpsl/Zhao_Liyuan_ws/build/TurtleBot/build install --record /home/rcpsl/Zhao_Liyuan_ws/build/TurtleBot/install.log --single-version-externally-managed install_data
[4.470s] Level 1:colcon.colcon_core.environment:checking '/home/rcpsl/Zhao_Liyuan_ws/install/TurtleBot' for CMake module files
[4.470s] DEBUG:colcon.colcon_core.event_handler.log_command:Invoked command in '/home/rcpsl/Zhao_Liyuan_ws/src/TurtleBot' returned '0': PYTHONPATH=/home/rcpsl/Zhao_Liyuan_ws/build/TurtleBot/prefix_override:/home/rcpsl/Zhao_Liyuan_ws/install/TurtleBot/lib/python3.10/site-packages:${PYTHONPATH} /usr/bin/python3 -W ignore:setup.py install is deprecated setup.py egg_info --egg-base ../../build/TurtleBot build --build-base /home/rcpsl/Zhao_Liyuan_ws/build/TurtleBot/build install --record /home/rcpsl/Zhao_Liyuan_ws/build/TurtleBot/install.log --single-version-externally-managed install_data
[4.472s] Level 1:colcon.colcon_core.environment:checking '/home/rcpsl/Zhao_Liyuan_ws/install/TurtleBot' for CMake config files
[4.474s] Level 1:colcon.colcon_core.environment:checking '/home/rcpsl/Zhao_Liyuan_ws/install/TurtleBot/lib'
[4.474s] Level 1:colcon.colcon_core.environment:checking '/home/rcpsl/Zhao_Liyuan_ws/install/TurtleBot/bin'
[4.475s] Level 1:colcon.colcon_core.environment:checking '/home/rcpsl/Zhao_Liyuan_ws/install/TurtleBot/lib/pkgconfig/TurtleBot.pc'
[4.475s] Level 1:colcon.colcon_core.environment:checking '/home/rcpsl/Zhao_Liyuan_ws/install/TurtleBot/lib/python3.10/site-packages'
[4.476s] Level 1:colcon.colcon_core.shell:create_environment_hook('TurtleBot', 'pythonpath')
[4.477s] INFO:colcon.colcon_core.shell:Creating environment hook '/home/rcpsl/Zhao_Liyuan_ws/install/TurtleBot/share/TurtleBot/hook/pythonpath.ps1'
[4.478s] INFO:colcon.colcon_core.shell:Creating environment descriptor '/home/rcpsl/Zhao_Liyuan_ws/install/TurtleBot/share/TurtleBot/hook/pythonpath.dsv'
[4.480s] INFO:colcon.colcon_core.shell:Creating environment hook '/home/rcpsl/Zhao_Liyuan_ws/install/TurtleBot/share/TurtleBot/hook/pythonpath.sh'
[4.482s] Level 1:colcon.colcon_core.environment:checking '/home/rcpsl/Zhao_Liyuan_ws/install/TurtleBot/bin'
[4.482s] Level 1:colcon.colcon_core.environment:create_environment_scripts_only(TurtleBot)
[4.483s] INFO:colcon.colcon_core.shell:Creating package script '/home/rcpsl/Zhao_Liyuan_ws/install/TurtleBot/share/TurtleBot/package.ps1'
[4.485s] INFO:colcon.colcon_core.shell:Creating package descriptor '/home/rcpsl/Zhao_Liyuan_ws/install/TurtleBot/share/TurtleBot/package.dsv'
[4.487s] INFO:colcon.colcon_core.shell:Creating package script '/home/rcpsl/Zhao_Liyuan_ws/install/TurtleBot/share/TurtleBot/package.sh'
[4.489s] INFO:colcon.colcon_core.shell:Creating package script '/home/rcpsl/Zhao_Liyuan_ws/install/TurtleBot/share/TurtleBot/package.bash'
[4.490s] INFO:colcon.colcon_core.shell:Creating package script '/home/rcpsl/Zhao_Liyuan_ws/install/TurtleBot/share/TurtleBot/package.zsh'
[4.492s] Level 1:colcon.colcon_core.environment:create_file_with_runtime_dependencies(/home/rcpsl/Zhao_Liyuan_ws/install/TurtleBot/share/colcon-core/packages/TurtleBot)
[4.494s] INFO:colcon.colcon_ros.task.ament_cmake.build:Building ROS package in '/home/rcpsl/Zhao_Liyuan_ws/src/turtlebot3_simulations/turtlebot3_simulations' with build type 'ament_cmake'
[4.495s] INFO:colcon.colcon_cmake.task.cmake.build:Building CMake package in '/home/rcpsl/Zhao_Liyuan_ws/src/turtlebot3_simulations/turtlebot3_simulations'
[4.496s] INFO:colcon.colcon_core.shell:Skip shell extension 'powershell' for command environment: Not usable outside of PowerShell
[4.497s] DEBUG:colcon.colcon_core.shell:Skip shell extension 'dsv' for command environment
[4.526s] DEBUG:colcon.colcon_core.event_handler.log_command:Invoking command in '/home/rcpsl/Zhao_Liyuan_ws/src/autoturtle': PYTHONPATH=/home/rcpsl/Zhao_Liyuan_ws/build/autoturtle/prefix_override:/home/rcpsl/Zhao_Liyuan_ws/install/autoturtle/lib/python3.10/site-packages:${PYTHONPATH} /usr/bin/python3 -W ignore:setup.py install is deprecated setup.py egg_info --egg-base ../../build/autoturtle build --build-base /home/rcpsl/Zhao_Liyuan_ws/build/autoturtle/build install --record /home/rcpsl/Zhao_Liyuan_ws/build/autoturtle/install.log --single-version-externally-managed install_data
[4.567s] DEBUG:colcon.colcon_core.event_handler.log_command:Invoking command in '/home/rcpsl/Zhao_Liyuan_ws/build/turtlebot3_simulations': CMAKE_PREFIX_PATH=/home/rcpsl/Zhao_Liyuan_ws/install/turtlebot3_gazebo:/home/rcpsl/Zhao_Liyuan_ws/install/turtlebot3_fake_node:/home/rcpsl/Zhao_Liyuan_ws/install/turtlebot3_simulations:/home/rcpsl/Zhao_Liyuan_ws/install/autoturtle:/home/rcpsl/Zhao_Liyuan_ws/install/TurtleBot:/opt/ros/humble /usr/bin/cmake --build /home/rcpsl/Zhao_Liyuan_ws/build/turtlebot3_simulations -- -j2 -l2
[4.759s] DEBUG:colcon.colcon_core.event_handler.log_command:Invoked command in '/home/rcpsl/Zhao_Liyuan_ws/build/turtlebot3_simulations' returned '0': CMAKE_PREFIX_PATH=/home/rcpsl/Zhao_Liyuan_ws/install/turtlebot3_gazebo:/home/rcpsl/Zhao_Liyuan_ws/install/turtlebot3_fake_node:/home/rcpsl/Zhao_Liyuan_ws/install/turtlebot3_simulations:/home/rcpsl/Zhao_Liyuan_ws/install/autoturtle:/home/rcpsl/Zhao_Liyuan_ws/install/TurtleBot:/opt/ros/humble /usr/bin/cmake --build /home/rcpsl/Zhao_Liyuan_ws/build/turtlebot3_simulations -- -j2 -l2
[4.996s] DEBUG:colcon.colcon_core.event_handler.log_command:Invoking command in '/home/rcpsl/Zhao_Liyuan_ws/build/turtlebot3_simulations': CMAKE_PREFIX_PATH=/home/rcpsl/Zhao_Liyuan_ws/install/turtlebot3_gazebo:/home/rcpsl/Zhao_Liyuan_ws/install/turtlebot3_fake_node:/home/rcpsl/Zhao_Liyuan_ws/install/turtlebot3_simulations:/home/rcpsl/Zhao_Liyuan_ws/install/autoturtle:/home/rcpsl/Zhao_Liyuan_ws/install/TurtleBot:/opt/ros/humble /usr/bin/cmake --install /home/rcpsl/Zhao_Liyuan_ws/build/turtlebot3_simulations
[5.069s] Level 1:colcon.colcon_core.environment:create_environment_scripts_only(turtlebot3_simulations)
[5.070s] Level 1:colcon.colcon_core.environment:checking '/home/rcpsl/Zhao_Liyuan_ws/install/turtlebot3_simulations' for CMake module files
[5.071s] Level 1:colcon.colcon_core.environment:checking '/home/rcpsl/Zhao_Liyuan_ws/install/turtlebot3_simulations' for CMake config files
[5.071s] Level 1:colcon.colcon_core.shell:create_environment_hook('turtlebot3_simulations', 'cmake_prefix_path')
[5.072s] INFO:colcon.colcon_core.shell:Creating environment hook '/home/rcpsl/Zhao_Liyuan_ws/install/turtlebot3_simulations/share/turtlebot3_simulations/hook/cmake_prefix_path.ps1'
[5.077s] DEBUG:colcon.colcon_core.event_handler.log_command:Invoked command in '/home/rcpsl/Zhao_Liyuan_ws/build/turtlebot3_simulations' returned '0': CMAKE_PREFIX_PATH=/home/rcpsl/Zhao_Liyuan_ws/install/turtlebot3_gazebo:/home/rcpsl/Zhao_Liyuan_ws/install/turtlebot3_fake_node:/home/rcpsl/Zhao_Liyuan_ws/install/turtlebot3_simulations:/home/rcpsl/Zhao_Liyuan_ws/install/autoturtle:/home/rcpsl/Zhao_Liyuan_ws/install/TurtleBot:/opt/ros/humble /usr/bin/cmake --install /home/rcpsl/Zhao_Liyuan_ws/build/turtlebot3_simulations
[5.084s] INFO:colcon.colcon_core.shell:Creating environment descriptor '/home/rcpsl/Zhao_Liyuan_ws/install/turtlebot3_simulations/share/turtlebot3_simulations/hook/cmake_prefix_path.dsv'
[5.086s] INFO:colcon.colcon_core.shell:Creating environment hook '/home/rcpsl/Zhao_Liyuan_ws/install/turtlebot3_simulations/share/turtlebot3_simulations/hook/cmake_prefix_path.sh'
[5.087s] Level 1:colcon.colcon_core.environment:checking '/home/rcpsl/Zhao_Liyuan_ws/install/turtlebot3_simulations/bin'
[5.087s] Level 1:colcon.colcon_core.environment:checking '/home/rcpsl/Zhao_Liyuan_ws/install/turtlebot3_simulations/lib/pkgconfig/turtlebot3_simulations.pc'
[5.088s] Level 1:colcon.colcon_core.environment:checking '/home/rcpsl/Zhao_Liyuan_ws/install/turtlebot3_simulations/lib/python3.10/site-packages'
[5.088s] Level 1:colcon.colcon_core.environment:checking '/home/rcpsl/Zhao_Liyuan_ws/install/turtlebot3_simulations/bin'
[5.089s] INFO:colcon.colcon_core.shell:Creating package script '/home/rcpsl/Zhao_Liyuan_ws/install/turtlebot3_simulations/share/turtlebot3_simulations/package.ps1'
[5.092s] INFO:colcon.colcon_core.shell:Creating package descriptor '/home/rcpsl/Zhao_Liyuan_ws/install/turtlebot3_simulations/share/turtlebot3_simulations/package.dsv'
[5.094s] INFO:colcon.colcon_core.shell:Creating package script '/home/rcpsl/Zhao_Liyuan_ws/install/turtlebot3_simulations/share/turtlebot3_simulations/package.sh'
[5.095s] INFO:colcon.colcon_core.shell:Creating package script '/home/rcpsl/Zhao_Liyuan_ws/install/turtlebot3_simulations/share/turtlebot3_simulations/package.bash'
[5.096s] INFO:colcon.colcon_core.shell:Creating package script '/home/rcpsl/Zhao_Liyuan_ws/install/turtlebot3_simulations/share/turtlebot3_simulations/package.zsh'
[5.096s] Level 1:colcon.colcon_core.environment:create_file_with_runtime_dependencies(/home/rcpsl/Zhao_Liyuan_ws/install/turtlebot3_simulations/share/colcon-core/packages/turtlebot3_simulations)
[5.297s] Level 1:colcon.colcon_core.environment:create_environment_scripts_only(turtlebot3_simulations)
[5.298s] Level 1:colcon.colcon_core.environment:checking '/home/rcpsl/Zhao_Liyuan_ws/install/turtlebot3_simulations' for CMake module files
[5.299s] Level 1:colcon.colcon_core.environment:checking '/home/rcpsl/Zhao_Liyuan_ws/install/turtlebot3_simulations' for CMake config files
[5.305s] Level 1:colcon.colcon_core.shell:create_environment_hook('turtlebot3_simulations', 'cmake_prefix_path')
[5.306s] INFO:colcon.colcon_core.shell:Creating environment hook '/home/rcpsl/Zhao_Liyuan_ws/install/turtlebot3_simulations/share/turtlebot3_simulations/hook/cmake_prefix_path.ps1'
[5.307s] INFO:colcon.colcon_core.shell:Creating environment descriptor '/home/rcpsl/Zhao_Liyuan_ws/install/turtlebot3_simulations/share/turtlebot3_simulations/hook/cmake_prefix_path.dsv'
[5.313s] INFO:colcon.colcon_core.shell:Creating environment hook '/home/rcpsl/Zhao_Liyuan_ws/install/turtlebot3_simulations/share/turtlebot3_simulations/hook/cmake_prefix_path.sh'
[5.315s] Level 1:colcon.colcon_core.environment:checking '/home/rcpsl/Zhao_Liyuan_ws/install/turtlebot3_simulations/bin'
[5.315s] Level 1:colcon.colcon_core.environment:checking '/home/rcpsl/Zhao_Liyuan_ws/install/turtlebot3_simulations/lib/pkgconfig/turtlebot3_simulations.pc'
[5.315s] Level 1:colcon.colcon_core.environment:checking '/home/rcpsl/Zhao_Liyuan_ws/install/turtlebot3_simulations/lib/python3.10/site-packages'
[5.316s] Level 1:colcon.colcon_core.environment:checking '/home/rcpsl/Zhao_Liyuan_ws/install/turtlebot3_simulations/bin'
[5.316s] INFO:colcon.colcon_core.shell:Creating package script '/home/rcpsl/Zhao_Liyuan_ws/install/turtlebot3_simulations/share/turtlebot3_simulations/package.ps1'
[5.318s] INFO:colcon.colcon_core.shell:Creating package descriptor '/home/rcpsl/Zhao_Liyuan_ws/install/turtlebot3_simulations/share/turtlebot3_simulations/package.dsv'
[5.319s] INFO:colcon.colcon_core.shell:Creating package script '/home/rcpsl/Zhao_Liyuan_ws/install/turtlebot3_simulations/share/turtlebot3_simulations/package.sh'
[5.320s] INFO:colcon.colcon_core.shell:Creating package script '/home/rcpsl/Zhao_Liyuan_ws/install/turtlebot3_simulations/share/turtlebot3_simulations/package.bash'
[5.337s] INFO:colcon.colcon_core.shell:Creating package script '/home/rcpsl/Zhao_Liyuan_ws/install/turtlebot3_simulations/share/turtlebot3_simulations/package.zsh'
[5.339s] Level 1:colcon.colcon_core.environment:create_file_with_runtime_dependencies(/home/rcpsl/Zhao_Liyuan_ws/install/turtlebot3_simulations/share/colcon-core/packages/turtlebot3_simulations)
[5.626s] Level 1:colcon.colcon_core.environment:checking '/home/rcpsl/Zhao_Liyuan_ws/install/autoturtle' for CMake module files
[5.627s] DEBUG:colcon.colcon_core.event_handler.log_command:Invoked command in '/home/rcpsl/Zhao_Liyuan_ws/src/autoturtle' returned '0': PYTHONPATH=/home/rcpsl/Zhao_Liyuan_ws/build/autoturtle/prefix_override:/home/rcpsl/Zhao_Liyuan_ws/install/autoturtle/lib/python3.10/site-packages:${PYTHONPATH} /usr/bin/python3 -W ignore:setup.py install is deprecated setup.py egg_info --egg-base ../../build/autoturtle build --build-base /home/rcpsl/Zhao_Liyuan_ws/build/autoturtle/build install --record /home/rcpsl/Zhao_Liyuan_ws/build/autoturtle/install.log --single-version-externally-managed install_data
[5.629s] Level 1:colcon.colcon_core.environment:checking '/home/rcpsl/Zhao_Liyuan_ws/install/autoturtle' for CMake config files
[5.630s] Level 1:colcon.colcon_core.environment:checking '/home/rcpsl/Zhao_Liyuan_ws/install/autoturtle/lib'
[5.631s] Level 1:colcon.colcon_core.environment:checking '/home/rcpsl/Zhao_Liyuan_ws/install/autoturtle/bin'
[5.631s] Level 1:colcon.colcon_core.environment:checking '/home/rcpsl/Zhao_Liyuan_ws/install/autoturtle/lib/pkgconfig/autoturtle.pc'
[5.631s] Level 1:colcon.colcon_core.environment:checking '/home/rcpsl/Zhao_Liyuan_ws/install/autoturtle/lib/python3.10/site-packages'
[5.631s] Level 1:colcon.colcon_core.shell:create_environment_hook('autoturtle', 'pythonpath')
[5.632s] INFO:colcon.colcon_core.shell:Creating environment hook '/home/rcpsl/Zhao_Liyuan_ws/install/autoturtle/share/autoturtle/hook/pythonpath.ps1'
[5.633s] INFO:colcon.colcon_core.shell:Creating environment descriptor '/home/rcpsl/Zhao_Liyuan_ws/install/autoturtle/share/autoturtle/hook/pythonpath.dsv'
[5.634s] INFO:colcon.colcon_core.shell:Creating environment hook '/home/rcpsl/Zhao_Liyuan_ws/install/autoturtle/share/autoturtle/hook/pythonpath.sh'
[5.635s] Level 1:colcon.colcon_core.environment:checking '/home/rcpsl/Zhao_Liyuan_ws/install/autoturtle/bin'
[5.635s] Level 1:colcon.colcon_core.environment:create_environment_scripts_only(autoturtle)
[5.636s] INFO:colcon.colcon_core.shell:Creating package script '/home/rcpsl/Zhao_Liyuan_ws/install/autoturtle/share/autoturtle/package.ps1'
[5.638s] INFO:colcon.colcon_core.shell:Creating package descriptor '/home/rcpsl/Zhao_Liyuan_ws/install/autoturtle/share/autoturtle/package.dsv'
[5.640s] INFO:colcon.colcon_core.shell:Creating package script '/home/rcpsl/Zhao_Liyuan_ws/install/autoturtle/share/autoturtle/package.sh'
[5.647s] INFO:colcon.colcon_core.shell:Creating package script '/home/rcpsl/Zhao_Liyuan_ws/install/autoturtle/share/autoturtle/package.bash'
[5.649s] INFO:colcon.colcon_core.shell:Creating package script '/home/rcpsl/Zhao_Liyuan_ws/install/autoturtle/share/autoturtle/package.zsh'
[5.652s] Level 1:colcon.colcon_core.environment:create_file_with_runtime_dependencies(/home/rcpsl/Zhao_Liyuan_ws/install/autoturtle/share/colcon-core/packages/autoturtle)
[5.661s] DEBUG:colcon.colcon_parallel_executor.executor.parallel:closing loop
[5.661s] DEBUG:colcon.colcon_parallel_executor.executor.parallel:loop closed
[5.662s] DEBUG:colcon.colcon_parallel_executor.executor.parallel:run_until_complete finished with '0'
[5.662s] DEBUG:colcon.colcon_core.event_reactor:joining thread
[5.683s] INFO:colcon.colcon_core.plugin_system:Skipping extension 'colcon_notification.desktop_notification.terminal_notifier': Not used on non-Darwin systems
[5.686s] INFO:colcon.colcon_core.plugin_system:Skipping extension 'colcon_notification.desktop_notification.win32': Not used on non-Windows systems
[5.686s] INFO:colcon.colcon_notification.desktop_notification:Sending desktop notification using 'notify2'
[5.753s] DEBUG:colcon.colcon_core.event_reactor:joined thread
[5.754s] INFO:colcon.colcon_core.shell:Creating prefix script '/home/rcpsl/Zhao_Liyuan_ws/install/local_setup.ps1'
[5.756s] INFO:colcon.colcon_core.shell:Creating prefix util module '/home/rcpsl/Zhao_Liyuan_ws/install/_local_setup_util_ps1.py'
[5.758s] INFO:colcon.colcon_core.shell:Creating prefix chain script '/home/rcpsl/Zhao_Liyuan_ws/install/setup.ps1'
[5.769s] INFO:colcon.colcon_core.shell:Creating prefix script '/home/rcpsl/Zhao_Liyuan_ws/install/local_setup.sh'
[5.770s] INFO:colcon.colcon_core.shell:Creating prefix util module '/home/rcpsl/Zhao_Liyuan_ws/install/_local_setup_util_sh.py'
[5.772s] INFO:colcon.colcon_core.shell:Creating prefix chain script '/home/rcpsl/Zhao_Liyuan_ws/install/setup.sh'
[5.774s] INFO:colcon.colcon_core.shell:Creating prefix script '/home/rcpsl/Zhao_Liyuan_ws/install/local_setup.bash'
[5.777s] INFO:colcon.colcon_core.shell:Creating prefix chain script '/home/rcpsl/Zhao_Liyuan_ws/install/setup.bash'
[5.785s] INFO:colcon.colcon_core.shell:Creating prefix script '/home/rcpsl/Zhao_Liyuan_ws/install/local_setup.zsh'
[5.787s] INFO:colcon.colcon_core.shell:Creating prefix chain script '/home/rcpsl/Zhao_Liyuan_ws/install/setup.zsh'
