[1.709s] Invoking command in '/home/rcpsl/Zhao_Liyuan_ws/src/autoturtle': PYTHONPATH=/home/rcpsl/Zhao_Liyuan_ws/build/autoturtle/prefix_override:/home/rcpsl/Zhao_Liyuan_ws/install/autoturtle/lib/python3.10/site-packages:${PYTHONPATH} /usr/bin/python3 -W ignore:setup.py install is deprecated setup.py egg_info --egg-base ../../build/autoturtle build --build-base /home/rcpsl/Zhao_Liyuan_ws/build/autoturtle/build install --record /home/rcpsl/Zhao_Liyuan_ws/build/autoturtle/install.log --single-version-externally-managed install_data
[2.728s] running egg_info
[2.731s] writing ../../build/autoturtle/autoturtle.egg-info/PKG-INFO
[2.733s] writing dependency_links to ../../build/autoturtle/autoturtle.egg-info/dependency_links.txt
[2.734s] writing entry points to ../../build/autoturtle/autoturtle.egg-info/entry_points.txt
[2.736s] writing requirements to ../../build/autoturtle/autoturtle.egg-info/requires.txt
[2.737s] writing top-level names to ../../build/autoturtle/autoturtle.egg-info/top_level.txt
[2.743s] reading manifest file '../../build/autoturtle/autoturtle.egg-info/SOURCES.txt'
[2.746s] writing manifest file '../../build/autoturtle/autoturtle.egg-info/SOURCES.txt'
[2.748s] running build
[2.748s] running build_py
[2.752s] copying autoturtle/test.py -> /home/rcpsl/Zhao_Liyuan_ws/build/autoturtle/build/lib/autoturtle
[2.753s] running install
[2.756s] running install_lib
[2.759s] copying /home/rcpsl/Zhao_Liyuan_ws/build/autoturtle/build/lib/autoturtle/test.py -> /home/rcpsl/Zhao_Liyuan_ws/install/autoturtle/lib/python3.10/site-packages/autoturtle
[2.763s] byte-compiling /home/rcpsl/Zhao_Liyuan_ws/install/autoturtle/lib/python3.10/site-packages/autoturtle/test.py to test.cpython-310.pyc
[2.766s] running install_data
[2.769s] running install_egg_info
[2.781s] removing '/home/rcpsl/Zhao_Liyuan_ws/install/autoturtle/lib/python3.10/site-packages/autoturtle-0.0.0-py3.10.egg-info' (and everything under it)
[2.790s] Copying ../../build/autoturtle/autoturtle.egg-info to /home/rcpsl/Zhao_Liyuan_ws/install/autoturtle/lib/python3.10/site-packages/autoturtle-0.0.0-py3.10.egg-info
[2.793s] running install_scripts
[2.840s] Installing listener script to /home/rcpsl/Zhao_Liyuan_ws/install/autoturtle/lib/autoturtle
[2.841s] Installing my_teleop_node script to /home/rcpsl/Zhao_Liyuan_ws/install/autoturtle/lib/autoturtle
[2.842s] Installing swim_node script to /home/rcpsl/Zhao_Liyuan_ws/install/autoturtle/lib/autoturtle
[2.843s] Installing swim_to_goal script to /home/rcpsl/Zhao_Liyuan_ws/install/autoturtle/lib/autoturtle
[2.844s] Installing test script to /home/rcpsl/Zhao_Liyuan_ws/install/autoturtle/lib/autoturtle
[2.845s] Installing two_circle_8shape script to /home/rcpsl/Zhao_Liyuan_ws/install/autoturtle/lib/autoturtle
[2.846s] writing list of installed files to '/home/rcpsl/Zhao_Liyuan_ws/build/autoturtle/install.log'
[2.903s] Invoked command in '/home/rcpsl/Zhao_Liyuan_ws/src/autoturtle' returned '0': PYTHONPATH=/home/rcpsl/Zhao_Liyuan_ws/build/autoturtle/prefix_override:/home/rcpsl/Zhao_Liyuan_ws/install/autoturtle/lib/python3.10/site-packages:${PYTHONPATH} /usr/bin/python3 -W ignore:setup.py install is deprecated setup.py egg_info --egg-base ../../build/autoturtle build --build-base /home/rcpsl/Zhao_Liyuan_ws/build/autoturtle/build install --record /home/rcpsl/Zhao_Liyuan_ws/build/autoturtle/install.log --single-version-externally-managed install_data
