[2.841s] Invoking command in '/home/rcpsl/Zhao_Liyuan_ws/src/TurtleBot': PYTHONPATH=/home/rcpsl/Zhao_Liyuan_ws/build/TurtleBot/prefix_override:/home/rcpsl/Zhao_Liyuan_ws/install/TurtleBot/lib/python3.10/site-packages:${PYTHONPATH} /usr/bin/python3 -W ignore:setup.py install is deprecated setup.py egg_info --egg-base ../../build/TurtleBot build --build-base /home/rcpsl/Zhao_Liyuan_ws/build/TurtleBot/build install --record /home/rcpsl/Zhao_Liyuan_ws/build/TurtleBot/install.log --single-version-externally-managed install_data
[4.161s] running egg_info
[4.171s] writing ../../build/TurtleBot/TurtleBot.egg-info/PKG-INFO
[4.173s] writing dependency_links to ../../build/TurtleBot/TurtleBot.egg-info/dependency_links.txt
[4.174s] writing entry points to ../../build/TurtleBot/TurtleBot.egg-info/entry_points.txt
[4.175s] writing requirements to ../../build/TurtleBot/TurtleBot.egg-info/requires.txt
[4.176s] writing top-level names to ../../build/TurtleBot/TurtleBot.egg-info/top_level.txt
[4.183s] reading manifest file '../../build/TurtleBot/TurtleBot.egg-info/SOURCES.txt'
[4.195s] writing manifest file '../../build/TurtleBot/TurtleBot.egg-info/SOURCES.txt'
[4.196s] running build
[4.196s] running build_py
[4.197s] running install
[4.199s] running install_lib
[4.207s] running install_data
[4.208s] running install_egg_info
[4.219s] removing '/home/rcpsl/Zhao_Liyuan_ws/install/TurtleBot/lib/python3.10/site-packages/TurtleBot-0.0.0-py3.10.egg-info' (and everything under it)
[4.228s] Copying ../../build/TurtleBot/TurtleBot.egg-info to /home/rcpsl/Zhao_Liyuan_ws/install/TurtleBot/lib/python3.10/site-packages/TurtleBot-0.0.0-py3.10.egg-info
[4.231s] running install_scripts
[4.341s] Installing Motion_Planner script to /home/rcpsl/Zhao_Liyuan_ws/install/TurtleBot/lib/TurtleBot
[4.342s] Installing PID_Controller script to /home/rcpsl/Zhao_Liyuan_ws/install/TurtleBot/lib/TurtleBot
[4.343s] Installing control script to /home/rcpsl/Zhao_Liyuan_ws/install/TurtleBot/lib/TurtleBot
[4.344s] Installing new script to /home/rcpsl/Zhao_Liyuan_ws/install/TurtleBot/lib/TurtleBot
[4.345s] Installing new2 script to /home/rcpsl/Zhao_Liyuan_ws/install/TurtleBot/lib/TurtleBot
[4.355s] writing list of installed files to '/home/rcpsl/Zhao_Liyuan_ws/build/TurtleBot/install.log'
[4.447s] Invoked command in '/home/rcpsl/Zhao_Liyuan_ws/src/TurtleBot' returned '0': PYTHONPATH=/home/rcpsl/Zhao_Liyuan_ws/build/TurtleBot/prefix_override:/home/rcpsl/Zhao_Liyuan_ws/install/TurtleBot/lib/python3.10/site-packages:${PYTHONPATH} /usr/bin/python3 -W ignore:setup.py install is deprecated setup.py egg_info --egg-base ../../build/TurtleBot build --build-base /home/rcpsl/Zhao_Liyuan_ws/build/TurtleBot/build install --record /home/rcpsl/Zhao_Liyuan_ws/build/TurtleBot/install.log --single-version-externally-managed install_data
