[0.255s] DEBUG:colcon:Command line arguments: ['/usr/bin/colcon', 'build']
[0.256s] DEBUG:colcon:Parsed command line arguments: Namespace(log_base=None, log_level=None, verb_name='build', build_base='build', install_base='install', merge_install=False, symlink_install=False, test_result_base=None, continue_on_error=False, executor='parallel', parallel_workers=2, event_handlers=None, ignore_user_meta=False, metas=['./colcon.meta'], base_paths=['.'], packages_ignore=None, packages_ignore_regex=None, paths=None, packages_up_to=None, packages_up_to_regex=None, packages_above=None, packages_above_and_dependencies=None, packages_above_depth=None, packages_select_by_dep=None, packages_skip_by_dep=None, packages_skip_up_to=None, packages_select_build_failed=False, packages_skip_build_finished=False, packages_select_test_failures=False, packages_skip_test_passed=False, packages_select=None, packages_skip=None, packages_select_regex=None, packages_skip_regex=None, packages_start=None, packages_end=None, allow_overriding=[], cmake_args=None, cmake_target=None, cmake_target_skip_unavailable=False, cmake_clean_cache=False, cmake_clean_first=False, cmake_force_configure=False, ament_cmake_args=None, catkin_cmake_args=None, catkin_skip_building_tests=False, verb_parser=<colcon_defaults.argument_parser.defaults.DefaultArgumentsDecorator object at 0x72b2c8b44e20>, verb_extension=<colcon_core.verb.build.BuildVerb object at 0x72b2c8b44850>, main=<bound method BuildVerb.main of <colcon_core.verb.build.BuildVerb object at 0x72b2c8b44850>>)
[0.687s] Level 1:colcon.colcon_core.package_discovery:discover_packages(colcon_meta) check parameters
[0.688s] Level 1:colcon.colcon_core.package_discovery:discover_packages(recursive) check parameters
[0.688s] Level 1:colcon.colcon_core.package_discovery:discover_packages(ignore) check parameters
[0.688s] Level 1:colcon.colcon_core.package_discovery:discover_packages(path) check parameters
[0.688s] Level 1:colcon.colcon_core.package_discovery:discover_packages(colcon_meta) discover
[0.688s] Level 1:colcon.colcon_core.package_discovery:discover_packages(recursive) discover
[0.688s] INFO:colcon.colcon_core.package_discovery:Crawling recursively for packages in '/home/rcpsl/Zhao_Liyuan_ws'
[0.688s] Level 1:colcon.colcon_core.package_identification:_identify(.) by extensions ['ignore', 'ignore_ament_install']
[0.689s] Level 1:colcon.colcon_core.package_identification:_identify(.) by extension 'ignore'
[0.689s] Level 1:colcon.colcon_core.package_identification:_identify(.) by extension 'ignore_ament_install'
[0.689s] Level 1:colcon.colcon_core.package_identification:_identify(.) by extensions ['colcon_pkg']
[0.689s] Level 1:colcon.colcon_core.package_identification:_identify(.) by extension 'colcon_pkg'
[0.689s] Level 1:colcon.colcon_core.package_identification:_identify(.) by extensions ['colcon_meta']
[0.689s] Level 1:colcon.colcon_core.package_identification:_identify(.) by extension 'colcon_meta'
[0.690s] Level 1:colcon.colcon_core.package_identification:_identify(.) by extensions ['ros']
[0.690s] Level 1:colcon.colcon_core.package_identification:_identify(.) by extension 'ros'
[0.716s] Level 1:colcon.colcon_core.package_identification:_identify(.) by extensions ['cmake', 'python']
[0.716s] Level 1:colcon.colcon_core.package_identification:_identify(.) by extension 'cmake'
[0.717s] Level 1:colcon.colcon_core.package_identification:_identify(.) by extension 'python'
[0.717s] Level 1:colcon.colcon_core.package_identification:_identify(.) by extensions ['python_setup_py']
[0.717s] Level 1:colcon.colcon_core.package_identification:_identify(.) by extension 'python_setup_py'
[0.717s] Level 1:colcon.colcon_core.package_identification:_identify(build) by extensions ['ignore', 'ignore_ament_install']
[0.717s] Level 1:colcon.colcon_core.package_identification:_identify(build) by extension 'ignore'
[0.717s] Level 1:colcon.colcon_core.package_identification:_identify(build) ignored
[0.718s] Level 1:colcon.colcon_core.package_identification:_identify(install) by extensions ['ignore', 'ignore_ament_install']
[0.718s] Level 1:colcon.colcon_core.package_identification:_identify(install) by extension 'ignore'
[0.718s] Level 1:colcon.colcon_core.package_identification:_identify(install) ignored
[0.719s] Level 1:colcon.colcon_core.package_identification:_identify(log) by extensions ['ignore', 'ignore_ament_install']
[0.720s] Level 1:colcon.colcon_core.package_identification:_identify(log) by extension 'ignore'
[0.720s] Level 1:colcon.colcon_core.package_identification:_identify(log) ignored
[0.720s] Level 1:colcon.colcon_core.package_identification:_identify(src) by extensions ['ignore', 'ignore_ament_install']
[0.721s] Level 1:colcon.colcon_core.package_identification:_identify(src) by extension 'ignore'
[0.721s] Level 1:colcon.colcon_core.package_identification:_identify(src) by extension 'ignore_ament_install'
[0.721s] Level 1:colcon.colcon_core.package_identification:_identify(src) by extensions ['colcon_pkg']
[0.721s] Level 1:colcon.colcon_core.package_identification:_identify(src) by extension 'colcon_pkg'
[0.721s] Level 1:colcon.colcon_core.package_identification:_identify(src) by extensions ['colcon_meta']
[0.721s] Level 1:colcon.colcon_core.package_identification:_identify(src) by extension 'colcon_meta'
[0.721s] Level 1:colcon.colcon_core.package_identification:_identify(src) by extensions ['ros']
[0.722s] Level 1:colcon.colcon_core.package_identification:_identify(src) by extension 'ros'
[0.722s] Level 1:colcon.colcon_core.package_identification:_identify(src) by extensions ['cmake', 'python']
[0.722s] Level 1:colcon.colcon_core.package_identification:_identify(src) by extension 'cmake'
[0.722s] Level 1:colcon.colcon_core.package_identification:_identify(src) by extension 'python'
[0.722s] Level 1:colcon.colcon_core.package_identification:_identify(src) by extensions ['python_setup_py']
[0.722s] Level 1:colcon.colcon_core.package_identification:_identify(src) by extension 'python_setup_py'
[0.723s] Level 1:colcon.colcon_core.package_identification:_identify(src/TurtleBot) by extensions ['ignore', 'ignore_ament_install']
[0.723s] Level 1:colcon.colcon_core.package_identification:_identify(src/TurtleBot) by extension 'ignore'
[0.723s] Level 1:colcon.colcon_core.package_identification:_identify(src/TurtleBot) by extension 'ignore_ament_install'
[0.723s] Level 1:colcon.colcon_core.package_identification:_identify(src/TurtleBot) by extensions ['colcon_pkg']
[0.723s] Level 1:colcon.colcon_core.package_identification:_identify(src/TurtleBot) by extension 'colcon_pkg'
[0.723s] Level 1:colcon.colcon_core.package_identification:_identify(src/TurtleBot) by extensions ['colcon_meta']
[0.724s] Level 1:colcon.colcon_core.package_identification:_identify(src/TurtleBot) by extension 'colcon_meta'
[0.724s] Level 1:colcon.colcon_core.package_identification:_identify(src/TurtleBot) by extensions ['ros']
[0.724s] Level 1:colcon.colcon_core.package_identification:_identify(src/TurtleBot) by extension 'ros'
[0.729s] DEBUG:colcon.colcon_core.package_identification:Package 'src/TurtleBot' with type 'ros.ament_python' and name 'TurtleBot'
[0.729s] Level 1:colcon.colcon_core.package_identification:_identify(src/autoturtle) by extensions ['ignore', 'ignore_ament_install']
[0.729s] Level 1:colcon.colcon_core.package_identification:_identify(src/autoturtle) by extension 'ignore'
[0.730s] Level 1:colcon.colcon_core.package_identification:_identify(src/autoturtle) by extension 'ignore_ament_install'
[0.730s] Level 1:colcon.colcon_core.package_identification:_identify(src/autoturtle) by extensions ['colcon_pkg']
[0.730s] Level 1:colcon.colcon_core.package_identification:_identify(src/autoturtle) by extension 'colcon_pkg'
[0.730s] Level 1:colcon.colcon_core.package_identification:_identify(src/autoturtle) by extensions ['colcon_meta']
[0.730s] Level 1:colcon.colcon_core.package_identification:_identify(src/autoturtle) by extension 'colcon_meta'
[0.730s] Level 1:colcon.colcon_core.package_identification:_identify(src/autoturtle) by extensions ['ros']
[0.730s] Level 1:colcon.colcon_core.package_identification:_identify(src/autoturtle) by extension 'ros'
[0.732s] DEBUG:colcon.colcon_core.package_identification:Package 'src/autoturtle' with type 'ros.ament_python' and name 'autoturtle'
[0.732s] Level 1:colcon.colcon_core.package_identification:_identify(src/turtlebot3_simulations) by extensions ['ignore', 'ignore_ament_install']
[0.732s] Level 1:colcon.colcon_core.package_identification:_identify(src/turtlebot3_simulations) by extension 'ignore'
[0.733s] Level 1:colcon.colcon_core.package_identification:_identify(src/turtlebot3_simulations) by extension 'ignore_ament_install'
[0.733s] Level 1:colcon.colcon_core.package_identification:_identify(src/turtlebot3_simulations) by extensions ['colcon_pkg']
[0.733s] Level 1:colcon.colcon_core.package_identification:_identify(src/turtlebot3_simulations) by extension 'colcon_pkg'
[0.733s] Level 1:colcon.colcon_core.package_identification:_identify(src/turtlebot3_simulations) by extensions ['colcon_meta']
[0.733s] Level 1:colcon.colcon_core.package_identification:_identify(src/turtlebot3_simulations) by extension 'colcon_meta'
[0.733s] Level 1:colcon.colcon_core.package_identification:_identify(src/turtlebot3_simulations) by extensions ['ros']
[0.734s] Level 1:colcon.colcon_core.package_identification:_identify(src/turtlebot3_simulations) by extension 'ros'
[0.734s] Level 1:colcon.colcon_core.package_identification:_identify(src/turtlebot3_simulations) by extensions ['cmake', 'python']
[0.734s] Level 1:colcon.colcon_core.package_identification:_identify(src/turtlebot3_simulations) by extension 'cmake'
[0.734s] Level 1:colcon.colcon_core.package_identification:_identify(src/turtlebot3_simulations) by extension 'python'
[0.734s] Level 1:colcon.colcon_core.package_identification:_identify(src/turtlebot3_simulations) by extensions ['python_setup_py']
[0.734s] Level 1:colcon.colcon_core.package_identification:_identify(src/turtlebot3_simulations) by extension 'python_setup_py'
[0.735s] Level 1:colcon.colcon_core.package_identification:_identify(src/turtlebot3_simulations/turtlebot3_fake_node) by extensions ['ignore', 'ignore_ament_install']
[0.735s] Level 1:colcon.colcon_core.package_identification:_identify(src/turtlebot3_simulations/turtlebot3_fake_node) by extension 'ignore'
[0.735s] Level 1:colcon.colcon_core.package_identification:_identify(src/turtlebot3_simulations/turtlebot3_fake_node) by extension 'ignore_ament_install'
[0.735s] Level 1:colcon.colcon_core.package_identification:_identify(src/turtlebot3_simulations/turtlebot3_fake_node) by extensions ['colcon_pkg']
[0.735s] Level 1:colcon.colcon_core.package_identification:_identify(src/turtlebot3_simulations/turtlebot3_fake_node) by extension 'colcon_pkg'
[0.735s] Level 1:colcon.colcon_core.package_identification:_identify(src/turtlebot3_simulations/turtlebot3_fake_node) by extensions ['colcon_meta']
[0.735s] Level 1:colcon.colcon_core.package_identification:_identify(src/turtlebot3_simulations/turtlebot3_fake_node) by extension 'colcon_meta'
[0.736s] Level 1:colcon.colcon_core.package_identification:_identify(src/turtlebot3_simulations/turtlebot3_fake_node) by extensions ['ros']
[0.736s] Level 1:colcon.colcon_core.package_identification:_identify(src/turtlebot3_simulations/turtlebot3_fake_node) by extension 'ros'
[0.738s] DEBUG:colcon.colcon_core.package_identification:Package 'src/turtlebot3_simulations/turtlebot3_fake_node' with type 'ros.ament_cmake' and name 'turtlebot3_fake_node'
[0.739s] Level 1:colcon.colcon_core.package_identification:_identify(src/turtlebot3_simulations/turtlebot3_gazebo) by extensions ['ignore', 'ignore_ament_install']
[0.742s] Level 1:colcon.colcon_core.package_identification:_identify(src/turtlebot3_simulations/turtlebot3_gazebo) by extension 'ignore'
[0.742s] Level 1:colcon.colcon_core.package_identification:_identify(src/turtlebot3_simulations/turtlebot3_gazebo) by extension 'ignore_ament_install'
[0.743s] Level 1:colcon.colcon_core.package_identification:_identify(src/turtlebot3_simulations/turtlebot3_gazebo) by extensions ['colcon_pkg']
[0.743s] Level 1:colcon.colcon_core.package_identification:_identify(src/turtlebot3_simulations/turtlebot3_gazebo) by extension 'colcon_pkg'
[0.743s] Level 1:colcon.colcon_core.package_identification:_identify(src/turtlebot3_simulations/turtlebot3_gazebo) by extensions ['colcon_meta']
[0.743s] Level 1:colcon.colcon_core.package_identification:_identify(src/turtlebot3_simulations/turtlebot3_gazebo) by extension 'colcon_meta'
[0.743s] Level 1:colcon.colcon_core.package_identification:_identify(src/turtlebot3_simulations/turtlebot3_gazebo) by extensions ['ros']
[0.743s] Level 1:colcon.colcon_core.package_identification:_identify(src/turtlebot3_simulations/turtlebot3_gazebo) by extension 'ros'
[0.745s] DEBUG:colcon.colcon_core.package_identification:Package 'src/turtlebot3_simulations/turtlebot3_gazebo' with type 'ros.ament_cmake' and name 'turtlebot3_gazebo'
[0.746s] Level 1:colcon.colcon_core.package_identification:_identify(src/turtlebot3_simulations/turtlebot3_simulations) by extensions ['ignore', 'ignore_ament_install']
[0.746s] Level 1:colcon.colcon_core.package_identification:_identify(src/turtlebot3_simulations/turtlebot3_simulations) by extension 'ignore'
[0.746s] Level 1:colcon.colcon_core.package_identification:_identify(src/turtlebot3_simulations/turtlebot3_simulations) by extension 'ignore_ament_install'
[0.746s] Level 1:colcon.colcon_core.package_identification:_identify(src/turtlebot3_simulations/turtlebot3_simulations) by extensions ['colcon_pkg']
[0.747s] Level 1:colcon.colcon_core.package_identification:_identify(src/turtlebot3_simulations/turtlebot3_simulations) by extension 'colcon_pkg'
[0.747s] Level 1:colcon.colcon_core.package_identification:_identify(src/turtlebot3_simulations/turtlebot3_simulations) by extensions ['colcon_meta']
[0.747s] Level 1:colcon.colcon_core.package_identification:_identify(src/turtlebot3_simulations/turtlebot3_simulations) by extension 'colcon_meta'
[0.747s] Level 1:colcon.colcon_core.package_identification:_identify(src/turtlebot3_simulations/turtlebot3_simulations) by extensions ['ros']
[0.752s] Level 1:colcon.colcon_core.package_identification:_identify(src/turtlebot3_simulations/turtlebot3_simulations) by extension 'ros'
[0.754s] DEBUG:colcon.colcon_core.package_identification:Package 'src/turtlebot3_simulations/turtlebot3_simulations' with type 'ros.ament_cmake' and name 'turtlebot3_simulations'
[0.754s] Level 1:colcon.colcon_core.package_discovery:discover_packages(recursive) using defaults
[0.754s] Level 1:colcon.colcon_core.package_discovery:discover_packages(ignore) discover
[0.754s] Level 1:colcon.colcon_core.package_discovery:discover_packages(ignore) using defaults
[0.754s] Level 1:colcon.colcon_core.package_discovery:discover_packages(path) discover
[0.754s] Level 1:colcon.colcon_core.package_discovery:discover_packages(path) using defaults
[0.839s] Level 1:colcon.colcon_core.package_discovery:discover_packages(prefix_path) check parameters
[0.839s] Level 1:colcon.colcon_core.package_discovery:discover_packages(prefix_path) discover
[0.847s] DEBUG:colcon.colcon_installed_package_information.package_discovery:Found 5 installed packages in /home/rcpsl/Zhao_Liyuan_ws/install
[0.856s] DEBUG:colcon.colcon_installed_package_information.package_discovery:Found 370 installed packages in /opt/ros/humble
[0.862s] Level 1:colcon.colcon_core.package_discovery:discover_packages(prefix_path) using defaults
[0.997s] Level 5:colcon.colcon_core.verb:set package 'TurtleBot' build argument 'cmake_args' from command line to 'None'
[0.997s] Level 5:colcon.colcon_core.verb:set package 'TurtleBot' build argument 'cmake_target' from command line to 'None'
[0.997s] Level 5:colcon.colcon_core.verb:set package 'TurtleBot' build argument 'cmake_target_skip_unavailable' from command line to 'False'
[0.997s] Level 5:colcon.colcon_core.verb:set package 'TurtleBot' build argument 'cmake_clean_cache' from command line to 'False'
[0.997s] Level 5:colcon.colcon_core.verb:set package 'TurtleBot' build argument 'cmake_clean_first' from command line to 'False'
[0.997s] Level 5:colcon.colcon_core.verb:set package 'TurtleBot' build argument 'cmake_force_configure' from command line to 'False'
[0.997s] Level 5:colcon.colcon_core.verb:set package 'TurtleBot' build argument 'ament_cmake_args' from command line to 'None'
[0.997s] Level 5:colcon.colcon_core.verb:set package 'TurtleBot' build argument 'catkin_cmake_args' from command line to 'None'
[0.997s] Level 5:colcon.colcon_core.verb:set package 'TurtleBot' build argument 'catkin_skip_building_tests' from command line to 'False'
[0.997s] DEBUG:colcon.colcon_core.verb:Building package 'TurtleBot' with the following arguments: {'ament_cmake_args': None, 'build_base': '/home/rcpsl/Zhao_Liyuan_ws/build/TurtleBot', 'catkin_cmake_args': None, 'catkin_skip_building_tests': False, 'cmake_args': None, 'cmake_clean_cache': False, 'cmake_clean_first': False, 'cmake_force_configure': False, 'cmake_target': None, 'cmake_target_skip_unavailable': False, 'install_base': '/home/rcpsl/Zhao_Liyuan_ws/install/TurtleBot', 'merge_install': False, 'path': '/home/rcpsl/Zhao_Liyuan_ws/src/TurtleBot', 'symlink_install': False, 'test_result_base': None}
[0.998s] Level 5:colcon.colcon_core.verb:set package 'autoturtle' build argument 'cmake_args' from command line to 'None'
[0.998s] Level 5:colcon.colcon_core.verb:set package 'autoturtle' build argument 'cmake_target' from command line to 'None'
[0.998s] Level 5:colcon.colcon_core.verb:set package 'autoturtle' build argument 'cmake_target_skip_unavailable' from command line to 'False'
[0.998s] Level 5:colcon.colcon_core.verb:set package 'autoturtle' build argument 'cmake_clean_cache' from command line to 'False'
[0.999s] Level 5:colcon.colcon_core.verb:set package 'autoturtle' build argument 'cmake_clean_first' from command line to 'False'
[0.999s] Level 5:colcon.colcon_core.verb:set package 'autoturtle' build argument 'cmake_force_configure' from command line to 'False'
[0.999s] Level 5:colcon.colcon_core.verb:set package 'autoturtle' build argument 'ament_cmake_args' from command line to 'None'
[0.999s] Level 5:colcon.colcon_core.verb:set package 'autoturtle' build argument 'catkin_cmake_args' from command line to 'None'
[0.999s] Level 5:colcon.colcon_core.verb:set package 'autoturtle' build argument 'catkin_skip_building_tests' from command line to 'False'
[0.999s] DEBUG:colcon.colcon_core.verb:Building package 'autoturtle' with the following arguments: {'ament_cmake_args': None, 'build_base': '/home/rcpsl/Zhao_Liyuan_ws/build/autoturtle', 'catkin_cmake_args': None, 'catkin_skip_building_tests': False, 'cmake_args': None, 'cmake_clean_cache': False, 'cmake_clean_first': False, 'cmake_force_configure': False, 'cmake_target': None, 'cmake_target_skip_unavailable': False, 'install_base': '/home/rcpsl/Zhao_Liyuan_ws/install/autoturtle', 'merge_install': False, 'path': '/home/rcpsl/Zhao_Liyuan_ws/src/autoturtle', 'symlink_install': False, 'test_result_base': None}
[1.000s] Level 5:colcon.colcon_core.verb:set package 'turtlebot3_fake_node' build argument 'cmake_args' from command line to 'None'
[1.000s] Level 5:colcon.colcon_core.verb:set package 'turtlebot3_fake_node' build argument 'cmake_target' from command line to 'None'
[1.000s] Level 5:colcon.colcon_core.verb:set package 'turtlebot3_fake_node' build argument 'cmake_target_skip_unavailable' from command line to 'False'
[1.000s] Level 5:colcon.colcon_core.verb:set package 'turtlebot3_fake_node' build argument 'cmake_clean_cache' from command line to 'False'
[1.000s] Level 5:colcon.colcon_core.verb:set package 'turtlebot3_fake_node' build argument 'cmake_clean_first' from command line to 'False'
[1.000s] Level 5:colcon.colcon_core.verb:set package 'turtlebot3_fake_node' build argument 'cmake_force_configure' from command line to 'False'
[1.000s] Level 5:colcon.colcon_core.verb:set package 'turtlebot3_fake_node' build argument 'ament_cmake_args' from command line to 'None'
[1.000s] Level 5:colcon.colcon_core.verb:set package 'turtlebot3_fake_node' build argument 'catkin_cmake_args' from command line to 'None'
[1.000s] Level 5:colcon.colcon_core.verb:set package 'turtlebot3_fake_node' build argument 'catkin_skip_building_tests' from command line to 'False'
[1.000s] DEBUG:colcon.colcon_core.verb:Building package 'turtlebot3_fake_node' with the following arguments: {'ament_cmake_args': None, 'build_base': '/home/rcpsl/Zhao_Liyuan_ws/build/turtlebot3_fake_node', 'catkin_cmake_args': None, 'catkin_skip_building_tests': False, 'cmake_args': None, 'cmake_clean_cache': False, 'cmake_clean_first': False, 'cmake_force_configure': False, 'cmake_target': None, 'cmake_target_skip_unavailable': False, 'install_base': '/home/rcpsl/Zhao_Liyuan_ws/install/turtlebot3_fake_node', 'merge_install': False, 'path': '/home/rcpsl/Zhao_Liyuan_ws/src/turtlebot3_simulations/turtlebot3_fake_node', 'symlink_install': False, 'test_result_base': None}
[1.001s] Level 5:colcon.colcon_core.verb:set package 'turtlebot3_gazebo' build argument 'cmake_args' from command line to 'None'
[1.001s] Level 5:colcon.colcon_core.verb:set package 'turtlebot3_gazebo' build argument 'cmake_target' from command line to 'None'
[1.001s] Level 5:colcon.colcon_core.verb:set package 'turtlebot3_gazebo' build argument 'cmake_target_skip_unavailable' from command line to 'False'
[1.001s] Level 5:colcon.colcon_core.verb:set package 'turtlebot3_gazebo' build argument 'cmake_clean_cache' from command line to 'False'
[1.001s] Level 5:colcon.colcon_core.verb:set package 'turtlebot3_gazebo' build argument 'cmake_clean_first' from command line to 'False'
[1.001s] Level 5:colcon.colcon_core.verb:set package 'turtlebot3_gazebo' build argument 'cmake_force_configure' from command line to 'False'
[1.002s] Level 5:colcon.colcon_core.verb:set package 'turtlebot3_gazebo' build argument 'ament_cmake_args' from command line to 'None'
[1.002s] Level 5:colcon.colcon_core.verb:set package 'turtlebot3_gazebo' build argument 'catkin_cmake_args' from command line to 'None'
[1.002s] Level 5:colcon.colcon_core.verb:set package 'turtlebot3_gazebo' build argument 'catkin_skip_building_tests' from command line to 'False'
[1.002s] DEBUG:colcon.colcon_core.verb:Building package 'turtlebot3_gazebo' with the following arguments: {'ament_cmake_args': None, 'build_base': '/home/rcpsl/Zhao_Liyuan_ws/build/turtlebot3_gazebo', 'catkin_cmake_args': None, 'catkin_skip_building_tests': False, 'cmake_args': None, 'cmake_clean_cache': False, 'cmake_clean_first': False, 'cmake_force_configure': False, 'cmake_target': None, 'cmake_target_skip_unavailable': False, 'install_base': '/home/rcpsl/Zhao_Liyuan_ws/install/turtlebot3_gazebo', 'merge_install': False, 'path': '/home/rcpsl/Zhao_Liyuan_ws/src/turtlebot3_simulations/turtlebot3_gazebo', 'symlink_install': False, 'test_result_base': None}
[1.002s] Level 5:colcon.colcon_core.verb:set package 'turtlebot3_simulations' build argument 'cmake_args' from command line to 'None'
[1.002s] Level 5:colcon.colcon_core.verb:set package 'turtlebot3_simulations' build argument 'cmake_target' from command line to 'None'
[1.003s] Level 5:colcon.colcon_core.verb:set package 'turtlebot3_simulations' build argument 'cmake_target_skip_unavailable' from command line to 'False'
[1.003s] Level 5:colcon.colcon_core.verb:set package 'turtlebot3_simulations' build argument 'cmake_clean_cache' from command line to 'False'
[1.003s] Level 5:colcon.colcon_core.verb:set package 'turtlebot3_simulations' build argument 'cmake_clean_first' from command line to 'False'
[1.003s] Level 5:colcon.colcon_core.verb:set package 'turtlebot3_simulations' build argument 'cmake_force_configure' from command line to 'False'
[1.003s] Level 5:colcon.colcon_core.verb:set package 'turtlebot3_simulations' build argument 'ament_cmake_args' from command line to 'None'
[1.003s] Level 5:colcon.colcon_core.verb:set package 'turtlebot3_simulations' build argument 'catkin_cmake_args' from command line to 'None'
[1.003s] Level 5:colcon.colcon_core.verb:set package 'turtlebot3_simulations' build argument 'catkin_skip_building_tests' from command line to 'False'
[1.003s] DEBUG:colcon.colcon_core.verb:Building package 'turtlebot3_simulations' with the following arguments: {'ament_cmake_args': None, 'build_base': '/home/rcpsl/Zhao_Liyuan_ws/build/turtlebot3_simulations', 'catkin_cmake_args': None, 'catkin_skip_building_tests': False, 'cmake_args': None, 'cmake_clean_cache': False, 'cmake_clean_first': False, 'cmake_force_configure': False, 'cmake_target': None, 'cmake_target_skip_unavailable': False, 'install_base': '/home/rcpsl/Zhao_Liyuan_ws/install/turtlebot3_simulations', 'merge_install': False, 'path': '/home/rcpsl/Zhao_Liyuan_ws/src/turtlebot3_simulations/turtlebot3_simulations', 'symlink_install': False, 'test_result_base': None}
[1.003s] INFO:colcon.colcon_core.executor:Executing jobs using 'parallel' executor
[1.006s] DEBUG:colcon.colcon_parallel_executor.executor.parallel:run_until_complete
[1.007s] INFO:colcon.colcon_ros.task.ament_cmake.build:Building ROS package in '/home/rcpsl/Zhao_Liyuan_ws/src/turtlebot3_simulations/turtlebot3_fake_node' with build type 'ament_cmake'
[1.008s] INFO:colcon.colcon_cmake.task.cmake.build:Building CMake package in '/home/rcpsl/Zhao_Liyuan_ws/src/turtlebot3_simulations/turtlebot3_fake_node'
[1.029s] INFO:colcon.colcon_core.plugin_system:Skipping extension 'colcon_core.shell.bat': Not used on non-Windows systems
[1.029s] INFO:colcon.colcon_core.shell:Skip shell extension 'powershell' for command environment: Not usable outside of PowerShell
[1.029s] DEBUG:colcon.colcon_core.shell:Skip shell extension 'dsv' for command environment
[1.050s] INFO:colcon.colcon_ros.task.ament_cmake.build:Building ROS package in '/home/rcpsl/Zhao_Liyuan_ws/src/turtlebot3_simulations/turtlebot3_gazebo' with build type 'ament_cmake'
[1.050s] INFO:colcon.colcon_cmake.task.cmake.build:Building CMake package in '/home/rcpsl/Zhao_Liyuan_ws/src/turtlebot3_simulations/turtlebot3_gazebo'
[1.051s] INFO:colcon.colcon_core.shell:Skip shell extension 'powershell' for command environment: Not usable outside of PowerShell
[1.054s] DEBUG:colcon.colcon_core.shell:Skip shell extension 'dsv' for command environment
[1.093s] DEBUG:colcon.colcon_core.event_handler.log_command:Invoking command in '/home/rcpsl/Zhao_Liyuan_ws/build/turtlebot3_fake_node': CMAKE_PREFIX_PATH=${CMAKE_PREFIX_PATH}:/home/rcpsl/Zhao_Liyuan_ws/install/autoturtle:/home/rcpsl/Zhao_Liyuan_ws/install/TurtleBot:/opt/ros/humble /usr/bin/cmake --build /home/rcpsl/Zhao_Liyuan_ws/build/turtlebot3_fake_node -- -j2 -l2
[1.111s] DEBUG:colcon.colcon_core.event_handler.log_command:Invoking command in '/home/rcpsl/Zhao_Liyuan_ws/build/turtlebot3_gazebo': CMAKE_PREFIX_PATH=${CMAKE_PREFIX_PATH}:/home/rcpsl/Zhao_Liyuan_ws/install/autoturtle:/home/rcpsl/Zhao_Liyuan_ws/install/TurtleBot:/opt/ros/humble /usr/bin/cmake --build /home/rcpsl/Zhao_Liyuan_ws/build/turtlebot3_gazebo -- -j2 -l2
[1.498s] DEBUG:colcon.colcon_core.event_handler.log_command:Invoked command in '/home/rcpsl/Zhao_Liyuan_ws/build/turtlebot3_fake_node' returned '0': CMAKE_PREFIX_PATH=${CMAKE_PREFIX_PATH}:/home/rcpsl/Zhao_Liyuan_ws/install/autoturtle:/home/rcpsl/Zhao_Liyuan_ws/install/TurtleBot:/opt/ros/humble /usr/bin/cmake --build /home/rcpsl/Zhao_Liyuan_ws/build/turtlebot3_fake_node -- -j2 -l2
[1.643s] DEBUG:colcon.colcon_core.event_handler.log_command:Invoking command in '/home/rcpsl/Zhao_Liyuan_ws/build/turtlebot3_fake_node': CMAKE_PREFIX_PATH=${CMAKE_PREFIX_PATH}:/home/rcpsl/Zhao_Liyuan_ws/install/autoturtle:/home/rcpsl/Zhao_Liyuan_ws/install/TurtleBot:/opt/ros/humble /usr/bin/cmake --install /home/rcpsl/Zhao_Liyuan_ws/build/turtlebot3_fake_node
[1.681s] Level 1:colcon.colcon_core.environment:create_environment_scripts_only(turtlebot3_fake_node)
[1.690s] DEBUG:colcon.colcon_core.event_handler.log_command:Invoked command in '/home/rcpsl/Zhao_Liyuan_ws/build/turtlebot3_fake_node' returned '0': CMAKE_PREFIX_PATH=${CMAKE_PREFIX_PATH}:/home/rcpsl/Zhao_Liyuan_ws/install/autoturtle:/home/rcpsl/Zhao_Liyuan_ws/install/TurtleBot:/opt/ros/humble /usr/bin/cmake --install /home/rcpsl/Zhao_Liyuan_ws/build/turtlebot3_fake_node
[1.696s] Level 1:colcon.colcon_core.environment:checking '/home/rcpsl/Zhao_Liyuan_ws/install/turtlebot3_fake_node' for CMake module files
[1.697s] Level 1:colcon.colcon_core.environment:checking '/home/rcpsl/Zhao_Liyuan_ws/install/turtlebot3_fake_node' for CMake config files
[1.698s] Level 1:colcon.colcon_core.shell:create_environment_hook('turtlebot3_fake_node', 'cmake_prefix_path')
[1.699s] INFO:colcon.colcon_core.shell:Creating environment hook '/home/rcpsl/Zhao_Liyuan_ws/install/turtlebot3_fake_node/share/turtlebot3_fake_node/hook/cmake_prefix_path.ps1'
[1.700s] INFO:colcon.colcon_core.shell:Creating environment descriptor '/home/rcpsl/Zhao_Liyuan_ws/install/turtlebot3_fake_node/share/turtlebot3_fake_node/hook/cmake_prefix_path.dsv'
[1.701s] INFO:colcon.colcon_core.shell:Creating environment hook '/home/rcpsl/Zhao_Liyuan_ws/install/turtlebot3_fake_node/share/turtlebot3_fake_node/hook/cmake_prefix_path.sh'
[1.703s] Level 1:colcon.colcon_core.environment:checking '/home/rcpsl/Zhao_Liyuan_ws/install/turtlebot3_fake_node/lib'
[1.711s] Level 1:colcon.colcon_core.environment:checking '/home/rcpsl/Zhao_Liyuan_ws/install/turtlebot3_fake_node/bin'
[1.712s] Level 1:colcon.colcon_core.environment:checking '/home/rcpsl/Zhao_Liyuan_ws/install/turtlebot3_fake_node/lib/pkgconfig/turtlebot3_fake_node.pc'
[1.717s] Level 1:colcon.colcon_core.environment:checking '/home/rcpsl/Zhao_Liyuan_ws/install/turtlebot3_fake_node/lib/python3.10/site-packages'
[1.717s] Level 1:colcon.colcon_core.environment:checking '/home/rcpsl/Zhao_Liyuan_ws/install/turtlebot3_fake_node/bin'
[1.721s] INFO:colcon.colcon_core.shell:Creating package script '/home/rcpsl/Zhao_Liyuan_ws/install/turtlebot3_fake_node/share/turtlebot3_fake_node/package.ps1'
[1.724s] INFO:colcon.colcon_core.shell:Creating package descriptor '/home/rcpsl/Zhao_Liyuan_ws/install/turtlebot3_fake_node/share/turtlebot3_fake_node/package.dsv'
[1.725s] INFO:colcon.colcon_core.shell:Creating package script '/home/rcpsl/Zhao_Liyuan_ws/install/turtlebot3_fake_node/share/turtlebot3_fake_node/package.sh'
[1.727s] INFO:colcon.colcon_core.shell:Creating package script '/home/rcpsl/Zhao_Liyuan_ws/install/turtlebot3_fake_node/share/turtlebot3_fake_node/package.bash'
[1.733s] INFO:colcon.colcon_core.shell:Creating package script '/home/rcpsl/Zhao_Liyuan_ws/install/turtlebot3_fake_node/share/turtlebot3_fake_node/package.zsh'
[1.735s] Level 1:colcon.colcon_core.environment:create_file_with_runtime_dependencies(/home/rcpsl/Zhao_Liyuan_ws/install/turtlebot3_fake_node/share/colcon-core/packages/turtlebot3_fake_node)
[1.743s] DEBUG:colcon.colcon_core.event_handler.log_command:Invoked command in '/home/rcpsl/Zhao_Liyuan_ws/build/turtlebot3_gazebo' returned '0': CMAKE_PREFIX_PATH=${CMAKE_PREFIX_PATH}:/home/rcpsl/Zhao_Liyuan_ws/install/autoturtle:/home/rcpsl/Zhao_Liyuan_ws/install/TurtleBot:/opt/ros/humble /usr/bin/cmake --build /home/rcpsl/Zhao_Liyuan_ws/build/turtlebot3_gazebo -- -j2 -l2
[1.864s] Level 1:colcon.colcon_core.environment:create_environment_scripts_only(turtlebot3_fake_node)
[1.865s] Level 1:colcon.colcon_core.environment:checking '/home/rcpsl/Zhao_Liyuan_ws/install/turtlebot3_fake_node' for CMake module files
[1.866s] Level 1:colcon.colcon_core.environment:checking '/home/rcpsl/Zhao_Liyuan_ws/install/turtlebot3_fake_node' for CMake config files
[1.867s] Level 1:colcon.colcon_core.shell:create_environment_hook('turtlebot3_fake_node', 'cmake_prefix_path')
[1.868s] INFO:colcon.colcon_core.shell:Creating environment hook '/home/rcpsl/Zhao_Liyuan_ws/install/turtlebot3_fake_node/share/turtlebot3_fake_node/hook/cmake_prefix_path.ps1'
[1.870s] INFO:colcon.colcon_core.shell:Creating environment descriptor '/home/rcpsl/Zhao_Liyuan_ws/install/turtlebot3_fake_node/share/turtlebot3_fake_node/hook/cmake_prefix_path.dsv'
[1.871s] INFO:colcon.colcon_core.shell:Creating environment hook '/home/rcpsl/Zhao_Liyuan_ws/install/turtlebot3_fake_node/share/turtlebot3_fake_node/hook/cmake_prefix_path.sh'
[1.873s] Level 1:colcon.colcon_core.environment:checking '/home/rcpsl/Zhao_Liyuan_ws/install/turtlebot3_fake_node/lib'
[1.873s] Level 1:colcon.colcon_core.environment:checking '/home/rcpsl/Zhao_Liyuan_ws/install/turtlebot3_fake_node/bin'
[1.873s] Level 1:colcon.colcon_core.environment:checking '/home/rcpsl/Zhao_Liyuan_ws/install/turtlebot3_fake_node/lib/pkgconfig/turtlebot3_fake_node.pc'
[1.874s] Level 1:colcon.colcon_core.environment:checking '/home/rcpsl/Zhao_Liyuan_ws/install/turtlebot3_fake_node/lib/python3.10/site-packages'
[1.875s] Level 1:colcon.colcon_core.environment:checking '/home/rcpsl/Zhao_Liyuan_ws/install/turtlebot3_fake_node/bin'
[1.875s] INFO:colcon.colcon_core.shell:Creating package script '/home/rcpsl/Zhao_Liyuan_ws/install/turtlebot3_fake_node/share/turtlebot3_fake_node/package.ps1'
[1.877s] INFO:colcon.colcon_core.shell:Creating package descriptor '/home/rcpsl/Zhao_Liyuan_ws/install/turtlebot3_fake_node/share/turtlebot3_fake_node/package.dsv'
[1.878s] INFO:colcon.colcon_core.shell:Creating package script '/home/rcpsl/Zhao_Liyuan_ws/install/turtlebot3_fake_node/share/turtlebot3_fake_node/package.sh'
[1.879s] INFO:colcon.colcon_core.shell:Creating package script '/home/rcpsl/Zhao_Liyuan_ws/install/turtlebot3_fake_node/share/turtlebot3_fake_node/package.bash'
[1.880s] INFO:colcon.colcon_core.shell:Creating package script '/home/rcpsl/Zhao_Liyuan_ws/install/turtlebot3_fake_node/share/turtlebot3_fake_node/package.zsh'
[1.882s] Level 1:colcon.colcon_core.environment:create_file_with_runtime_dependencies(/home/rcpsl/Zhao_Liyuan_ws/install/turtlebot3_fake_node/share/colcon-core/packages/turtlebot3_fake_node)
[1.884s] INFO:colcon.colcon_ros.task.ament_python.build:Building ROS package in '/home/rcpsl/Zhao_Liyuan_ws/src/TurtleBot' with build type 'ament_python'
[1.884s] Level 1:colcon.colcon_core.shell:create_environment_hook('TurtleBot', 'ament_prefix_path')
[1.887s] INFO:colcon.colcon_core.shell:Creating environment hook '/home/rcpsl/Zhao_Liyuan_ws/install/TurtleBot/share/TurtleBot/hook/ament_prefix_path.ps1'
[1.889s] INFO:colcon.colcon_core.shell:Creating environment descriptor '/home/rcpsl/Zhao_Liyuan_ws/install/TurtleBot/share/TurtleBot/hook/ament_prefix_path.dsv'
[1.891s] INFO:colcon.colcon_core.shell:Creating environment hook '/home/rcpsl/Zhao_Liyuan_ws/install/TurtleBot/share/TurtleBot/hook/ament_prefix_path.sh'
[1.892s] INFO:colcon.colcon_core.shell:Skip shell extension 'powershell' for command environment: Not usable outside of PowerShell
[1.892s] DEBUG:colcon.colcon_core.shell:Skip shell extension 'dsv' for command environment
[2.714s] INFO:colcon.colcon_core.task.python.build:Building Python package in '/home/rcpsl/Zhao_Liyuan_ws/src/TurtleBot'
[2.714s] INFO:colcon.colcon_core.shell:Skip shell extension 'powershell' for command environment: Not usable outside of PowerShell
[2.715s] DEBUG:colcon.colcon_core.shell:Skip shell extension 'dsv' for command environment
[2.739s] DEBUG:colcon.colcon_core.event_handler.log_command:Invoking command in '/home/rcpsl/Zhao_Liyuan_ws/build/turtlebot3_gazebo': CMAKE_PREFIX_PATH=${CMAKE_PREFIX_PATH}:/home/rcpsl/Zhao_Liyuan_ws/install/autoturtle:/home/rcpsl/Zhao_Liyuan_ws/install/TurtleBot:/opt/ros/humble /usr/bin/cmake --install /home/rcpsl/Zhao_Liyuan_ws/build/turtlebot3_gazebo
[2.829s] Level 1:colcon.colcon_core.environment:create_environment_scripts_only(turtlebot3_gazebo)
[2.830s] Level 1:colcon.colcon_core.environment:checking '/home/rcpsl/Zhao_Liyuan_ws/install/turtlebot3_gazebo' for CMake module files
[2.833s] Level 1:colcon.colcon_core.environment:checking '/home/rcpsl/Zhao_Liyuan_ws/install/turtlebot3_gazebo' for CMake config files
[2.853s] Level 1:colcon.colcon_core.shell:create_environment_hook('turtlebot3_gazebo', 'cmake_prefix_path')
[2.856s] INFO:colcon.colcon_core.shell:Creating environment hook '/home/rcpsl/Zhao_Liyuan_ws/install/turtlebot3_gazebo/share/turtlebot3_gazebo/hook/cmake_prefix_path.ps1'
[2.858s] INFO:colcon.colcon_core.shell:Creating environment descriptor '/home/rcpsl/Zhao_Liyuan_ws/install/turtlebot3_gazebo/share/turtlebot3_gazebo/hook/cmake_prefix_path.dsv'
[2.860s] INFO:colcon.colcon_core.shell:Creating environment hook '/home/rcpsl/Zhao_Liyuan_ws/install/turtlebot3_gazebo/share/turtlebot3_gazebo/hook/cmake_prefix_path.sh'
[2.869s] Level 1:colcon.colcon_core.environment:checking '/home/rcpsl/Zhao_Liyuan_ws/install/turtlebot3_gazebo/lib'
[2.870s] Level 1:colcon.colcon_core.environment:checking '/home/rcpsl/Zhao_Liyuan_ws/install/turtlebot3_gazebo/bin'
[2.870s] Level 1:colcon.colcon_core.environment:checking '/home/rcpsl/Zhao_Liyuan_ws/install/turtlebot3_gazebo/lib/pkgconfig/turtlebot3_gazebo.pc'
[2.871s] Level 1:colcon.colcon_core.environment:checking '/home/rcpsl/Zhao_Liyuan_ws/install/turtlebot3_gazebo/lib/python3.10/site-packages'
[2.872s] Level 1:colcon.colcon_core.environment:checking '/home/rcpsl/Zhao_Liyuan_ws/install/turtlebot3_gazebo/bin'
[2.872s] INFO:colcon.colcon_core.shell:Creating package script '/home/rcpsl/Zhao_Liyuan_ws/install/turtlebot3_gazebo/share/turtlebot3_gazebo/package.ps1'
[2.874s] INFO:colcon.colcon_core.shell:Creating package descriptor '/home/rcpsl/Zhao_Liyuan_ws/install/turtlebot3_gazebo/share/turtlebot3_gazebo/package.dsv'
[2.894s] INFO:colcon.colcon_core.shell:Creating package script '/home/rcpsl/Zhao_Liyuan_ws/install/turtlebot3_gazebo/share/turtlebot3_gazebo/package.sh'
[2.934s] DEBUG:colcon.colcon_core.event_handler.log_command:Invoked command in '/home/rcpsl/Zhao_Liyuan_ws/build/turtlebot3_gazebo' returned '0': CMAKE_PREFIX_PATH=${CMAKE_PREFIX_PATH}:/home/rcpsl/Zhao_Liyuan_ws/install/autoturtle:/home/rcpsl/Zhao_Liyuan_ws/install/TurtleBot:/opt/ros/humble /usr/bin/cmake --install /home/rcpsl/Zhao_Liyuan_ws/build/turtlebot3_gazebo
[2.937s] INFO:colcon.colcon_core.shell:Creating package script '/home/rcpsl/Zhao_Liyuan_ws/install/turtlebot3_gazebo/share/turtlebot3_gazebo/package.bash'
[2.938s] INFO:colcon.colcon_core.shell:Creating package script '/home/rcpsl/Zhao_Liyuan_ws/install/turtlebot3_gazebo/share/turtlebot3_gazebo/package.zsh'
[2.945s] Level 1:colcon.colcon_core.environment:create_file_with_runtime_dependencies(/home/rcpsl/Zhao_Liyuan_ws/install/turtlebot3_gazebo/share/colcon-core/packages/turtlebot3_gazebo)
[3.102s] Level 1:colcon.colcon_core.environment:create_environment_scripts_only(turtlebot3_gazebo)
[3.103s] Level 1:colcon.colcon_core.environment:checking '/home/rcpsl/Zhao_Liyuan_ws/install/turtlebot3_gazebo' for CMake module files
[3.104s] Level 1:colcon.colcon_core.environment:checking '/home/rcpsl/Zhao_Liyuan_ws/install/turtlebot3_gazebo' for CMake config files
[3.107s] Level 1:colcon.colcon_core.shell:create_environment_hook('turtlebot3_gazebo', 'cmake_prefix_path')
[3.107s] INFO:colcon.colcon_core.shell:Creating environment hook '/home/rcpsl/Zhao_Liyuan_ws/install/turtlebot3_gazebo/share/turtlebot3_gazebo/hook/cmake_prefix_path.ps1'
[3.109s] INFO:colcon.colcon_core.shell:Creating environment descriptor '/home/rcpsl/Zhao_Liyuan_ws/install/turtlebot3_gazebo/share/turtlebot3_gazebo/hook/cmake_prefix_path.dsv'
[3.109s] INFO:colcon.colcon_core.shell:Creating environment hook '/home/rcpsl/Zhao_Liyuan_ws/install/turtlebot3_gazebo/share/turtlebot3_gazebo/hook/cmake_prefix_path.sh'
[3.111s] Level 1:colcon.colcon_core.environment:checking '/home/rcpsl/Zhao_Liyuan_ws/install/turtlebot3_gazebo/lib'
[3.111s] Level 1:colcon.colcon_core.environment:checking '/home/rcpsl/Zhao_Liyuan_ws/install/turtlebot3_gazebo/bin'
[3.111s] Level 1:colcon.colcon_core.environment:checking '/home/rcpsl/Zhao_Liyuan_ws/install/turtlebot3_gazebo/lib/pkgconfig/turtlebot3_gazebo.pc'
[3.112s] Level 1:colcon.colcon_core.environment:checking '/home/rcpsl/Zhao_Liyuan_ws/install/turtlebot3_gazebo/lib/python3.10/site-packages'
[3.113s] Level 1:colcon.colcon_core.environment:checking '/home/rcpsl/Zhao_Liyuan_ws/install/turtlebot3_gazebo/bin'
[3.113s] INFO:colcon.colcon_core.shell:Creating package script '/home/rcpsl/Zhao_Liyuan_ws/install/turtlebot3_gazebo/share/turtlebot3_gazebo/package.ps1'
[3.114s] INFO:colcon.colcon_core.shell:Creating package descriptor '/home/rcpsl/Zhao_Liyuan_ws/install/turtlebot3_gazebo/share/turtlebot3_gazebo/package.dsv'
[3.116s] INFO:colcon.colcon_core.shell:Creating package script '/home/rcpsl/Zhao_Liyuan_ws/install/turtlebot3_gazebo/share/turtlebot3_gazebo/package.sh'
[3.117s] INFO:colcon.colcon_core.shell:Creating package script '/home/rcpsl/Zhao_Liyuan_ws/install/turtlebot3_gazebo/share/turtlebot3_gazebo/package.bash'
[3.118s] INFO:colcon.colcon_core.shell:Creating package script '/home/rcpsl/Zhao_Liyuan_ws/install/turtlebot3_gazebo/share/turtlebot3_gazebo/package.zsh'
[3.119s] Level 1:colcon.colcon_core.environment:create_file_with_runtime_dependencies(/home/rcpsl/Zhao_Liyuan_ws/install/turtlebot3_gazebo/share/colcon-core/packages/turtlebot3_gazebo)
[3.121s] INFO:colcon.colcon_ros.task.ament_python.build:Building ROS package in '/home/rcpsl/Zhao_Liyuan_ws/src/autoturtle' with build type 'ament_python'
[3.122s] Level 1:colcon.colcon_core.shell:create_environment_hook('autoturtle', 'ament_prefix_path')
[3.122s] INFO:colcon.colcon_core.shell:Creating environment hook '/home/rcpsl/Zhao_Liyuan_ws/install/autoturtle/share/autoturtle/hook/ament_prefix_path.ps1'
[3.123s] INFO:colcon.colcon_core.shell:Creating environment descriptor '/home/rcpsl/Zhao_Liyuan_ws/install/autoturtle/share/autoturtle/hook/ament_prefix_path.dsv'
[3.124s] INFO:colcon.colcon_core.shell:Creating environment hook '/home/rcpsl/Zhao_Liyuan_ws/install/autoturtle/share/autoturtle/hook/ament_prefix_path.sh'
[3.126s] INFO:colcon.colcon_core.shell:Skip shell extension 'powershell' for command environment: Not usable outside of PowerShell
[3.126s] DEBUG:colcon.colcon_core.shell:Skip shell extension 'dsv' for command environment
[4.104s] INFO:colcon.colcon_core.task.python.build:Building Python package in '/home/rcpsl/Zhao_Liyuan_ws/src/autoturtle'
[4.105s] INFO:colcon.colcon_core.shell:Skip shell extension 'powershell' for command environment: Not usable outside of PowerShell
[4.105s] DEBUG:colcon.colcon_core.shell:Skip shell extension 'dsv' for command environment
[4.124s] DEBUG:colcon.colcon_core.event_handler.log_command:Invoking command in '/home/rcpsl/Zhao_Liyuan_ws/src/TurtleBot': PYTHONPATH=/home/rcpsl/Zhao_Liyuan_ws/build/TurtleBot/prefix_override:/home/rcpsl/Zhao_Liyuan_ws/install/TurtleBot/lib/python3.10/site-packages:${PYTHONPATH} /usr/bin/python3 -W ignore:setup.py install is deprecated setup.py egg_info --egg-base ../../build/TurtleBot build --build-base /home/rcpsl/Zhao_Liyuan_ws/build/TurtleBot/build install --record /home/rcpsl/Zhao_Liyuan_ws/build/TurtleBot/install.log --single-version-externally-managed install_data
[6.403s] Level 1:colcon.colcon_core.environment:checking '/home/rcpsl/Zhao_Liyuan_ws/install/TurtleBot' for CMake module files
[6.405s] Level 1:colcon.colcon_core.environment:checking '/home/rcpsl/Zhao_Liyuan_ws/install/TurtleBot' for CMake config files
[6.406s] Level 1:colcon.colcon_core.environment:checking '/home/rcpsl/Zhao_Liyuan_ws/install/TurtleBot/lib'
[6.406s] Level 1:colcon.colcon_core.environment:checking '/home/rcpsl/Zhao_Liyuan_ws/install/TurtleBot/bin'
[6.407s] Level 1:colcon.colcon_core.environment:checking '/home/rcpsl/Zhao_Liyuan_ws/install/TurtleBot/lib/pkgconfig/TurtleBot.pc'
[6.413s] Level 1:colcon.colcon_core.environment:checking '/home/rcpsl/Zhao_Liyuan_ws/install/TurtleBot/lib/python3.10/site-packages'
[6.413s] DEBUG:colcon.colcon_core.event_handler.log_command:Invoked command in '/home/rcpsl/Zhao_Liyuan_ws/src/TurtleBot' returned '0': PYTHONPATH=/home/rcpsl/Zhao_Liyuan_ws/build/TurtleBot/prefix_override:/home/rcpsl/Zhao_Liyuan_ws/install/TurtleBot/lib/python3.10/site-packages:${PYTHONPATH} /usr/bin/python3 -W ignore:setup.py install is deprecated setup.py egg_info --egg-base ../../build/TurtleBot build --build-base /home/rcpsl/Zhao_Liyuan_ws/build/TurtleBot/build install --record /home/rcpsl/Zhao_Liyuan_ws/build/TurtleBot/install.log --single-version-externally-managed install_data
[6.414s] Level 1:colcon.colcon_core.shell:create_environment_hook('TurtleBot', 'pythonpath')
[6.414s] INFO:colcon.colcon_core.shell:Creating environment hook '/home/rcpsl/Zhao_Liyuan_ws/install/TurtleBot/share/TurtleBot/hook/pythonpath.ps1'
[6.415s] INFO:colcon.colcon_core.shell:Creating environment descriptor '/home/rcpsl/Zhao_Liyuan_ws/install/TurtleBot/share/TurtleBot/hook/pythonpath.dsv'
[6.416s] INFO:colcon.colcon_core.shell:Creating environment hook '/home/rcpsl/Zhao_Liyuan_ws/install/TurtleBot/share/TurtleBot/hook/pythonpath.sh'
[6.423s] Level 1:colcon.colcon_core.environment:checking '/home/rcpsl/Zhao_Liyuan_ws/install/TurtleBot/bin'
[6.423s] Level 1:colcon.colcon_core.environment:create_environment_scripts_only(TurtleBot)
[6.424s] INFO:colcon.colcon_core.shell:Creating package script '/home/rcpsl/Zhao_Liyuan_ws/install/TurtleBot/share/TurtleBot/package.ps1'
[6.437s] INFO:colcon.colcon_core.shell:Creating package descriptor '/home/rcpsl/Zhao_Liyuan_ws/install/TurtleBot/share/TurtleBot/package.dsv'
[6.439s] INFO:colcon.colcon_core.shell:Creating package script '/home/rcpsl/Zhao_Liyuan_ws/install/TurtleBot/share/TurtleBot/package.sh'
[6.441s] INFO:colcon.colcon_core.shell:Creating package script '/home/rcpsl/Zhao_Liyuan_ws/install/TurtleBot/share/TurtleBot/package.bash'
[6.442s] INFO:colcon.colcon_core.shell:Creating package script '/home/rcpsl/Zhao_Liyuan_ws/install/TurtleBot/share/TurtleBot/package.zsh'
[6.447s] Level 1:colcon.colcon_core.environment:create_file_with_runtime_dependencies(/home/rcpsl/Zhao_Liyuan_ws/install/TurtleBot/share/colcon-core/packages/TurtleBot)
[6.451s] INFO:colcon.colcon_ros.task.ament_cmake.build:Building ROS package in '/home/rcpsl/Zhao_Liyuan_ws/src/turtlebot3_simulations/turtlebot3_simulations' with build type 'ament_cmake'
[6.452s] INFO:colcon.colcon_cmake.task.cmake.build:Building CMake package in '/home/rcpsl/Zhao_Liyuan_ws/src/turtlebot3_simulations/turtlebot3_simulations'
[6.452s] INFO:colcon.colcon_core.shell:Skip shell extension 'powershell' for command environment: Not usable outside of PowerShell
[6.452s] DEBUG:colcon.colcon_core.shell:Skip shell extension 'dsv' for command environment
[6.538s] DEBUG:colcon.colcon_core.event_handler.log_command:Invoking command in '/home/rcpsl/Zhao_Liyuan_ws/build/turtlebot3_simulations': CMAKE_PREFIX_PATH=/home/rcpsl/Zhao_Liyuan_ws/install/turtlebot3_gazebo:/home/rcpsl/Zhao_Liyuan_ws/install/turtlebot3_fake_node:/home/rcpsl/Zhao_Liyuan_ws/install/turtlebot3_simulations:/home/rcpsl/Zhao_Liyuan_ws/install/autoturtle:/home/rcpsl/Zhao_Liyuan_ws/install/TurtleBot:/opt/ros/humble /usr/bin/cmake --build /home/rcpsl/Zhao_Liyuan_ws/build/turtlebot3_simulations -- -j2 -l2
[6.712s] DEBUG:colcon.colcon_core.event_handler.log_command:Invoking command in '/home/rcpsl/Zhao_Liyuan_ws/src/autoturtle': PYTHONPATH=/home/rcpsl/Zhao_Liyuan_ws/build/autoturtle/prefix_override:/home/rcpsl/Zhao_Liyuan_ws/install/autoturtle/lib/python3.10/site-packages:${PYTHONPATH} /usr/bin/python3 -W ignore:setup.py install is deprecated setup.py egg_info --egg-base ../../build/autoturtle build --build-base /home/rcpsl/Zhao_Liyuan_ws/build/autoturtle/build install --record /home/rcpsl/Zhao_Liyuan_ws/build/autoturtle/install.log --single-version-externally-managed install_data
[6.921s] DEBUG:colcon.colcon_core.event_handler.log_command:Invoked command in '/home/rcpsl/Zhao_Liyuan_ws/build/turtlebot3_simulations' returned '0': CMAKE_PREFIX_PATH=/home/rcpsl/Zhao_Liyuan_ws/install/turtlebot3_gazebo:/home/rcpsl/Zhao_Liyuan_ws/install/turtlebot3_fake_node:/home/rcpsl/Zhao_Liyuan_ws/install/turtlebot3_simulations:/home/rcpsl/Zhao_Liyuan_ws/install/autoturtle:/home/rcpsl/Zhao_Liyuan_ws/install/TurtleBot:/opt/ros/humble /usr/bin/cmake --build /home/rcpsl/Zhao_Liyuan_ws/build/turtlebot3_simulations -- -j2 -l2
[7.258s] DEBUG:colcon.colcon_core.event_handler.log_command:Invoking command in '/home/rcpsl/Zhao_Liyuan_ws/build/turtlebot3_simulations': CMAKE_PREFIX_PATH=/home/rcpsl/Zhao_Liyuan_ws/install/turtlebot3_gazebo:/home/rcpsl/Zhao_Liyuan_ws/install/turtlebot3_fake_node:/home/rcpsl/Zhao_Liyuan_ws/install/turtlebot3_simulations:/home/rcpsl/Zhao_Liyuan_ws/install/autoturtle:/home/rcpsl/Zhao_Liyuan_ws/install/TurtleBot:/opt/ros/humble /usr/bin/cmake --install /home/rcpsl/Zhao_Liyuan_ws/build/turtlebot3_simulations
[7.356s] Level 1:colcon.colcon_core.environment:create_environment_scripts_only(turtlebot3_simulations)
[7.357s] Level 1:colcon.colcon_core.environment:checking '/home/rcpsl/Zhao_Liyuan_ws/install/turtlebot3_simulations' for CMake module files
[7.358s] Level 1:colcon.colcon_core.environment:checking '/home/rcpsl/Zhao_Liyuan_ws/install/turtlebot3_simulations' for CMake config files
[7.359s] Level 1:colcon.colcon_core.shell:create_environment_hook('turtlebot3_simulations', 'cmake_prefix_path')
[7.360s] INFO:colcon.colcon_core.shell:Creating environment hook '/home/rcpsl/Zhao_Liyuan_ws/install/turtlebot3_simulations/share/turtlebot3_simulations/hook/cmake_prefix_path.ps1'
[7.361s] DEBUG:colcon.colcon_core.event_handler.log_command:Invoked command in '/home/rcpsl/Zhao_Liyuan_ws/build/turtlebot3_simulations' returned '0': CMAKE_PREFIX_PATH=/home/rcpsl/Zhao_Liyuan_ws/install/turtlebot3_gazebo:/home/rcpsl/Zhao_Liyuan_ws/install/turtlebot3_fake_node:/home/rcpsl/Zhao_Liyuan_ws/install/turtlebot3_simulations:/home/rcpsl/Zhao_Liyuan_ws/install/autoturtle:/home/rcpsl/Zhao_Liyuan_ws/install/TurtleBot:/opt/ros/humble /usr/bin/cmake --install /home/rcpsl/Zhao_Liyuan_ws/build/turtlebot3_simulations
[7.362s] INFO:colcon.colcon_core.shell:Creating environment descriptor '/home/rcpsl/Zhao_Liyuan_ws/install/turtlebot3_simulations/share/turtlebot3_simulations/hook/cmake_prefix_path.dsv'
[7.367s] INFO:colcon.colcon_core.shell:Creating environment hook '/home/rcpsl/Zhao_Liyuan_ws/install/turtlebot3_simulations/share/turtlebot3_simulations/hook/cmake_prefix_path.sh'
[7.375s] Level 1:colcon.colcon_core.environment:checking '/home/rcpsl/Zhao_Liyuan_ws/install/turtlebot3_simulations/bin'
[7.375s] Level 1:colcon.colcon_core.environment:checking '/home/rcpsl/Zhao_Liyuan_ws/install/turtlebot3_simulations/lib/pkgconfig/turtlebot3_simulations.pc'
[7.376s] Level 1:colcon.colcon_core.environment:checking '/home/rcpsl/Zhao_Liyuan_ws/install/turtlebot3_simulations/lib/python3.10/site-packages'
[7.376s] Level 1:colcon.colcon_core.environment:checking '/home/rcpsl/Zhao_Liyuan_ws/install/turtlebot3_simulations/bin'
[7.381s] INFO:colcon.colcon_core.shell:Creating package script '/home/rcpsl/Zhao_Liyuan_ws/install/turtlebot3_simulations/share/turtlebot3_simulations/package.ps1'
[7.383s] INFO:colcon.colcon_core.shell:Creating package descriptor '/home/rcpsl/Zhao_Liyuan_ws/install/turtlebot3_simulations/share/turtlebot3_simulations/package.dsv'
[7.393s] INFO:colcon.colcon_core.shell:Creating package script '/home/rcpsl/Zhao_Liyuan_ws/install/turtlebot3_simulations/share/turtlebot3_simulations/package.sh'
[7.395s] INFO:colcon.colcon_core.shell:Creating package script '/home/rcpsl/Zhao_Liyuan_ws/install/turtlebot3_simulations/share/turtlebot3_simulations/package.bash'
[7.396s] INFO:colcon.colcon_core.shell:Creating package script '/home/rcpsl/Zhao_Liyuan_ws/install/turtlebot3_simulations/share/turtlebot3_simulations/package.zsh'
[7.406s] Level 1:colcon.colcon_core.environment:create_file_with_runtime_dependencies(/home/rcpsl/Zhao_Liyuan_ws/install/turtlebot3_simulations/share/colcon-core/packages/turtlebot3_simulations)
[7.684s] Level 1:colcon.colcon_core.environment:create_environment_scripts_only(turtlebot3_simulations)
[7.684s] Level 1:colcon.colcon_core.environment:checking '/home/rcpsl/Zhao_Liyuan_ws/install/turtlebot3_simulations' for CMake module files
[7.686s] Level 1:colcon.colcon_core.environment:checking '/home/rcpsl/Zhao_Liyuan_ws/install/turtlebot3_simulations' for CMake config files
[7.687s] Level 1:colcon.colcon_core.shell:create_environment_hook('turtlebot3_simulations', 'cmake_prefix_path')
[7.687s] INFO:colcon.colcon_core.shell:Creating environment hook '/home/rcpsl/Zhao_Liyuan_ws/install/turtlebot3_simulations/share/turtlebot3_simulations/hook/cmake_prefix_path.ps1'
[7.705s] INFO:colcon.colcon_core.shell:Creating environment descriptor '/home/rcpsl/Zhao_Liyuan_ws/install/turtlebot3_simulations/share/turtlebot3_simulations/hook/cmake_prefix_path.dsv'
[7.706s] INFO:colcon.colcon_core.shell:Creating environment hook '/home/rcpsl/Zhao_Liyuan_ws/install/turtlebot3_simulations/share/turtlebot3_simulations/hook/cmake_prefix_path.sh'
[7.707s] Level 1:colcon.colcon_core.environment:checking '/home/rcpsl/Zhao_Liyuan_ws/install/turtlebot3_simulations/bin'
[7.708s] Level 1:colcon.colcon_core.environment:checking '/home/rcpsl/Zhao_Liyuan_ws/install/turtlebot3_simulations/lib/pkgconfig/turtlebot3_simulations.pc'
[7.708s] Level 1:colcon.colcon_core.environment:checking '/home/rcpsl/Zhao_Liyuan_ws/install/turtlebot3_simulations/lib/python3.10/site-packages'
[7.709s] Level 1:colcon.colcon_core.environment:checking '/home/rcpsl/Zhao_Liyuan_ws/install/turtlebot3_simulations/bin'
[7.721s] INFO:colcon.colcon_core.shell:Creating package script '/home/rcpsl/Zhao_Liyuan_ws/install/turtlebot3_simulations/share/turtlebot3_simulations/package.ps1'
[7.723s] INFO:colcon.colcon_core.shell:Creating package descriptor '/home/rcpsl/Zhao_Liyuan_ws/install/turtlebot3_simulations/share/turtlebot3_simulations/package.dsv'
[7.724s] INFO:colcon.colcon_core.shell:Creating package script '/home/rcpsl/Zhao_Liyuan_ws/install/turtlebot3_simulations/share/turtlebot3_simulations/package.sh'
[7.730s] INFO:colcon.colcon_core.shell:Creating package script '/home/rcpsl/Zhao_Liyuan_ws/install/turtlebot3_simulations/share/turtlebot3_simulations/package.bash'
[7.732s] INFO:colcon.colcon_core.shell:Creating package script '/home/rcpsl/Zhao_Liyuan_ws/install/turtlebot3_simulations/share/turtlebot3_simulations/package.zsh'
[7.737s] Level 1:colcon.colcon_core.environment:create_file_with_runtime_dependencies(/home/rcpsl/Zhao_Liyuan_ws/install/turtlebot3_simulations/share/colcon-core/packages/turtlebot3_simulations)
[8.481s] Level 1:colcon.colcon_core.environment:checking '/home/rcpsl/Zhao_Liyuan_ws/install/autoturtle' for CMake module files
[8.483s] DEBUG:colcon.colcon_core.event_handler.log_command:Invoked command in '/home/rcpsl/Zhao_Liyuan_ws/src/autoturtle' returned '0': PYTHONPATH=/home/rcpsl/Zhao_Liyuan_ws/build/autoturtle/prefix_override:/home/rcpsl/Zhao_Liyuan_ws/install/autoturtle/lib/python3.10/site-packages:${PYTHONPATH} /usr/bin/python3 -W ignore:setup.py install is deprecated setup.py egg_info --egg-base ../../build/autoturtle build --build-base /home/rcpsl/Zhao_Liyuan_ws/build/autoturtle/build install --record /home/rcpsl/Zhao_Liyuan_ws/build/autoturtle/install.log --single-version-externally-managed install_data
[8.484s] Level 1:colcon.colcon_core.environment:checking '/home/rcpsl/Zhao_Liyuan_ws/install/autoturtle' for CMake config files
[8.485s] Level 1:colcon.colcon_core.environment:checking '/home/rcpsl/Zhao_Liyuan_ws/install/autoturtle/lib'
[8.485s] Level 1:colcon.colcon_core.environment:checking '/home/rcpsl/Zhao_Liyuan_ws/install/autoturtle/bin'
[8.485s] Level 1:colcon.colcon_core.environment:checking '/home/rcpsl/Zhao_Liyuan_ws/install/autoturtle/lib/pkgconfig/autoturtle.pc'
[8.486s] Level 1:colcon.colcon_core.environment:checking '/home/rcpsl/Zhao_Liyuan_ws/install/autoturtle/lib/python3.10/site-packages'
[8.486s] Level 1:colcon.colcon_core.shell:create_environment_hook('autoturtle', 'pythonpath')
[8.486s] INFO:colcon.colcon_core.shell:Creating environment hook '/home/rcpsl/Zhao_Liyuan_ws/install/autoturtle/share/autoturtle/hook/pythonpath.ps1'
[8.488s] INFO:colcon.colcon_core.shell:Creating environment descriptor '/home/rcpsl/Zhao_Liyuan_ws/install/autoturtle/share/autoturtle/hook/pythonpath.dsv'
[8.494s] INFO:colcon.colcon_core.shell:Creating environment hook '/home/rcpsl/Zhao_Liyuan_ws/install/autoturtle/share/autoturtle/hook/pythonpath.sh'
[8.496s] Level 1:colcon.colcon_core.environment:checking '/home/rcpsl/Zhao_Liyuan_ws/install/autoturtle/bin'
[8.496s] Level 1:colcon.colcon_core.environment:create_environment_scripts_only(autoturtle)
[8.500s] INFO:colcon.colcon_core.shell:Creating package script '/home/rcpsl/Zhao_Liyuan_ws/install/autoturtle/share/autoturtle/package.ps1'
[8.505s] INFO:colcon.colcon_core.shell:Creating package descriptor '/home/rcpsl/Zhao_Liyuan_ws/install/autoturtle/share/autoturtle/package.dsv'
[8.506s] INFO:colcon.colcon_core.shell:Creating package script '/home/rcpsl/Zhao_Liyuan_ws/install/autoturtle/share/autoturtle/package.sh'
[8.508s] INFO:colcon.colcon_core.shell:Creating package script '/home/rcpsl/Zhao_Liyuan_ws/install/autoturtle/share/autoturtle/package.bash'
[8.509s] INFO:colcon.colcon_core.shell:Creating package script '/home/rcpsl/Zhao_Liyuan_ws/install/autoturtle/share/autoturtle/package.zsh'
[8.510s] Level 1:colcon.colcon_core.environment:create_file_with_runtime_dependencies(/home/rcpsl/Zhao_Liyuan_ws/install/autoturtle/share/colcon-core/packages/autoturtle)
[8.511s] DEBUG:colcon.colcon_parallel_executor.executor.parallel:closing loop
[8.520s] DEBUG:colcon.colcon_parallel_executor.executor.parallel:loop closed
[8.520s] DEBUG:colcon.colcon_parallel_executor.executor.parallel:run_until_complete finished with '0'
[8.520s] DEBUG:colcon.colcon_core.event_reactor:joining thread
[8.541s] INFO:colcon.colcon_core.plugin_system:Skipping extension 'colcon_notification.desktop_notification.terminal_notifier': Not used on non-Darwin systems
[8.541s] INFO:colcon.colcon_core.plugin_system:Skipping extension 'colcon_notification.desktop_notification.win32': Not used on non-Windows systems
[8.541s] INFO:colcon.colcon_notification.desktop_notification:Sending desktop notification using 'notify2'
[8.666s] DEBUG:colcon.colcon_core.event_reactor:joined thread
[8.667s] INFO:colcon.colcon_core.shell:Creating prefix script '/home/rcpsl/Zhao_Liyuan_ws/install/local_setup.ps1'
[8.669s] INFO:colcon.colcon_core.shell:Creating prefix util module '/home/rcpsl/Zhao_Liyuan_ws/install/_local_setup_util_ps1.py'
[8.672s] INFO:colcon.colcon_core.shell:Creating prefix chain script '/home/rcpsl/Zhao_Liyuan_ws/install/setup.ps1'
[8.678s] INFO:colcon.colcon_core.shell:Creating prefix script '/home/rcpsl/Zhao_Liyuan_ws/install/local_setup.sh'
[8.680s] INFO:colcon.colcon_core.shell:Creating prefix util module '/home/rcpsl/Zhao_Liyuan_ws/install/_local_setup_util_sh.py'
[8.689s] INFO:colcon.colcon_core.shell:Creating prefix chain script '/home/rcpsl/Zhao_Liyuan_ws/install/setup.sh'
[8.692s] INFO:colcon.colcon_core.shell:Creating prefix script '/home/rcpsl/Zhao_Liyuan_ws/install/local_setup.bash'
[8.694s] INFO:colcon.colcon_core.shell:Creating prefix chain script '/home/rcpsl/Zhao_Liyuan_ws/install/setup.bash'
[8.697s] INFO:colcon.colcon_core.shell:Creating prefix script '/home/rcpsl/Zhao_Liyuan_ws/install/local_setup.zsh'
[8.702s] INFO:colcon.colcon_core.shell:Creating prefix chain script '/home/rcpsl/Zhao_Liyuan_ws/install/setup.zsh'
