[1.728s] Invoking command in '/home/rcpsl/Zhao_Liyuan_ws/autoturtle': PYTHONPATH=/home/rcpsl/Zhao_Liyuan_ws/build/autoturtle/prefix_override:/home/rcpsl/Zhao_Liyuan_ws/install/autoturtle/lib/python3.10/site-packages:${PYTHONPATH} /usr/bin/python3 -W ignore:setup.py install is deprecated setup.py egg_info --egg-base ../build/autoturtle build --build-base /home/rcpsl/Zhao_Liyuan_ws/build/autoturtle/build install --record /home/rcpsl/Zhao_Liyuan_ws/build/autoturtle/install.log --single-version-externally-managed install_data
[2.511s] running egg_info
[2.514s] writing ../build/autoturtle/autoturtle.egg-info/PKG-INFO
[2.515s] writing dependency_links to ../build/autoturtle/autoturtle.egg-info/dependency_links.txt
[2.517s] writing entry points to ../build/autoturtle/autoturtle.egg-info/entry_points.txt
[2.519s] writing requirements to ../build/autoturtle/autoturtle.egg-info/requires.txt
[2.520s] writing top-level names to ../build/autoturtle/autoturtle.egg-info/top_level.txt
[2.526s] reading manifest file '../build/autoturtle/autoturtle.egg-info/SOURCES.txt'
[2.529s] writing manifest file '../build/autoturtle/autoturtle.egg-info/SOURCES.txt'
[2.530s] running build
[2.531s] running build_py
[2.532s] copying autoturtle/swim_node.py -> /home/rcpsl/Zhao_Liyuan_ws/build/autoturtle/build/lib/autoturtle
[2.533s] running install
[2.535s] running install_lib
[2.538s] copying /home/rcpsl/Zhao_Liyuan_ws/build/autoturtle/build/lib/autoturtle/swim_node.py -> /home/rcpsl/Zhao_Liyuan_ws/install/autoturtle/lib/python3.10/site-packages/autoturtle
[2.542s] byte-compiling /home/rcpsl/Zhao_Liyuan_ws/install/autoturtle/lib/python3.10/site-packages/autoturtle/swim_node.py to swim_node.cpython-310.pyc
[2.544s] running install_data
[2.545s] running install_egg_info
[2.548s] removing '/home/rcpsl/Zhao_Liyuan_ws/install/autoturtle/lib/python3.10/site-packages/autoturtle-0.0.0-py3.10.egg-info' (and everything under it)
[2.549s] Copying ../build/autoturtle/autoturtle.egg-info to /home/rcpsl/Zhao_Liyuan_ws/install/autoturtle/lib/python3.10/site-packages/autoturtle-0.0.0-py3.10.egg-info
[2.551s] running install_scripts
[2.599s] Installing listener script to /home/rcpsl/Zhao_Liyuan_ws/install/autoturtle/lib/autoturtle
[2.600s] Installing talker script to /home/rcpsl/Zhao_Liyuan_ws/install/autoturtle/lib/autoturtle
[2.602s] writing list of installed files to '/home/rcpsl/Zhao_Liyuan_ws/build/autoturtle/install.log'
[2.656s] Invoked command in '/home/rcpsl/Zhao_Liyuan_ws/autoturtle' returned '0': PYTHONPATH=/home/rcpsl/Zhao_Liyuan_ws/build/autoturtle/prefix_override:/home/rcpsl/Zhao_Liyuan_ws/install/autoturtle/lib/python3.10/site-packages:${PYTHONPATH} /usr/bin/python3 -W ignore:setup.py install is deprecated setup.py egg_info --egg-base ../build/autoturtle build --build-base /home/rcpsl/Zhao_Liyuan_ws/build/autoturtle/build install --record /home/rcpsl/Zhao_Liyuan_ws/build/autoturtle/install.log --single-version-externally-managed install_data
