running egg_info
creating ../../build/TurtleBot/TurtleBot.egg-info
writing ../../build/TurtleBot/TurtleBot.egg-info/PKG-INFO
writing dependency_links to ../../build/TurtleBot/TurtleBot.egg-info/dependency_links.txt
writing entry points to ../../build/TurtleBot/TurtleBot.egg-info/entry_points.txt
writing requirements to ../../build/TurtleBot/TurtleBot.egg-info/requires.txt
writing top-level names to ../../build/TurtleBot/TurtleBot.egg-info/top_level.txt
writing manifest file '../../build/TurtleBot/TurtleBot.egg-info/SOURCES.txt'
reading manifest file '../../build/TurtleBot/TurtleBot.egg-info/SOURCES.txt'
writing manifest file '../../build/TurtleBot/TurtleBot.egg-info/SOURCES.txt'
running build
running build_py
creating /home/rcpsl/Zhao_Liyuan_ws/build/TurtleBot/build
creating /home/rcpsl/Zhao_Liyuan_ws/build/TurtleBot/build/lib
creating /home/rcpsl/Zhao_Liyuan_ws/build/TurtleBot/build/lib/TurtleBot
copying TurtleBot/PID_Controller.py -> /home/rcpsl/Zhao_Liyuan_ws/build/TurtleBot/build/lib/TurtleBot
copying TurtleBot/__init__.py -> /home/rcpsl/Zhao_Liyuan_ws/build/TurtleBot/build/lib/TurtleBot
running install
running install_lib
creating /home/rcpsl/Zhao_Liyuan_ws/install/TurtleBot/lib/python3.10/site-packages/TurtleBot
copying /home/rcpsl/Zhao_Liyuan_ws/build/TurtleBot/build/lib/TurtleBot/PID_Controller.py -> /home/rcpsl/Zhao_Liyuan_ws/install/TurtleBot/lib/python3.10/site-packages/TurtleBot
copying /home/rcpsl/Zhao_Liyuan_ws/build/TurtleBot/build/lib/TurtleBot/__init__.py -> /home/rcpsl/Zhao_Liyuan_ws/install/TurtleBot/lib/python3.10/site-packages/TurtleBot
byte-compiling /home/rcpsl/Zhao_Liyuan_ws/install/TurtleBot/lib/python3.10/site-packages/TurtleBot/PID_Controller.py to PID_Controller.cpython-310.pyc
byte-compiling /home/rcpsl/Zhao_Liyuan_ws/install/TurtleBot/lib/python3.10/site-packages/TurtleBot/__init__.py to __init__.cpython-310.pyc
running install_data
creating /home/rcpsl/Zhao_Liyuan_ws/install/TurtleBot/share/ament_index
creating /home/rcpsl/Zhao_Liyuan_ws/install/TurtleBot/share/ament_index/resource_index
creating /home/rcpsl/Zhao_Liyuan_ws/install/TurtleBot/share/ament_index/resource_index/packages
copying resource/TurtleBot -> /home/rcpsl/Zhao_Liyuan_ws/install/TurtleBot/share/ament_index/resource_index/packages
copying package.xml -> /home/rcpsl/Zhao_Liyuan_ws/install/TurtleBot/share/TurtleBot
running install_egg_info
Copying ../../build/TurtleBot/TurtleBot.egg-info to /home/rcpsl/Zhao_Liyuan_ws/install/TurtleBot/lib/python3.10/site-packages/TurtleBot-0.0.0-py3.10.egg-info
running install_scripts
writing list of installed files to '/home/rcpsl/Zhao_Liyuan_ws/build/TurtleBot/install.log'
