[0.088s] Invoking command in '/home/rcpsl/Zhao_Liyuan_ws/build/turtlebot4_ignition_bringup': AMENT_PREFIX_PATH=/home/rcpsl/Zhao_Liyuan_ws/install/turtlebot4_ignition_toolbox:/home/rcpsl/Zhao_Liyuan_ws/install/turtlebot4_ignition_gui_plugins:${AMENT_PREFIX_PATH} CMAKE_PREFIX_PATH=/home/rcpsl/Zhao_Liyuan_ws/install/turtlebot4_ignition_toolbox:/home/rcpsl/Zhao_Liyuan_ws/install/turtlebot4_ignition_gui_plugins:/opt/ros/humble /usr/bin/cmake /home/rcpsl/Zhao_Liyuan_ws/src/turtlebot4_simulator/turtlebot4_ignition_bringup -DCMAKE_INSTALL_PREFIX=/home/rcpsl/Zhao_Liyuan_ws/install/turtlebot4_ignition_bringup
[0.124s] -- Found ament_cmake: 1.3.8 (/opt/ros/humble/share/ament_cmake/cmake)
[0.653s] -- Override CMake install command with custom implementation using symlinks instead of copying resources
[0.689s] -- Found ros_ign_interfaces: 0.244.14 (/opt/ros/humble/share/ros_ign_interfaces/cmake)
[0.838s] -- Found rosidl_generator_c: 3.1.5 (/opt/ros/humble/share/rosidl_generator_c/cmake)
[0.858s] -- Found rosidl_adapter: 3.1.5 (/opt/ros/humble/share/rosidl_adapter/cmake)
[0.898s] -- Found rosidl_generator_cpp: 3.1.5 (/opt/ros/humble/share/rosidl_generator_cpp/cmake)
[0.946s] -- Using all available rosidl_typesupport_c: rosidl_typesupport_fastrtps_c;rosidl_typesupport_introspection_c
[1.000s] -- Using all available rosidl_typesupport_cpp: rosidl_typesupport_fastrtps_cpp;rosidl_typesupport_introspection_cpp
[2.202s] -- Found ament_lint_auto: 0.12.10 (/opt/ros/humble/share/ament_lint_auto/cmake)
[2.543s] -- Added test 'copyright' to check source files copyright and LICENSE
[2.558s] -- Added test 'flake8' to check Python code syntax and style conventions
[2.561s] -- Added test 'lint_cmake' to check CMake code style
[2.563s] -- Added test 'pep257' to check Python code against some of the docstring style conventions in PEP 257
[2.569s] -- Added test 'xmllint' to check XML markup files
[2.576s] -- Configuring done
[2.617s] -- Generating done
[2.624s] -- Build files have been written to: /home/rcpsl/Zhao_Liyuan_ws/build/turtlebot4_ignition_bringup
[2.639s] Invoked command in '/home/rcpsl/Zhao_Liyuan_ws/build/turtlebot4_ignition_bringup' returned '0': AMENT_PREFIX_PATH=/home/rcpsl/Zhao_Liyuan_ws/install/turtlebot4_ignition_toolbox:/home/rcpsl/Zhao_Liyuan_ws/install/turtlebot4_ignition_gui_plugins:${AMENT_PREFIX_PATH} CMAKE_PREFIX_PATH=/home/rcpsl/Zhao_Liyuan_ws/install/turtlebot4_ignition_toolbox:/home/rcpsl/Zhao_Liyuan_ws/install/turtlebot4_ignition_gui_plugins:/opt/ros/humble /usr/bin/cmake /home/rcpsl/Zhao_Liyuan_ws/src/turtlebot4_simulator/turtlebot4_ignition_bringup -DCMAKE_INSTALL_PREFIX=/home/rcpsl/Zhao_Liyuan_ws/install/turtlebot4_ignition_bringup
[2.641s] Invoking command in '/home/rcpsl/Zhao_Liyuan_ws/build/turtlebot4_ignition_bringup': AMENT_PREFIX_PATH=/home/rcpsl/Zhao_Liyuan_ws/install/turtlebot4_ignition_toolbox:/home/rcpsl/Zhao_Liyuan_ws/install/turtlebot4_ignition_gui_plugins:${AMENT_PREFIX_PATH} CMAKE_PREFIX_PATH=/home/rcpsl/Zhao_Liyuan_ws/install/turtlebot4_ignition_toolbox:/home/rcpsl/Zhao_Liyuan_ws/install/turtlebot4_ignition_gui_plugins:/opt/ros/humble /usr/bin/cmake --build /home/rcpsl/Zhao_Liyuan_ws/build/turtlebot4_ignition_bringup -- -j2 -l2
[2.787s] Invoked command in '/home/rcpsl/Zhao_Liyuan_ws/build/turtlebot4_ignition_bringup' returned '0': AMENT_PREFIX_PATH=/home/rcpsl/Zhao_Liyuan_ws/install/turtlebot4_ignition_toolbox:/home/rcpsl/Zhao_Liyuan_ws/install/turtlebot4_ignition_gui_plugins:${AMENT_PREFIX_PATH} CMAKE_PREFIX_PATH=/home/rcpsl/Zhao_Liyuan_ws/install/turtlebot4_ignition_toolbox:/home/rcpsl/Zhao_Liyuan_ws/install/turtlebot4_ignition_gui_plugins:/opt/ros/humble /usr/bin/cmake --build /home/rcpsl/Zhao_Liyuan_ws/build/turtlebot4_ignition_bringup -- -j2 -l2
[2.941s] Invoking command in '/home/rcpsl/Zhao_Liyuan_ws/build/turtlebot4_ignition_bringup': AMENT_PREFIX_PATH=/home/rcpsl/Zhao_Liyuan_ws/install/turtlebot4_ignition_toolbox:/home/rcpsl/Zhao_Liyuan_ws/install/turtlebot4_ignition_gui_plugins:${AMENT_PREFIX_PATH} CMAKE_PREFIX_PATH=/home/rcpsl/Zhao_Liyuan_ws/install/turtlebot4_ignition_toolbox:/home/rcpsl/Zhao_Liyuan_ws/install/turtlebot4_ignition_gui_plugins:/opt/ros/humble /usr/bin/cmake --install /home/rcpsl/Zhao_Liyuan_ws/build/turtlebot4_ignition_bringup
[2.964s] -- Install configuration: ""
[2.966s] -- Execute custom install script
[2.967s] -- Up-to-date symlink: /home/rcpsl/Zhao_Liyuan_ws/install/turtlebot4_ignition_bringup/share/turtlebot4_ignition_bringup/config/turtlebot4_node.yaml
[2.969s] -- Up-to-date symlink: /home/rcpsl/Zhao_Liyuan_ws/install/turtlebot4_ignition_bringup/share/turtlebot4_ignition_bringup/gui/lite/gui.config
[2.970s] -- Up-to-date symlink: /home/rcpsl/Zhao_Liyuan_ws/install/turtlebot4_ignition_bringup/share/turtlebot4_ignition_bringup/gui/standard/gui.config
[2.971s] -- Up-to-date symlink: /home/rcpsl/Zhao_Liyuan_ws/install/turtlebot4_ignition_bringup/share/turtlebot4_ignition_bringup/launch/ignition.launch.py
[2.972s] -- Up-to-date symlink: /home/rcpsl/Zhao_Liyuan_ws/install/turtlebot4_ignition_bringup/share/turtlebot4_ignition_bringup/launch/ros_ign_bridge.launch.py
[2.974s] -- Up-to-date symlink: /home/rcpsl/Zhao_Liyuan_ws/install/turtlebot4_ignition_bringup/share/turtlebot4_ignition_bringup/launch/turtlebot4_ignition.launch.py
[2.975s] -- Up-to-date symlink: /home/rcpsl/Zhao_Liyuan_ws/install/turtlebot4_ignition_bringup/share/turtlebot4_ignition_bringup/launch/turtlebot4_nodes.launch.py
[2.976s] -- Up-to-date symlink: /home/rcpsl/Zhao_Liyuan_ws/install/turtlebot4_ignition_bringup/share/turtlebot4_ignition_bringup/launch/turtlebot4_spawn.launch.py
[2.977s] -- Up-to-date symlink: /home/rcpsl/Zhao_Liyuan_ws/install/turtlebot4_ignition_bringup/share/turtlebot4_ignition_bringup/worlds/depot.sdf
[2.978s] -- Up-to-date symlink: /home/rcpsl/Zhao_Liyuan_ws/install/turtlebot4_ignition_bringup/share/turtlebot4_ignition_bringup/worlds/maze.sdf
[2.979s] -- Up-to-date symlink: /home/rcpsl/Zhao_Liyuan_ws/install/turtlebot4_ignition_bringup/share/turtlebot4_ignition_bringup/worlds/warehouse.sdf
[2.980s] -- Up-to-date symlink: /home/rcpsl/Zhao_Liyuan_ws/install/turtlebot4_ignition_bringup/share/ament_index/resource_index/package_run_dependencies/turtlebot4_ignition_bringup
[2.980s] -- Up-to-date symlink: /home/rcpsl/Zhao_Liyuan_ws/install/turtlebot4_ignition_bringup/share/ament_index/resource_index/parent_prefix_path/turtlebot4_ignition_bringup
[2.980s] -- Up-to-date symlink: /home/rcpsl/Zhao_Liyuan_ws/install/turtlebot4_ignition_bringup/share/turtlebot4_ignition_bringup/environment/ament_prefix_path.sh
[2.981s] -- Up-to-date symlink: /home/rcpsl/Zhao_Liyuan_ws/install/turtlebot4_ignition_bringup/share/turtlebot4_ignition_bringup/environment/ament_prefix_path.dsv
[2.981s] -- Up-to-date symlink: /home/rcpsl/Zhao_Liyuan_ws/install/turtlebot4_ignition_bringup/share/turtlebot4_ignition_bringup/environment/path.sh
[2.981s] -- Up-to-date symlink: /home/rcpsl/Zhao_Liyuan_ws/install/turtlebot4_ignition_bringup/share/turtlebot4_ignition_bringup/environment/path.dsv
[2.981s] -- Up-to-date symlink: /home/rcpsl/Zhao_Liyuan_ws/install/turtlebot4_ignition_bringup/share/turtlebot4_ignition_bringup/local_setup.bash
[2.981s] -- Up-to-date symlink: /home/rcpsl/Zhao_Liyuan_ws/install/turtlebot4_ignition_bringup/share/turtlebot4_ignition_bringup/local_setup.sh
[2.981s] -- Up-to-date symlink: /home/rcpsl/Zhao_Liyuan_ws/install/turtlebot4_ignition_bringup/share/turtlebot4_ignition_bringup/local_setup.zsh
[2.982s] -- Up-to-date symlink: /home/rcpsl/Zhao_Liyuan_ws/install/turtlebot4_ignition_bringup/share/turtlebot4_ignition_bringup/local_setup.dsv
[2.982s] -- Symlinking: /home/rcpsl/Zhao_Liyuan_ws/install/turtlebot4_ignition_bringup/share/turtlebot4_ignition_bringup/package.dsv
[3.024s] -- Up-to-date symlink: /home/rcpsl/Zhao_Liyuan_ws/install/turtlebot4_ignition_bringup/share/ament_index/resource_index/packages/turtlebot4_ignition_bringup
[3.024s] -- Up-to-date symlink: /home/rcpsl/Zhao_Liyuan_ws/install/turtlebot4_ignition_bringup/share/turtlebot4_ignition_bringup/cmake/turtlebot4_ignition_bringupConfig.cmake
[3.024s] -- Up-to-date symlink: /home/rcpsl/Zhao_Liyuan_ws/install/turtlebot4_ignition_bringup/share/turtlebot4_ignition_bringup/cmake/turtlebot4_ignition_bringupConfig-version.cmake
[3.024s] -- Up-to-date symlink: /home/rcpsl/Zhao_Liyuan_ws/install/turtlebot4_ignition_bringup/share/turtlebot4_ignition_bringup/package.xml
[3.036s] Invoked command in '/home/rcpsl/Zhao_Liyuan_ws/build/turtlebot4_ignition_bringup' returned '0': AMENT_PREFIX_PATH=/home/rcpsl/Zhao_Liyuan_ws/install/turtlebot4_ignition_toolbox:/home/rcpsl/Zhao_Liyuan_ws/install/turtlebot4_ignition_gui_plugins:${AMENT_PREFIX_PATH} CMAKE_PREFIX_PATH=/home/rcpsl/Zhao_Liyuan_ws/install/turtlebot4_ignition_toolbox:/home/rcpsl/Zhao_Liyuan_ws/install/turtlebot4_ignition_gui_plugins:/opt/ros/humble /usr/bin/cmake --install /home/rcpsl/Zhao_Liyuan_ws/build/turtlebot4_ignition_bringup
