[0.103s] Invoking command in '/home/rcpsl/Zhao_Liyuan_ws/build/turtlebot3_fake_node': CMAKE_PREFIX_PATH=${CMAKE_PREFIX_PATH}:/home/rcpsl/Zhao_Liyuan_ws/install/autoturtle:/home/rcpsl/Zhao_Liyuan_ws/install/TurtleBot:/opt/ros/humble /usr/bin/cmake --build /home/rcpsl/Zhao_Liyuan_ws/build/turtlebot3_fake_node -- -j2 -l2
[0.685s] [100%] Built target turtlebot3_fake_node
[0.790s] Invoked command in '/home/rcpsl/Zhao_Liyuan_ws/build/turtlebot3_fake_node' returned '0': CMAKE_PREFIX_PATH=${CMAKE_PREFIX_PATH}:/home/rcpsl/Zhao_Liyuan_ws/install/autoturtle:/home/rcpsl/Zhao_Liyuan_ws/install/TurtleBot:/opt/ros/humble /usr/bin/cmake --build /home/rcpsl/Zhao_Liyuan_ws/build/turtlebot3_fake_node -- -j2 -l2
[1.247s] Invoking command in '/home/rcpsl/Zhao_Liyuan_ws/build/turtlebot3_fake_node': CMAKE_PREFIX_PATH=${CMAKE_PREFIX_PATH}:/home/rcpsl/Zhao_Liyuan_ws/install/autoturtle:/home/rcpsl/Zhao_Liyuan_ws/install/TurtleBot:/opt/ros/humble /usr/bin/cmake --install /home/rcpsl/Zhao_Liyuan_ws/build/turtlebot3_fake_node
[1.333s] -- Install configuration: ""
[1.336s] -- Up-to-date: /home/rcpsl/Zhao_Liyuan_ws/install/turtlebot3_fake_node/lib/turtlebot3_fake_node/turtlebot3_fake_node
[1.345s] -- Up-to-date: /home/rcpsl/Zhao_Liyuan_ws/install/turtlebot3_fake_node/share/turtlebot3_fake_node/launch
[1.358s] -- Up-to-date: /home/rcpsl/Zhao_Liyuan_ws/install/turtlebot3_fake_node/share/turtlebot3_fake_node/launch/turtlebot3_fake_node.launch.py
[1.360s] -- Up-to-date: /home/rcpsl/Zhao_Liyuan_ws/install/turtlebot3_fake_node/share/turtlebot3_fake_node/launch/rviz2.launch.py
[1.360s] -- Up-to-date: /home/rcpsl/Zhao_Liyuan_ws/install/turtlebot3_fake_node/share/turtlebot3_fake_node/param
[1.361s] -- Up-to-date: /home/rcpsl/Zhao_Liyuan_ws/install/turtlebot3_fake_node/share/turtlebot3_fake_node/param/waffle.yaml
[1.361s] -- Up-to-date: /home/rcpsl/Zhao_Liyuan_ws/install/turtlebot3_fake_node/share/turtlebot3_fake_node/param/waffle_pi.yaml
[1.361s] -- Up-to-date: /home/rcpsl/Zhao_Liyuan_ws/install/turtlebot3_fake_node/share/turtlebot3_fake_node/param/burger.yaml
[1.361s] -- Up-to-date: /home/rcpsl/Zhao_Liyuan_ws/install/turtlebot3_fake_node/include/
[1.362s] -- Up-to-date: /home/rcpsl/Zhao_Liyuan_ws/install/turtlebot3_fake_node/include//turtlebot3_fake_node
[1.362s] -- Up-to-date: /home/rcpsl/Zhao_Liyuan_ws/install/turtlebot3_fake_node/include//turtlebot3_fake_node/turtlebot3_fake_node.hpp
[1.362s] -- Up-to-date: /home/rcpsl/Zhao_Liyuan_ws/install/turtlebot3_fake_node/share/ament_index/resource_index/package_run_dependencies/turtlebot3_fake_node
[1.362s] -- Up-to-date: /home/rcpsl/Zhao_Liyuan_ws/install/turtlebot3_fake_node/share/ament_index/resource_index/parent_prefix_path/turtlebot3_fake_node
[1.362s] -- Up-to-date: /home/rcpsl/Zhao_Liyuan_ws/install/turtlebot3_fake_node/share/turtlebot3_fake_node/environment/ament_prefix_path.sh
[1.362s] -- Up-to-date: /home/rcpsl/Zhao_Liyuan_ws/install/turtlebot3_fake_node/share/turtlebot3_fake_node/environment/ament_prefix_path.dsv
[1.363s] -- Up-to-date: /home/rcpsl/Zhao_Liyuan_ws/install/turtlebot3_fake_node/share/turtlebot3_fake_node/environment/path.sh
[1.367s] -- Up-to-date: /home/rcpsl/Zhao_Liyuan_ws/install/turtlebot3_fake_node/share/turtlebot3_fake_node/environment/path.dsv
[1.367s] -- Up-to-date: /home/rcpsl/Zhao_Liyuan_ws/install/turtlebot3_fake_node/share/turtlebot3_fake_node/local_setup.bash
[1.373s] -- Up-to-date: /home/rcpsl/Zhao_Liyuan_ws/install/turtlebot3_fake_node/share/turtlebot3_fake_node/local_setup.sh
[1.374s] -- Up-to-date: /home/rcpsl/Zhao_Liyuan_ws/install/turtlebot3_fake_node/share/turtlebot3_fake_node/local_setup.zsh
[1.374s] -- Up-to-date: /home/rcpsl/Zhao_Liyuan_ws/install/turtlebot3_fake_node/share/turtlebot3_fake_node/local_setup.dsv
[1.374s] -- Installing: /home/rcpsl/Zhao_Liyuan_ws/install/turtlebot3_fake_node/share/turtlebot3_fake_node/package.dsv
[1.374s] -- Up-to-date: /home/rcpsl/Zhao_Liyuan_ws/install/turtlebot3_fake_node/share/ament_index/resource_index/packages/turtlebot3_fake_node
[1.375s] -- Up-to-date: /home/rcpsl/Zhao_Liyuan_ws/install/turtlebot3_fake_node/share/turtlebot3_fake_node/cmake/ament_cmake_export_include_directories-extras.cmake
[1.375s] -- Up-to-date: /home/rcpsl/Zhao_Liyuan_ws/install/turtlebot3_fake_node/share/turtlebot3_fake_node/cmake/ament_cmake_export_dependencies-extras.cmake
[1.375s] -- Up-to-date: /home/rcpsl/Zhao_Liyuan_ws/install/turtlebot3_fake_node/share/turtlebot3_fake_node/cmake/turtlebot3_fake_nodeConfig.cmake
[1.375s] -- Up-to-date: /home/rcpsl/Zhao_Liyuan_ws/install/turtlebot3_fake_node/share/turtlebot3_fake_node/cmake/turtlebot3_fake_nodeConfig-version.cmake
[1.375s] -- Up-to-date: /home/rcpsl/Zhao_Liyuan_ws/install/turtlebot3_fake_node/share/turtlebot3_fake_node/package.xml
[1.390s] Invoked command in '/home/rcpsl/Zhao_Liyuan_ws/build/turtlebot3_fake_node' returned '0': CMAKE_PREFIX_PATH=${CMAKE_PREFIX_PATH}:/home/rcpsl/Zhao_Liyuan_ws/install/autoturtle:/home/rcpsl/Zhao_Liyuan_ws/install/TurtleBot:/opt/ros/humble /usr/bin/cmake --install /home/rcpsl/Zhao_Liyuan_ws/build/turtlebot3_fake_node
