[1.724s] Invoking command in '/home/rcpsl/Zhao_Liyuan_ws/autoturtle': PYTHONPATH=/home/rcpsl/Zhao_Liyuan_ws/build/autoturtle/prefix_override:/home/rcpsl/Zhao_Liyuan_ws/install/autoturtle/lib/python3.10/site-packages:${PYTHONPATH} /usr/bin/python3 -W ignore:setup.py install is deprecated setup.py egg_info --egg-base ../build/autoturtle build --build-base /home/rcpsl/Zhao_Liyuan_ws/build/autoturtle/build install --record /home/rcpsl/Zhao_Liyuan_ws/build/autoturtle/install.log --single-version-externally-managed install_data
[2.457s] running egg_info
[2.459s] writing ../build/autoturtle/autoturtle.egg-info/PKG-INFO
[2.461s] writing dependency_links to ../build/autoturtle/autoturtle.egg-info/dependency_links.txt
[2.463s] writing entry points to ../build/autoturtle/autoturtle.egg-info/entry_points.txt
[2.464s] writing requirements to ../build/autoturtle/autoturtle.egg-info/requires.txt
[2.466s] writing top-level names to ../build/autoturtle/autoturtle.egg-info/top_level.txt
[2.471s] reading manifest file '../build/autoturtle/autoturtle.egg-info/SOURCES.txt'
[2.476s] writing manifest file '../build/autoturtle/autoturtle.egg-info/SOURCES.txt'
[2.477s] running build
[2.477s] running build_py
[2.480s] running install
[2.481s] running install_lib
[2.486s] running install_data
[2.486s] running install_egg_info
[2.491s] removing '/home/rcpsl/Zhao_Liyuan_ws/install/autoturtle/lib/python3.10/site-packages/autoturtle-0.0.0-py3.10.egg-info' (and everything under it)
[2.494s] Copying ../build/autoturtle/autoturtle.egg-info to /home/rcpsl/Zhao_Liyuan_ws/install/autoturtle/lib/python3.10/site-packages/autoturtle-0.0.0-py3.10.egg-info
[2.501s] running install_scripts
[2.554s] Installing listener script to /home/rcpsl/Zhao_Liyuan_ws/install/autoturtle/lib/autoturtle
[2.554s] Installing my_teleop_node script to /home/rcpsl/Zhao_Liyuan_ws/install/autoturtle/lib/autoturtle
[2.555s] Installing swim_node script to /home/rcpsl/Zhao_Liyuan_ws/install/autoturtle/lib/autoturtle
[2.555s] Installing swim_to_goal script to /home/rcpsl/Zhao_Liyuan_ws/install/autoturtle/lib/autoturtle
[2.556s] Installing two_circle_8shape script to /home/rcpsl/Zhao_Liyuan_ws/install/autoturtle/lib/autoturtle
[2.558s] writing list of installed files to '/home/rcpsl/Zhao_Liyuan_ws/build/autoturtle/install.log'
[2.604s] Invoked command in '/home/rcpsl/Zhao_Liyuan_ws/autoturtle' returned '0': PYTHONPATH=/home/rcpsl/Zhao_Liyuan_ws/build/autoturtle/prefix_override:/home/rcpsl/Zhao_Liyuan_ws/install/autoturtle/lib/python3.10/site-packages:${PYTHONPATH} /usr/bin/python3 -W ignore:setup.py install is deprecated setup.py egg_info --egg-base ../build/autoturtle build --build-base /home/rcpsl/Zhao_Liyuan_ws/build/autoturtle/build install --record /home/rcpsl/Zhao_Liyuan_ws/build/autoturtle/install.log --single-version-externally-managed install_data
