[0.257s] DEBUG:colcon:Command line arguments: ['/usr/bin/colcon', 'build']
[0.258s] DEBUG:colcon:Parsed command line arguments: Namespace(log_base=None, log_level=None, verb_name='build', build_base='build', install_base='install', merge_install=False, symlink_install=False, test_result_base=None, continue_on_error=False, executor='parallel', parallel_workers=2, event_handlers=None, ignore_user_meta=False, metas=['./colcon.meta'], base_paths=['.'], packages_ignore=None, packages_ignore_regex=None, paths=None, packages_up_to=None, packages_up_to_regex=None, packages_above=None, packages_above_and_dependencies=None, packages_above_depth=None, packages_select_by_dep=None, packages_skip_by_dep=None, packages_skip_up_to=None, packages_select_build_failed=False, packages_skip_build_finished=False, packages_select_test_failures=False, packages_skip_test_passed=False, packages_select=None, packages_skip=None, packages_select_regex=None, packages_skip_regex=None, packages_start=None, packages_end=None, allow_overriding=[], cmake_args=None, cmake_target=None, cmake_target_skip_unavailable=False, cmake_clean_cache=False, cmake_clean_first=False, cmake_force_configure=False, ament_cmake_args=None, catkin_cmake_args=None, catkin_skip_building_tests=False, verb_parser=<colcon_defaults.argument_parser.defaults.DefaultArgumentsDecorator object at 0x7e8092b38e20>, verb_extension=<colcon_core.verb.build.BuildVerb object at 0x7e8092b38850>, main=<bound method BuildVerb.main of <colcon_core.verb.build.BuildVerb object at 0x7e8092b38850>>)
[0.692s] Level 1:colcon.colcon_core.package_discovery:discover_packages(colcon_meta) check parameters
[0.693s] Level 1:colcon.colcon_core.package_discovery:discover_packages(recursive) check parameters
[0.693s] Level 1:colcon.colcon_core.package_discovery:discover_packages(ignore) check parameters
[0.693s] Level 1:colcon.colcon_core.package_discovery:discover_packages(path) check parameters
[0.693s] Level 1:colcon.colcon_core.package_discovery:discover_packages(colcon_meta) discover
[0.693s] Level 1:colcon.colcon_core.package_discovery:discover_packages(recursive) discover
[0.693s] INFO:colcon.colcon_core.package_discovery:Crawling recursively for packages in '/home/rcpsl/Zhao_Liyuan_ws'
[0.694s] Level 1:colcon.colcon_core.package_identification:_identify(.) by extensions ['ignore', 'ignore_ament_install']
[0.694s] Level 1:colcon.colcon_core.package_identification:_identify(.) by extension 'ignore'
[0.694s] Level 1:colcon.colcon_core.package_identification:_identify(.) by extension 'ignore_ament_install'
[0.694s] Level 1:colcon.colcon_core.package_identification:_identify(.) by extensions ['colcon_pkg']
[0.695s] Level 1:colcon.colcon_core.package_identification:_identify(.) by extension 'colcon_pkg'
[0.695s] Level 1:colcon.colcon_core.package_identification:_identify(.) by extensions ['colcon_meta']
[0.695s] Level 1:colcon.colcon_core.package_identification:_identify(.) by extension 'colcon_meta'
[0.695s] Level 1:colcon.colcon_core.package_identification:_identify(.) by extensions ['ros']
[0.695s] Level 1:colcon.colcon_core.package_identification:_identify(.) by extension 'ros'
[0.722s] Level 1:colcon.colcon_core.package_identification:_identify(.) by extensions ['cmake', 'python']
[0.722s] Level 1:colcon.colcon_core.package_identification:_identify(.) by extension 'cmake'
[0.723s] Level 1:colcon.colcon_core.package_identification:_identify(.) by extension 'python'
[0.723s] Level 1:colcon.colcon_core.package_identification:_identify(.) by extensions ['python_setup_py']
[0.723s] Level 1:colcon.colcon_core.package_identification:_identify(.) by extension 'python_setup_py'
[0.723s] Level 1:colcon.colcon_core.package_identification:_identify(build) by extensions ['ignore', 'ignore_ament_install']
[0.723s] Level 1:colcon.colcon_core.package_identification:_identify(build) by extension 'ignore'
[0.724s] Level 1:colcon.colcon_core.package_identification:_identify(build) ignored
[0.724s] Level 1:colcon.colcon_core.package_identification:_identify(install) by extensions ['ignore', 'ignore_ament_install']
[0.724s] Level 1:colcon.colcon_core.package_identification:_identify(install) by extension 'ignore'
[0.724s] Level 1:colcon.colcon_core.package_identification:_identify(install) ignored
[0.726s] Level 1:colcon.colcon_core.package_identification:_identify(log) by extensions ['ignore', 'ignore_ament_install']
[0.726s] Level 1:colcon.colcon_core.package_identification:_identify(log) by extension 'ignore'
[0.726s] Level 1:colcon.colcon_core.package_identification:_identify(log) ignored
[0.726s] Level 1:colcon.colcon_core.package_identification:_identify(src) by extensions ['ignore', 'ignore_ament_install']
[0.726s] Level 1:colcon.colcon_core.package_identification:_identify(src) by extension 'ignore'
[0.727s] Level 1:colcon.colcon_core.package_identification:_identify(src) by extension 'ignore_ament_install'
[0.727s] Level 1:colcon.colcon_core.package_identification:_identify(src) by extensions ['colcon_pkg']
[0.727s] Level 1:colcon.colcon_core.package_identification:_identify(src) by extension 'colcon_pkg'
[0.727s] Level 1:colcon.colcon_core.package_identification:_identify(src) by extensions ['colcon_meta']
[0.727s] Level 1:colcon.colcon_core.package_identification:_identify(src) by extension 'colcon_meta'
[0.727s] Level 1:colcon.colcon_core.package_identification:_identify(src) by extensions ['ros']
[0.727s] Level 1:colcon.colcon_core.package_identification:_identify(src) by extension 'ros'
[0.727s] Level 1:colcon.colcon_core.package_identification:_identify(src) by extensions ['cmake', 'python']
[0.728s] Level 1:colcon.colcon_core.package_identification:_identify(src) by extension 'cmake'
[0.728s] Level 1:colcon.colcon_core.package_identification:_identify(src) by extension 'python'
[0.728s] Level 1:colcon.colcon_core.package_identification:_identify(src) by extensions ['python_setup_py']
[0.728s] Level 1:colcon.colcon_core.package_identification:_identify(src) by extension 'python_setup_py'
[0.728s] Level 1:colcon.colcon_core.package_identification:_identify(src/TurtleBot) by extensions ['ignore', 'ignore_ament_install']
[0.728s] Level 1:colcon.colcon_core.package_identification:_identify(src/TurtleBot) by extension 'ignore'
[0.729s] Level 1:colcon.colcon_core.package_identification:_identify(src/TurtleBot) by extension 'ignore_ament_install'
[0.729s] Level 1:colcon.colcon_core.package_identification:_identify(src/TurtleBot) by extensions ['colcon_pkg']
[0.729s] Level 1:colcon.colcon_core.package_identification:_identify(src/TurtleBot) by extension 'colcon_pkg'
[0.729s] Level 1:colcon.colcon_core.package_identification:_identify(src/TurtleBot) by extensions ['colcon_meta']
[0.729s] Level 1:colcon.colcon_core.package_identification:_identify(src/TurtleBot) by extension 'colcon_meta'
[0.729s] Level 1:colcon.colcon_core.package_identification:_identify(src/TurtleBot) by extensions ['ros']
[0.729s] Level 1:colcon.colcon_core.package_identification:_identify(src/TurtleBot) by extension 'ros'
[0.735s] DEBUG:colcon.colcon_core.package_identification:Package 'src/TurtleBot' with type 'ros.ament_python' and name 'TurtleBot'
[0.735s] Level 1:colcon.colcon_core.package_identification:_identify(src/autoturtle) by extensions ['ignore', 'ignore_ament_install']
[0.735s] Level 1:colcon.colcon_core.package_identification:_identify(src/autoturtle) by extension 'ignore'
[0.736s] Level 1:colcon.colcon_core.package_identification:_identify(src/autoturtle) by extension 'ignore_ament_install'
[0.736s] Level 1:colcon.colcon_core.package_identification:_identify(src/autoturtle) by extensions ['colcon_pkg']
[0.736s] Level 1:colcon.colcon_core.package_identification:_identify(src/autoturtle) by extension 'colcon_pkg'
[0.736s] Level 1:colcon.colcon_core.package_identification:_identify(src/autoturtle) by extensions ['colcon_meta']
[0.736s] Level 1:colcon.colcon_core.package_identification:_identify(src/autoturtle) by extension 'colcon_meta'
[0.736s] Level 1:colcon.colcon_core.package_identification:_identify(src/autoturtle) by extensions ['ros']
[0.737s] Level 1:colcon.colcon_core.package_identification:_identify(src/autoturtle) by extension 'ros'
[0.739s] DEBUG:colcon.colcon_core.package_identification:Package 'src/autoturtle' with type 'ros.ament_python' and name 'autoturtle'
[0.739s] Level 1:colcon.colcon_core.package_identification:_identify(src/turtlebot3_simulations) by extensions ['ignore', 'ignore_ament_install']
[0.740s] Level 1:colcon.colcon_core.package_identification:_identify(src/turtlebot3_simulations) by extension 'ignore'
[0.740s] Level 1:colcon.colcon_core.package_identification:_identify(src/turtlebot3_simulations) by extension 'ignore_ament_install'
[0.740s] Level 1:colcon.colcon_core.package_identification:_identify(src/turtlebot3_simulations) by extensions ['colcon_pkg']
[0.740s] Level 1:colcon.colcon_core.package_identification:_identify(src/turtlebot3_simulations) by extension 'colcon_pkg'
[0.740s] Level 1:colcon.colcon_core.package_identification:_identify(src/turtlebot3_simulations) by extensions ['colcon_meta']
[0.740s] Level 1:colcon.colcon_core.package_identification:_identify(src/turtlebot3_simulations) by extension 'colcon_meta'
[0.740s] Level 1:colcon.colcon_core.package_identification:_identify(src/turtlebot3_simulations) by extensions ['ros']
[0.741s] Level 1:colcon.colcon_core.package_identification:_identify(src/turtlebot3_simulations) by extension 'ros'
[0.741s] Level 1:colcon.colcon_core.package_identification:_identify(src/turtlebot3_simulations) by extensions ['cmake', 'python']
[0.741s] Level 1:colcon.colcon_core.package_identification:_identify(src/turtlebot3_simulations) by extension 'cmake'
[0.741s] Level 1:colcon.colcon_core.package_identification:_identify(src/turtlebot3_simulations) by extension 'python'
[0.741s] Level 1:colcon.colcon_core.package_identification:_identify(src/turtlebot3_simulations) by extensions ['python_setup_py']
[0.742s] Level 1:colcon.colcon_core.package_identification:_identify(src/turtlebot3_simulations) by extension 'python_setup_py'
[0.742s] Level 1:colcon.colcon_core.package_identification:_identify(src/turtlebot3_simulations/turtlebot3_fake_node) by extensions ['ignore', 'ignore_ament_install']
[0.742s] Level 1:colcon.colcon_core.package_identification:_identify(src/turtlebot3_simulations/turtlebot3_fake_node) by extension 'ignore'
[0.742s] Level 1:colcon.colcon_core.package_identification:_identify(src/turtlebot3_simulations/turtlebot3_fake_node) by extension 'ignore_ament_install'
[0.742s] Level 1:colcon.colcon_core.package_identification:_identify(src/turtlebot3_simulations/turtlebot3_fake_node) by extensions ['colcon_pkg']
[0.742s] Level 1:colcon.colcon_core.package_identification:_identify(src/turtlebot3_simulations/turtlebot3_fake_node) by extension 'colcon_pkg'
[0.743s] Level 1:colcon.colcon_core.package_identification:_identify(src/turtlebot3_simulations/turtlebot3_fake_node) by extensions ['colcon_meta']
[0.743s] Level 1:colcon.colcon_core.package_identification:_identify(src/turtlebot3_simulations/turtlebot3_fake_node) by extension 'colcon_meta'
[0.743s] Level 1:colcon.colcon_core.package_identification:_identify(src/turtlebot3_simulations/turtlebot3_fake_node) by extensions ['ros']
[0.743s] Level 1:colcon.colcon_core.package_identification:_identify(src/turtlebot3_simulations/turtlebot3_fake_node) by extension 'ros'
[0.745s] DEBUG:colcon.colcon_core.package_identification:Package 'src/turtlebot3_simulations/turtlebot3_fake_node' with type 'ros.ament_cmake' and name 'turtlebot3_fake_node'
[0.746s] Level 1:colcon.colcon_core.package_identification:_identify(src/turtlebot3_simulations/turtlebot3_gazebo) by extensions ['ignore', 'ignore_ament_install']
[0.746s] Level 1:colcon.colcon_core.package_identification:_identify(src/turtlebot3_simulations/turtlebot3_gazebo) by extension 'ignore'
[0.747s] Level 1:colcon.colcon_core.package_identification:_identify(src/turtlebot3_simulations/turtlebot3_gazebo) by extension 'ignore_ament_install'
[0.747s] Level 1:colcon.colcon_core.package_identification:_identify(src/turtlebot3_simulations/turtlebot3_gazebo) by extensions ['colcon_pkg']
[0.747s] Level 1:colcon.colcon_core.package_identification:_identify(src/turtlebot3_simulations/turtlebot3_gazebo) by extension 'colcon_pkg'
[0.747s] Level 1:colcon.colcon_core.package_identification:_identify(src/turtlebot3_simulations/turtlebot3_gazebo) by extensions ['colcon_meta']
[0.747s] Level 1:colcon.colcon_core.package_identification:_identify(src/turtlebot3_simulations/turtlebot3_gazebo) by extension 'colcon_meta'
[0.747s] Level 1:colcon.colcon_core.package_identification:_identify(src/turtlebot3_simulations/turtlebot3_gazebo) by extensions ['ros']
[0.747s] Level 1:colcon.colcon_core.package_identification:_identify(src/turtlebot3_simulations/turtlebot3_gazebo) by extension 'ros'
[0.749s] DEBUG:colcon.colcon_core.package_identification:Package 'src/turtlebot3_simulations/turtlebot3_gazebo' with type 'ros.ament_cmake' and name 'turtlebot3_gazebo'
[0.750s] Level 1:colcon.colcon_core.package_identification:_identify(src/turtlebot3_simulations/turtlebot3_simulations) by extensions ['ignore', 'ignore_ament_install']
[0.750s] Level 1:colcon.colcon_core.package_identification:_identify(src/turtlebot3_simulations/turtlebot3_simulations) by extension 'ignore'
[0.750s] Level 1:colcon.colcon_core.package_identification:_identify(src/turtlebot3_simulations/turtlebot3_simulations) by extension 'ignore_ament_install'
[0.750s] Level 1:colcon.colcon_core.package_identification:_identify(src/turtlebot3_simulations/turtlebot3_simulations) by extensions ['colcon_pkg']
[0.750s] Level 1:colcon.colcon_core.package_identification:_identify(src/turtlebot3_simulations/turtlebot3_simulations) by extension 'colcon_pkg'
[0.751s] Level 1:colcon.colcon_core.package_identification:_identify(src/turtlebot3_simulations/turtlebot3_simulations) by extensions ['colcon_meta']
[0.751s] Level 1:colcon.colcon_core.package_identification:_identify(src/turtlebot3_simulations/turtlebot3_simulations) by extension 'colcon_meta'
[0.751s] Level 1:colcon.colcon_core.package_identification:_identify(src/turtlebot3_simulations/turtlebot3_simulations) by extensions ['ros']
[0.751s] Level 1:colcon.colcon_core.package_identification:_identify(src/turtlebot3_simulations/turtlebot3_simulations) by extension 'ros'
[0.752s] DEBUG:colcon.colcon_core.package_identification:Package 'src/turtlebot3_simulations/turtlebot3_simulations' with type 'ros.ament_cmake' and name 'turtlebot3_simulations'
[0.752s] Level 1:colcon.colcon_core.package_discovery:discover_packages(recursive) using defaults
[0.752s] Level 1:colcon.colcon_core.package_discovery:discover_packages(ignore) discover
[0.752s] Level 1:colcon.colcon_core.package_discovery:discover_packages(ignore) using defaults
[0.752s] Level 1:colcon.colcon_core.package_discovery:discover_packages(path) discover
[0.752s] Level 1:colcon.colcon_core.package_discovery:discover_packages(path) using defaults
[0.816s] Level 1:colcon.colcon_core.package_discovery:discover_packages(prefix_path) check parameters
[0.816s] Level 1:colcon.colcon_core.package_discovery:discover_packages(prefix_path) discover
[0.822s] DEBUG:colcon.colcon_installed_package_information.package_discovery:Found 5 installed packages in /home/rcpsl/Zhao_Liyuan_ws/install
[0.828s] DEBUG:colcon.colcon_installed_package_information.package_discovery:Found 370 installed packages in /opt/ros/humble
[0.836s] Level 1:colcon.colcon_core.package_discovery:discover_packages(prefix_path) using defaults
[0.958s] Level 5:colcon.colcon_core.verb:set package 'TurtleBot' build argument 'cmake_args' from command line to 'None'
[0.958s] Level 5:colcon.colcon_core.verb:set package 'TurtleBot' build argument 'cmake_target' from command line to 'None'
[0.958s] Level 5:colcon.colcon_core.verb:set package 'TurtleBot' build argument 'cmake_target_skip_unavailable' from command line to 'False'
[0.958s] Level 5:colcon.colcon_core.verb:set package 'TurtleBot' build argument 'cmake_clean_cache' from command line to 'False'
[0.958s] Level 5:colcon.colcon_core.verb:set package 'TurtleBot' build argument 'cmake_clean_first' from command line to 'False'
[0.958s] Level 5:colcon.colcon_core.verb:set package 'TurtleBot' build argument 'cmake_force_configure' from command line to 'False'
[0.958s] Level 5:colcon.colcon_core.verb:set package 'TurtleBot' build argument 'ament_cmake_args' from command line to 'None'
[0.958s] Level 5:colcon.colcon_core.verb:set package 'TurtleBot' build argument 'catkin_cmake_args' from command line to 'None'
[0.958s] Level 5:colcon.colcon_core.verb:set package 'TurtleBot' build argument 'catkin_skip_building_tests' from command line to 'False'
[0.959s] DEBUG:colcon.colcon_core.verb:Building package 'TurtleBot' with the following arguments: {'ament_cmake_args': None, 'build_base': '/home/rcpsl/Zhao_Liyuan_ws/build/TurtleBot', 'catkin_cmake_args': None, 'catkin_skip_building_tests': False, 'cmake_args': None, 'cmake_clean_cache': False, 'cmake_clean_first': False, 'cmake_force_configure': False, 'cmake_target': None, 'cmake_target_skip_unavailable': False, 'install_base': '/home/rcpsl/Zhao_Liyuan_ws/install/TurtleBot', 'merge_install': False, 'path': '/home/rcpsl/Zhao_Liyuan_ws/src/TurtleBot', 'symlink_install': False, 'test_result_base': None}
[0.959s] Level 5:colcon.colcon_core.verb:set package 'autoturtle' build argument 'cmake_args' from command line to 'None'
[0.959s] Level 5:colcon.colcon_core.verb:set package 'autoturtle' build argument 'cmake_target' from command line to 'None'
[0.960s] Level 5:colcon.colcon_core.verb:set package 'autoturtle' build argument 'cmake_target_skip_unavailable' from command line to 'False'
[0.960s] Level 5:colcon.colcon_core.verb:set package 'autoturtle' build argument 'cmake_clean_cache' from command line to 'False'
[0.960s] Level 5:colcon.colcon_core.verb:set package 'autoturtle' build argument 'cmake_clean_first' from command line to 'False'
[0.960s] Level 5:colcon.colcon_core.verb:set package 'autoturtle' build argument 'cmake_force_configure' from command line to 'False'
[0.960s] Level 5:colcon.colcon_core.verb:set package 'autoturtle' build argument 'ament_cmake_args' from command line to 'None'
[0.960s] Level 5:colcon.colcon_core.verb:set package 'autoturtle' build argument 'catkin_cmake_args' from command line to 'None'
[0.960s] Level 5:colcon.colcon_core.verb:set package 'autoturtle' build argument 'catkin_skip_building_tests' from command line to 'False'
[0.960s] DEBUG:colcon.colcon_core.verb:Building package 'autoturtle' with the following arguments: {'ament_cmake_args': None, 'build_base': '/home/rcpsl/Zhao_Liyuan_ws/build/autoturtle', 'catkin_cmake_args': None, 'catkin_skip_building_tests': False, 'cmake_args': None, 'cmake_clean_cache': False, 'cmake_clean_first': False, 'cmake_force_configure': False, 'cmake_target': None, 'cmake_target_skip_unavailable': False, 'install_base': '/home/rcpsl/Zhao_Liyuan_ws/install/autoturtle', 'merge_install': False, 'path': '/home/rcpsl/Zhao_Liyuan_ws/src/autoturtle', 'symlink_install': False, 'test_result_base': None}
[0.961s] Level 5:colcon.colcon_core.verb:set package 'turtlebot3_fake_node' build argument 'cmake_args' from command line to 'None'
[0.961s] Level 5:colcon.colcon_core.verb:set package 'turtlebot3_fake_node' build argument 'cmake_target' from command line to 'None'
[0.961s] Level 5:colcon.colcon_core.verb:set package 'turtlebot3_fake_node' build argument 'cmake_target_skip_unavailable' from command line to 'False'
[0.961s] Level 5:colcon.colcon_core.verb:set package 'turtlebot3_fake_node' build argument 'cmake_clean_cache' from command line to 'False'
[0.961s] Level 5:colcon.colcon_core.verb:set package 'turtlebot3_fake_node' build argument 'cmake_clean_first' from command line to 'False'
[0.961s] Level 5:colcon.colcon_core.verb:set package 'turtlebot3_fake_node' build argument 'cmake_force_configure' from command line to 'False'
[0.961s] Level 5:colcon.colcon_core.verb:set package 'turtlebot3_fake_node' build argument 'ament_cmake_args' from command line to 'None'
[0.961s] Level 5:colcon.colcon_core.verb:set package 'turtlebot3_fake_node' build argument 'catkin_cmake_args' from command line to 'None'
[0.961s] Level 5:colcon.colcon_core.verb:set package 'turtlebot3_fake_node' build argument 'catkin_skip_building_tests' from command line to 'False'
[0.961s] DEBUG:colcon.colcon_core.verb:Building package 'turtlebot3_fake_node' with the following arguments: {'ament_cmake_args': None, 'build_base': '/home/rcpsl/Zhao_Liyuan_ws/build/turtlebot3_fake_node', 'catkin_cmake_args': None, 'catkin_skip_building_tests': False, 'cmake_args': None, 'cmake_clean_cache': False, 'cmake_clean_first': False, 'cmake_force_configure': False, 'cmake_target': None, 'cmake_target_skip_unavailable': False, 'install_base': '/home/rcpsl/Zhao_Liyuan_ws/install/turtlebot3_fake_node', 'merge_install': False, 'path': '/home/rcpsl/Zhao_Liyuan_ws/src/turtlebot3_simulations/turtlebot3_fake_node', 'symlink_install': False, 'test_result_base': None}
[0.962s] Level 5:colcon.colcon_core.verb:set package 'turtlebot3_gazebo' build argument 'cmake_args' from command line to 'None'
[0.962s] Level 5:colcon.colcon_core.verb:set package 'turtlebot3_gazebo' build argument 'cmake_target' from command line to 'None'
[0.962s] Level 5:colcon.colcon_core.verb:set package 'turtlebot3_gazebo' build argument 'cmake_target_skip_unavailable' from command line to 'False'
[0.963s] Level 5:colcon.colcon_core.verb:set package 'turtlebot3_gazebo' build argument 'cmake_clean_cache' from command line to 'False'
[0.963s] Level 5:colcon.colcon_core.verb:set package 'turtlebot3_gazebo' build argument 'cmake_clean_first' from command line to 'False'
[0.963s] Level 5:colcon.colcon_core.verb:set package 'turtlebot3_gazebo' build argument 'cmake_force_configure' from command line to 'False'
[0.963s] Level 5:colcon.colcon_core.verb:set package 'turtlebot3_gazebo' build argument 'ament_cmake_args' from command line to 'None'
[0.963s] Level 5:colcon.colcon_core.verb:set package 'turtlebot3_gazebo' build argument 'catkin_cmake_args' from command line to 'None'
[0.963s] Level 5:colcon.colcon_core.verb:set package 'turtlebot3_gazebo' build argument 'catkin_skip_building_tests' from command line to 'False'
[0.963s] DEBUG:colcon.colcon_core.verb:Building package 'turtlebot3_gazebo' with the following arguments: {'ament_cmake_args': None, 'build_base': '/home/rcpsl/Zhao_Liyuan_ws/build/turtlebot3_gazebo', 'catkin_cmake_args': None, 'catkin_skip_building_tests': False, 'cmake_args': None, 'cmake_clean_cache': False, 'cmake_clean_first': False, 'cmake_force_configure': False, 'cmake_target': None, 'cmake_target_skip_unavailable': False, 'install_base': '/home/rcpsl/Zhao_Liyuan_ws/install/turtlebot3_gazebo', 'merge_install': False, 'path': '/home/rcpsl/Zhao_Liyuan_ws/src/turtlebot3_simulations/turtlebot3_gazebo', 'symlink_install': False, 'test_result_base': None}
[0.964s] Level 5:colcon.colcon_core.verb:set package 'turtlebot3_simulations' build argument 'cmake_args' from command line to 'None'
[0.964s] Level 5:colcon.colcon_core.verb:set package 'turtlebot3_simulations' build argument 'cmake_target' from command line to 'None'
[0.964s] Level 5:colcon.colcon_core.verb:set package 'turtlebot3_simulations' build argument 'cmake_target_skip_unavailable' from command line to 'False'
[0.964s] Level 5:colcon.colcon_core.verb:set package 'turtlebot3_simulations' build argument 'cmake_clean_cache' from command line to 'False'
[0.964s] Level 5:colcon.colcon_core.verb:set package 'turtlebot3_simulations' build argument 'cmake_clean_first' from command line to 'False'
[0.964s] Level 5:colcon.colcon_core.verb:set package 'turtlebot3_simulations' build argument 'cmake_force_configure' from command line to 'False'
[0.964s] Level 5:colcon.colcon_core.verb:set package 'turtlebot3_simulations' build argument 'ament_cmake_args' from command line to 'None'
[0.964s] Level 5:colcon.colcon_core.verb:set package 'turtlebot3_simulations' build argument 'catkin_cmake_args' from command line to 'None'
[0.964s] Level 5:colcon.colcon_core.verb:set package 'turtlebot3_simulations' build argument 'catkin_skip_building_tests' from command line to 'False'
[0.964s] DEBUG:colcon.colcon_core.verb:Building package 'turtlebot3_simulations' with the following arguments: {'ament_cmake_args': None, 'build_base': '/home/rcpsl/Zhao_Liyuan_ws/build/turtlebot3_simulations', 'catkin_cmake_args': None, 'catkin_skip_building_tests': False, 'cmake_args': None, 'cmake_clean_cache': False, 'cmake_clean_first': False, 'cmake_force_configure': False, 'cmake_target': None, 'cmake_target_skip_unavailable': False, 'install_base': '/home/rcpsl/Zhao_Liyuan_ws/install/turtlebot3_simulations', 'merge_install': False, 'path': '/home/rcpsl/Zhao_Liyuan_ws/src/turtlebot3_simulations/turtlebot3_simulations', 'symlink_install': False, 'test_result_base': None}
[0.964s] INFO:colcon.colcon_core.executor:Executing jobs using 'parallel' executor
[0.966s] DEBUG:colcon.colcon_parallel_executor.executor.parallel:run_until_complete
[0.967s] INFO:colcon.colcon_ros.task.ament_cmake.build:Building ROS package in '/home/rcpsl/Zhao_Liyuan_ws/src/turtlebot3_simulations/turtlebot3_fake_node' with build type 'ament_cmake'
[0.967s] INFO:colcon.colcon_cmake.task.cmake.build:Building CMake package in '/home/rcpsl/Zhao_Liyuan_ws/src/turtlebot3_simulations/turtlebot3_fake_node'
[0.971s] INFO:colcon.colcon_core.plugin_system:Skipping extension 'colcon_core.shell.bat': Not used on non-Windows systems
[0.972s] INFO:colcon.colcon_core.shell:Skip shell extension 'powershell' for command environment: Not usable outside of PowerShell
[0.972s] DEBUG:colcon.colcon_core.shell:Skip shell extension 'dsv' for command environment
[0.987s] INFO:colcon.colcon_ros.task.ament_cmake.build:Building ROS package in '/home/rcpsl/Zhao_Liyuan_ws/src/turtlebot3_simulations/turtlebot3_gazebo' with build type 'ament_cmake'
[0.987s] INFO:colcon.colcon_cmake.task.cmake.build:Building CMake package in '/home/rcpsl/Zhao_Liyuan_ws/src/turtlebot3_simulations/turtlebot3_gazebo'
[0.988s] INFO:colcon.colcon_core.shell:Skip shell extension 'powershell' for command environment: Not usable outside of PowerShell
[0.988s] DEBUG:colcon.colcon_core.shell:Skip shell extension 'dsv' for command environment
[1.014s] DEBUG:colcon.colcon_core.event_handler.log_command:Invoking command in '/home/rcpsl/Zhao_Liyuan_ws/build/turtlebot3_fake_node': CMAKE_PREFIX_PATH=${CMAKE_PREFIX_PATH}:/home/rcpsl/Zhao_Liyuan_ws/install/autoturtle:/home/rcpsl/Zhao_Liyuan_ws/install/TurtleBot:/opt/ros/humble /usr/bin/cmake --build /home/rcpsl/Zhao_Liyuan_ws/build/turtlebot3_fake_node -- -j2 -l2
[1.057s] DEBUG:colcon.colcon_core.event_handler.log_command:Invoking command in '/home/rcpsl/Zhao_Liyuan_ws/build/turtlebot3_gazebo': CMAKE_PREFIX_PATH=${CMAKE_PREFIX_PATH}:/home/rcpsl/Zhao_Liyuan_ws/install/autoturtle:/home/rcpsl/Zhao_Liyuan_ws/install/TurtleBot:/opt/ros/humble /usr/bin/cmake --build /home/rcpsl/Zhao_Liyuan_ws/build/turtlebot3_gazebo -- -j2 -l2
[1.552s] DEBUG:colcon.colcon_core.event_handler.log_command:Invoked command in '/home/rcpsl/Zhao_Liyuan_ws/build/turtlebot3_fake_node' returned '0': CMAKE_PREFIX_PATH=${CMAKE_PREFIX_PATH}:/home/rcpsl/Zhao_Liyuan_ws/install/autoturtle:/home/rcpsl/Zhao_Liyuan_ws/install/TurtleBot:/opt/ros/humble /usr/bin/cmake --build /home/rcpsl/Zhao_Liyuan_ws/build/turtlebot3_fake_node -- -j2 -l2
[1.825s] DEBUG:colcon.colcon_core.event_handler.log_command:Invoking command in '/home/rcpsl/Zhao_Liyuan_ws/build/turtlebot3_fake_node': CMAKE_PREFIX_PATH=${CMAKE_PREFIX_PATH}:/home/rcpsl/Zhao_Liyuan_ws/install/autoturtle:/home/rcpsl/Zhao_Liyuan_ws/install/TurtleBot:/opt/ros/humble /usr/bin/cmake --install /home/rcpsl/Zhao_Liyuan_ws/build/turtlebot3_fake_node
[1.863s] Level 1:colcon.colcon_core.environment:create_environment_scripts_only(turtlebot3_fake_node)
[1.868s] DEBUG:colcon.colcon_core.event_handler.log_command:Invoked command in '/home/rcpsl/Zhao_Liyuan_ws/build/turtlebot3_fake_node' returned '0': CMAKE_PREFIX_PATH=${CMAKE_PREFIX_PATH}:/home/rcpsl/Zhao_Liyuan_ws/install/autoturtle:/home/rcpsl/Zhao_Liyuan_ws/install/TurtleBot:/opt/ros/humble /usr/bin/cmake --install /home/rcpsl/Zhao_Liyuan_ws/build/turtlebot3_fake_node
[1.872s] Level 1:colcon.colcon_core.environment:checking '/home/rcpsl/Zhao_Liyuan_ws/install/turtlebot3_fake_node' for CMake module files
[1.878s] Level 1:colcon.colcon_core.environment:checking '/home/rcpsl/Zhao_Liyuan_ws/install/turtlebot3_fake_node' for CMake config files
[1.879s] Level 1:colcon.colcon_core.shell:create_environment_hook('turtlebot3_fake_node', 'cmake_prefix_path')
[1.879s] INFO:colcon.colcon_core.shell:Creating environment hook '/home/rcpsl/Zhao_Liyuan_ws/install/turtlebot3_fake_node/share/turtlebot3_fake_node/hook/cmake_prefix_path.ps1'
[1.890s] INFO:colcon.colcon_core.shell:Creating environment descriptor '/home/rcpsl/Zhao_Liyuan_ws/install/turtlebot3_fake_node/share/turtlebot3_fake_node/hook/cmake_prefix_path.dsv'
[1.894s] INFO:colcon.colcon_core.shell:Creating environment hook '/home/rcpsl/Zhao_Liyuan_ws/install/turtlebot3_fake_node/share/turtlebot3_fake_node/hook/cmake_prefix_path.sh'
[1.899s] Level 1:colcon.colcon_core.environment:checking '/home/rcpsl/Zhao_Liyuan_ws/install/turtlebot3_fake_node/lib'
[1.899s] Level 1:colcon.colcon_core.environment:checking '/home/rcpsl/Zhao_Liyuan_ws/install/turtlebot3_fake_node/bin'
[1.899s] Level 1:colcon.colcon_core.environment:checking '/home/rcpsl/Zhao_Liyuan_ws/install/turtlebot3_fake_node/lib/pkgconfig/turtlebot3_fake_node.pc'
[1.900s] Level 1:colcon.colcon_core.environment:checking '/home/rcpsl/Zhao_Liyuan_ws/install/turtlebot3_fake_node/lib/python3.10/site-packages'
[1.900s] Level 1:colcon.colcon_core.environment:checking '/home/rcpsl/Zhao_Liyuan_ws/install/turtlebot3_fake_node/bin'
[1.902s] INFO:colcon.colcon_core.shell:Creating package script '/home/rcpsl/Zhao_Liyuan_ws/install/turtlebot3_fake_node/share/turtlebot3_fake_node/package.ps1'
[1.905s] INFO:colcon.colcon_core.shell:Creating package descriptor '/home/rcpsl/Zhao_Liyuan_ws/install/turtlebot3_fake_node/share/turtlebot3_fake_node/package.dsv'
[1.909s] INFO:colcon.colcon_core.shell:Creating package script '/home/rcpsl/Zhao_Liyuan_ws/install/turtlebot3_fake_node/share/turtlebot3_fake_node/package.sh'
[1.916s] INFO:colcon.colcon_core.shell:Creating package script '/home/rcpsl/Zhao_Liyuan_ws/install/turtlebot3_fake_node/share/turtlebot3_fake_node/package.bash'
[1.918s] INFO:colcon.colcon_core.shell:Creating package script '/home/rcpsl/Zhao_Liyuan_ws/install/turtlebot3_fake_node/share/turtlebot3_fake_node/package.zsh'
[1.921s] Level 1:colcon.colcon_core.environment:create_file_with_runtime_dependencies(/home/rcpsl/Zhao_Liyuan_ws/install/turtlebot3_fake_node/share/colcon-core/packages/turtlebot3_fake_node)
[1.947s] DEBUG:colcon.colcon_core.event_handler.log_command:Invoked command in '/home/rcpsl/Zhao_Liyuan_ws/build/turtlebot3_gazebo' returned '0': CMAKE_PREFIX_PATH=${CMAKE_PREFIX_PATH}:/home/rcpsl/Zhao_Liyuan_ws/install/autoturtle:/home/rcpsl/Zhao_Liyuan_ws/install/TurtleBot:/opt/ros/humble /usr/bin/cmake --build /home/rcpsl/Zhao_Liyuan_ws/build/turtlebot3_gazebo -- -j2 -l2
[2.137s] Level 1:colcon.colcon_core.environment:create_environment_scripts_only(turtlebot3_fake_node)
[2.138s] Level 1:colcon.colcon_core.environment:checking '/home/rcpsl/Zhao_Liyuan_ws/install/turtlebot3_fake_node' for CMake module files
[2.139s] Level 1:colcon.colcon_core.environment:checking '/home/rcpsl/Zhao_Liyuan_ws/install/turtlebot3_fake_node' for CMake config files
[2.140s] Level 1:colcon.colcon_core.shell:create_environment_hook('turtlebot3_fake_node', 'cmake_prefix_path')
[2.141s] INFO:colcon.colcon_core.shell:Creating environment hook '/home/rcpsl/Zhao_Liyuan_ws/install/turtlebot3_fake_node/share/turtlebot3_fake_node/hook/cmake_prefix_path.ps1'
[2.146s] INFO:colcon.colcon_core.shell:Creating environment descriptor '/home/rcpsl/Zhao_Liyuan_ws/install/turtlebot3_fake_node/share/turtlebot3_fake_node/hook/cmake_prefix_path.dsv'
[2.148s] INFO:colcon.colcon_core.shell:Creating environment hook '/home/rcpsl/Zhao_Liyuan_ws/install/turtlebot3_fake_node/share/turtlebot3_fake_node/hook/cmake_prefix_path.sh'
[2.152s] Level 1:colcon.colcon_core.environment:checking '/home/rcpsl/Zhao_Liyuan_ws/install/turtlebot3_fake_node/lib'
[2.152s] Level 1:colcon.colcon_core.environment:checking '/home/rcpsl/Zhao_Liyuan_ws/install/turtlebot3_fake_node/bin'
[2.152s] Level 1:colcon.colcon_core.environment:checking '/home/rcpsl/Zhao_Liyuan_ws/install/turtlebot3_fake_node/lib/pkgconfig/turtlebot3_fake_node.pc'
[2.153s] Level 1:colcon.colcon_core.environment:checking '/home/rcpsl/Zhao_Liyuan_ws/install/turtlebot3_fake_node/lib/python3.10/site-packages'
[2.153s] Level 1:colcon.colcon_core.environment:checking '/home/rcpsl/Zhao_Liyuan_ws/install/turtlebot3_fake_node/bin'
[2.155s] INFO:colcon.colcon_core.shell:Creating package script '/home/rcpsl/Zhao_Liyuan_ws/install/turtlebot3_fake_node/share/turtlebot3_fake_node/package.ps1'
[2.161s] INFO:colcon.colcon_core.shell:Creating package descriptor '/home/rcpsl/Zhao_Liyuan_ws/install/turtlebot3_fake_node/share/turtlebot3_fake_node/package.dsv'
[2.162s] INFO:colcon.colcon_core.shell:Creating package script '/home/rcpsl/Zhao_Liyuan_ws/install/turtlebot3_fake_node/share/turtlebot3_fake_node/package.sh'
[2.163s] INFO:colcon.colcon_core.shell:Creating package script '/home/rcpsl/Zhao_Liyuan_ws/install/turtlebot3_fake_node/share/turtlebot3_fake_node/package.bash'
[2.164s] INFO:colcon.colcon_core.shell:Creating package script '/home/rcpsl/Zhao_Liyuan_ws/install/turtlebot3_fake_node/share/turtlebot3_fake_node/package.zsh'
[2.166s] Level 1:colcon.colcon_core.environment:create_file_with_runtime_dependencies(/home/rcpsl/Zhao_Liyuan_ws/install/turtlebot3_fake_node/share/colcon-core/packages/turtlebot3_fake_node)
[2.173s] INFO:colcon.colcon_ros.task.ament_python.build:Building ROS package in '/home/rcpsl/Zhao_Liyuan_ws/src/TurtleBot' with build type 'ament_python'
[2.174s] Level 1:colcon.colcon_core.shell:create_environment_hook('TurtleBot', 'ament_prefix_path')
[2.174s] INFO:colcon.colcon_core.shell:Creating environment hook '/home/rcpsl/Zhao_Liyuan_ws/install/TurtleBot/share/TurtleBot/hook/ament_prefix_path.ps1'
[2.175s] INFO:colcon.colcon_core.shell:Creating environment descriptor '/home/rcpsl/Zhao_Liyuan_ws/install/TurtleBot/share/TurtleBot/hook/ament_prefix_path.dsv'
[2.176s] INFO:colcon.colcon_core.shell:Creating environment hook '/home/rcpsl/Zhao_Liyuan_ws/install/TurtleBot/share/TurtleBot/hook/ament_prefix_path.sh'
[2.185s] INFO:colcon.colcon_core.shell:Skip shell extension 'powershell' for command environment: Not usable outside of PowerShell
[2.185s] DEBUG:colcon.colcon_core.shell:Skip shell extension 'dsv' for command environment
[2.238s] DEBUG:colcon.colcon_core.event_handler.log_command:Invoking command in '/home/rcpsl/Zhao_Liyuan_ws/build/turtlebot3_gazebo': CMAKE_PREFIX_PATH=${CMAKE_PREFIX_PATH}:/home/rcpsl/Zhao_Liyuan_ws/install/autoturtle:/home/rcpsl/Zhao_Liyuan_ws/install/TurtleBot:/opt/ros/humble /usr/bin/cmake --install /home/rcpsl/Zhao_Liyuan_ws/build/turtlebot3_gazebo
[3.056s] INFO:colcon.colcon_core.task.python.build:Building Python package in '/home/rcpsl/Zhao_Liyuan_ws/src/TurtleBot'
[3.057s] INFO:colcon.colcon_core.shell:Skip shell extension 'powershell' for command environment: Not usable outside of PowerShell
[3.057s] DEBUG:colcon.colcon_core.shell:Skip shell extension 'dsv' for command environment
[3.082s] Level 1:colcon.colcon_core.environment:create_environment_scripts_only(turtlebot3_gazebo)
[3.083s] Level 1:colcon.colcon_core.environment:checking '/home/rcpsl/Zhao_Liyuan_ws/install/turtlebot3_gazebo' for CMake module files
[3.084s] Level 1:colcon.colcon_core.environment:checking '/home/rcpsl/Zhao_Liyuan_ws/install/turtlebot3_gazebo' for CMake config files
[3.086s] Level 1:colcon.colcon_core.shell:create_environment_hook('turtlebot3_gazebo', 'cmake_prefix_path')
[3.087s] INFO:colcon.colcon_core.shell:Creating environment hook '/home/rcpsl/Zhao_Liyuan_ws/install/turtlebot3_gazebo/share/turtlebot3_gazebo/hook/cmake_prefix_path.ps1'
[3.088s] INFO:colcon.colcon_core.shell:Creating environment descriptor '/home/rcpsl/Zhao_Liyuan_ws/install/turtlebot3_gazebo/share/turtlebot3_gazebo/hook/cmake_prefix_path.dsv'
[3.089s] DEBUG:colcon.colcon_core.event_handler.log_command:Invoked command in '/home/rcpsl/Zhao_Liyuan_ws/build/turtlebot3_gazebo' returned '0': CMAKE_PREFIX_PATH=${CMAKE_PREFIX_PATH}:/home/rcpsl/Zhao_Liyuan_ws/install/autoturtle:/home/rcpsl/Zhao_Liyuan_ws/install/TurtleBot:/opt/ros/humble /usr/bin/cmake --install /home/rcpsl/Zhao_Liyuan_ws/build/turtlebot3_gazebo
[3.090s] INFO:colcon.colcon_core.shell:Creating environment hook '/home/rcpsl/Zhao_Liyuan_ws/install/turtlebot3_gazebo/share/turtlebot3_gazebo/hook/cmake_prefix_path.sh'
[3.091s] Level 1:colcon.colcon_core.environment:checking '/home/rcpsl/Zhao_Liyuan_ws/install/turtlebot3_gazebo/lib'
[3.091s] Level 1:colcon.colcon_core.environment:checking '/home/rcpsl/Zhao_Liyuan_ws/install/turtlebot3_gazebo/bin'
[3.092s] Level 1:colcon.colcon_core.environment:checking '/home/rcpsl/Zhao_Liyuan_ws/install/turtlebot3_gazebo/lib/pkgconfig/turtlebot3_gazebo.pc'
[3.092s] Level 1:colcon.colcon_core.environment:checking '/home/rcpsl/Zhao_Liyuan_ws/install/turtlebot3_gazebo/lib/python3.10/site-packages'
[3.092s] Level 1:colcon.colcon_core.environment:checking '/home/rcpsl/Zhao_Liyuan_ws/install/turtlebot3_gazebo/bin'
[3.093s] INFO:colcon.colcon_core.shell:Creating package script '/home/rcpsl/Zhao_Liyuan_ws/install/turtlebot3_gazebo/share/turtlebot3_gazebo/package.ps1'
[3.094s] INFO:colcon.colcon_core.shell:Creating package descriptor '/home/rcpsl/Zhao_Liyuan_ws/install/turtlebot3_gazebo/share/turtlebot3_gazebo/package.dsv'
[3.096s] INFO:colcon.colcon_core.shell:Creating package script '/home/rcpsl/Zhao_Liyuan_ws/install/turtlebot3_gazebo/share/turtlebot3_gazebo/package.sh'
[3.097s] INFO:colcon.colcon_core.shell:Creating package script '/home/rcpsl/Zhao_Liyuan_ws/install/turtlebot3_gazebo/share/turtlebot3_gazebo/package.bash'
[3.098s] INFO:colcon.colcon_core.shell:Creating package script '/home/rcpsl/Zhao_Liyuan_ws/install/turtlebot3_gazebo/share/turtlebot3_gazebo/package.zsh'
[3.099s] Level 1:colcon.colcon_core.environment:create_file_with_runtime_dependencies(/home/rcpsl/Zhao_Liyuan_ws/install/turtlebot3_gazebo/share/colcon-core/packages/turtlebot3_gazebo)
[3.495s] Level 1:colcon.colcon_core.environment:create_environment_scripts_only(turtlebot3_gazebo)
[3.496s] Level 1:colcon.colcon_core.environment:checking '/home/rcpsl/Zhao_Liyuan_ws/install/turtlebot3_gazebo' for CMake module files
[3.498s] Level 1:colcon.colcon_core.environment:checking '/home/rcpsl/Zhao_Liyuan_ws/install/turtlebot3_gazebo' for CMake config files
[3.501s] Level 1:colcon.colcon_core.shell:create_environment_hook('turtlebot3_gazebo', 'cmake_prefix_path')
[3.508s] INFO:colcon.colcon_core.shell:Creating environment hook '/home/rcpsl/Zhao_Liyuan_ws/install/turtlebot3_gazebo/share/turtlebot3_gazebo/hook/cmake_prefix_path.ps1'
[3.517s] INFO:colcon.colcon_core.shell:Creating environment descriptor '/home/rcpsl/Zhao_Liyuan_ws/install/turtlebot3_gazebo/share/turtlebot3_gazebo/hook/cmake_prefix_path.dsv'
[3.518s] INFO:colcon.colcon_core.shell:Creating environment hook '/home/rcpsl/Zhao_Liyuan_ws/install/turtlebot3_gazebo/share/turtlebot3_gazebo/hook/cmake_prefix_path.sh'
[3.530s] Level 1:colcon.colcon_core.environment:checking '/home/rcpsl/Zhao_Liyuan_ws/install/turtlebot3_gazebo/lib'
[3.531s] Level 1:colcon.colcon_core.environment:checking '/home/rcpsl/Zhao_Liyuan_ws/install/turtlebot3_gazebo/bin'
[3.531s] Level 1:colcon.colcon_core.environment:checking '/home/rcpsl/Zhao_Liyuan_ws/install/turtlebot3_gazebo/lib/pkgconfig/turtlebot3_gazebo.pc'
[3.531s] Level 1:colcon.colcon_core.environment:checking '/home/rcpsl/Zhao_Liyuan_ws/install/turtlebot3_gazebo/lib/python3.10/site-packages'
[3.532s] Level 1:colcon.colcon_core.environment:checking '/home/rcpsl/Zhao_Liyuan_ws/install/turtlebot3_gazebo/bin'
[3.532s] INFO:colcon.colcon_core.shell:Creating package script '/home/rcpsl/Zhao_Liyuan_ws/install/turtlebot3_gazebo/share/turtlebot3_gazebo/package.ps1'
[3.534s] INFO:colcon.colcon_core.shell:Creating package descriptor '/home/rcpsl/Zhao_Liyuan_ws/install/turtlebot3_gazebo/share/turtlebot3_gazebo/package.dsv'
[3.535s] INFO:colcon.colcon_core.shell:Creating package script '/home/rcpsl/Zhao_Liyuan_ws/install/turtlebot3_gazebo/share/turtlebot3_gazebo/package.sh'
[3.542s] INFO:colcon.colcon_core.shell:Creating package script '/home/rcpsl/Zhao_Liyuan_ws/install/turtlebot3_gazebo/share/turtlebot3_gazebo/package.bash'
[3.543s] INFO:colcon.colcon_core.shell:Creating package script '/home/rcpsl/Zhao_Liyuan_ws/install/turtlebot3_gazebo/share/turtlebot3_gazebo/package.zsh'
[3.545s] Level 1:colcon.colcon_core.environment:create_file_with_runtime_dependencies(/home/rcpsl/Zhao_Liyuan_ws/install/turtlebot3_gazebo/share/colcon-core/packages/turtlebot3_gazebo)
[3.552s] INFO:colcon.colcon_ros.task.ament_python.build:Building ROS package in '/home/rcpsl/Zhao_Liyuan_ws/src/autoturtle' with build type 'ament_python'
[3.553s] Level 1:colcon.colcon_core.shell:create_environment_hook('autoturtle', 'ament_prefix_path')
[3.553s] INFO:colcon.colcon_core.shell:Creating environment hook '/home/rcpsl/Zhao_Liyuan_ws/install/autoturtle/share/autoturtle/hook/ament_prefix_path.ps1'
[3.555s] INFO:colcon.colcon_core.shell:Creating environment descriptor '/home/rcpsl/Zhao_Liyuan_ws/install/autoturtle/share/autoturtle/hook/ament_prefix_path.dsv'
[3.562s] INFO:colcon.colcon_core.shell:Creating environment hook '/home/rcpsl/Zhao_Liyuan_ws/install/autoturtle/share/autoturtle/hook/ament_prefix_path.sh'
[3.567s] INFO:colcon.colcon_core.shell:Skip shell extension 'powershell' for command environment: Not usable outside of PowerShell
[3.567s] DEBUG:colcon.colcon_core.shell:Skip shell extension 'dsv' for command environment
[5.106s] INFO:colcon.colcon_core.task.python.build:Building Python package in '/home/rcpsl/Zhao_Liyuan_ws/src/autoturtle'
[5.106s] INFO:colcon.colcon_core.shell:Skip shell extension 'powershell' for command environment: Not usable outside of PowerShell
[5.107s] DEBUG:colcon.colcon_core.shell:Skip shell extension 'dsv' for command environment
[5.133s] DEBUG:colcon.colcon_core.event_handler.log_command:Invoking command in '/home/rcpsl/Zhao_Liyuan_ws/src/TurtleBot': PYTHONPATH=/home/rcpsl/Zhao_Liyuan_ws/build/TurtleBot/prefix_override:/home/rcpsl/Zhao_Liyuan_ws/install/TurtleBot/lib/python3.10/site-packages:${PYTHONPATH} /usr/bin/python3 -W ignore:setup.py install is deprecated setup.py egg_info --egg-base ../../build/TurtleBot build --build-base /home/rcpsl/Zhao_Liyuan_ws/build/TurtleBot/build install --record /home/rcpsl/Zhao_Liyuan_ws/build/TurtleBot/install.log --single-version-externally-managed install_data
[6.712s] Level 1:colcon.colcon_core.environment:checking '/home/rcpsl/Zhao_Liyuan_ws/install/TurtleBot' for CMake module files
[6.713s] DEBUG:colcon.colcon_core.event_handler.log_command:Invoked command in '/home/rcpsl/Zhao_Liyuan_ws/src/TurtleBot' returned '0': PYTHONPATH=/home/rcpsl/Zhao_Liyuan_ws/build/TurtleBot/prefix_override:/home/rcpsl/Zhao_Liyuan_ws/install/TurtleBot/lib/python3.10/site-packages:${PYTHONPATH} /usr/bin/python3 -W ignore:setup.py install is deprecated setup.py egg_info --egg-base ../../build/TurtleBot build --build-base /home/rcpsl/Zhao_Liyuan_ws/build/TurtleBot/build install --record /home/rcpsl/Zhao_Liyuan_ws/build/TurtleBot/install.log --single-version-externally-managed install_data
[6.723s] Level 1:colcon.colcon_core.environment:checking '/home/rcpsl/Zhao_Liyuan_ws/install/TurtleBot' for CMake config files
[6.725s] Level 1:colcon.colcon_core.environment:checking '/home/rcpsl/Zhao_Liyuan_ws/install/TurtleBot/lib'
[6.725s] Level 1:colcon.colcon_core.environment:checking '/home/rcpsl/Zhao_Liyuan_ws/install/TurtleBot/bin'
[6.725s] Level 1:colcon.colcon_core.environment:checking '/home/rcpsl/Zhao_Liyuan_ws/install/TurtleBot/lib/pkgconfig/TurtleBot.pc'
[6.725s] Level 1:colcon.colcon_core.environment:checking '/home/rcpsl/Zhao_Liyuan_ws/install/TurtleBot/lib/python3.10/site-packages'
[6.726s] Level 1:colcon.colcon_core.shell:create_environment_hook('TurtleBot', 'pythonpath')
[6.726s] INFO:colcon.colcon_core.shell:Creating environment hook '/home/rcpsl/Zhao_Liyuan_ws/install/TurtleBot/share/TurtleBot/hook/pythonpath.ps1'
[6.727s] INFO:colcon.colcon_core.shell:Creating environment descriptor '/home/rcpsl/Zhao_Liyuan_ws/install/TurtleBot/share/TurtleBot/hook/pythonpath.dsv'
[6.728s] INFO:colcon.colcon_core.shell:Creating environment hook '/home/rcpsl/Zhao_Liyuan_ws/install/TurtleBot/share/TurtleBot/hook/pythonpath.sh'
[6.737s] Level 1:colcon.colcon_core.environment:checking '/home/rcpsl/Zhao_Liyuan_ws/install/TurtleBot/bin'
[6.738s] Level 1:colcon.colcon_core.environment:create_environment_scripts_only(TurtleBot)
[6.738s] INFO:colcon.colcon_core.shell:Creating package script '/home/rcpsl/Zhao_Liyuan_ws/install/TurtleBot/share/TurtleBot/package.ps1'
[6.740s] INFO:colcon.colcon_core.shell:Creating package descriptor '/home/rcpsl/Zhao_Liyuan_ws/install/TurtleBot/share/TurtleBot/package.dsv'
[6.741s] INFO:colcon.colcon_core.shell:Creating package script '/home/rcpsl/Zhao_Liyuan_ws/install/TurtleBot/share/TurtleBot/package.sh'
[6.746s] INFO:colcon.colcon_core.shell:Creating package script '/home/rcpsl/Zhao_Liyuan_ws/install/TurtleBot/share/TurtleBot/package.bash'
[6.747s] INFO:colcon.colcon_core.shell:Creating package script '/home/rcpsl/Zhao_Liyuan_ws/install/TurtleBot/share/TurtleBot/package.zsh'
[6.748s] Level 1:colcon.colcon_core.environment:create_file_with_runtime_dependencies(/home/rcpsl/Zhao_Liyuan_ws/install/TurtleBot/share/colcon-core/packages/TurtleBot)
[6.749s] INFO:colcon.colcon_ros.task.ament_cmake.build:Building ROS package in '/home/rcpsl/Zhao_Liyuan_ws/src/turtlebot3_simulations/turtlebot3_simulations' with build type 'ament_cmake'
[6.759s] INFO:colcon.colcon_cmake.task.cmake.build:Building CMake package in '/home/rcpsl/Zhao_Liyuan_ws/src/turtlebot3_simulations/turtlebot3_simulations'
[6.760s] INFO:colcon.colcon_core.shell:Skip shell extension 'powershell' for command environment: Not usable outside of PowerShell
[6.760s] DEBUG:colcon.colcon_core.shell:Skip shell extension 'dsv' for command environment
[6.809s] DEBUG:colcon.colcon_core.event_handler.log_command:Invoking command in '/home/rcpsl/Zhao_Liyuan_ws/src/autoturtle': PYTHONPATH=/home/rcpsl/Zhao_Liyuan_ws/build/autoturtle/prefix_override:/home/rcpsl/Zhao_Liyuan_ws/install/autoturtle/lib/python3.10/site-packages:${PYTHONPATH} /usr/bin/python3 -W ignore:setup.py install is deprecated setup.py egg_info --egg-base ../../build/autoturtle build --build-base /home/rcpsl/Zhao_Liyuan_ws/build/autoturtle/build install --record /home/rcpsl/Zhao_Liyuan_ws/build/autoturtle/install.log --single-version-externally-managed install_data
[6.834s] DEBUG:colcon.colcon_core.event_handler.log_command:Invoking command in '/home/rcpsl/Zhao_Liyuan_ws/build/turtlebot3_simulations': CMAKE_PREFIX_PATH=/home/rcpsl/Zhao_Liyuan_ws/install/turtlebot3_gazebo:/home/rcpsl/Zhao_Liyuan_ws/install/turtlebot3_fake_node:/home/rcpsl/Zhao_Liyuan_ws/install/turtlebot3_simulations:/home/rcpsl/Zhao_Liyuan_ws/install/autoturtle:/home/rcpsl/Zhao_Liyuan_ws/install/TurtleBot:/opt/ros/humble /usr/bin/cmake --build /home/rcpsl/Zhao_Liyuan_ws/build/turtlebot3_simulations -- -j2 -l2
[7.001s] DEBUG:colcon.colcon_core.event_handler.log_command:Invoked command in '/home/rcpsl/Zhao_Liyuan_ws/build/turtlebot3_simulations' returned '0': CMAKE_PREFIX_PATH=/home/rcpsl/Zhao_Liyuan_ws/install/turtlebot3_gazebo:/home/rcpsl/Zhao_Liyuan_ws/install/turtlebot3_fake_node:/home/rcpsl/Zhao_Liyuan_ws/install/turtlebot3_simulations:/home/rcpsl/Zhao_Liyuan_ws/install/autoturtle:/home/rcpsl/Zhao_Liyuan_ws/install/TurtleBot:/opt/ros/humble /usr/bin/cmake --build /home/rcpsl/Zhao_Liyuan_ws/build/turtlebot3_simulations -- -j2 -l2
[7.231s] DEBUG:colcon.colcon_core.event_handler.log_command:Invoking command in '/home/rcpsl/Zhao_Liyuan_ws/build/turtlebot3_simulations': CMAKE_PREFIX_PATH=/home/rcpsl/Zhao_Liyuan_ws/install/turtlebot3_gazebo:/home/rcpsl/Zhao_Liyuan_ws/install/turtlebot3_fake_node:/home/rcpsl/Zhao_Liyuan_ws/install/turtlebot3_simulations:/home/rcpsl/Zhao_Liyuan_ws/install/autoturtle:/home/rcpsl/Zhao_Liyuan_ws/install/TurtleBot:/opt/ros/humble /usr/bin/cmake --install /home/rcpsl/Zhao_Liyuan_ws/build/turtlebot3_simulations
[7.277s] Level 1:colcon.colcon_core.environment:create_environment_scripts_only(turtlebot3_simulations)
[7.278s] DEBUG:colcon.colcon_core.event_handler.log_command:Invoked command in '/home/rcpsl/Zhao_Liyuan_ws/build/turtlebot3_simulations' returned '0': CMAKE_PREFIX_PATH=/home/rcpsl/Zhao_Liyuan_ws/install/turtlebot3_gazebo:/home/rcpsl/Zhao_Liyuan_ws/install/turtlebot3_fake_node:/home/rcpsl/Zhao_Liyuan_ws/install/turtlebot3_simulations:/home/rcpsl/Zhao_Liyuan_ws/install/autoturtle:/home/rcpsl/Zhao_Liyuan_ws/install/TurtleBot:/opt/ros/humble /usr/bin/cmake --install /home/rcpsl/Zhao_Liyuan_ws/build/turtlebot3_simulations
[7.282s] Level 1:colcon.colcon_core.environment:checking '/home/rcpsl/Zhao_Liyuan_ws/install/turtlebot3_simulations' for CMake module files
[7.283s] Level 1:colcon.colcon_core.environment:checking '/home/rcpsl/Zhao_Liyuan_ws/install/turtlebot3_simulations' for CMake config files
[7.284s] Level 1:colcon.colcon_core.shell:create_environment_hook('turtlebot3_simulations', 'cmake_prefix_path')
[7.284s] INFO:colcon.colcon_core.shell:Creating environment hook '/home/rcpsl/Zhao_Liyuan_ws/install/turtlebot3_simulations/share/turtlebot3_simulations/hook/cmake_prefix_path.ps1'
[7.286s] INFO:colcon.colcon_core.shell:Creating environment descriptor '/home/rcpsl/Zhao_Liyuan_ws/install/turtlebot3_simulations/share/turtlebot3_simulations/hook/cmake_prefix_path.dsv'
[7.287s] INFO:colcon.colcon_core.shell:Creating environment hook '/home/rcpsl/Zhao_Liyuan_ws/install/turtlebot3_simulations/share/turtlebot3_simulations/hook/cmake_prefix_path.sh'
[7.288s] Level 1:colcon.colcon_core.environment:checking '/home/rcpsl/Zhao_Liyuan_ws/install/turtlebot3_simulations/bin'
[7.289s] Level 1:colcon.colcon_core.environment:checking '/home/rcpsl/Zhao_Liyuan_ws/install/turtlebot3_simulations/lib/pkgconfig/turtlebot3_simulations.pc'
[7.289s] Level 1:colcon.colcon_core.environment:checking '/home/rcpsl/Zhao_Liyuan_ws/install/turtlebot3_simulations/lib/python3.10/site-packages'
[7.298s] Level 1:colcon.colcon_core.environment:checking '/home/rcpsl/Zhao_Liyuan_ws/install/turtlebot3_simulations/bin'
[7.298s] INFO:colcon.colcon_core.shell:Creating package script '/home/rcpsl/Zhao_Liyuan_ws/install/turtlebot3_simulations/share/turtlebot3_simulations/package.ps1'
[7.300s] INFO:colcon.colcon_core.shell:Creating package descriptor '/home/rcpsl/Zhao_Liyuan_ws/install/turtlebot3_simulations/share/turtlebot3_simulations/package.dsv'
[7.301s] INFO:colcon.colcon_core.shell:Creating package script '/home/rcpsl/Zhao_Liyuan_ws/install/turtlebot3_simulations/share/turtlebot3_simulations/package.sh'
[7.302s] INFO:colcon.colcon_core.shell:Creating package script '/home/rcpsl/Zhao_Liyuan_ws/install/turtlebot3_simulations/share/turtlebot3_simulations/package.bash'
[7.303s] INFO:colcon.colcon_core.shell:Creating package script '/home/rcpsl/Zhao_Liyuan_ws/install/turtlebot3_simulations/share/turtlebot3_simulations/package.zsh'
[7.304s] Level 1:colcon.colcon_core.environment:create_file_with_runtime_dependencies(/home/rcpsl/Zhao_Liyuan_ws/install/turtlebot3_simulations/share/colcon-core/packages/turtlebot3_simulations)
[7.593s] Level 1:colcon.colcon_core.environment:create_environment_scripts_only(turtlebot3_simulations)
[7.593s] Level 1:colcon.colcon_core.environment:checking '/home/rcpsl/Zhao_Liyuan_ws/install/turtlebot3_simulations' for CMake module files
[7.595s] Level 1:colcon.colcon_core.environment:checking '/home/rcpsl/Zhao_Liyuan_ws/install/turtlebot3_simulations' for CMake config files
[7.596s] Level 1:colcon.colcon_core.shell:create_environment_hook('turtlebot3_simulations', 'cmake_prefix_path')
[7.596s] INFO:colcon.colcon_core.shell:Creating environment hook '/home/rcpsl/Zhao_Liyuan_ws/install/turtlebot3_simulations/share/turtlebot3_simulations/hook/cmake_prefix_path.ps1'
[7.609s] INFO:colcon.colcon_core.shell:Creating environment descriptor '/home/rcpsl/Zhao_Liyuan_ws/install/turtlebot3_simulations/share/turtlebot3_simulations/hook/cmake_prefix_path.dsv'
[7.611s] INFO:colcon.colcon_core.shell:Creating environment hook '/home/rcpsl/Zhao_Liyuan_ws/install/turtlebot3_simulations/share/turtlebot3_simulations/hook/cmake_prefix_path.sh'
[7.612s] Level 1:colcon.colcon_core.environment:checking '/home/rcpsl/Zhao_Liyuan_ws/install/turtlebot3_simulations/bin'
[7.612s] Level 1:colcon.colcon_core.environment:checking '/home/rcpsl/Zhao_Liyuan_ws/install/turtlebot3_simulations/lib/pkgconfig/turtlebot3_simulations.pc'
[7.613s] Level 1:colcon.colcon_core.environment:checking '/home/rcpsl/Zhao_Liyuan_ws/install/turtlebot3_simulations/lib/python3.10/site-packages'
[7.613s] Level 1:colcon.colcon_core.environment:checking '/home/rcpsl/Zhao_Liyuan_ws/install/turtlebot3_simulations/bin'
[7.614s] INFO:colcon.colcon_core.shell:Creating package script '/home/rcpsl/Zhao_Liyuan_ws/install/turtlebot3_simulations/share/turtlebot3_simulations/package.ps1'
[7.621s] INFO:colcon.colcon_core.shell:Creating package descriptor '/home/rcpsl/Zhao_Liyuan_ws/install/turtlebot3_simulations/share/turtlebot3_simulations/package.dsv'
[7.629s] INFO:colcon.colcon_core.shell:Creating package script '/home/rcpsl/Zhao_Liyuan_ws/install/turtlebot3_simulations/share/turtlebot3_simulations/package.sh'
[7.631s] INFO:colcon.colcon_core.shell:Creating package script '/home/rcpsl/Zhao_Liyuan_ws/install/turtlebot3_simulations/share/turtlebot3_simulations/package.bash'
[7.632s] INFO:colcon.colcon_core.shell:Creating package script '/home/rcpsl/Zhao_Liyuan_ws/install/turtlebot3_simulations/share/turtlebot3_simulations/package.zsh'
[7.637s] Level 1:colcon.colcon_core.environment:create_file_with_runtime_dependencies(/home/rcpsl/Zhao_Liyuan_ws/install/turtlebot3_simulations/share/colcon-core/packages/turtlebot3_simulations)
[8.074s] Level 1:colcon.colcon_core.environment:checking '/home/rcpsl/Zhao_Liyuan_ws/install/autoturtle' for CMake module files
[8.075s] DEBUG:colcon.colcon_core.event_handler.log_command:Invoked command in '/home/rcpsl/Zhao_Liyuan_ws/src/autoturtle' returned '0': PYTHONPATH=/home/rcpsl/Zhao_Liyuan_ws/build/autoturtle/prefix_override:/home/rcpsl/Zhao_Liyuan_ws/install/autoturtle/lib/python3.10/site-packages:${PYTHONPATH} /usr/bin/python3 -W ignore:setup.py install is deprecated setup.py egg_info --egg-base ../../build/autoturtle build --build-base /home/rcpsl/Zhao_Liyuan_ws/build/autoturtle/build install --record /home/rcpsl/Zhao_Liyuan_ws/build/autoturtle/install.log --single-version-externally-managed install_data
[8.076s] Level 1:colcon.colcon_core.environment:checking '/home/rcpsl/Zhao_Liyuan_ws/install/autoturtle' for CMake config files
[8.078s] Level 1:colcon.colcon_core.environment:checking '/home/rcpsl/Zhao_Liyuan_ws/install/autoturtle/lib'
[8.078s] Level 1:colcon.colcon_core.environment:checking '/home/rcpsl/Zhao_Liyuan_ws/install/autoturtle/bin'
[8.078s] Level 1:colcon.colcon_core.environment:checking '/home/rcpsl/Zhao_Liyuan_ws/install/autoturtle/lib/pkgconfig/autoturtle.pc'
[8.079s] Level 1:colcon.colcon_core.environment:checking '/home/rcpsl/Zhao_Liyuan_ws/install/autoturtle/lib/python3.10/site-packages'
[8.079s] Level 1:colcon.colcon_core.shell:create_environment_hook('autoturtle', 'pythonpath')
[8.079s] INFO:colcon.colcon_core.shell:Creating environment hook '/home/rcpsl/Zhao_Liyuan_ws/install/autoturtle/share/autoturtle/hook/pythonpath.ps1'
[8.080s] INFO:colcon.colcon_core.shell:Creating environment descriptor '/home/rcpsl/Zhao_Liyuan_ws/install/autoturtle/share/autoturtle/hook/pythonpath.dsv'
[8.083s] INFO:colcon.colcon_core.shell:Creating environment hook '/home/rcpsl/Zhao_Liyuan_ws/install/autoturtle/share/autoturtle/hook/pythonpath.sh'
[8.084s] Level 1:colcon.colcon_core.environment:checking '/home/rcpsl/Zhao_Liyuan_ws/install/autoturtle/bin'
[8.084s] Level 1:colcon.colcon_core.environment:create_environment_scripts_only(autoturtle)
[8.085s] INFO:colcon.colcon_core.shell:Creating package script '/home/rcpsl/Zhao_Liyuan_ws/install/autoturtle/share/autoturtle/package.ps1'
[8.088s] INFO:colcon.colcon_core.shell:Creating package descriptor '/home/rcpsl/Zhao_Liyuan_ws/install/autoturtle/share/autoturtle/package.dsv'
[8.089s] INFO:colcon.colcon_core.shell:Creating package script '/home/rcpsl/Zhao_Liyuan_ws/install/autoturtle/share/autoturtle/package.sh'
[8.090s] INFO:colcon.colcon_core.shell:Creating package script '/home/rcpsl/Zhao_Liyuan_ws/install/autoturtle/share/autoturtle/package.bash'
[8.091s] INFO:colcon.colcon_core.shell:Creating package script '/home/rcpsl/Zhao_Liyuan_ws/install/autoturtle/share/autoturtle/package.zsh'
[8.098s] Level 1:colcon.colcon_core.environment:create_file_with_runtime_dependencies(/home/rcpsl/Zhao_Liyuan_ws/install/autoturtle/share/colcon-core/packages/autoturtle)
[8.099s] DEBUG:colcon.colcon_parallel_executor.executor.parallel:closing loop
[8.100s] DEBUG:colcon.colcon_parallel_executor.executor.parallel:loop closed
[8.100s] DEBUG:colcon.colcon_parallel_executor.executor.parallel:run_until_complete finished with '0'
[8.100s] DEBUG:colcon.colcon_core.event_reactor:joining thread
[8.115s] INFO:colcon.colcon_core.plugin_system:Skipping extension 'colcon_notification.desktop_notification.terminal_notifier': Not used on non-Darwin systems
[8.116s] INFO:colcon.colcon_core.plugin_system:Skipping extension 'colcon_notification.desktop_notification.win32': Not used on non-Windows systems
[8.116s] INFO:colcon.colcon_notification.desktop_notification:Sending desktop notification using 'notify2'
[8.339s] DEBUG:colcon.colcon_core.event_reactor:joined thread
[8.340s] INFO:colcon.colcon_core.shell:Creating prefix script '/home/rcpsl/Zhao_Liyuan_ws/install/local_setup.ps1'
[8.342s] INFO:colcon.colcon_core.shell:Creating prefix util module '/home/rcpsl/Zhao_Liyuan_ws/install/_local_setup_util_ps1.py'
[8.345s] INFO:colcon.colcon_core.shell:Creating prefix chain script '/home/rcpsl/Zhao_Liyuan_ws/install/setup.ps1'
[8.349s] INFO:colcon.colcon_core.shell:Creating prefix script '/home/rcpsl/Zhao_Liyuan_ws/install/local_setup.sh'
[8.351s] INFO:colcon.colcon_core.shell:Creating prefix util module '/home/rcpsl/Zhao_Liyuan_ws/install/_local_setup_util_sh.py'
[8.354s] INFO:colcon.colcon_core.shell:Creating prefix chain script '/home/rcpsl/Zhao_Liyuan_ws/install/setup.sh'
[8.357s] INFO:colcon.colcon_core.shell:Creating prefix script '/home/rcpsl/Zhao_Liyuan_ws/install/local_setup.bash'
[8.359s] INFO:colcon.colcon_core.shell:Creating prefix chain script '/home/rcpsl/Zhao_Liyuan_ws/install/setup.bash'
[8.364s] INFO:colcon.colcon_core.shell:Creating prefix script '/home/rcpsl/Zhao_Liyuan_ws/install/local_setup.zsh'
[8.365s] INFO:colcon.colcon_core.shell:Creating prefix chain script '/home/rcpsl/Zhao_Liyuan_ws/install/setup.zsh'
