[2.687s] Invoking command in '/home/rcpsl/Zhao_Liyuan_ws/src/TurtleBot': PYTHONPATH=/home/rcpsl/Zhao_Liyuan_ws/build/TurtleBot/prefix_override:/home/rcpsl/Zhao_Liyuan_ws/install/TurtleBot/lib/python3.10/site-packages:${PYTHONPATH} /usr/bin/python3 -W ignore:setup.py install is deprecated setup.py egg_info --egg-base ../../build/TurtleBot build --build-base /home/rcpsl/Zhao_Liyuan_ws/build/TurtleBot/build install --record /home/rcpsl/Zhao_Liyuan_ws/build/TurtleBot/install.log --single-version-externally-managed install_data
[4.896s] running egg_info
[4.896s] writing ../../build/TurtleBot/TurtleBot.egg-info/PKG-INFO
[4.896s] writing dependency_links to ../../build/TurtleBot/TurtleBot.egg-info/dependency_links.txt
[4.922s] writing entry points to ../../build/TurtleBot/TurtleBot.egg-info/entry_points.txt
[4.923s] writing requirements to ../../build/TurtleBot/TurtleBot.egg-info/requires.txt
[4.923s] writing top-level names to ../../build/TurtleBot/TurtleBot.egg-info/top_level.txt
[4.952s] reading manifest file '../../build/TurtleBot/TurtleBot.egg-info/SOURCES.txt'
[4.975s] writing manifest file '../../build/TurtleBot/TurtleBot.egg-info/SOURCES.txt'
[4.975s] running build
[4.975s] running build_py
[4.975s] copying TurtleBot/Motion_Planner.py -> /home/rcpsl/Zhao_Liyuan_ws/build/TurtleBot/build/lib/TurtleBot
[4.976s] running install
[4.999s] running install_lib
[5.001s] copying /home/rcpsl/Zhao_Liyuan_ws/build/TurtleBot/build/lib/TurtleBot/Motion_Planner.py -> /home/rcpsl/Zhao_Liyuan_ws/install/TurtleBot/lib/python3.10/site-packages/TurtleBot
[5.046s] byte-compiling /home/rcpsl/Zhao_Liyuan_ws/install/TurtleBot/lib/python3.10/site-packages/TurtleBot/Motion_Planner.py to Motion_Planner.cpython-310.pyc
[5.046s] running install_data
[5.046s] running install_egg_info
[5.062s] removing '/home/rcpsl/Zhao_Liyuan_ws/install/TurtleBot/lib/python3.10/site-packages/TurtleBot-0.0.0-py3.10.egg-info' (and everything under it)
[5.073s] Copying ../../build/TurtleBot/TurtleBot.egg-info to /home/rcpsl/Zhao_Liyuan_ws/install/TurtleBot/lib/python3.10/site-packages/TurtleBot-0.0.0-py3.10.egg-info
[5.094s] running install_scripts
[5.284s] Installing Motion_Planner script to /home/rcpsl/Zhao_Liyuan_ws/install/TurtleBot/lib/TurtleBot
[5.286s] Installing Motion_Planner_LAB3 script to /home/rcpsl/Zhao_Liyuan_ws/install/TurtleBot/lib/TurtleBot
[5.294s] Installing Motion_Planner_LAB4 script to /home/rcpsl/Zhao_Liyuan_ws/install/TurtleBot/lib/TurtleBot
[5.299s] Installing PID_Controller script to /home/rcpsl/Zhao_Liyuan_ws/install/TurtleBot/lib/TurtleBot
[5.300s] Installing RRT_node script to /home/rcpsl/Zhao_Liyuan_ws/install/TurtleBot/lib/TurtleBot
[5.300s] Installing RRT_node_LAB4 script to /home/rcpsl/Zhao_Liyuan_ws/install/TurtleBot/lib/TurtleBot
[5.322s] Installing test script to /home/rcpsl/Zhao_Liyuan_ws/install/TurtleBot/lib/TurtleBot
[5.322s] Installing test2 script to /home/rcpsl/Zhao_Liyuan_ws/install/TurtleBot/lib/TurtleBot
[5.323s] writing list of installed files to '/home/rcpsl/Zhao_Liyuan_ws/build/TurtleBot/install.log'
[5.554s] Invoked command in '/home/rcpsl/Zhao_Liyuan_ws/src/TurtleBot' returned '0': PYTHONPATH=/home/rcpsl/Zhao_Liyuan_ws/build/TurtleBot/prefix_override:/home/rcpsl/Zhao_Liyuan_ws/install/TurtleBot/lib/python3.10/site-packages:${PYTHONPATH} /usr/bin/python3 -W ignore:setup.py install is deprecated setup.py egg_info --egg-base ../../build/TurtleBot build --build-base /home/rcpsl/Zhao_Liyuan_ws/build/TurtleBot/build install --record /home/rcpsl/Zhao_Liyuan_ws/build/TurtleBot/install.log --single-version-externally-managed install_data
